<?xml version="1.0" encoding="UTF-8"?>
<testsuite name="com.paascloud.provider.PaasCloudUacApplicationTests" time="0.068" tests="1" errors="1" skipped="0" failures="0">
  <properties>
    <property name="java.runtime.name" value="Java(TM) SE Runtime Environment"/>
    <property name="sun.boot.library.path" value="D:\develop\Java\jdk1.8.0_181\jre\bin"/>
    <property name="java.vm.version" value="25.181-b13"/>
    <property name="java.vm.vendor" value="Oracle Corporation"/>
    <property name="maven.multiModuleProjectDirectory" value="D:\develop\workspace\code-repo\paascloud-master-master"/>
    <property name="java.vendor.url" value="http://java.oracle.com/"/>
    <property name="path.separator" value=";"/>
    <property name="guice.disable.misplaced.annotation.check" value="true"/>
    <property name="java.vm.name" value="Java HotSpot(TM) 64-Bit Server VM"/>
    <property name="file.encoding.pkg" value="sun.io"/>
    <property name="user.script" value=""/>
    <property name="user.country" value="CN"/>
    <property name="sun.java.launcher" value="SUN_STANDARD"/>
    <property name="sun.os.patch.level" value=""/>
    <property name="java.vm.specification.name" value="Java Virtual Machine Specification"/>
    <property name="user.dir" value="D:\develop\workspace\code-repo\paascloud-master-master"/>
    <property name="java.runtime.version" value="1.8.0_181-b13"/>
    <property name="java.awt.graphicsenv" value="sun.awt.Win32GraphicsEnvironment"/>
    <property name="java.endorsed.dirs" value="D:\develop\Java\jdk1.8.0_181\jre\lib\endorsed"/>
    <property name="os.arch" value="amd64"/>
    <property name="java.io.tmpdir" value="C:\Users\lenovo\AppData\Local\Temp\"/>
    <property name="line.separator" value="&#10;"/>
    <property name="java.vm.specification.vendor" value="Oracle Corporation"/>
    <property name="user.variant" value=""/>
    <property name="os.name" value="Windows 10"/>
    <property name="maven.ext.class.path" value="D:\develop\IntelliJ\IntelliJ IDEA 2019.2.1\plugins\maven\lib\maven-event-listener.jar"/>
    <property name="classworlds.conf" value="D:\develop\maven\apache-maven-3.6.1\bin\m2.conf"/>
    <property name="sun.jnu.encoding" value="GBK"/>
    <property name="java.library.path" value="D:\develop\Java\jdk1.8.0_181\bin;C:\WINDOWS\Sun\Java\bin;C:\WINDOWS\system32;C:\WINDOWS;C:\Program Files (x86)\Common Files\Oracle\Java\javapath;C:\WINDOWS\system32;C:\WINDOWS;C:\WINDOWS\System32\Wbem;C:\WINDOWS\System32\WindowsPowerShell\v1.0\;C:\WINDOWS\System32\OpenSSH\;D:\develop\Java\jdk1.8.0_181\bin;D:\develop\Java\jdk1.8.0_181\jre\bin;D:\develop\maven\apache-maven-3.6.1\bin;D:\develop\Git\bin;D:\software\TortoiseGit\bin;D:\develop\scala\bin;D:\develop\scala\bin;D:\develop\scala\jre\bin;D:\software\nodejs\;C:\Users\lenovo\AppData\Local\Microsoft\WindowsApps;C:\Users\lenovo\AppData\Roaming\npm;C:\Program Files\Bandizip\;."/>
    <property name="maven.conf" value="D:\develop\maven\apache-maven-3.6.1/conf"/>
    <property name="java.specification.name" value="Java Platform API Specification"/>
    <property name="java.class.version" value="52.0"/>
    <property name="sun.management.compiler" value="HotSpot 64-Bit Tiered Compilers"/>
    <property name="os.version" value="10.0"/>
    <property name="user.home" value="C:\Users\lenovo"/>
    <property name="user.timezone" value="Asia/Shanghai"/>
    <property name="java.awt.printerjob" value="sun.awt.windows.WPrinterJob"/>
    <property name="java.specification.version" value="1.8"/>
    <property name="file.encoding" value="UTF-8"/>
    <property name="user.name" value="lenovo"/>
    <property name="java.class.path" value="D:\develop\maven\apache-maven-3.6.1\boot\plexus-classworlds-2.6.0.jar;D:\develop\IntelliJ\IntelliJ IDEA 2019.2.1\lib\idea_rt.jar"/>
    <property name="idea.version2019.2.1" value="true"/>
    <property name="java.vm.specification.version" value="1.8"/>
    <property name="sun.arch.data.model" value="64"/>
    <property name="java.home" value="D:\develop\Java\jdk1.8.0_181\jre"/>
    <property name="sun.java.command" value="org.codehaus.classworlds.Launcher -Didea.version2019.2.1 -s D:\develop\maven\apache-maven-3.6.1\conf\settings.xml clean package"/>
    <property name="java.specification.vendor" value="Oracle Corporation"/>
    <property name="user.language" value="zh"/>
    <property name="awt.toolkit" value="sun.awt.windows.WToolkit"/>
    <property name="java.vm.info" value="mixed mode"/>
    <property name="java.version" value="1.8.0_181"/>
    <property name="java.ext.dirs" value="D:\develop\Java\jdk1.8.0_181\jre\lib\ext;C:\WINDOWS\Sun\Java\lib\ext"/>
    <property name="sun.boot.class.path" value="D:\develop\Java\jdk1.8.0_181\jre\lib\resources.jar;D:\develop\Java\jdk1.8.0_181\jre\lib\rt.jar;D:\develop\Java\jdk1.8.0_181\jre\lib\sunrsasign.jar;D:\develop\Java\jdk1.8.0_181\jre\lib\jsse.jar;D:\develop\Java\jdk1.8.0_181\jre\lib\jce.jar;D:\develop\Java\jdk1.8.0_181\jre\lib\charsets.jar;D:\develop\Java\jdk1.8.0_181\jre\lib\jfr.jar;D:\develop\Java\jdk1.8.0_181\jre\classes"/>
    <property name="java.vendor" value="Oracle Corporation"/>
    <property name="maven.home" value="D:\develop\maven\apache-maven-3.6.1"/>
    <property name="file.separator" value="\"/>
    <property name="java.vendor.url.bug" value="http://bugreport.sun.com/bugreport/"/>
    <property name="sun.cpu.endian" value="little"/>
    <property name="sun.io.unicode.encoding" value="UnicodeLittle"/>
    <property name="sun.desktop" value="windows"/>
    <property name="sun.cpu.isalist" value="amd64"/>
  </properties>
  <testcase name="contextLoads" classname="com.paascloud.provider.PaasCloudUacApplicationTests" time="0.068">
    <error message="Failed to load ApplicationContext" type="java.lang.IllegalStateException"><![CDATA[java.lang.IllegalStateException: Failed to load ApplicationContext
	at org.springframework.test.context.cache.DefaultCacheAwareContextLoaderDelegate.loadContext(DefaultCacheAwareContextLoaderDelegate.java:124)
	at org.springframework.test.context.support.DefaultTestContext.getApplicationContext(DefaultTestContext.java:83)
	at org.springframework.test.context.web.ServletTestExecutionListener.setUpRequestContextIfNecessary(ServletTestExecutionListener.java:189)
	at org.springframework.test.context.web.ServletTestExecutionListener.prepareTestInstance(ServletTestExecutionListener.java:131)
	at org.springframework.test.context.TestContextManager.prepareTestInstance(TestContextManager.java:230)
	at org.springframework.test.context.junit4.SpringJUnit4ClassRunner.createTest(SpringJUnit4ClassRunner.java:228)
	at org.springframework.test.context.junit4.SpringJUnit4ClassRunner$1.runReflectiveCall(SpringJUnit4ClassRunner.java:287)
	at org.junit.internal.runners.model.ReflectiveCallable.run(ReflectiveCallable.java:12)
	at org.springframework.test.context.junit4.SpringJUnit4ClassRunner.methodBlock(SpringJUnit4ClassRunner.java:289)
	at org.springframework.test.context.junit4.SpringJUnit4ClassRunner.runChild(SpringJUnit4ClassRunner.java:247)
	at org.springframework.test.context.junit4.SpringJUnit4ClassRunner.runChild(SpringJUnit4ClassRunner.java:94)
	at org.junit.runners.ParentRunner$3.run(ParentRunner.java:290)
	at org.junit.runners.ParentRunner$1.schedule(ParentRunner.java:71)
	at org.junit.runners.ParentRunner.runChildren(ParentRunner.java:288)
	at org.junit.runners.ParentRunner.access$000(ParentRunner.java:58)
	at org.junit.runners.ParentRunner$2.evaluate(ParentRunner.java:268)
	at org.springframework.test.context.junit4.statements.RunBeforeTestClassCallbacks.evaluate(RunBeforeTestClassCallbacks.java:61)
	at org.springframework.test.context.junit4.statements.RunAfterTestClassCallbacks.evaluate(RunAfterTestClassCallbacks.java:70)
	at org.junit.runners.ParentRunner.run(ParentRunner.java:363)
	at org.springframework.test.context.junit4.SpringJUnit4ClassRunner.run(SpringJUnit4ClassRunner.java:191)
	at org.apache.maven.surefire.junit4.JUnit4Provider.execute(JUnit4Provider.java:283)
	at org.apache.maven.surefire.junit4.JUnit4Provider.executeWithRerun(JUnit4Provider.java:173)
	at org.apache.maven.surefire.junit4.JUnit4Provider.executeTestSet(JUnit4Provider.java:153)
	at org.apache.maven.surefire.junit4.JUnit4Provider.invoke(JUnit4Provider.java:128)
	at org.apache.maven.surefire.booter.ForkedBooter.invokeProviderInSameClassLoader(ForkedBooter.java:203)
	at org.apache.maven.surefire.booter.ForkedBooter.runSuitesInProcess(ForkedBooter.java:155)
	at org.apache.maven.surefire.booter.ForkedBooter.main(ForkedBooter.java:103)
Caused by: java.lang.IllegalStateException: No instances found of configserver (paascloud-discovery)
	at org.springframework.cloud.config.client.ConfigServerInstanceProvider.getConfigServerInstance(ConfigServerInstanceProvider.java:25)
	at org.springframework.cloud.config.client.ConfigServerInstanceProvider$$FastClassBySpringCGLIB$$facbf882.invoke(<generated>)
	at org.springframework.cglib.proxy.MethodProxy.invoke(MethodProxy.java:204)
	at org.springframework.aop.framework.CglibAopProxy$CglibMethodInvocation.invokeJoinpoint(CglibAopProxy.java:736)
	at org.springframework.aop.framework.ReflectiveMethodInvocation.proceed(ReflectiveMethodInvocation.java:157)
	at org.springframework.retry.interceptor.RetryOperationsInterceptor$1.doWithRetry(RetryOperationsInterceptor.java:91)
	at org.springframework.retry.support.RetryTemplate.doExecute(RetryTemplate.java:287)
	at org.springframework.retry.support.RetryTemplate.execute(RetryTemplate.java:164)
	at org.springframework.retry.interceptor.RetryOperationsInterceptor.invoke(RetryOperationsInterceptor.java:118)
	at org.springframework.retry.annotation.AnnotationAwareRetryOperationsInterceptor.invoke(AnnotationAwareRetryOperationsInterceptor.java:153)
	at org.springframework.aop.framework.ReflectiveMethodInvocation.proceed(ReflectiveMethodInvocation.java:179)
	at org.springframework.aop.framework.CglibAopProxy$DynamicAdvisedInterceptor.intercept(CglibAopProxy.java:671)
	at org.springframework.cloud.config.client.ConfigServerInstanceProvider$$EnhancerBySpringCGLIB$$5f6cabd6.getConfigServerInstance(<generated>)
	at org.springframework.cloud.config.client.DiscoveryClientConfigServiceBootstrapConfiguration.refresh(DiscoveryClientConfigServiceBootstrapConfiguration.java:80)
	at org.springframework.cloud.config.client.DiscoveryClientConfigServiceBootstrapConfiguration.startup(DiscoveryClientConfigServiceBootstrapConfiguration.java:66)
	at sun.reflect.NativeMethodAccessorImpl.invoke0(Native Method)
	at sun.reflect.NativeMethodAccessorImpl.invoke(NativeMethodAccessorImpl.java:62)
	at sun.reflect.DelegatingMethodAccessorImpl.invoke(DelegatingMethodAccessorImpl.java:43)
	at java.lang.reflect.Method.invoke(Method.java:498)
	at org.springframework.context.event.ApplicationListenerMethodAdapter.doInvoke(ApplicationListenerMethodAdapter.java:253)
	at org.springframework.context.event.ApplicationListenerMethodAdapter.processEvent(ApplicationListenerMethodAdapter.java:174)
	at org.springframework.context.event.ApplicationListenerMethodAdapter.onApplicationEvent(ApplicationListenerMethodAdapter.java:137)
	at org.springframework.context.event.SimpleApplicationEventMulticaster.invokeListener(SimpleApplicationEventMulticaster.java:167)
	at org.springframework.context.event.SimpleApplicationEventMulticaster.multicastEvent(SimpleApplicationEventMulticaster.java:139)
	at org.springframework.context.support.AbstractApplicationContext.publishEvent(AbstractApplicationContext.java:383)
	at org.springframework.context.support.AbstractApplicationContext.publishEvent(AbstractApplicationContext.java:337)
	at org.springframework.context.support.AbstractApplicationContext.finishRefresh(AbstractApplicationContext.java:882)
	at org.springframework.context.support.AbstractApplicationContext.refresh(AbstractApplicationContext.java:545)
	at org.springframework.boot.SpringApplication.refresh(SpringApplication.java:693)
	at org.springframework.boot.SpringApplication.refreshContext(SpringApplication.java:360)
	at org.springframework.boot.SpringApplication.run(SpringApplication.java:303)
	at org.springframework.boot.builder.SpringApplicationBuilder.run(SpringApplicationBuilder.java:134)
	at org.springframework.cloud.bootstrap.BootstrapApplicationListener.bootstrapServiceContext(BootstrapApplicationListener.java:187)
	at org.springframework.cloud.bootstrap.BootstrapApplicationListener.onApplicationEvent(BootstrapApplicationListener.java:102)
	at org.springframework.cloud.bootstrap.BootstrapApplicationListener.onApplicationEvent(BootstrapApplicationListener.java:68)
	at org.springframework.context.event.SimpleApplicationEventMulticaster.invokeListener(SimpleApplicationEventMulticaster.java:167)
	at org.springframework.context.event.SimpleApplicationEventMulticaster.multicastEvent(SimpleApplicationEventMulticaster.java:139)
	at org.springframework.context.event.SimpleApplicationEventMulticaster.multicastEvent(SimpleApplicationEventMulticaster.java:122)
	at org.springframework.boot.context.event.EventPublishingRunListener.environmentPrepared(EventPublishingRunListener.java:74)
	at org.springframework.boot.SpringApplicationRunListeners.environmentPrepared(SpringApplicationRunListeners.java:54)
	at org.springframework.boot.SpringApplication.prepareEnvironment(SpringApplication.java:325)
	at org.springframework.boot.SpringApplication.run(SpringApplication.java:296)
	at org.springframework.boot.test.context.SpringBootContextLoader.loadContext(SpringBootContextLoader.java:121)
	at org.springframework.test.context.cache.DefaultCacheAwareContextLoaderDelegate.loadContextInternal(DefaultCacheAwareContextLoaderDelegate.java:98)
	at org.springframework.test.context.cache.DefaultCacheAwareContextLoaderDelegate.loadContext(DefaultCacheAwareContextLoaderDelegate.java:116)
	at org.springframework.test.context.support.DefaultTestContext.getApplicationContext(DefaultTestContext.java:83)
	at org.springframework.test.context.web.ServletTestExecutionListener.setUpRequestContextIfNecessary(ServletTestExecutionListener.java:189)
	at org.springframework.test.context.web.ServletTestExecutionListener.prepareTestInstance(ServletTestExecutionListener.java:131)
	at org.springframework.test.context.TestContextManager.prepareTestInstance(TestContextManager.java:230)
	at org.springframework.test.context.junit4.SpringJUnit4ClassRunner.createTest(SpringJUnit4ClassRunner.java:228)
	at org.springframework.test.context.junit4.SpringJUnit4ClassRunner$1.runReflectiveCall(SpringJUnit4ClassRunner.java:287)
	at org.junit.internal.runners.model.ReflectiveCallable.run(ReflectiveCallable.java:12)
	at org.springframework.test.context.junit4.SpringJUnit4ClassRunner.methodBlock(SpringJUnit4ClassRunner.java:289)
	at org.springframework.test.context.junit4.SpringJUnit4ClassRunner.runChild(SpringJUnit4ClassRunner.java:247)
	at org.springframework.test.context.junit4.SpringJUnit4ClassRunner.runChild(SpringJUnit4ClassRunner.java:94)
	at org.junit.runners.ParentRunner$3.run(ParentRunner.java:290)
	at org.junit.runners.ParentRunner$1.schedule(ParentRunner.java:71)
	at org.junit.runners.ParentRunner.runChildren(ParentRunner.java:288)
	at org.junit.runners.ParentRunner.access$000(ParentRunner.java:58)
	at org.junit.runners.ParentRunner$2.evaluate(ParentRunner.java:268)
	at org.springframework.test.context.junit4.statements.RunBeforeTestClassCallbacks.evaluate(RunBeforeTestClassCallbacks.java:61)
	at org.springframework.test.context.junit4.statements.RunAfterTestClassCallbacks.evaluate(RunAfterTestClassCallbacks.java:70)
	at org.junit.runners.ParentRunner.run(ParentRunner.java:363)
	at org.springframework.test.context.junit4.SpringJUnit4ClassRunner.run(SpringJUnit4ClassRunner.java:191)
	at org.apache.maven.surefire.junit4.JUnit4Provider.execute(JUnit4Provider.java:283)
	at org.apache.maven.surefire.junit4.JUnit4Provider.executeWithRerun(JUnit4Provider.java:173)
	at org.apache.maven.surefire.junit4.JUnit4Provider.executeTestSet(JUnit4Provider.java:153)
	at org.apache.maven.surefire.junit4.JUnit4Provider.invoke(JUnit4Provider.java:128)
	at org.apache.maven.surefire.booter.ForkedBooter.invokeProviderInSameClassLoader(ForkedBooter.java:203)
	at org.apache.maven.surefire.booter.ForkedBooter.runSuitesInProcess(ForkedBooter.java:155)
	at org.apache.maven.surefire.booter.ForkedBooter.main(ForkedBooter.java:103)
]]></error>
    <system-out><![CDATA[14:32:03.555 [main] DEBUG org.springframework.test.context.junit4.SpringJUnit4ClassRunner - SpringJUnit4ClassRunner constructor called with [class com.paascloud.provider.PaasCloudUacApplicationTests]
14:32:03.567 [main] DEBUG org.springframework.test.context.BootstrapUtils - Instantiating CacheAwareContextLoaderDelegate from class [org.springframework.test.context.cache.DefaultCacheAwareContextLoaderDelegate]
14:32:03.587 [main] DEBUG org.springframework.test.context.BootstrapUtils - Instantiating BootstrapContext using constructor [public org.springframework.test.context.support.DefaultBootstrapContext(java.lang.Class,org.springframework.test.context.CacheAwareContextLoaderDelegate)]
14:32:03.619 [main] DEBUG org.springframework.test.context.BootstrapUtils - Instantiating TestContextBootstrapper for test class [com.paascloud.provider.PaasCloudUacApplicationTests] from class [org.springframework.boot.test.context.SpringBootTestContextBootstrapper]
14:32:03.669 [main] INFO org.springframework.boot.test.context.SpringBootTestContextBootstrapper - Neither @ContextConfiguration nor @ContextHierarchy found for test class [com.paascloud.provider.PaasCloudUacApplicationTests], using SpringBootContextLoader
14:32:03.680 [main] DEBUG org.springframework.test.context.support.AbstractContextLoader - Did not detect default resource location for test class [com.paascloud.provider.PaasCloudUacApplicationTests]: class path resource [com/paascloud/provider/PaasCloudUacApplicationTests-context.xml] does not exist
14:32:03.680 [main] DEBUG org.springframework.test.context.support.AbstractContextLoader - Did not detect default resource location for test class [com.paascloud.provider.PaasCloudUacApplicationTests]: class path resource [com/paascloud/provider/PaasCloudUacApplicationTestsContext.groovy] does not exist
14:32:03.681 [main] INFO org.springframework.test.context.support.AbstractContextLoader - Could not detect default resource locations for test class [com.paascloud.provider.PaasCloudUacApplicationTests]: no resource found for suffixes {-context.xml, Context.groovy}.
14:32:03.683 [main] INFO org.springframework.test.context.support.AnnotationConfigContextLoaderUtils - Could not detect default configuration classes for test class [com.paascloud.provider.PaasCloudUacApplicationTests]: PaasCloudUacApplicationTests does not declare any static, non-private, non-final, nested classes annotated with @Configuration.
14:32:03.865 [main] DEBUG org.springframework.test.context.support.ActiveProfilesUtils - Could not find an 'annotation declaring class' for annotation type [org.springframework.test.context.ActiveProfiles] and class [com.paascloud.provider.PaasCloudUacApplicationTests]
14:32:03.882 [main] DEBUG org.springframework.core.env.StandardEnvironment - Adding PropertySource 'systemProperties' with lowest search precedence
14:32:03.884 [main] DEBUG org.springframework.core.env.StandardEnvironment - Adding PropertySource 'systemEnvironment' with lowest search precedence
14:32:03.890 [main] DEBUG org.springframework.core.env.StandardEnvironment - Initialized StandardEnvironment with PropertySources [MapPropertySource@103536485 {name='systemProperties', properties={java.runtime.name=Java(TM) SE Runtime Environment, sun.boot.library.path=D:\develop\Java\jdk1.8.0_181\jre\bin, java.vm.version=25.181-b13, java.vm.vendor=Oracle Corporation, java.vendor.url=http://java.oracle.com/, path.separator=;, java.vm.name=Java HotSpot(TM) 64-Bit Server VM, file.encoding.pkg=sun.io, user.country=CN, user.script=, sun.java.launcher=SUN_STANDARD, sun.os.patch.level=, java.vm.specification.name=Java Virtual Machine Specification, user.dir=D:\develop\workspace\code-repo\paascloud-master-master\paascloud-provider\paascloud-provider-uac, java.runtime.version=1.8.0_181-b13, basedir=D:\develop\workspace\code-repo\paascloud-master-master\paascloud-provider\paascloud-provider-uac, java.awt.graphicsenv=sun.awt.Win32GraphicsEnvironment, java.endorsed.dirs=D:\develop\Java\jdk1.8.0_181\jre\lib\endorsed, os.arch=amd64, surefire.real.class.path=D:\develop\workspace\code-repo\paascloud-master-master\paascloud-provider\paascloud-provider-uac\target\surefire\surefirebooter6302798505136300258.jar, java.io.tmpdir=C:\Users\lenovo\AppData\Local\Temp\, line.separator=
, java.vm.specification.vendor=Oracle Corporation, user.variant=, os.name=Windows 10, sun.jnu.encoding=GBK, java.library.path=D:\develop\Java\jdk1.8.0_181\jre\bin;C:\WINDOWS\Sun\Java\bin;C:\WINDOWS\system32;C:\WINDOWS;C:\Program Files (x86)\Common Files\Oracle\Java\javapath;C:\WINDOWS\system32;C:\WINDOWS;C:\WINDOWS\System32\Wbem;C:\WINDOWS\System32\WindowsPowerShell\v1.0\;C:\WINDOWS\System32\OpenSSH\;D:\develop\Java\jdk1.8.0_181\bin;D:\develop\Java\jdk1.8.0_181\jre\bin;D:\develop\maven\apache-maven-3.6.1\bin;D:\develop\Git\bin;D:\software\TortoiseGit\bin;D:\develop\scala\bin;D:\develop\scala\bin;D:\develop\scala\jre\bin;D:\software\nodejs\;C:\Users\lenovo\AppData\Local\Microsoft\WindowsApps;C:\Users\lenovo\AppData\Roaming\npm;C:\Program Files\Bandizip\;., surefire.test.class.path=D:\develop\workspace\code-repo\paascloud-master-master\paascloud-provider\paascloud-provider-uac\target\test-classes;D:\develop\workspace\code-repo\paascloud-master-master\paascloud-provider\paascloud-provider-uac\target\classes;D:\develop\maven\repo\mysql\mysql-connector-java\5.1.39\mysql-connector-java-5.1.39.jar;D:\develop\maven\repo\io\jsonwebtoken\jjwt\0.7.0\jjwt-0.7.0.jar;D:\develop\maven\repo\joda-time\joda-time\2.9.6\joda-time-2.9.6.jar;D:\develop\maven\repo\org\mybatis\spring\boot\mybatis-spring-boot-starter\1.2.0\mybatis-spring-boot-starter-1.2.0.jar;D:\develop\maven\repo\org\springframework\boot\spring-boot-starter\1.5.13.RELEASE\spring-boot-starter-1.5.13.RELEASE.jar;D:\develop\maven\repo\org\springframework\boot\spring-boot-starter-logging\1.5.13.RELEASE\spring-boot-starter-logging-1.5.13.RELEASE.jar;D:\develop\maven\repo\org\slf4j\jcl-over-slf4j\1.7.25\jcl-over-slf4j-1.7.25.jar;D:\develop\maven\repo\org\slf4j\jul-to-slf4j\1.7.25\jul-to-slf4j-1.7.25.jar;D:\develop\maven\repo\org\slf4j\log4j-over-slf4j\1.7.25\log4j-over-slf4j-1.7.25.jar;D:\develop\maven\repo\org\springframework\boot\spring-boot-starter-jdbc\1.5.13.RELEASE\spring-boot-starter-jdbc-1.5.13.RELEASE.jar;D:\develop\maven\repo\org\apache\tomcat\tomcat-jdbc\8.5.31\tomcat-jdbc-8.5.31.jar;D:\develop\maven\repo\org\apache\tomcat\tomcat-juli\8.5.31\tomcat-juli-8.5.31.jar;D:\develop\maven\repo\org\springframework\spring-jdbc\4.3.17.RELEASE\spring-jdbc-4.3.17.RELEASE.jar;D:\develop\maven\repo\org\mybatis\spring\boot\mybatis-spring-boot-autoconfigure\1.2.0\mybatis-spring-boot-autoconfigure-1.2.0.jar;D:\develop\maven\repo\org\mybatis\mybatis\3.4.2\mybatis-3.4.2.jar;D:\develop\maven\repo\org\mybatis\mybatis-spring\1.3.1\mybatis-spring-1.3.1.jar;D:\develop\maven\repo\tk\mybatis\mapper-spring-boot-starter\1.1.1\mapper-spring-boot-starter-1.1.1.jar;D:\develop\maven\repo\tk\mybatis\mapper-spring-boot-autoconfigure\1.1.1\mapper-spring-boot-autoconfigure-1.1.1.jar;D:\develop\maven\repo\tk\mybatis\mapper\3.4.0\mapper-3.4.0.jar;D:\develop\maven\repo\javax\persistence\persistence-api\1.0\persistence-api-1.0.jar;D:\develop\maven\repo\com\github\pagehelper\pagehelper-spring-boot-starter\1.1.2\pagehelper-spring-boot-starter-1.1.2.jar;D:\develop\maven\repo\com\github\pagehelper\pagehelper-spring-boot-autoconfigure\1.1.2\pagehelper-spring-boot-autoconfigure-1.1.2.jar;D:\develop\maven\repo\com\github\pagehelper\pagehelper\5.0.3\pagehelper-5.0.3.jar;D:\develop\maven\repo\com\github\jsqlparser\jsqlparser\1.0\jsqlparser-1.0.jar;D:\develop\maven\repo\com\alibaba\druid-spring-boot-starter\1.1.0\druid-spring-boot-starter-1.1.0.jar;D:\develop\maven\repo\org\springframework\boot\spring-boot-autoconfigure\1.5.13.RELEASE\spring-boot-autoconfigure-1.5.13.RELEASE.jar;D:\develop\maven\repo\com\fasterxml\jackson\core\jackson-databind\2.8.4\jackson-databind-2.8.4.jar;D:\develop\maven\repo\com\fasterxml\jackson\core\jackson-annotations\2.8.0\jackson-annotations-2.8.0.jar;D:\develop\maven\repo\com\fasterxml\jackson\core\jackson-core\2.8.11\jackson-core-2.8.11.jar;D:\develop\workspace\code-repo\paascloud-master-master\paascloud-provider-api\paascloud-provider-uac-api\target\paascloud-provider-uac-api-1.0.jar;D:\develop\workspace\code-repo\paascloud-master-master\paascloud-common\paascloud-security-feign\target\paascloud-security-feign-1.0.jar;D:\develop\workspace\code-repo\paascloud-master-master\paascloud-provider-api\paascloud-provider-mdc-api\target\paascloud-provider-mdc-api-1.0.jar;D:\develop\workspace\code-repo\paascloud-master-master\paascloud-provider-api\paascloud-provider-omc-api\target\paascloud-provider-omc-api-1.0.jar;D:\develop\workspace\code-repo\paascloud-master-master\paascloud-provider-api\paascloud-provider-opc-api\target\paascloud-provider-opc-api-1.0.jar;D:\develop\maven\repo\io\github\openfeign\form\feign-form\3.0.3\feign-form-3.0.3.jar;D:\develop\maven\repo\io\github\openfeign\form\feign-form-spring\3.0.3\feign-form-spring-3.0.3.jar;D:\develop\workspace\code-repo\paascloud-master-master\paascloud-provider-api\paascloud-provider-sdk-api\target\paascloud-provider-sdk-api-1.0.jar;D:\develop\maven\repo\org\projectlombok\lombok\1.16.14\lombok-1.16.14.jar;D:\develop\workspace\code-repo\paascloud-master-master\paascloud-provider-api\paascloud-provider-tpc-api\target\paascloud-provider-tpc-api-1.0.jar;D:\develop\workspace\code-repo\paascloud-master-master\paascloud-common\paascloud-common-zk\target\paascloud-common-zk-1.0.jar;D:\develop\maven\repo\org\apache\curator\curator-framework\2.10.0\curator-framework-2.10.0.jar;D:\develop\maven\repo\org\apache\curator\curator-client\2.10.0\curator-client-2.10.0.jar;D:\develop\maven\repo\org\apache\zookeeper\zookeeper\3.4.6\zookeeper-3.4.6.jar;D:\develop\maven\repo\jline\jline\2.14.6\jline-2.14.6.jar;D:\develop\maven\repo\io\netty\netty\3.7.0.Final\netty-3.7.0.Final.jar;D:\develop\maven\repo\org\apache\curator\curator-recipes\2.10.0\curator-recipes-2.10.0.jar;D:\develop\maven\repo\com\alibaba\fastjson\1.2.29\fastjson-1.2.29.jar;D:\develop\maven\repo\org\aspectj\aspectjweaver\1.8.13\aspectjweaver-1.8.13.jar;D:\develop\maven\repo\org\springframework\spring-tx\4.3.11.RELEASE\spring-tx-4.3.11.RELEASE.jar;D:\develop\maven\repo\org\springframework\spring-beans\4.3.17.RELEASE\spring-beans-4.3.17.RELEASE.jar;D:\develop\maven\repo\org\apache\rocketmq\rocketmq-client\4.1.0-incubating\rocketmq-client-4.1.0-incubating.jar;D:\develop\maven\repo\org\apache\rocketmq\rocketmq-common\4.1.0-incubating\rocketmq-common-4.1.0-incubating.jar;D:\develop\maven\repo\org\apache\rocketmq\rocketmq-remoting\4.1.0-incubating\rocketmq-remoting-4.1.0-incubating.jar;D:\develop\maven\repo\io\netty\netty-all\4.0.56.Final\netty-all-4.0.56.Final.jar;D:\develop\maven\repo\org\slf4j\slf4j-api\1.7.25\slf4j-api-1.7.25.jar;D:\develop\maven\repo\org\apache\commons\commons-lang3\3.5\commons-lang3-3.5.jar;D:\develop\maven\repo\de\codecentric\spring-boot-admin-starter-client\1.5.7\spring-boot-admin-starter-client-1.5.7.jar;D:\develop\maven\repo\de\codecentric\spring-boot-admin-client\1.5.7\spring-boot-admin-client-1.5.7.jar;D:\develop\maven\repo\org\springframework\boot\spring-boot-starter-freemarker\1.5.13.RELEASE\spring-boot-starter-freemarker-1.5.13.RELEASE.jar;D:\develop\maven\repo\org\freemarker\freemarker\2.3.28\freemarker-2.3.28.jar;D:\develop\maven\repo\org\springframework\spring-context-support\4.3.17.RELEASE\spring-context-support-4.3.17.RELEASE.jar;D:\develop\maven\repo\org\springframework\cloud\spring-cloud-starter-feign\1.4.4.RELEASE\spring-cloud-starter-feign-1.4.4.RELEASE.jar;D:\develop\maven\repo\org\springframework\cloud\spring-cloud-starter-openfeign\1.4.4.RELEASE\spring-cloud-starter-openfeign-1.4.4.RELEASE.jar;D:\develop\maven\repo\io\github\openfeign\feign-core\9.5.0\feign-core-9.5.0.jar;D:\develop\maven\repo\org\jvnet\animal-sniffer-annotation\1.0\animal-sniffer-annotation-1.0.jar;D:\develop\maven\repo\io\github\openfeign\feign-slf4j\9.5.0\feign-slf4j-9.5.0.jar;D:\develop\maven\repo\io\github\openfeign\feign-hystrix\9.5.0\feign-hystrix-9.5.0.jar;D:\develop\maven\repo\com\github\penggle\kaptcha\2.3.2\kaptcha-2.3.2.jar;D:\develop\maven\repo\com\jhlabs\filters\2.0.235-1\filters-2.0.235-1.jar;D:\develop\maven\repo\org\springframework\cloud\spring-cloud-starter-oauth2\1.2.2.RELEASE\spring-cloud-starter-oauth2-1.2.2.RELEASE.jar;D:\develop\maven\repo\org\springframework\cloud\spring-cloud-starter-security\1.2.2.RELEASE\spring-cloud-starter-security-1.2.2.RELEASE.jar;D:\develop\maven\repo\org\springframework\cloud\spring-cloud-security\1.2.2.RELEASE\spring-cloud-security-1.2.2.RELEASE.jar;D:\develop\maven\repo\org\springframework\boot\spring-boot-starter-security\1.5.13.RELEASE\spring-boot-starter-security-1.5.13.RELEASE.jar;D:\develop\maven\repo\org\springframework\security\oauth\spring-security-oauth2\2.0.15.RELEASE\spring-security-oauth2-2.0.15.RELEASE.jar;D:\develop\maven\repo\org\springframework\security\spring-security-core\4.2.6.RELEASE\spring-security-core-4.2.6.RELEASE.jar;D:\develop\maven\repo\org\springframework\security\spring-security-config\4.2.6.RELEASE\spring-security-config-4.2.6.RELEASE.jar;D:\develop\maven\repo\org\springframework\social\spring-social-config\1.1.6.RELEASE\spring-social-config-1.1.6.RELEASE.jar;D:\develop\maven\repo\org\springframework\social\spring-social-core\1.1.6.RELEASE\spring-social-core-1.1.6.RELEASE.jar;D:\develop\maven\repo\org\springframework\spring-web\4.3.8.RELEASE\spring-web-4.3.8.RELEASE.jar;D:\develop\maven\repo\org\springframework\social\spring-social-security\1.1.6.RELEASE\spring-social-security-1.1.6.RELEASE.jar;D:\develop\maven\repo\org\springframework\spring-webmvc\4.3.17.RELEASE\spring-webmvc-4.3.17.RELEASE.jar;D:\develop\maven\repo\org\springframework\spring-expression\4.3.17.RELEASE\spring-expression-4.3.17.RELEASE.jar;D:\develop\maven\repo\org\springframework\security\spring-security-web\4.2.6.RELEASE\spring-security-web-4.2.6.RELEASE.jar;D:\develop\maven\repo\aopalliance\aopalliance\1.0\aopalliance-1.0.jar;D:\develop\maven\repo\org\springframework\social\spring-social-web\1.1.6.RELEASE\spring-social-web-1.1.6.RELEASE.jar;D:\develop\maven\repo\javax\inject\javax.inject\1\javax.inject-1.jar;D:\develop\workspace\code-repo\paascloud-master-master\paascloud-common\paascloud-common-base\target\paascloud-common-base-1.0.jar;D:\develop\workspace\code-repo\paascloud-master-master\paascloud-common\paascloud-security-app\target\paascloud-security-app-1.0.jar;D:\develop\workspace\code-repo\paascloud-master-master\paascloud-common\paascloud-security-core\target\paascloud-security-core-1.0.jar;D:\develop\maven\repo\commons-lang\commons-lang\2.6\commons-lang-2.6.jar;D:\develop\maven\repo\commons-collections\commons-collections\3.2.2\commons-collections-3.2.2.jar;D:\develop\maven\repo\org\springframework\cloud\spring-cloud-starter-config\1.4.3.RELEASE\spring-cloud-starter-config-1.4.3.RELEASE.jar;D:\develop\maven\repo\org\springframework\cloud\spring-cloud-starter\1.3.3.RELEASE\spring-cloud-starter-1.3.3.RELEASE.jar;D:\develop\maven\repo\org\springframework\cloud\spring-cloud-context\1.3.3.RELEASE\spring-cloud-context-1.3.3.RELEASE.jar;D:\develop\maven\repo\org\springframework\security\spring-security-rsa\1.0.3.RELEASE\spring-security-rsa-1.0.3.RELEASE.jar;D:\develop\maven\repo\org\springframework\cloud\spring-cloud-config-client\1.4.3.RELEASE\spring-cloud-config-client-1.4.3.RELEASE.jar;D:\develop\maven\repo\org\springframework\cloud\spring-cloud-starter-sleuth\1.3.3.RELEASE\spring-cloud-starter-sleuth-1.3.3.RELEASE.jar;D:\develop\maven\repo\org\springframework\cloud\spring-cloud-sleuth-core\1.3.3.RELEASE\spring-cloud-sleuth-core-1.3.3.RELEASE.jar;D:\develop\maven\repo\org\aspectj\aspectjrt\1.8.13\aspectjrt-1.8.13.jar;D:\develop\maven\repo\org\springframework\cloud\spring-cloud-sleuth-zipkin\1.3.3.RELEASE\spring-cloud-sleuth-zipkin-1.3.3.RELEASE.jar;D:\develop\maven\repo\org\springframework\cloud\spring-cloud-commons\1.3.3.RELEASE\spring-cloud-commons-1.3.3.RELEASE.jar;D:\develop\maven\repo\org\springframework\security\spring-security-crypto\4.2.6.RELEASE\spring-security-crypto-4.2.6.RELEASE.jar;D:\develop\maven\repo\org\apache\httpcomponents\httpclient\4.5.5\httpclient-4.5.5.jar;D:\develop\maven\repo\org\apache\httpcomponents\httpcore\4.4.9\httpcore-4.4.9.jar;D:\develop\maven\repo\io\zipkin\zipkin2\zipkin\2.6.1\zipkin-2.6.1.jar;D:\develop\maven\repo\io\zipkin\reporter2\zipkin-reporter\2.5.0\zipkin-reporter-2.5.0.jar;D:\develop\maven\repo\io\zipkin\reporter2\zipkin-sender-kafka11\2.5.0\zipkin-sender-kafka11-2.5.0.jar;D:\develop\maven\repo\io\zipkin\reporter2\zipkin-sender-amqp-client\2.5.0\zipkin-sender-amqp-client-2.5.0.jar;D:\develop\workspace\code-repo\paascloud-master-master\paascloud-common\paascloud-common-util\target\paascloud-common-util-1.0.jar;D:\develop\maven\repo\ch\qos\logback\logback-classic\1.1.11\logback-classic-1.1.11.jar;D:\develop\maven\repo\org\codehaus\jackson\jackson-smile\1.9.13\jackson-smile-1.9.13.jar;D:\develop\maven\repo\org\codehaus\jackson\jackson-core-asl\1.9.13\jackson-core-asl-1.9.13.jar;D:\develop\maven\repo\org\codehaus\jackson\jackson-mapper-asl\1.9.13\jackson-mapper-asl-1.9.13.jar;D:\develop\maven\repo\com\xiaoleilu\hutool-all\3.0.7\hutool-all-3.0.7.jar;D:\develop\maven\repo\commons-beanutils\commons-beanutils\1.9.3\commons-beanutils-1.9.3.jar;D:\develop\workspace\code-repo\paascloud-master-master\paascloud-common\paascloud-common-core\target\paascloud-common-core-1.0.jar;D:\develop\maven\repo\eu\bitwalker\UserAgentUtils\1.20\UserAgentUtils-1.20.jar;D:\develop\maven\repo\org\springframework\boot\spring-boot-starter-data-redis\1.5.13.RELEASE\spring-boot-starter-data-redis-1.5.13.RELEASE.jar;D:\develop\maven\repo\org\springframework\data\spring-data-redis\1.8.12.RELEASE\spring-data-redis-1.8.12.RELEASE.jar;D:\develop\maven\repo\org\springframework\data\spring-data-keyvalue\1.2.12.RELEASE\spring-data-keyvalue-1.2.12.RELEASE.jar;D:\develop\maven\repo\org\springframework\data\spring-data-commons\1.13.12.RELEASE\spring-data-commons-1.13.12.RELEASE.jar;D:\develop\maven\repo\org\springframework\spring-oxm\4.3.17.RELEASE\spring-oxm-4.3.17.RELEASE.jar;D:\develop\maven\repo\redis\clients\jedis\2.9.0\jedis-2.9.0.jar;D:\develop\maven\repo\org\apache\commons\commons-pool2\2.4.3\commons-pool2-2.4.3.jar;D:\develop\maven\repo\com\fasterxml\jackson\module\jackson-module-parameter-names\2.8.11\jackson-module-parameter-names-2.8.11.jar;D:\develop\maven\repo\com\fasterxml\jackson\datatype\jackson-datatype-jdk8\2.8.11\jackson-datatype-jdk8-2.8.11.jar;D:\develop\maven\repo\com\fasterxml\jackson\datatype\jackson-datatype-jsr310\2.8.11\jackson-datatype-jsr310-2.8.11.jar;D:\develop\workspace\code-repo\paascloud-master-master\paascloud-common\paascloud-common-config\target\paascloud-common-config-1.0.jar;D:\develop\maven\repo\com\arronlong\httpclientutil\httpclientutil\1.0\httpclientutil-1.0.jar;D:\develop\maven\repo\org\apache\httpcomponents\httpmime\4.5.5\httpmime-4.5.5.jar;D:\develop\maven\repo\org\apache\httpcomponents\httpasyncclient\4.1.3\httpasyncclient-4.1.3.jar;D:\develop\maven\repo\org\apache\httpcomponents\httpcore-nio\4.4.6\httpcore-nio-4.4.6.jar;D:\develop\maven\repo\log4j\log4j\1.2.17\log4j-1.2.17.jar;D:\develop\maven\repo\com\netflix\hystrix\hystrix-core\1.5.12\hystrix-core-1.5.12.jar;D:\develop\maven\repo\com\netflix\archaius\archaius-core\0.7.4\archaius-core-0.7.4.jar;D:\develop\maven\repo\com\google\code\findbugs\jsr305\3.0.2\jsr305-3.0.2.jar;D:\develop\maven\repo\io\reactivex\rxjava\1.2.0\rxjava-1.2.0.jar;D:\develop\maven\repo\org\hdrhistogram\HdrHistogram\2.1.9\HdrHistogram-2.1.9.jar;D:\develop\maven\repo\org\springframework\boot\spring-boot-starter-actuator\1.5.13.RELEASE\spring-boot-starter-actuator-1.5.13.RELEASE.jar;D:\develop\maven\repo\org\springframework\boot\spring-boot-actuator\1.5.13.RELEASE\spring-boot-actuator-1.5.13.RELEASE.jar;D:\develop\maven\repo\org\springframework\cloud\spring-cloud-starter-hystrix\1.4.4.RELEASE\spring-cloud-starter-hystrix-1.4.4.RELEASE.jar;D:\develop\maven\repo\org\springframework\cloud\spring-cloud-starter-netflix-hystrix\1.4.4.RELEASE\spring-cloud-starter-netflix-hystrix-1.4.4.RELEASE.jar;D:\develop\maven\repo\com\netflix\hystrix\hystrix-metrics-event-stream\1.5.12\hystrix-metrics-event-stream-1.5.12.jar;D:\develop\maven\repo\com\netflix\hystrix\hystrix-serialization\1.5.12\hystrix-serialization-1.5.12.jar;D:\develop\maven\repo\com\fasterxml\jackson\module\jackson-module-afterburner\2.8.11\jackson-module-afterburner-2.8.11.jar;D:\develop\maven\repo\com\netflix\hystrix\hystrix-javanica\1.5.12\hystrix-javanica-1.5.12.jar;D:\develop\maven\repo\org\ow2\asm\asm\5.0.4\asm-5.0.4.jar;D:\develop\maven\repo\org\springframework\boot\spring-boot-starter-web\1.5.13.RELEASE\spring-boot-starter-web-1.5.13.RELEASE.jar;D:\develop\maven\repo\org\springframework\boot\spring-boot-starter-tomcat\1.5.13.RELEASE\spring-boot-starter-tomcat-1.5.13.RELEASE.jar;D:\develop\maven\repo\org\apache\tomcat\embed\tomcat-embed-core\8.5.31\tomcat-embed-core-8.5.31.jar;D:\develop\maven\repo\org\apache\tomcat\tomcat-annotations-api\8.5.31\tomcat-annotations-api-8.5.31.jar;D:\develop\maven\repo\org\apache\tomcat\embed\tomcat-embed-websocket\8.5.31\tomcat-embed-websocket-8.5.31.jar;D:\develop\maven\repo\org\hibernate\hibernate-validator\5.3.6.Final\hibernate-validator-5.3.6.Final.jar;D:\develop\maven\repo\javax\validation\validation-api\1.1.0.Final\validation-api-1.1.0.Final.jar;D:\develop\maven\repo\org\jboss\logging\jboss-logging\3.3.2.Final\jboss-logging-3.3.2.Final.jar;D:\develop\maven\repo\net\logstash\logback\logstash-logback-encoder\4.6\logstash-logback-encoder-4.6.jar;D:\develop\maven\repo\ch\qos\logback\logback-core\1.1.11\logback-core-1.1.11.jar;D:\develop\maven\repo\com\google\guava\guava\17.0\guava-17.0.jar;D:\develop\maven\repo\org\springframework\boot\spring-boot-starter-validation\1.5.13.RELEASE\spring-boot-starter-validation-1.5.13.RELEASE.jar;D:\develop\maven\repo\org\apache\tomcat\embed\tomcat-embed-el\8.5.31\tomcat-embed-el-8.5.31.jar;D:\develop\maven\repo\io\springfox\springfox-swagger-ui\2.6.1\springfox-swagger-ui-2.6.1.jar;D:\develop\maven\repo\io\springfox\springfox-spring-web\2.6.1\springfox-spring-web-2.6.1.jar;D:\develop\maven\repo\io\springfox\springfox-swagger2\2.6.1\springfox-swagger2-2.6.1.jar;D:\develop\maven\repo\io\swagger\swagger-annotations\1.5.10\swagger-annotations-1.5.10.jar;D:\develop\maven\repo\io\swagger\swagger-models\1.5.10\swagger-models-1.5.10.jar;D:\develop\maven\repo\io\springfox\springfox-spi\2.6.1\springfox-spi-2.6.1.jar;D:\develop\maven\repo\io\springfox\springfox-core\2.6.1\springfox-core-2.6.1.jar;D:\develop\maven\repo\io\springfox\springfox-schema\2.6.1\springfox-schema-2.6.1.jar;D:\develop\maven\repo\io\springfox\springfox-swagger-common\2.6.1\springfox-swagger-common-2.6.1.jar;D:\develop\maven\repo\com\fasterxml\classmate\1.3.4\classmate-1.3.4.jar;D:\develop\maven\repo\org\springframework\plugin\spring-plugin-core\1.2.0.RELEASE\spring-plugin-core-1.2.0.RELEASE.jar;D:\develop\maven\repo\org\springframework\plugin\spring-plugin-metadata\1.2.0.RELEASE\spring-plugin-metadata-1.2.0.RELEASE.jar;D:\develop\maven\repo\org\mapstruct\mapstruct\1.0.0.Final\mapstruct-1.0.0.Final.jar;D:\develop\maven\repo\commons-codec\commons-codec\1.10\commons-codec-1.10.jar;D:\develop\maven\repo\org\springframework\boot\spring-boot-starter-test\1.5.13.RELEASE\spring-boot-starter-test-1.5.13.RELEASE.jar;D:\develop\maven\repo\org\springframework\boot\spring-boot-test\1.5.13.RELEASE\spring-boot-test-1.5.13.RELEASE.jar;D:\develop\maven\repo\org\springframework\boot\spring-boot-test-autoconfigure\1.5.13.RELEASE\spring-boot-test-autoconfigure-1.5.13.RELEASE.jar;D:\develop\maven\repo\com\jayway\jsonpath\json-path\2.2.0\json-path-2.2.0.jar;D:\develop\maven\repo\net\minidev\json-smart\2.2.1\json-smart-2.2.1.jar;D:\develop\maven\repo\net\minidev\accessors-smart\1.1\accessors-smart-1.1.jar;D:\develop\maven\repo\junit\junit\4.12\junit-4.12.jar;D:\develop\maven\repo\org\assertj\assertj-core\2.6.0\assertj-core-2.6.0.jar;D:\develop\maven\repo\org\mockito\mockito-core\1.10.19\mockito-core-1.10.19.jar;D:\develop\maven\repo\org\objenesis\objenesis\2.5.1\objenesis-2.5.1.jar;D:\develop\maven\repo\org\hamcrest\hamcrest-core\1.3\hamcrest-core-1.3.jar;D:\develop\maven\repo\org\hamcrest\hamcrest-library\1.3\hamcrest-library-1.3.jar;D:\develop\maven\repo\org\skyscreamer\jsonassert\1.4.0\jsonassert-1.4.0.jar;D:\develop\maven\repo\com\vaadin\external\google\android-json\0.0.20131108.vaadin1\android-json-0.0.20131108.vaadin1.jar;D:\develop\maven\repo\org\springframework\spring-core\4.3.11.RELEASE\spring-core-4.3.11.RELEASE.jar;D:\develop\maven\repo\org\springframework\spring-test\4.3.17.RELEASE\spring-test-4.3.17.RELEASE.jar;D:\develop\maven\repo\com\alibaba\druid\1.0.29\druid-1.0.29.jar;D:\develop\Java\jdk1.8.0_181\jre\..\lib\jconsole.jar;D:\develop\Java\jdk1.8.0_181\jre\..\lib\tools.jar;D:\develop\maven\repo\org\mybatis\generator\mybatis-generator-core\1.3.5\mybatis-generator-core-1.3.5.jar;D:\develop\maven\repo\org\springframework\boot\spring-boot-configuration-processor\1.5.13.RELEASE\spring-boot-configuration-processor-1.5.13.RELEASE.jar;D:\develop\maven\repo\org\springframework\boot\spring-boot-devtools\1.5.13.RELEASE\spring-boot-devtools-1.5.13.RELEASE.jar;D:\develop\maven\repo\org\springframework\boot\spring-boot\1.5.13.RELEASE\spring-boot-1.5.13.RELEASE.jar;D:\develop\maven\repo\org\springframework\boot\spring-boot-starter-aop\1.5.13.RELEASE\spring-boot-starter-aop-1.5.13.RELEASE.jar;D:\develop\maven\repo\org\springframework\spring-aop\4.3.17.RELEASE\spring-aop-4.3.17.RELEASE.jar;D:\develop\maven\repo\org\modelmapper\modelmapper\1.1.2\modelmapper-1.1.2.jar;D:\develop\maven\repo\org\jolokia\jolokia-core\1.3.7\jolokia-core-1.3.7.jar;D:\develop\maven\repo\com\googlecode\json-simple\json-simple\1.1.1\json-simple-1.1.1.jar;D:\develop\maven\repo\org\springframework\security\spring-security-jwt\1.0.9.RELEASE\spring-security-jwt-1.0.9.RELEASE.jar;D:\develop\maven\repo\org\bouncycastle\bcpkix-jdk15on\1.56\bcpkix-jdk15on-1.56.jar;D:\develop\maven\repo\org\bouncycastle\bcprov-jdk15on\1.56\bcprov-jdk15on-1.56.jar;D:\develop\maven\repo\org\liquibase\liquibase-core\3.5.3\liquibase-core-3.5.3.jar;D:\develop\maven\repo\org\yaml\snakeyaml\1.17\snakeyaml-1.17.jar;D:\develop\maven\repo\org\springframework\cloud\spring-cloud-starter-zipkin\1.3.3.RELEASE\spring-cloud-starter-zipkin-1.3.3.RELEASE.jar;D:\develop\maven\repo\org\springframework\amqp\spring-rabbit\1.7.7.RELEASE\spring-rabbit-1.7.7.RELEASE.jar;D:\develop\maven\repo\org\springframework\retry\spring-retry\1.2.2.RELEASE\spring-retry-1.2.2.RELEASE.jar;D:\develop\maven\repo\com\rabbitmq\http-client\1.1.1.RELEASE\http-client-1.1.1.RELEASE.jar;D:\develop\maven\repo\com\rabbitmq\amqp-client\4.0.3\amqp-client-4.0.3.jar;D:\develop\maven\repo\org\springframework\spring-messaging\4.3.17.RELEASE\spring-messaging-4.3.17.RELEASE.jar;D:\develop\maven\repo\org\springframework\spring-context\4.3.8.RELEASE\spring-context-4.3.8.RELEASE.jar;D:\develop\maven\repo\org\springframework\amqp\spring-amqp\1.7.7.RELEASE\spring-amqp-1.7.7.RELEASE.jar;D:\develop\maven\repo\org\springframework\cloud\spring-cloud-starter-netflix-eureka-client\1.4.4.RELEASE\spring-cloud-starter-netflix-eureka-client-1.4.4.RELEASE.jar;D:\develop\maven\repo\org\springframework\cloud\spring-cloud-netflix-core\1.4.4.RELEASE\spring-cloud-netflix-core-1.4.4.RELEASE.jar;D:\develop\maven\repo\org\springframework\cloud\spring-cloud-netflix-eureka-client\1.4.4.RELEASE\spring-cloud-netflix-eureka-client-1.4.4.RELEASE.jar;D:\develop\maven\repo\com\netflix\eureka\eureka-client\1.7.2\eureka-client-1.7.2.jar;D:\develop\maven\repo\org\codehaus\jettison\jettison\1.2\jettison-1.2.jar;D:\develop\maven\repo\stax\stax-api\1.0.1\stax-api-1.0.1.jar;D:\develop\maven\repo\com\netflix\netflix-commons\netflix-eventbus\0.3.0\netflix-eventbus-0.3.0.jar;D:\develop\maven\repo\com\netflix\netflix-commons\netflix-infix\0.3.0\netflix-infix-0.3.0.jar;D:\develop\maven\repo\commons-jxpath\commons-jxpath\1.3\commons-jxpath-1.3.jar;D:\develop\maven\repo\org\antlr\antlr-runtime\3.4\antlr-runtime-3.4.jar;D:\develop\maven\repo\org\antlr\stringtemplate\3.2.1\stringtemplate-3.2.1.jar;D:\develop\maven\repo\antlr\antlr\2.7.7\antlr-2.7.7.jar;D:\develop\maven\repo\com\google\code\gson\gson\2.8.4\gson-2.8.4.jar;D:\develop\maven\repo\org\apache\commons\commons-math\2.2\commons-math-2.2.jar;D:\develop\maven\repo\javax\ws\rs\jsr311-api\1.1.1\jsr311-api-1.1.1.jar;D:\develop\maven\repo\com\netflix\servo\servo-core\0.10.1\servo-core-0.10.1.jar;D:\develop\maven\repo\com\netflix\servo\servo-internal\0.10.1\servo-internal-0.10.1.jar;D:\develop\maven\repo\com\sun\jersey\jersey-core\1.19.1\jersey-core-1.19.1.jar;D:\develop\maven\repo\com\sun\jersey\jersey-client\1.19.1\jersey-client-1.19.1.jar;D:\develop\maven\repo\com\sun\jersey\contribs\jersey-apache-client4\1.19.1\jersey-apache-client4-1.19.1.jar;D:\develop\maven\repo\com\google\inject\guice\3.0\guice-3.0.jar;D:\develop\maven\repo\com\netflix\eureka\eureka-core\1.7.2\eureka-core-1.7.2.jar;D:\develop\maven\repo\org\codehaus\woodstox\woodstox-core-asl\4.4.1\woodstox-core-asl-4.4.1.jar;D:\develop\maven\repo\javax\xml\stream\stax-api\1.0-2\stax-api-1.0-2.jar;D:\develop\maven\repo\org\codehaus\woodstox\stax2-api\3.1.4\stax2-api-3.1.4.jar;D:\develop\maven\repo\org\springframework\cloud\spring-cloud-starter-netflix-archaius\1.4.4.RELEASE\spring-cloud-starter-netflix-archaius-1.4.4.RELEASE.jar;D:\develop\maven\repo\commons-configuration\commons-configuration\1.8\commons-configuration-1.8.jar;D:\develop\maven\repo\org\springframework\cloud\spring-cloud-starter-netflix-ribbon\1.4.4.RELEASE\spring-cloud-starter-netflix-ribbon-1.4.4.RELEASE.jar;D:\develop\maven\repo\com\netflix\ribbon\ribbon\2.2.5\ribbon-2.2.5.jar;D:\develop\maven\repo\com\netflix\ribbon\ribbon-transport\2.2.5\ribbon-transport-2.2.5.jar;D:\develop\maven\repo\io\reactivex\rxnetty-contexts\0.4.9\rxnetty-contexts-0.4.9.jar;D:\develop\maven\repo\io\reactivex\rxnetty-servo\0.4.9\rxnetty-servo-0.4.9.jar;D:\develop\maven\repo\io\reactivex\rxnetty\0.4.9\rxnetty-0.4.9.jar;D:\develop\maven\repo\io\netty\netty-codec-http\4.0.27.Final\netty-codec-http-4.0.27.Final.jar;D:\develop\maven\repo\io\netty\netty-codec\4.0.27.Final\netty-codec-4.0.27.Final.jar;D:\develop\maven\repo\io\netty\netty-handler\4.0.27.Final\netty-handler-4.0.27.Final.jar;D:\develop\maven\repo\io\netty\netty-transport-native-epoll\4.0.27.Final\netty-transport-native-epoll-4.0.27.Final.jar;D:\develop\maven\repo\io\netty\netty-common\4.0.27.Final\netty-common-4.0.27.Final.jar;D:\develop\maven\repo\io\netty\netty-buffer\4.0.27.Final\netty-buffer-4.0.27.Final.jar;D:\develop\maven\repo\io\netty\netty-transport\4.0.27.Final\netty-transport-4.0.27.Final.jar;D:\develop\maven\repo\com\netflix\ribbon\ribbon-core\2.2.5\ribbon-core-2.2.5.jar;D:\develop\maven\repo\com\netflix\ribbon\ribbon-httpclient\2.2.5\ribbon-httpclient-2.2.5.jar;D:\develop\maven\repo\com\netflix\netflix-commons\netflix-commons-util\0.1.1\netflix-commons-util-0.1.1.jar;D:\develop\maven\repo\com\netflix\ribbon\ribbon-loadbalancer\2.2.5\ribbon-loadbalancer-2.2.5.jar;D:\develop\maven\repo\com\netflix\netflix-commons\netflix-statistics\0.1.1\netflix-statistics-0.1.1.jar;D:\develop\maven\repo\com\netflix\ribbon\ribbon-eureka\2.2.5\ribbon-eureka-2.2.5.jar;D:\develop\maven\repo\com\thoughtworks\xstream\xstream\1.4.10\xstream-1.4.10.jar;D:\develop\maven\repo\xmlpull\xmlpull\1.1.3.1\xmlpull-1.1.3.1.jar;D:\develop\maven\repo\xpp3\xpp3_min\1.1.4c\xpp3_min-1.1.4c.jar;, java.specification.name=Java Platform API Specification, java.class.version=52.0, sun.management.compiler=HotSpot 64-Bit Tiered Compilers, os.version=10.0, user.home=C:\Users\lenovo, user.timezone=Asia/Shanghai, java.awt.printerjob=sun.awt.windows.WPrinterJob, file.encoding=GBK, java.specification.version=1.8, java.class.path=D:\develop\workspace\code-repo\paascloud-master-master\paascloud-provider\paascloud-provider-uac\target\test-classes;D:\develop\workspace\code-repo\paascloud-master-master\paascloud-provider\paascloud-provider-uac\target\classes;D:\develop\maven\repo\mysql\mysql-connector-java\5.1.39\mysql-connector-java-5.1.39.jar;D:\develop\maven\repo\io\jsonwebtoken\jjwt\0.7.0\jjwt-0.7.0.jar;D:\develop\maven\repo\joda-time\joda-time\2.9.6\joda-time-2.9.6.jar;D:\develop\maven\repo\org\mybatis\spring\boot\mybatis-spring-boot-starter\1.2.0\mybatis-spring-boot-starter-1.2.0.jar;D:\develop\maven\repo\org\springframework\boot\spring-boot-starter\1.5.13.RELEASE\spring-boot-starter-1.5.13.RELEASE.jar;D:\develop\maven\repo\org\springframework\boot\spring-boot-starter-logging\1.5.13.RELEASE\spring-boot-starter-logging-1.5.13.RELEASE.jar;D:\develop\maven\repo\org\slf4j\jcl-over-slf4j\1.7.25\jcl-over-slf4j-1.7.25.jar;D:\develop\maven\repo\org\slf4j\jul-to-slf4j\1.7.25\jul-to-slf4j-1.7.25.jar;D:\develop\maven\repo\org\slf4j\log4j-over-slf4j\1.7.25\log4j-over-slf4j-1.7.25.jar;D:\develop\maven\repo\org\springframework\boot\spring-boot-starter-jdbc\1.5.13.RELEASE\spring-boot-starter-jdbc-1.5.13.RELEASE.jar;D:\develop\maven\repo\org\apache\tomcat\tomcat-jdbc\8.5.31\tomcat-jdbc-8.5.31.jar;D:\develop\maven\repo\org\apache\tomcat\tomcat-juli\8.5.31\tomcat-juli-8.5.31.jar;D:\develop\maven\repo\org\springframework\spring-jdbc\4.3.17.RELEASE\spring-jdbc-4.3.17.RELEASE.jar;D:\develop\maven\repo\org\mybatis\spring\boot\mybatis-spring-boot-autoconfigure\1.2.0\mybatis-spring-boot-autoconfigure-1.2.0.jar;D:\develop\maven\repo\org\mybatis\mybatis\3.4.2\mybatis-3.4.2.jar;D:\develop\maven\repo\org\mybatis\mybatis-spring\1.3.1\mybatis-spring-1.3.1.jar;D:\develop\maven\repo\tk\mybatis\mapper-spring-boot-starter\1.1.1\mapper-spring-boot-starter-1.1.1.jar;D:\develop\maven\repo\tk\mybatis\mapper-spring-boot-autoconfigure\1.1.1\mapper-spring-boot-autoconfigure-1.1.1.jar;D:\develop\maven\repo\tk\mybatis\mapper\3.4.0\mapper-3.4.0.jar;D:\develop\maven\repo\javax\persistence\persistence-api\1.0\persistence-api-1.0.jar;D:\develop\maven\repo\com\github\pagehelper\pagehelper-spring-boot-starter\1.1.2\pagehelper-spring-boot-starter-1.1.2.jar;D:\develop\maven\repo\com\github\pagehelper\pagehelper-spring-boot-autoconfigure\1.1.2\pagehelper-spring-boot-autoconfigure-1.1.2.jar;D:\develop\maven\repo\com\github\pagehelper\pagehelper\5.0.3\pagehelper-5.0.3.jar;D:\develop\maven\repo\com\github\jsqlparser\jsqlparser\1.0\jsqlparser-1.0.jar;D:\develop\maven\repo\com\alibaba\druid-spring-boot-starter\1.1.0\druid-spring-boot-starter-1.1.0.jar;D:\develop\maven\repo\org\springframework\boot\spring-boot-autoconfigure\1.5.13.RELEASE\spring-boot-autoconfigure-1.5.13.RELEASE.jar;D:\develop\maven\repo\com\fasterxml\jackson\core\jackson-databind\2.8.4\jackson-databind-2.8.4.jar;D:\develop\maven\repo\com\fasterxml\jackson\core\jackson-annotations\2.8.0\jackson-annotations-2.8.0.jar;D:\develop\maven\repo\com\fasterxml\jackson\core\jackson-core\2.8.11\jackson-core-2.8.11.jar;D:\develop\workspace\code-repo\paascloud-master-master\paascloud-provider-api\paascloud-provider-uac-api\target\paascloud-provider-uac-api-1.0.jar;D:\develop\workspace\code-repo\paascloud-master-master\paascloud-common\paascloud-security-feign\target\paascloud-security-feign-1.0.jar;D:\develop\workspace\code-repo\paascloud-master-master\paascloud-provider-api\paascloud-provider-mdc-api\target\paascloud-provider-mdc-api-1.0.jar;D:\develop\workspace\code-repo\paascloud-master-master\paascloud-provider-api\paascloud-provider-omc-api\target\paascloud-provider-omc-api-1.0.jar;D:\develop\workspace\code-repo\paascloud-master-master\paascloud-provider-api\paascloud-provider-opc-api\target\paascloud-provider-opc-api-1.0.jar;D:\develop\maven\repo\io\github\openfeign\form\feign-form\3.0.3\feign-form-3.0.3.jar;D:\develop\maven\repo\io\github\openfeign\form\feign-form-spring\3.0.3\feign-form-spring-3.0.3.jar;D:\develop\workspace\code-repo\paascloud-master-master\paascloud-provider-api\paascloud-provider-sdk-api\target\paascloud-provider-sdk-api-1.0.jar;D:\develop\maven\repo\org\projectlombok\lombok\1.16.14\lombok-1.16.14.jar;D:\develop\workspace\code-repo\paascloud-master-master\paascloud-provider-api\paascloud-provider-tpc-api\target\paascloud-provider-tpc-api-1.0.jar;D:\develop\workspace\code-repo\paascloud-master-master\paascloud-common\paascloud-common-zk\target\paascloud-common-zk-1.0.jar;D:\develop\maven\repo\org\apache\curator\curator-framework\2.10.0\curator-framework-2.10.0.jar;D:\develop\maven\repo\org\apache\curator\curator-client\2.10.0\curator-client-2.10.0.jar;D:\develop\maven\repo\org\apache\zookeeper\zookeeper\3.4.6\zookeeper-3.4.6.jar;D:\develop\maven\repo\jline\jline\2.14.6\jline-2.14.6.jar;D:\develop\maven\repo\io\netty\netty\3.7.0.Final\netty-3.7.0.Final.jar;D:\develop\maven\repo\org\apache\curator\curator-recipes\2.10.0\curator-recipes-2.10.0.jar;D:\develop\maven\repo\com\alibaba\fastjson\1.2.29\fastjson-1.2.29.jar;D:\develop\maven\repo\org\aspectj\aspectjweaver\1.8.13\aspectjweaver-1.8.13.jar;D:\develop\maven\repo\org\springframework\spring-tx\4.3.11.RELEASE\spring-tx-4.3.11.RELEASE.jar;D:\develop\maven\repo\org\springframework\spring-beans\4.3.17.RELEASE\spring-beans-4.3.17.RELEASE.jar;D:\develop\maven\repo\org\apache\rocketmq\rocketmq-client\4.1.0-incubating\rocketmq-client-4.1.0-incubating.jar;D:\develop\maven\repo\org\apache\rocketmq\rocketmq-common\4.1.0-incubating\rocketmq-common-4.1.0-incubating.jar;D:\develop\maven\repo\org\apache\rocketmq\rocketmq-remoting\4.1.0-incubating\rocketmq-remoting-4.1.0-incubating.jar;D:\develop\maven\repo\io\netty\netty-all\4.0.56.Final\netty-all-4.0.56.Final.jar;D:\develop\maven\repo\org\slf4j\slf4j-api\1.7.25\slf4j-api-1.7.25.jar;D:\develop\maven\repo\org\apache\commons\commons-lang3\3.5\commons-lang3-3.5.jar;D:\develop\maven\repo\de\codecentric\spring-boot-admin-starter-client\1.5.7\spring-boot-admin-starter-client-1.5.7.jar;D:\develop\maven\repo\de\codecentric\spring-boot-admin-client\1.5.7\spring-boot-admin-client-1.5.7.jar;D:\develop\maven\repo\org\springframework\boot\spring-boot-starter-freemarker\1.5.13.RELEASE\spring-boot-starter-freemarker-1.5.13.RELEASE.jar;D:\develop\maven\repo\org\freemarker\freemarker\2.3.28\freemarker-2.3.28.jar;D:\develop\maven\repo\org\springframework\spring-context-support\4.3.17.RELEASE\spring-context-support-4.3.17.RELEASE.jar;D:\develop\maven\repo\org\springframework\cloud\spring-cloud-starter-feign\1.4.4.RELEASE\spring-cloud-starter-feign-1.4.4.RELEASE.jar;D:\develop\maven\repo\org\springframework\cloud\spring-cloud-starter-openfeign\1.4.4.RELEASE\spring-cloud-starter-openfeign-1.4.4.RELEASE.jar;D:\develop\maven\repo\io\github\openfeign\feign-core\9.5.0\feign-core-9.5.0.jar;D:\develop\maven\repo\org\jvnet\animal-sniffer-annotation\1.0\animal-sniffer-annotation-1.0.jar;D:\develop\maven\repo\io\github\openfeign\feign-slf4j\9.5.0\feign-slf4j-9.5.0.jar;D:\develop\maven\repo\io\github\openfeign\feign-hystrix\9.5.0\feign-hystrix-9.5.0.jar;D:\develop\maven\repo\com\github\penggle\kaptcha\2.3.2\kaptcha-2.3.2.jar;D:\develop\maven\repo\com\jhlabs\filters\2.0.235-1\filters-2.0.235-1.jar;D:\develop\maven\repo\org\springframework\cloud\spring-cloud-starter-oauth2\1.2.2.RELEASE\spring-cloud-starter-oauth2-1.2.2.RELEASE.jar;D:\develop\maven\repo\org\springframework\cloud\spring-cloud-starter-security\1.2.2.RELEASE\spring-cloud-starter-security-1.2.2.RELEASE.jar;D:\develop\maven\repo\org\springframework\cloud\spring-cloud-security\1.2.2.RELEASE\spring-cloud-security-1.2.2.RELEASE.jar;D:\develop\maven\repo\org\springframework\boot\spring-boot-starter-security\1.5.13.RELEASE\spring-boot-starter-security-1.5.13.RELEASE.jar;D:\develop\maven\repo\org\springframework\security\oauth\spring-security-oauth2\2.0.15.RELEASE\spring-security-oauth2-2.0.15.RELEASE.jar;D:\develop\maven\repo\org\springframework\security\spring-security-core\4.2.6.RELEASE\spring-security-core-4.2.6.RELEASE.jar;D:\develop\maven\repo\org\springframework\security\spring-security-config\4.2.6.RELEASE\spring-security-config-4.2.6.RELEASE.jar;D:\develop\maven\repo\org\springframework\social\spring-social-config\1.1.6.RELEASE\spring-social-config-1.1.6.RELEASE.jar;D:\develop\maven\repo\org\springframework\social\spring-social-core\1.1.6.RELEASE\spring-social-core-1.1.6.RELEASE.jar;D:\develop\maven\repo\org\springframework\spring-web\4.3.8.RELEASE\spring-web-4.3.8.RELEASE.jar;D:\develop\maven\repo\org\springframework\social\spring-social-security\1.1.6.RELEASE\spring-social-security-1.1.6.RELEASE.jar;D:\develop\maven\repo\org\springframework\spring-webmvc\4.3.17.RELEASE\spring-webmvc-4.3.17.RELEASE.jar;D:\develop\maven\repo\org\springframework\spring-expression\4.3.17.RELEASE\spring-expression-4.3.17.RELEASE.jar;D:\develop\maven\repo\org\springframework\security\spring-security-web\4.2.6.RELEASE\spring-security-web-4.2.6.RELEASE.jar;D:\develop\maven\repo\aopalliance\aopalliance\1.0\aopalliance-1.0.jar;D:\develop\maven\repo\org\springframework\social\spring-social-web\1.1.6.RELEASE\spring-social-web-1.1.6.RELEASE.jar;D:\develop\maven\repo\javax\inject\javax.inject\1\javax.inject-1.jar;D:\develop\workspace\code-repo\paascloud-master-master\paascloud-common\paascloud-common-base\target\paascloud-common-base-1.0.jar;D:\develop\workspace\code-repo\paascloud-master-master\paascloud-common\paascloud-security-app\target\paascloud-security-app-1.0.jar;D:\develop\workspace\code-repo\paascloud-master-master\paascloud-common\paascloud-security-core\target\paascloud-security-core-1.0.jar;D:\develop\maven\repo\commons-lang\commons-lang\2.6\commons-lang-2.6.jar;D:\develop\maven\repo\commons-collections\commons-collections\3.2.2\commons-collections-3.2.2.jar;D:\develop\maven\repo\org\springframework\cloud\spring-cloud-starter-config\1.4.3.RELEASE\spring-cloud-starter-config-1.4.3.RELEASE.jar;D:\develop\maven\repo\org\springframework\cloud\spring-cloud-starter\1.3.3.RELEASE\spring-cloud-starter-1.3.3.RELEASE.jar;D:\develop\maven\repo\org\springframework\cloud\spring-cloud-context\1.3.3.RELEASE\spring-cloud-context-1.3.3.RELEASE.jar;D:\develop\maven\repo\org\springframework\security\spring-security-rsa\1.0.3.RELEASE\spring-security-rsa-1.0.3.RELEASE.jar;D:\develop\maven\repo\org\springframework\cloud\spring-cloud-config-client\1.4.3.RELEASE\spring-cloud-config-client-1.4.3.RELEASE.jar;D:\develop\maven\repo\org\springframework\cloud\spring-cloud-starter-sleuth\1.3.3.RELEASE\spring-cloud-starter-sleuth-1.3.3.RELEASE.jar;D:\develop\maven\repo\org\springframework\cloud\spring-cloud-sleuth-core\1.3.3.RELEASE\spring-cloud-sleuth-core-1.3.3.RELEASE.jar;D:\develop\maven\repo\org\aspectj\aspectjrt\1.8.13\aspectjrt-1.8.13.jar;D:\develop\maven\repo\org\springframework\cloud\spring-cloud-sleuth-zipkin\1.3.3.RELEASE\spring-cloud-sleuth-zipkin-1.3.3.RELEASE.jar;D:\develop\maven\repo\org\springframework\cloud\spring-cloud-commons\1.3.3.RELEASE\spring-cloud-commons-1.3.3.RELEASE.jar;D:\develop\maven\repo\org\springframework\security\spring-security-crypto\4.2.6.RELEASE\spring-security-crypto-4.2.6.RELEASE.jar;D:\develop\maven\repo\org\apache\httpcomponents\httpclient\4.5.5\httpclient-4.5.5.jar;D:\develop\maven\repo\org\apache\httpcomponents\httpcore\4.4.9\httpcore-4.4.9.jar;D:\develop\maven\repo\io\zipkin\zipkin2\zipkin\2.6.1\zipkin-2.6.1.jar;D:\develop\maven\repo\io\zipkin\reporter2\zipkin-reporter\2.5.0\zipkin-reporter-2.5.0.jar;D:\develop\maven\repo\io\zipkin\reporter2\zipkin-sender-kafka11\2.5.0\zipkin-sender-kafka11-2.5.0.jar;D:\develop\maven\repo\io\zipkin\reporter2\zipkin-sender-amqp-client\2.5.0\zipkin-sender-amqp-client-2.5.0.jar;D:\develop\workspace\code-repo\paascloud-master-master\paascloud-common\paascloud-common-util\target\paascloud-common-util-1.0.jar;D:\develop\maven\repo\ch\qos\logback\logback-classic\1.1.11\logback-classic-1.1.11.jar;D:\develop\maven\repo\org\codehaus\jackson\jackson-smile\1.9.13\jackson-smile-1.9.13.jar;D:\develop\maven\repo\org\codehaus\jackson\jackson-core-asl\1.9.13\jackson-core-asl-1.9.13.jar;D:\develop\maven\repo\org\codehaus\jackson\jackson-mapper-asl\1.9.13\jackson-mapper-asl-1.9.13.jar;D:\develop\maven\repo\com\xiaoleilu\hutool-all\3.0.7\hutool-all-3.0.7.jar;D:\develop\maven\repo\commons-beanutils\commons-beanutils\1.9.3\commons-beanutils-1.9.3.jar;D:\develop\workspace\code-repo\paascloud-master-master\paascloud-common\paascloud-common-core\target\paascloud-common-core-1.0.jar;D:\develop\maven\repo\eu\bitwalker\UserAgentUtils\1.20\UserAgentUtils-1.20.jar;D:\develop\maven\repo\org\springframework\boot\spring-boot-starter-data-redis\1.5.13.RELEASE\spring-boot-starter-data-redis-1.5.13.RELEASE.jar;D:\develop\maven\repo\org\springframework\data\spring-data-redis\1.8.12.RELEASE\spring-data-redis-1.8.12.RELEASE.jar;D:\develop\maven\repo\org\springframework\data\spring-data-keyvalue\1.2.12.RELEASE\spring-data-keyvalue-1.2.12.RELEASE.jar;D:\develop\maven\repo\org\springframework\data\spring-data-commons\1.13.12.RELEASE\spring-data-commons-1.13.12.RELEASE.jar;D:\develop\maven\repo\org\springframework\spring-oxm\4.3.17.RELEASE\spring-oxm-4.3.17.RELEASE.jar;D:\develop\maven\repo\redis\clients\jedis\2.9.0\jedis-2.9.0.jar;D:\develop\maven\repo\org\apache\commons\commons-pool2\2.4.3\commons-pool2-2.4.3.jar;D:\develop\maven\repo\com\fasterxml\jackson\module\jackson-module-parameter-names\2.8.11\jackson-module-parameter-names-2.8.11.jar;D:\develop\maven\repo\com\fasterxml\jackson\datatype\jackson-datatype-jdk8\2.8.11\jackson-datatype-jdk8-2.8.11.jar;D:\develop\maven\repo\com\fasterxml\jackson\datatype\jackson-datatype-jsr310\2.8.11\jackson-datatype-jsr310-2.8.11.jar;D:\develop\workspace\code-repo\paascloud-master-master\paascloud-common\paascloud-common-config\target\paascloud-common-config-1.0.jar;D:\develop\maven\repo\com\arronlong\httpclientutil\httpclientutil\1.0\httpclientutil-1.0.jar;D:\develop\maven\repo\org\apache\httpcomponents\httpmime\4.5.5\httpmime-4.5.5.jar;D:\develop\maven\repo\org\apache\httpcomponents\httpasyncclient\4.1.3\httpasyncclient-4.1.3.jar;D:\develop\maven\repo\org\apache\httpcomponents\httpcore-nio\4.4.6\httpcore-nio-4.4.6.jar;D:\develop\maven\repo\log4j\log4j\1.2.17\log4j-1.2.17.jar;D:\develop\maven\repo\com\netflix\hystrix\hystrix-core\1.5.12\hystrix-core-1.5.12.jar;D:\develop\maven\repo\com\netflix\archaius\archaius-core\0.7.4\archaius-core-0.7.4.jar;D:\develop\maven\repo\com\google\code\findbugs\jsr305\3.0.2\jsr305-3.0.2.jar;D:\develop\maven\repo\io\reactivex\rxjava\1.2.0\rxjava-1.2.0.jar;D:\develop\maven\repo\org\hdrhistogram\HdrHistogram\2.1.9\HdrHistogram-2.1.9.jar;D:\develop\maven\repo\org\springframework\boot\spring-boot-starter-actuator\1.5.13.RELEASE\spring-boot-starter-actuator-1.5.13.RELEASE.jar;D:\develop\maven\repo\org\springframework\boot\spring-boot-actuator\1.5.13.RELEASE\spring-boot-actuator-1.5.13.RELEASE.jar;D:\develop\maven\repo\org\springframework\cloud\spring-cloud-starter-hystrix\1.4.4.RELEASE\spring-cloud-starter-hystrix-1.4.4.RELEASE.jar;D:\develop\maven\repo\org\springframework\cloud\spring-cloud-starter-netflix-hystrix\1.4.4.RELEASE\spring-cloud-starter-netflix-hystrix-1.4.4.RELEASE.jar;D:\develop\maven\repo\com\netflix\hystrix\hystrix-metrics-event-stream\1.5.12\hystrix-metrics-event-stream-1.5.12.jar;D:\develop\maven\repo\com\netflix\hystrix\hystrix-serialization\1.5.12\hystrix-serialization-1.5.12.jar;D:\develop\maven\repo\com\fasterxml\jackson\module\jackson-module-afterburner\2.8.11\jackson-module-afterburner-2.8.11.jar;D:\develop\maven\repo\com\netflix\hystrix\hystrix-javanica\1.5.12\hystrix-javanica-1.5.12.jar;D:\develop\maven\repo\org\ow2\asm\asm\5.0.4\asm-5.0.4.jar;D:\develop\maven\repo\org\springframework\boot\spring-boot-starter-web\1.5.13.RELEASE\spring-boot-starter-web-1.5.13.RELEASE.jar;D:\develop\maven\repo\org\springframework\boot\spring-boot-starter-tomcat\1.5.13.RELEASE\spring-boot-starter-tomcat-1.5.13.RELEASE.jar;D:\develop\maven\repo\org\apache\tomcat\embed\tomcat-embed-core\8.5.31\tomcat-embed-core-8.5.31.jar;D:\develop\maven\repo\org\apache\tomcat\tomcat-annotations-api\8.5.31\tomcat-annotations-api-8.5.31.jar;D:\develop\maven\repo\org\apache\tomcat\embed\tomcat-embed-websocket\8.5.31\tomcat-embed-websocket-8.5.31.jar;D:\develop\maven\repo\org\hibernate\hibernate-validator\5.3.6.Final\hibernate-validator-5.3.6.Final.jar;D:\develop\maven\repo\javax\validation\validation-api\1.1.0.Final\validation-api-1.1.0.Final.jar;D:\develop\maven\repo\org\jboss\logging\jboss-logging\3.3.2.Final\jboss-logging-3.3.2.Final.jar;D:\develop\maven\repo\net\logstash\logback\logstash-logback-encoder\4.6\logstash-logback-encoder-4.6.jar;D:\develop\maven\repo\ch\qos\logback\logback-core\1.1.11\logback-core-1.1.11.jar;D:\develop\maven\repo\com\google\guava\guava\17.0\guava-17.0.jar;D:\develop\maven\repo\org\springframework\boot\spring-boot-starter-validation\1.5.13.RELEASE\spring-boot-starter-validation-1.5.13.RELEASE.jar;D:\develop\maven\repo\org\apache\tomcat\embed\tomcat-embed-el\8.5.31\tomcat-embed-el-8.5.31.jar;D:\develop\maven\repo\io\springfox\springfox-swagger-ui\2.6.1\springfox-swagger-ui-2.6.1.jar;D:\develop\maven\repo\io\springfox\springfox-spring-web\2.6.1\springfox-spring-web-2.6.1.jar;D:\develop\maven\repo\io\springfox\springfox-swagger2\2.6.1\springfox-swagger2-2.6.1.jar;D:\develop\maven\repo\io\swagger\swagger-annotations\1.5.10\swagger-annotations-1.5.10.jar;D:\develop\maven\repo\io\swagger\swagger-models\1.5.10\swagger-models-1.5.10.jar;D:\develop\maven\repo\io\springfox\springfox-spi\2.6.1\springfox-spi-2.6.1.jar;D:\develop\maven\repo\io\springfox\springfox-core\2.6.1\springfox-core-2.6.1.jar;D:\develop\maven\repo\io\springfox\springfox-schema\2.6.1\springfox-schema-2.6.1.jar;D:\develop\maven\repo\io\springfox\springfox-swagger-common\2.6.1\springfox-swagger-common-2.6.1.jar;D:\develop\maven\repo\com\fasterxml\classmate\1.3.4\classmate-1.3.4.jar;D:\develop\maven\repo\org\springframework\plugin\spring-plugin-core\1.2.0.RELEASE\spring-plugin-core-1.2.0.RELEASE.jar;D:\develop\maven\repo\org\springframework\plugin\spring-plugin-metadata\1.2.0.RELEASE\spring-plugin-metadata-1.2.0.RELEASE.jar;D:\develop\maven\repo\org\mapstruct\mapstruct\1.0.0.Final\mapstruct-1.0.0.Final.jar;D:\develop\maven\repo\commons-codec\commons-codec\1.10\commons-codec-1.10.jar;D:\develop\maven\repo\org\springframework\boot\spring-boot-starter-test\1.5.13.RELEASE\spring-boot-starter-test-1.5.13.RELEASE.jar;D:\develop\maven\repo\org\springframework\boot\spring-boot-test\1.5.13.RELEASE\spring-boot-test-1.5.13.RELEASE.jar;D:\develop\maven\repo\org\springframework\boot\spring-boot-test-autoconfigure\1.5.13.RELEASE\spring-boot-test-autoconfigure-1.5.13.RELEASE.jar;D:\develop\maven\repo\com\jayway\jsonpath\json-path\2.2.0\json-path-2.2.0.jar;D:\develop\maven\repo\net\minidev\json-smart\2.2.1\json-smart-2.2.1.jar;D:\develop\maven\repo\net\minidev\accessors-smart\1.1\accessors-smart-1.1.jar;D:\develop\maven\repo\junit\junit\4.12\junit-4.12.jar;D:\develop\maven\repo\org\assertj\assertj-core\2.6.0\assertj-core-2.6.0.jar;D:\develop\maven\repo\org\mockito\mockito-core\1.10.19\mockito-core-1.10.19.jar;D:\develop\maven\repo\org\objenesis\objenesis\2.5.1\objenesis-2.5.1.jar;D:\develop\maven\repo\org\hamcrest\hamcrest-core\1.3\hamcrest-core-1.3.jar;D:\develop\maven\repo\org\hamcrest\hamcrest-library\1.3\hamcrest-library-1.3.jar;D:\develop\maven\repo\org\skyscreamer\jsonassert\1.4.0\jsonassert-1.4.0.jar;D:\develop\maven\repo\com\vaadin\external\google\android-json\0.0.20131108.vaadin1\android-json-0.0.20131108.vaadin1.jar;D:\develop\maven\repo\org\springframework\spring-core\4.3.11.RELEASE\spring-core-4.3.11.RELEASE.jar;D:\develop\maven\repo\org\springframework\spring-test\4.3.17.RELEASE\spring-test-4.3.17.RELEASE.jar;D:\develop\maven\repo\com\alibaba\druid\1.0.29\druid-1.0.29.jar;D:\develop\Java\jdk1.8.0_181\jre\..\lib\jconsole.jar;D:\develop\Java\jdk1.8.0_181\jre\..\lib\tools.jar;D:\develop\maven\repo\org\mybatis\generator\mybatis-generator-core\1.3.5\mybatis-generator-core-1.3.5.jar;D:\develop\maven\repo\org\springframework\boot\spring-boot-configuration-processor\1.5.13.RELEASE\spring-boot-configuration-processor-1.5.13.RELEASE.jar;D:\develop\maven\repo\org\springframework\boot\spring-boot-devtools\1.5.13.RELEASE\spring-boot-devtools-1.5.13.RELEASE.jar;D:\develop\maven\repo\org\springframework\boot\spring-boot\1.5.13.RELEASE\spring-boot-1.5.13.RELEASE.jar;D:\develop\maven\repo\org\springframework\boot\spring-boot-starter-aop\1.5.13.RELEASE\spring-boot-starter-aop-1.5.13.RELEASE.jar;D:\develop\maven\repo\org\springframework\spring-aop\4.3.17.RELEASE\spring-aop-4.3.17.RELEASE.jar;D:\develop\maven\repo\org\modelmapper\modelmapper\1.1.2\modelmapper-1.1.2.jar;D:\develop\maven\repo\org\jolokia\jolokia-core\1.3.7\jolokia-core-1.3.7.jar;D:\develop\maven\repo\com\googlecode\json-simple\json-simple\1.1.1\json-simple-1.1.1.jar;D:\develop\maven\repo\org\springframework\security\spring-security-jwt\1.0.9.RELEASE\spring-security-jwt-1.0.9.RELEASE.jar;D:\develop\maven\repo\org\bouncycastle\bcpkix-jdk15on\1.56\bcpkix-jdk15on-1.56.jar;D:\develop\maven\repo\org\bouncycastle\bcprov-jdk15on\1.56\bcprov-jdk15on-1.56.jar;D:\develop\maven\repo\org\liquibase\liquibase-core\3.5.3\liquibase-core-3.5.3.jar;D:\develop\maven\repo\org\yaml\snakeyaml\1.17\snakeyaml-1.17.jar;D:\develop\maven\repo\org\springframework\cloud\spring-cloud-starter-zipkin\1.3.3.RELEASE\spring-cloud-starter-zipkin-1.3.3.RELEASE.jar;D:\develop\maven\repo\org\springframework\amqp\spring-rabbit\1.7.7.RELEASE\spring-rabbit-1.7.7.RELEASE.jar;D:\develop\maven\repo\org\springframework\retry\spring-retry\1.2.2.RELEASE\spring-retry-1.2.2.RELEASE.jar;D:\develop\maven\repo\com\rabbitmq\http-client\1.1.1.RELEASE\http-client-1.1.1.RELEASE.jar;D:\develop\maven\repo\com\rabbitmq\amqp-client\4.0.3\amqp-client-4.0.3.jar;D:\develop\maven\repo\org\springframework\spring-messaging\4.3.17.RELEASE\spring-messaging-4.3.17.RELEASE.jar;D:\develop\maven\repo\org\springframework\spring-context\4.3.8.RELEASE\spring-context-4.3.8.RELEASE.jar;D:\develop\maven\repo\org\springframework\amqp\spring-amqp\1.7.7.RELEASE\spring-amqp-1.7.7.RELEASE.jar;D:\develop\maven\repo\org\springframework\cloud\spring-cloud-starter-netflix-eureka-client\1.4.4.RELEASE\spring-cloud-starter-netflix-eureka-client-1.4.4.RELEASE.jar;D:\develop\maven\repo\org\springframework\cloud\spring-cloud-netflix-core\1.4.4.RELEASE\spring-cloud-netflix-core-1.4.4.RELEASE.jar;D:\develop\maven\repo\org\springframework\cloud\spring-cloud-netflix-eureka-client\1.4.4.RELEASE\spring-cloud-netflix-eureka-client-1.4.4.RELEASE.jar;D:\develop\maven\repo\com\netflix\eureka\eureka-client\1.7.2\eureka-client-1.7.2.jar;D:\develop\maven\repo\org\codehaus\jettison\jettison\1.2\jettison-1.2.jar;D:\develop\maven\repo\stax\stax-api\1.0.1\stax-api-1.0.1.jar;D:\develop\maven\repo\com\netflix\netflix-commons\netflix-eventbus\0.3.0\netflix-eventbus-0.3.0.jar;D:\develop\maven\repo\com\netflix\netflix-commons\netflix-infix\0.3.0\netflix-infix-0.3.0.jar;D:\develop\maven\repo\commons-jxpath\commons-jxpath\1.3\commons-jxpath-1.3.jar;D:\develop\maven\repo\org\antlr\antlr-runtime\3.4\antlr-runtime-3.4.jar;D:\develop\maven\repo\org\antlr\stringtemplate\3.2.1\stringtemplate-3.2.1.jar;D:\develop\maven\repo\antlr\antlr\2.7.7\antlr-2.7.7.jar;D:\develop\maven\repo\com\google\code\gson\gson\2.8.4\gson-2.8.4.jar;D:\develop\maven\repo\org\apache\commons\commons-math\2.2\commons-math-2.2.jar;D:\develop\maven\repo\javax\ws\rs\jsr311-api\1.1.1\jsr311-api-1.1.1.jar;D:\develop\maven\repo\com\netflix\servo\servo-core\0.10.1\servo-core-0.10.1.jar;D:\develop\maven\repo\com\netflix\servo\servo-internal\0.10.1\servo-internal-0.10.1.jar;D:\develop\maven\repo\com\sun\jersey\jersey-core\1.19.1\jersey-core-1.19.1.jar;D:\develop\maven\repo\com\sun\jersey\jersey-client\1.19.1\jersey-client-1.19.1.jar;D:\develop\maven\repo\com\sun\jersey\contribs\jersey-apache-client4\1.19.1\jersey-apache-client4-1.19.1.jar;D:\develop\maven\repo\com\google\inject\guice\3.0\guice-3.0.jar;D:\develop\maven\repo\com\netflix\eureka\eureka-core\1.7.2\eureka-core-1.7.2.jar;D:\develop\maven\repo\org\codehaus\woodstox\woodstox-core-asl\4.4.1\woodstox-core-asl-4.4.1.jar;D:\develop\maven\repo\javax\xml\stream\stax-api\1.0-2\stax-api-1.0-2.jar;D:\develop\maven\repo\org\codehaus\woodstox\stax2-api\3.1.4\stax2-api-3.1.4.jar;D:\develop\maven\repo\org\springframework\cloud\spring-cloud-starter-netflix-archaius\1.4.4.RELEASE\spring-cloud-starter-netflix-archaius-1.4.4.RELEASE.jar;D:\develop\maven\repo\commons-configuration\commons-configuration\1.8\commons-configuration-1.8.jar;D:\develop\maven\repo\org\springframework\cloud\spring-cloud-starter-netflix-ribbon\1.4.4.RELEASE\spring-cloud-starter-netflix-ribbon-1.4.4.RELEASE.jar;D:\develop\maven\repo\com\netflix\ribbon\ribbon\2.2.5\ribbon-2.2.5.jar;D:\develop\maven\repo\com\netflix\ribbon\ribbon-transport\2.2.5\ribbon-transport-2.2.5.jar;D:\develop\maven\repo\io\reactivex\rxnetty-contexts\0.4.9\rxnetty-contexts-0.4.9.jar;D:\develop\maven\repo\io\reactivex\rxnetty-servo\0.4.9\rxnetty-servo-0.4.9.jar;D:\develop\maven\repo\io\reactivex\rxnetty\0.4.9\rxnetty-0.4.9.jar;D:\develop\maven\repo\io\netty\netty-codec-http\4.0.27.Final\netty-codec-http-4.0.27.Final.jar;D:\develop\maven\repo\io\netty\netty-codec\4.0.27.Final\netty-codec-4.0.27.Final.jar;D:\develop\maven\repo\io\netty\netty-handler\4.0.27.Final\netty-handler-4.0.27.Final.jar;D:\develop\maven\repo\io\netty\netty-transport-native-epoll\4.0.27.Final\netty-transport-native-epoll-4.0.27.Final.jar;D:\develop\maven\repo\io\netty\netty-common\4.0.27.Final\netty-common-4.0.27.Final.jar;D:\develop\maven\repo\io\netty\netty-buffer\4.0.27.Final\netty-buffer-4.0.27.Final.jar;D:\develop\maven\repo\io\netty\netty-transport\4.0.27.Final\netty-transport-4.0.27.Final.jar;D:\develop\maven\repo\com\netflix\ribbon\ribbon-core\2.2.5\ribbon-core-2.2.5.jar;D:\develop\maven\repo\com\netflix\ribbon\ribbon-httpclient\2.2.5\ribbon-httpclient-2.2.5.jar;D:\develop\maven\repo\com\netflix\netflix-commons\netflix-commons-util\0.1.1\netflix-commons-util-0.1.1.jar;D:\develop\maven\repo\com\netflix\ribbon\ribbon-loadbalancer\2.2.5\ribbon-loadbalancer-2.2.5.jar;D:\develop\maven\repo\com\netflix\netflix-commons\netflix-statistics\0.1.1\netflix-statistics-0.1.1.jar;D:\develop\maven\repo\com\netflix\ribbon\ribbon-eureka\2.2.5\ribbon-eureka-2.2.5.jar;D:\develop\maven\repo\com\thoughtworks\xstream\xstream\1.4.10\xstream-1.4.10.jar;D:\develop\maven\repo\xmlpull\xmlpull\1.1.3.1\xmlpull-1.1.3.1.jar;D:\develop\maven\repo\xpp3\xpp3_min\1.1.4c\xpp3_min-1.1.4c.jar;, user.name=lenovo, idea.version2019.2.1=true, java.vm.specification.version=1.8, sun.java.command=D:\develop\workspace\code-repo\paascloud-master-master\paascloud-provider\paascloud-provider-uac\target\surefire\surefirebooter6302798505136300258.jar D:\develop\workspace\code-repo\paascloud-master-master\paascloud-provider\paascloud-provider-uac\target\surefire\surefire3255170475323550853tmp D:\develop\workspace\code-repo\paascloud-master-master\paascloud-provider\paascloud-provider-uac\target\surefire\surefire_12134819718800819556tmp, java.home=D:\develop\Java\jdk1.8.0_181\jre, sun.arch.data.model=64, user.language=zh, java.specification.vendor=Oracle Corporation, awt.toolkit=sun.awt.windows.WToolkit, java.vm.info=mixed mode, java.version=1.8.0_181, java.ext.dirs=D:\develop\Java\jdk1.8.0_181\jre\lib\ext;C:\WINDOWS\Sun\Java\lib\ext, sun.boot.class.path=D:\develop\Java\jdk1.8.0_181\jre\lib\resources.jar;D:\develop\Java\jdk1.8.0_181\jre\lib\rt.jar;D:\develop\Java\jdk1.8.0_181\jre\lib\sunrsasign.jar;D:\develop\Java\jdk1.8.0_181\jre\lib\jsse.jar;D:\develop\Java\jdk1.8.0_181\jre\lib\jce.jar;D:\develop\Java\jdk1.8.0_181\jre\lib\charsets.jar;D:\develop\Java\jdk1.8.0_181\jre\lib\jfr.jar;D:\develop\Java\jdk1.8.0_181\jre\classes, java.vendor=Oracle Corporation, localRepository=D:\develop\maven\repo, file.separator=\, java.vendor.url.bug=http://bugreport.sun.com/bugreport/, sun.io.unicode.encoding=UnicodeLittle, sun.cpu.endian=little, sun.desktop=windows, sun.cpu.isalist=amd64}}, SystemEnvironmentPropertySource@37380050 {name='systemEnvironment', properties={PATH=C:\Program Files (x86)\Common Files\Oracle\Java\javapath;C:\WINDOWS\system32;C:\WINDOWS;C:\WINDOWS\System32\Wbem;C:\WINDOWS\System32\WindowsPowerShell\v1.0\;C:\WINDOWS\System32\OpenSSH\;D:\develop\Java\jdk1.8.0_181\bin;D:\develop\Java\jdk1.8.0_181\jre\bin;D:\develop\maven\apache-maven-3.6.1\bin;D:\develop\Git\bin;D:\software\TortoiseGit\bin;D:\develop\scala\bin;D:\develop\scala\bin;D:\develop\scala\jre\bin;D:\software\nodejs\;C:\Users\lenovo\AppData\Local\Microsoft\WindowsApps;C:\Users\lenovo\AppData\Roaming\npm;C:\Program Files\Bandizip\, USERDOMAIN_ROAMINGPROFILE=XIESEN, LOCALAPPDATA=C:\Users\lenovo\AppData\Local, PROCESSOR_LEVEL=6, SYSTEMDRIVE=C:, COMMONPROGRAMFILES(X86)=C:\Program Files (x86)\Common Files, USERDOMAIN=XIESEN, FPS_BROWSER_APP_PROFILE_STRING=Internet Explorer, LOGONSERVER=\\XIESEN, JAVA_HOME=D:\develop\Java\jdk1.8.0_181, PROMPT=$P$G, SESSIONNAME=Console, ALLUSERSPROFILE=C:\ProgramData, PROGRAMFILES(X86)=C:\Program Files (x86), PROCESSOR_ARCHITECTURE=AMD64, DRIVERDATA=C:\Windows\System32\Drivers\DriverData, MAVEN_HOME=D:\develop\maven\apache-maven-3.6.1, PROGRAMFILES=C:\Program Files, APPDATA=C:\Users\lenovo\AppData\Roaming, PSMODULEPATH=C:\Program Files\WindowsPowerShell\Modules;C:\WINDOWS\system32\WindowsPowerShell\v1.0\Modules, PROGRAMW6432=C:\Program Files, PROGRAMDATA=C:\ProgramData, SYSTEMROOT=C:\WINDOWS, USERNAME=lenovo, SCALA_HOME=D:\develop\scala, FPS_BROWSER_USER_PROFILE_STRING=Default, PATHEXT=.COM;.EXE;.BAT;.CMD;.VBS;.VBE;.JS;.JSE;.WSF;.WSH;.MSC, OS=Windows_NT, COMMONPROGRAMW6432=C:\Program Files\Common Files, COMPUTERNAME=XIESEN, COMMONPROGRAMFILES=C:\Program Files\Common Files, COMSPEC=C:\WINDOWS\system32\cmd.exe, PROCESSOR_REVISION=3c03, CLASSPATH=.;D:\develop\scala\bin;D:\develop\scala\lib\dt.jar;D:\develop\scala\lib\tools.jar.;, WINDIR=C:\WINDOWS, =D:=D:\develop\workspace\code-repo\paascloud-master-master\paascloud-provider\paascloud-provider-uac, HOMEPATH=\Users\lenovo, TEMP=C:\Users\lenovo\AppData\Local\Temp, HOMEDRIVE=C:, PROCESSOR_IDENTIFIER=Intel64 Family 6 Model 60 Stepping 3, GenuineIntel, USERPROFILE=C:\Users\lenovo, TMP=C:\Users\lenovo\AppData\Local\Temp, #ENVTSLOGSSS5752=70393216, PUBLIC=C:\Users\Public, NUMBER_OF_PROCESSORS=4, =::=::\, IDEA_INITIAL_DIRECTORY=C:\Users\lenovo\Desktop}}]
14:32:04.020 [main] DEBUG org.springframework.core.io.support.PathMatchingResourcePatternResolver - Resolved classpath location [com/paascloud/provider/] to resources [URL [file:/D:/develop/workspace/code-repo/paascloud-master-master/paascloud-provider/paascloud-provider-uac/target/test-classes/com/paascloud/provider/], URL [file:/D:/develop/workspace/code-repo/paascloud-master-master/paascloud-provider/paascloud-provider-uac/target/classes/com/paascloud/provider/], URL [jar:file:/D:/develop/workspace/code-repo/paascloud-master-master/paascloud-provider-api/paascloud-provider-uac-api/target/paascloud-provider-uac-api-1.0.jar!/com/paascloud/provider/], URL [jar:file:/D:/develop/workspace/code-repo/paascloud-master-master/paascloud-provider-api/paascloud-provider-mdc-api/target/paascloud-provider-mdc-api-1.0.jar!/com/paascloud/provider/], URL [jar:file:/D:/develop/workspace/code-repo/paascloud-master-master/paascloud-provider-api/paascloud-provider-omc-api/target/paascloud-provider-omc-api-1.0.jar!/com/paascloud/provider/], URL [jar:file:/D:/develop/workspace/code-repo/paascloud-master-master/paascloud-provider-api/paascloud-provider-opc-api/target/paascloud-provider-opc-api-1.0.jar!/com/paascloud/provider/], URL [jar:file:/D:/develop/workspace/code-repo/paascloud-master-master/paascloud-provider-api/paascloud-provider-sdk-api/target/paascloud-provider-sdk-api-1.0.jar!/com/paascloud/provider/], URL [jar:file:/D:/develop/workspace/code-repo/paascloud-master-master/paascloud-provider-api/paascloud-provider-tpc-api/target/paascloud-provider-tpc-api-1.0.jar!/com/paascloud/provider/]]
14:32:04.021 [main] DEBUG org.springframework.core.io.support.PathMatchingResourcePatternResolver - Looking for matching resources in directory tree [D:\develop\workspace\code-repo\paascloud-master-master\paascloud-provider\paascloud-provider-uac\target\test-classes\com\paascloud\provider]
14:32:04.022 [main] DEBUG org.springframework.core.io.support.PathMatchingResourcePatternResolver - Searching directory [D:\develop\workspace\code-repo\paascloud-master-master\paascloud-provider\paascloud-provider-uac\target\test-classes\com\paascloud\provider] for files matching pattern [D:/develop/workspace/code-repo/paascloud-master-master/paascloud-provider/paascloud-provider-uac/target/test-classes/com/paascloud/provider/*.class]
14:32:04.031 [main] DEBUG org.springframework.core.io.support.PathMatchingResourcePatternResolver - Looking for matching resources in directory tree [D:\develop\workspace\code-repo\paascloud-master-master\paascloud-provider\paascloud-provider-uac\target\classes\com\paascloud\provider]
14:32:04.031 [main] DEBUG org.springframework.core.io.support.PathMatchingResourcePatternResolver - Searching directory [D:\develop\workspace\code-repo\paascloud-master-master\paascloud-provider\paascloud-provider-uac\target\classes\com\paascloud\provider] for files matching pattern [D:/develop/workspace/code-repo/paascloud-master-master/paascloud-provider/paascloud-provider-uac/target/classes/com/paascloud/provider/*.class]
14:32:04.037 [main] DEBUG org.springframework.core.io.support.PathMatchingResourcePatternResolver - Looking for matching resources in jar file [file:/D:/develop/workspace/code-repo/paascloud-master-master/paascloud-provider-api/paascloud-provider-uac-api/target/paascloud-provider-uac-api-1.0.jar]
14:32:04.041 [main] DEBUG org.springframework.core.io.support.PathMatchingResourcePatternResolver - Looking for matching resources in jar file [file:/D:/develop/workspace/code-repo/paascloud-master-master/paascloud-provider-api/paascloud-provider-mdc-api/target/paascloud-provider-mdc-api-1.0.jar]
14:32:04.042 [main] DEBUG org.springframework.core.io.support.PathMatchingResourcePatternResolver - Looking for matching resources in jar file [file:/D:/develop/workspace/code-repo/paascloud-master-master/paascloud-provider-api/paascloud-provider-omc-api/target/paascloud-provider-omc-api-1.0.jar]
14:32:04.044 [main] DEBUG org.springframework.core.io.support.PathMatchingResourcePatternResolver - Looking for matching resources in jar file [file:/D:/develop/workspace/code-repo/paascloud-master-master/paascloud-provider-api/paascloud-provider-opc-api/target/paascloud-provider-opc-api-1.0.jar]
14:32:04.045 [main] DEBUG org.springframework.core.io.support.PathMatchingResourcePatternResolver - Looking for matching resources in jar file [file:/D:/develop/workspace/code-repo/paascloud-master-master/paascloud-provider-api/paascloud-provider-sdk-api/target/paascloud-provider-sdk-api-1.0.jar]
14:32:04.046 [main] DEBUG org.springframework.core.io.support.PathMatchingResourcePatternResolver - Looking for matching resources in jar file [file:/D:/develop/workspace/code-repo/paascloud-master-master/paascloud-provider-api/paascloud-provider-tpc-api/target/paascloud-provider-tpc-api-1.0.jar]
14:32:04.047 [main] DEBUG org.springframework.core.io.support.PathMatchingResourcePatternResolver - Resolved location pattern [classpath*:com/paascloud/provider/*.class] to resources [file [D:\develop\workspace\code-repo\paascloud-master-master\paascloud-provider\paascloud-provider-uac\target\test-classes\com\paascloud\provider\MD5Test.class], file [D:\develop\workspace\code-repo\paascloud-master-master\paascloud-provider\paascloud-provider-uac\target\test-classes\com\paascloud\provider\MybatisGenerator.class], file [D:\develop\workspace\code-repo\paascloud-master-master\paascloud-provider\paascloud-provider-uac\target\test-classes\com\paascloud\provider\PaasCloudUacApplicationTests.class], file [D:\develop\workspace\code-repo\paascloud-master-master\paascloud-provider\paascloud-provider-uac\target\test-classes\com\paascloud\provider\UacMenuServiceTest.class], file [D:\develop\workspace\code-repo\paascloud-master-master\paascloud-provider\paascloud-provider-uac\target\test-classes\com\paascloud\provider\UacRoleServiceTest.class], file [D:\develop\workspace\code-repo\paascloud-master-master\paascloud-provider\paascloud-provider-uac\target\test-classes\com\paascloud\provider\UacUserServiceTest.class]]
14:32:04.083 [main] DEBUG org.springframework.core.io.support.PathMatchingResourcePatternResolver - Resolved classpath location [com/paascloud/] to resources [URL [file:/D:/develop/workspace/code-repo/paascloud-master-master/paascloud-provider/paascloud-provider-uac/target/test-classes/com/paascloud/], URL [file:/D:/develop/workspace/code-repo/paascloud-master-master/paascloud-provider/paascloud-provider-uac/target/classes/com/paascloud/], URL [jar:file:/D:/develop/workspace/code-repo/paascloud-master-master/paascloud-provider-api/paascloud-provider-uac-api/target/paascloud-provider-uac-api-1.0.jar!/com/paascloud/], URL [jar:file:/D:/develop/workspace/code-repo/paascloud-master-master/paascloud-common/paascloud-security-feign/target/paascloud-security-feign-1.0.jar!/com/paascloud/], URL [jar:file:/D:/develop/workspace/code-repo/paascloud-master-master/paascloud-provider-api/paascloud-provider-mdc-api/target/paascloud-provider-mdc-api-1.0.jar!/com/paascloud/], URL [jar:file:/D:/develop/workspace/code-repo/paascloud-master-master/paascloud-provider-api/paascloud-provider-omc-api/target/paascloud-provider-omc-api-1.0.jar!/com/paascloud/], URL [jar:file:/D:/develop/workspace/code-repo/paascloud-master-master/paascloud-provider-api/paascloud-provider-opc-api/target/paascloud-provider-opc-api-1.0.jar!/com/paascloud/], URL [jar:file:/D:/develop/workspace/code-repo/paascloud-master-master/paascloud-provider-api/paascloud-provider-sdk-api/target/paascloud-provider-sdk-api-1.0.jar!/com/paascloud/], URL [jar:file:/D:/develop/workspace/code-repo/paascloud-master-master/paascloud-provider-api/paascloud-provider-tpc-api/target/paascloud-provider-tpc-api-1.0.jar!/com/paascloud/], URL [jar:file:/D:/develop/workspace/code-repo/paascloud-master-master/paascloud-common/paascloud-common-zk/target/paascloud-common-zk-1.0.jar!/com/paascloud/], URL [jar:file:/D:/develop/workspace/code-repo/paascloud-master-master/paascloud-common/paascloud-common-base/target/paascloud-common-base-1.0.jar!/com/paascloud/], URL [jar:file:/D:/develop/workspace/code-repo/paascloud-master-master/paascloud-common/paascloud-security-app/target/paascloud-security-app-1.0.jar!/com/paascloud/], URL [jar:file:/D:/develop/workspace/code-repo/paascloud-master-master/paascloud-common/paascloud-security-core/target/paascloud-security-core-1.0.jar!/com/paascloud/], URL [jar:file:/D:/develop/workspace/code-repo/paascloud-master-master/paascloud-common/paascloud-common-util/target/paascloud-common-util-1.0.jar!/com/paascloud/], URL [jar:file:/D:/develop/workspace/code-repo/paascloud-master-master/paascloud-common/paascloud-common-core/target/paascloud-common-core-1.0.jar!/com/paascloud/], URL [jar:file:/D:/develop/workspace/code-repo/paascloud-master-master/paascloud-common/paascloud-common-config/target/paascloud-common-config-1.0.jar!/com/paascloud/]]
14:32:04.085 [main] DEBUG org.springframework.core.io.support.PathMatchingResourcePatternResolver - Looking for matching resources in directory tree [D:\develop\workspace\code-repo\paascloud-master-master\paascloud-provider\paascloud-provider-uac\target\test-classes\com\paascloud]
14:32:04.085 [main] DEBUG org.springframework.core.io.support.PathMatchingResourcePatternResolver - Searching directory [D:\develop\workspace\code-repo\paascloud-master-master\paascloud-provider\paascloud-provider-uac\target\test-classes\com\paascloud] for files matching pattern [D:/develop/workspace/code-repo/paascloud-master-master/paascloud-provider/paascloud-provider-uac/target/test-classes/com/paascloud/*.class]
14:32:04.087 [main] DEBUG org.springframework.core.io.support.PathMatchingResourcePatternResolver - Looking for matching resources in directory tree [D:\develop\workspace\code-repo\paascloud-master-master\paascloud-provider\paascloud-provider-uac\target\classes\com\paascloud]
14:32:04.087 [main] DEBUG org.springframework.core.io.support.PathMatchingResourcePatternResolver - Searching directory [D:\develop\workspace\code-repo\paascloud-master-master\paascloud-provider\paascloud-provider-uac\target\classes\com\paascloud] for files matching pattern [D:/develop/workspace/code-repo/paascloud-master-master/paascloud-provider/paascloud-provider-uac/target/classes/com/paascloud/*.class]
14:32:04.093 [main] DEBUG org.springframework.core.io.support.PathMatchingResourcePatternResolver - Looking for matching resources in jar file [file:/D:/develop/workspace/code-repo/paascloud-master-master/paascloud-provider-api/paascloud-provider-uac-api/target/paascloud-provider-uac-api-1.0.jar]
14:32:04.102 [main] DEBUG org.springframework.core.io.support.PathMatchingResourcePatternResolver - Looking for matching resources in jar file [file:/D:/develop/workspace/code-repo/paascloud-master-master/paascloud-common/paascloud-security-feign/target/paascloud-security-feign-1.0.jar]
14:32:04.104 [main] DEBUG org.springframework.core.io.support.PathMatchingResourcePatternResolver - Looking for matching resources in jar file [file:/D:/develop/workspace/code-repo/paascloud-master-master/paascloud-provider-api/paascloud-provider-mdc-api/target/paascloud-provider-mdc-api-1.0.jar]
14:32:04.111 [main] DEBUG org.springframework.core.io.support.PathMatchingResourcePatternResolver - Looking for matching resources in jar file [file:/D:/develop/workspace/code-repo/paascloud-master-master/paascloud-provider-api/paascloud-provider-omc-api/target/paascloud-provider-omc-api-1.0.jar]
14:32:04.115 [main] DEBUG org.springframework.core.io.support.PathMatchingResourcePatternResolver - Looking for matching resources in jar file [file:/D:/develop/workspace/code-repo/paascloud-master-master/paascloud-provider-api/paascloud-provider-opc-api/target/paascloud-provider-opc-api-1.0.jar]
14:32:04.116 [main] DEBUG org.springframework.core.io.support.PathMatchingResourcePatternResolver - Looking for matching resources in jar file [file:/D:/develop/workspace/code-repo/paascloud-master-master/paascloud-provider-api/paascloud-provider-sdk-api/target/paascloud-provider-sdk-api-1.0.jar]
14:32:04.116 [main] DEBUG org.springframework.core.io.support.PathMatchingResourcePatternResolver - Looking for matching resources in jar file [file:/D:/develop/workspace/code-repo/paascloud-master-master/paascloud-provider-api/paascloud-provider-tpc-api/target/paascloud-provider-tpc-api-1.0.jar]
14:32:04.117 [main] DEBUG org.springframework.core.io.support.PathMatchingResourcePatternResolver - Looking for matching resources in jar file [file:/D:/develop/workspace/code-repo/paascloud-master-master/paascloud-common/paascloud-common-zk/target/paascloud-common-zk-1.0.jar]
14:32:04.118 [main] DEBUG org.springframework.core.io.support.PathMatchingResourcePatternResolver - Looking for matching resources in jar file [file:/D:/develop/workspace/code-repo/paascloud-master-master/paascloud-common/paascloud-common-base/target/paascloud-common-base-1.0.jar]
14:32:04.119 [main] DEBUG org.springframework.core.io.support.PathMatchingResourcePatternResolver - Looking for matching resources in jar file [file:/D:/develop/workspace/code-repo/paascloud-master-master/paascloud-common/paascloud-security-app/target/paascloud-security-app-1.0.jar]
14:32:04.119 [main] DEBUG org.springframework.core.io.support.PathMatchingResourcePatternResolver - Looking for matching resources in jar file [file:/D:/develop/workspace/code-repo/paascloud-master-master/paascloud-common/paascloud-security-core/target/paascloud-security-core-1.0.jar]
14:32:04.120 [main] DEBUG org.springframework.core.io.support.PathMatchingResourcePatternResolver - Looking for matching resources in jar file [file:/D:/develop/workspace/code-repo/paascloud-master-master/paascloud-common/paascloud-common-util/target/paascloud-common-util-1.0.jar]
14:32:04.123 [main] DEBUG org.springframework.core.io.support.PathMatchingResourcePatternResolver - Looking for matching resources in jar file [file:/D:/develop/workspace/code-repo/paascloud-master-master/paascloud-common/paascloud-common-core/target/paascloud-common-core-1.0.jar]
14:32:04.128 [main] DEBUG org.springframework.core.io.support.PathMatchingResourcePatternResolver - Looking for matching resources in jar file [file:/D:/develop/workspace/code-repo/paascloud-master-master/paascloud-common/paascloud-common-config/target/paascloud-common-config-1.0.jar]
14:32:04.129 [main] DEBUG org.springframework.core.io.support.PathMatchingResourcePatternResolver - Resolved location pattern [classpath*:com/paascloud/*.class] to resources [file [D:\develop\workspace\code-repo\paascloud-master-master\paascloud-provider\paascloud-provider-uac\target\classes\com\paascloud\PaasCloudUacApplication.class], URL [jar:file:/D:/develop/workspace/code-repo/paascloud-master-master/paascloud-common/paascloud-common-util/target/paascloud-common-util-1.0.jar!/com/paascloud/BigDecimalUtil.class], URL [jar:file:/D:/develop/workspace/code-repo/paascloud-master-master/paascloud-common/paascloud-common-util/target/paascloud-common-util-1.0.jar!/com/paascloud/Collections3.class], URL [jar:file:/D:/develop/workspace/code-repo/paascloud-master-master/paascloud-common/paascloud-common-util/target/paascloud-common-util-1.0.jar!/com/paascloud/DateUtil.class], URL [jar:file:/D:/develop/workspace/code-repo/paascloud-master-master/paascloud-common/paascloud-common-util/target/paascloud-common-util-1.0.jar!/com/paascloud/HttpAesUtil.class], URL [jar:file:/D:/develop/workspace/code-repo/paascloud-master-master/paascloud-common/paascloud-common-util/target/paascloud-common-util-1.0.jar!/com/paascloud/JacksonUtil.class], URL [jar:file:/D:/develop/workspace/code-repo/paascloud-master-master/paascloud-common/paascloud-common-util/target/paascloud-common-util-1.0.jar!/com/paascloud/PublicUtil.class], URL [jar:file:/D:/develop/workspace/code-repo/paascloud-master-master/paascloud-common/paascloud-common-util/target/paascloud-common-util-1.0.jar!/com/paascloud/PubUtils.class], URL [jar:file:/D:/develop/workspace/code-repo/paascloud-master-master/paascloud-common/paascloud-common-util/target/paascloud-common-util-1.0.jar!/com/paascloud/RandomUtil.class], URL [jar:file:/D:/develop/workspace/code-repo/paascloud-master-master/paascloud-common/paascloud-common-util/target/paascloud-common-util-1.0.jar!/com/paascloud/RecursionTreeUtil.class], URL [jar:file:/D:/develop/workspace/code-repo/paascloud-master-master/paascloud-common/paascloud-common-util/target/paascloud-common-util-1.0.jar!/com/paascloud/RedisKeyUtil.class], URL [jar:file:/D:/develop/workspace/code-repo/paascloud-master-master/paascloud-common/paascloud-common-util/target/paascloud-common-util-1.0.jar!/com/paascloud/ThreadLocalMap$1.class], URL [jar:file:/D:/develop/workspace/code-repo/paascloud-master-master/paascloud-common/paascloud-common-util/target/paascloud-common-util-1.0.jar!/com/paascloud/ThreadLocalMap$MapThreadLocal$1.class], URL [jar:file:/D:/develop/workspace/code-repo/paascloud-master-master/paascloud-common/paascloud-common-util/target/paascloud-common-util-1.0.jar!/com/paascloud/ThreadLocalMap$MapThreadLocal.class], URL [jar:file:/D:/develop/workspace/code-repo/paascloud-master-master/paascloud-common/paascloud-common-util/target/paascloud-common-util-1.0.jar!/com/paascloud/ThreadLocalMap.class], URL [jar:file:/D:/develop/workspace/code-repo/paascloud-master-master/paascloud-common/paascloud-common-util/target/paascloud-common-util-1.0.jar!/com/paascloud/TreeNode.class], URL [jar:file:/D:/develop/workspace/code-repo/paascloud-master-master/paascloud-common/paascloud-common-util/target/paascloud-common-util-1.0.jar!/com/paascloud/UrlUtil.class], URL [jar:file:/D:/develop/workspace/code-repo/paascloud-master-master/paascloud-common/paascloud-common-util/target/paascloud-common-util-1.0.jar!/com/paascloud/ValidateUtil.class]]
14:32:04.251 [main] DEBUG org.springframework.context.annotation.ClassPathScanningCandidateComponentProvider - Identified candidate component class: file [D:\develop\workspace\code-repo\paascloud-master-master\paascloud-provider\paascloud-provider-uac\target\classes\com\paascloud\PaasCloudUacApplication.class]
14:32:04.277 [main] INFO org.springframework.boot.test.context.SpringBootTestContextBootstrapper - Found @SpringBootConfiguration com.paascloud.PaasCloudUacApplication for test class com.paascloud.provider.PaasCloudUacApplicationTests
14:32:04.284 [main] DEBUG org.springframework.boot.test.context.SpringBootTestContextBootstrapper - @TestExecutionListeners is not present for class [com.paascloud.provider.PaasCloudUacApplicationTests]: using defaults.
14:32:04.308 [main] INFO org.springframework.boot.test.context.SpringBootTestContextBootstrapper - Loaded default TestExecutionListener class names from location [META-INF/spring.factories]: [org.springframework.boot.test.mock.mockito.MockitoTestExecutionListener, org.springframework.boot.test.mock.mockito.ResetMocksTestExecutionListener, org.springframework.boot.test.autoconfigure.restdocs.RestDocsTestExecutionListener, org.springframework.boot.test.autoconfigure.web.client.MockRestServiceServerResetTestExecutionListener, org.springframework.boot.test.autoconfigure.web.servlet.MockMvcPrintOnlyOnFailureTestExecutionListener, org.springframework.boot.test.autoconfigure.web.servlet.WebDriverTestExecutionListener, org.springframework.test.context.web.ServletTestExecutionListener, org.springframework.test.context.support.DirtiesContextBeforeModesTestExecutionListener, org.springframework.test.context.support.DependencyInjectionTestExecutionListener, org.springframework.test.context.support.DirtiesContextTestExecutionListener, org.springframework.test.context.transaction.TransactionalTestExecutionListener, org.springframework.test.context.jdbc.SqlScriptsTestExecutionListener]
14:32:04.353 [main] INFO org.springframework.boot.test.context.SpringBootTestContextBootstrapper - Using TestExecutionListeners: [org.springframework.test.context.web.ServletTestExecutionListener@37afeb11, org.springframework.test.context.support.DirtiesContextBeforeModesTestExecutionListener@515aebb0, org.springframework.boot.test.mock.mockito.MockitoTestExecutionListener@dd8ba08, org.springframework.boot.test.autoconfigure.SpringBootDependencyInjectionTestExecutionListener@245b4bdc, org.springframework.test.context.support.DirtiesContextTestExecutionListener@6c64cb25, org.springframework.test.context.transaction.TransactionalTestExecutionListener@6ae5aa72, org.springframework.test.context.jdbc.SqlScriptsTestExecutionListener@222545dc, org.springframework.boot.test.mock.mockito.ResetMocksTestExecutionListener@5c5eefef, org.springframework.boot.test.autoconfigure.restdocs.RestDocsTestExecutionListener@16293aa2, org.springframework.boot.test.autoconfigure.web.client.MockRestServiceServerResetTestExecutionListener@5158b42f, org.springframework.boot.test.autoconfigure.web.servlet.MockMvcPrintOnlyOnFailureTestExecutionListener@595b007d, org.springframework.boot.test.autoconfigure.web.servlet.WebDriverTestExecutionListener@72d1ad2e]
14:32:04.358 [main] DEBUG org.springframework.test.context.junit4.SpringJUnit4ClassRunner - SpringJUnit4ClassRunner constructor called with [class com.paascloud.provider.UacMenuServiceTest]
14:32:04.358 [main] DEBUG org.springframework.test.context.BootstrapUtils - Instantiating CacheAwareContextLoaderDelegate from class [org.springframework.test.context.cache.DefaultCacheAwareContextLoaderDelegate]
14:32:04.358 [main] DEBUG org.springframework.test.context.BootstrapUtils - Instantiating BootstrapContext using constructor [public org.springframework.test.context.support.DefaultBootstrapContext(java.lang.Class,org.springframework.test.context.CacheAwareContextLoaderDelegate)]
14:32:04.359 [main] DEBUG org.springframework.test.context.BootstrapUtils - Instantiating TestContextBootstrapper for test class [com.paascloud.provider.UacMenuServiceTest] from class [org.springframework.boot.test.context.SpringBootTestContextBootstrapper]
14:32:04.361 [main] INFO org.springframework.boot.test.context.SpringBootTestContextBootstrapper - Neither @ContextConfiguration nor @ContextHierarchy found for test class [com.paascloud.provider.UacMenuServiceTest], using SpringBootContextLoader
14:32:04.362 [main] DEBUG org.springframework.test.context.support.AbstractContextLoader - Did not detect default resource location for test class [com.paascloud.provider.UacMenuServiceTest]: class path resource [com/paascloud/provider/UacMenuServiceTest-context.xml] does not exist
14:32:04.362 [main] DEBUG org.springframework.test.context.support.AbstractContextLoader - Did not detect default resource location for test class [com.paascloud.provider.UacMenuServiceTest]: class path resource [com/paascloud/provider/UacMenuServiceTestContext.groovy] does not exist
14:32:04.362 [main] INFO org.springframework.test.context.support.AbstractContextLoader - Could not detect default resource locations for test class [com.paascloud.provider.UacMenuServiceTest]: no resource found for suffixes {-context.xml, Context.groovy}.
14:32:04.363 [main] INFO org.springframework.test.context.support.AnnotationConfigContextLoaderUtils - Could not detect default configuration classes for test class [com.paascloud.provider.UacMenuServiceTest]: UacMenuServiceTest does not declare any static, non-private, non-final, nested classes annotated with @Configuration.
14:32:04.381 [main] DEBUG org.springframework.test.context.support.ActiveProfilesUtils - Could not find an 'annotation declaring class' for annotation type [org.springframework.test.context.ActiveProfiles] and class [com.paascloud.provider.UacMenuServiceTest]
14:32:04.381 [main] DEBUG org.springframework.core.env.StandardEnvironment - Adding PropertySource 'systemProperties' with lowest search precedence
14:32:04.381 [main] DEBUG org.springframework.core.env.StandardEnvironment - Adding PropertySource 'systemEnvironment' with lowest search precedence
14:32:04.382 [main] DEBUG org.springframework.core.env.StandardEnvironment - Initialized StandardEnvironment with PropertySources [MapPropertySource@1297978429 {name='systemProperties', properties={java.runtime.name=Java(TM) SE Runtime Environment, sun.boot.library.path=D:\develop\Java\jdk1.8.0_181\jre\bin, java.vm.version=25.181-b13, java.vm.vendor=Oracle Corporation, java.vendor.url=http://java.oracle.com/, path.separator=;, java.vm.name=Java HotSpot(TM) 64-Bit Server VM, file.encoding.pkg=sun.io, user.country=CN, user.script=, sun.java.launcher=SUN_STANDARD, sun.os.patch.level=, java.vm.specification.name=Java Virtual Machine Specification, user.dir=D:\develop\workspace\code-repo\paascloud-master-master\paascloud-provider\paascloud-provider-uac, java.runtime.version=1.8.0_181-b13, basedir=D:\develop\workspace\code-repo\paascloud-master-master\paascloud-provider\paascloud-provider-uac, java.awt.graphicsenv=sun.awt.Win32GraphicsEnvironment, java.endorsed.dirs=D:\develop\Java\jdk1.8.0_181\jre\lib\endorsed, os.arch=amd64, surefire.real.class.path=D:\develop\workspace\code-repo\paascloud-master-master\paascloud-provider\paascloud-provider-uac\target\surefire\surefirebooter6302798505136300258.jar, java.io.tmpdir=C:\Users\lenovo\AppData\Local\Temp\, line.separator=
, java.vm.specification.vendor=Oracle Corporation, user.variant=, os.name=Windows 10, sun.jnu.encoding=GBK, java.library.path=D:\develop\Java\jdk1.8.0_181\jre\bin;C:\WINDOWS\Sun\Java\bin;C:\WINDOWS\system32;C:\WINDOWS;C:\Program Files (x86)\Common Files\Oracle\Java\javapath;C:\WINDOWS\system32;C:\WINDOWS;C:\WINDOWS\System32\Wbem;C:\WINDOWS\System32\WindowsPowerShell\v1.0\;C:\WINDOWS\System32\OpenSSH\;D:\develop\Java\jdk1.8.0_181\bin;D:\develop\Java\jdk1.8.0_181\jre\bin;D:\develop\maven\apache-maven-3.6.1\bin;D:\develop\Git\bin;D:\software\TortoiseGit\bin;D:\develop\scala\bin;D:\develop\scala\bin;D:\develop\scala\jre\bin;D:\software\nodejs\;C:\Users\lenovo\AppData\Local\Microsoft\WindowsApps;C:\Users\lenovo\AppData\Roaming\npm;C:\Program Files\Bandizip\;., surefire.test.class.path=D:\develop\workspace\code-repo\paascloud-master-master\paascloud-provider\paascloud-provider-uac\target\test-classes;D:\develop\workspace\code-repo\paascloud-master-master\paascloud-provider\paascloud-provider-uac\target\classes;D:\develop\maven\repo\mysql\mysql-connector-java\5.1.39\mysql-connector-java-5.1.39.jar;D:\develop\maven\repo\io\jsonwebtoken\jjwt\0.7.0\jjwt-0.7.0.jar;D:\develop\maven\repo\joda-time\joda-time\2.9.6\joda-time-2.9.6.jar;D:\develop\maven\repo\org\mybatis\spring\boot\mybatis-spring-boot-starter\1.2.0\mybatis-spring-boot-starter-1.2.0.jar;D:\develop\maven\repo\org\springframework\boot\spring-boot-starter\1.5.13.RELEASE\spring-boot-starter-1.5.13.RELEASE.jar;D:\develop\maven\repo\org\springframework\boot\spring-boot-starter-logging\1.5.13.RELEASE\spring-boot-starter-logging-1.5.13.RELEASE.jar;D:\develop\maven\repo\org\slf4j\jcl-over-slf4j\1.7.25\jcl-over-slf4j-1.7.25.jar;D:\develop\maven\repo\org\slf4j\jul-to-slf4j\1.7.25\jul-to-slf4j-1.7.25.jar;D:\develop\maven\repo\org\slf4j\log4j-over-slf4j\1.7.25\log4j-over-slf4j-1.7.25.jar;D:\develop\maven\repo\org\springframework\boot\spring-boot-starter-jdbc\1.5.13.RELEASE\spring-boot-starter-jdbc-1.5.13.RELEASE.jar;D:\develop\maven\repo\org\apache\tomcat\tomcat-jdbc\8.5.31\tomcat-jdbc-8.5.31.jar;D:\develop\maven\repo\org\apache\tomcat\tomcat-juli\8.5.31\tomcat-juli-8.5.31.jar;D:\develop\maven\repo\org\springframework\spring-jdbc\4.3.17.RELEASE\spring-jdbc-4.3.17.RELEASE.jar;D:\develop\maven\repo\org\mybatis\spring\boot\mybatis-spring-boot-autoconfigure\1.2.0\mybatis-spring-boot-autoconfigure-1.2.0.jar;D:\develop\maven\repo\org\mybatis\mybatis\3.4.2\mybatis-3.4.2.jar;D:\develop\maven\repo\org\mybatis\mybatis-spring\1.3.1\mybatis-spring-1.3.1.jar;D:\develop\maven\repo\tk\mybatis\mapper-spring-boot-starter\1.1.1\mapper-spring-boot-starter-1.1.1.jar;D:\develop\maven\repo\tk\mybatis\mapper-spring-boot-autoconfigure\1.1.1\mapper-spring-boot-autoconfigure-1.1.1.jar;D:\develop\maven\repo\tk\mybatis\mapper\3.4.0\mapper-3.4.0.jar;D:\develop\maven\repo\javax\persistence\persistence-api\1.0\persistence-api-1.0.jar;D:\develop\maven\repo\com\github\pagehelper\pagehelper-spring-boot-starter\1.1.2\pagehelper-spring-boot-starter-1.1.2.jar;D:\develop\maven\repo\com\github\pagehelper\pagehelper-spring-boot-autoconfigure\1.1.2\pagehelper-spring-boot-autoconfigure-1.1.2.jar;D:\develop\maven\repo\com\github\pagehelper\pagehelper\5.0.3\pagehelper-5.0.3.jar;D:\develop\maven\repo\com\github\jsqlparser\jsqlparser\1.0\jsqlparser-1.0.jar;D:\develop\maven\repo\com\alibaba\druid-spring-boot-starter\1.1.0\druid-spring-boot-starter-1.1.0.jar;D:\develop\maven\repo\org\springframework\boot\spring-boot-autoconfigure\1.5.13.RELEASE\spring-boot-autoconfigure-1.5.13.RELEASE.jar;D:\develop\maven\repo\com\fasterxml\jackson\core\jackson-databind\2.8.4\jackson-databind-2.8.4.jar;D:\develop\maven\repo\com\fasterxml\jackson\core\jackson-annotations\2.8.0\jackson-annotations-2.8.0.jar;D:\develop\maven\repo\com\fasterxml\jackson\core\jackson-core\2.8.11\jackson-core-2.8.11.jar;D:\develop\workspace\code-repo\paascloud-master-master\paascloud-provider-api\paascloud-provider-uac-api\target\paascloud-provider-uac-api-1.0.jar;D:\develop\workspace\code-repo\paascloud-master-master\paascloud-common\paascloud-security-feign\target\paascloud-security-feign-1.0.jar;D:\develop\workspace\code-repo\paascloud-master-master\paascloud-provider-api\paascloud-provider-mdc-api\target\paascloud-provider-mdc-api-1.0.jar;D:\develop\workspace\code-repo\paascloud-master-master\paascloud-provider-api\paascloud-provider-omc-api\target\paascloud-provider-omc-api-1.0.jar;D:\develop\workspace\code-repo\paascloud-master-master\paascloud-provider-api\paascloud-provider-opc-api\target\paascloud-provider-opc-api-1.0.jar;D:\develop\maven\repo\io\github\openfeign\form\feign-form\3.0.3\feign-form-3.0.3.jar;D:\develop\maven\repo\io\github\openfeign\form\feign-form-spring\3.0.3\feign-form-spring-3.0.3.jar;D:\develop\workspace\code-repo\paascloud-master-master\paascloud-provider-api\paascloud-provider-sdk-api\target\paascloud-provider-sdk-api-1.0.jar;D:\develop\maven\repo\org\projectlombok\lombok\1.16.14\lombok-1.16.14.jar;D:\develop\workspace\code-repo\paascloud-master-master\paascloud-provider-api\paascloud-provider-tpc-api\target\paascloud-provider-tpc-api-1.0.jar;D:\develop\workspace\code-repo\paascloud-master-master\paascloud-common\paascloud-common-zk\target\paascloud-common-zk-1.0.jar;D:\develop\maven\repo\org\apache\curator\curator-framework\2.10.0\curator-framework-2.10.0.jar;D:\develop\maven\repo\org\apache\curator\curator-client\2.10.0\curator-client-2.10.0.jar;D:\develop\maven\repo\org\apache\zookeeper\zookeeper\3.4.6\zookeeper-3.4.6.jar;D:\develop\maven\repo\jline\jline\2.14.6\jline-2.14.6.jar;D:\develop\maven\repo\io\netty\netty\3.7.0.Final\netty-3.7.0.Final.jar;D:\develop\maven\repo\org\apache\curator\curator-recipes\2.10.0\curator-recipes-2.10.0.jar;D:\develop\maven\repo\com\alibaba\fastjson\1.2.29\fastjson-1.2.29.jar;D:\develop\maven\repo\org\aspectj\aspectjweaver\1.8.13\aspectjweaver-1.8.13.jar;D:\develop\maven\repo\org\springframework\spring-tx\4.3.11.RELEASE\spring-tx-4.3.11.RELEASE.jar;D:\develop\maven\repo\org\springframework\spring-beans\4.3.17.RELEASE\spring-beans-4.3.17.RELEASE.jar;D:\develop\maven\repo\org\apache\rocketmq\rocketmq-client\4.1.0-incubating\rocketmq-client-4.1.0-incubating.jar;D:\develop\maven\repo\org\apache\rocketmq\rocketmq-common\4.1.0-incubating\rocketmq-common-4.1.0-incubating.jar;D:\develop\maven\repo\org\apache\rocketmq\rocketmq-remoting\4.1.0-incubating\rocketmq-remoting-4.1.0-incubating.jar;D:\develop\maven\repo\io\netty\netty-all\4.0.56.Final\netty-all-4.0.56.Final.jar;D:\develop\maven\repo\org\slf4j\slf4j-api\1.7.25\slf4j-api-1.7.25.jar;D:\develop\maven\repo\org\apache\commons\commons-lang3\3.5\commons-lang3-3.5.jar;D:\develop\maven\repo\de\codecentric\spring-boot-admin-starter-client\1.5.7\spring-boot-admin-starter-client-1.5.7.jar;D:\develop\maven\repo\de\codecentric\spring-boot-admin-client\1.5.7\spring-boot-admin-client-1.5.7.jar;D:\develop\maven\repo\org\springframework\boot\spring-boot-starter-freemarker\1.5.13.RELEASE\spring-boot-starter-freemarker-1.5.13.RELEASE.jar;D:\develop\maven\repo\org\freemarker\freemarker\2.3.28\freemarker-2.3.28.jar;D:\develop\maven\repo\org\springframework\spring-context-support\4.3.17.RELEASE\spring-context-support-4.3.17.RELEASE.jar;D:\develop\maven\repo\org\springframework\cloud\spring-cloud-starter-feign\1.4.4.RELEASE\spring-cloud-starter-feign-1.4.4.RELEASE.jar;D:\develop\maven\repo\org\springframework\cloud\spring-cloud-starter-openfeign\1.4.4.RELEASE\spring-cloud-starter-openfeign-1.4.4.RELEASE.jar;D:\develop\maven\repo\io\github\openfeign\feign-core\9.5.0\feign-core-9.5.0.jar;D:\develop\maven\repo\org\jvnet\animal-sniffer-annotation\1.0\animal-sniffer-annotation-1.0.jar;D:\develop\maven\repo\io\github\openfeign\feign-slf4j\9.5.0\feign-slf4j-9.5.0.jar;D:\develop\maven\repo\io\github\openfeign\feign-hystrix\9.5.0\feign-hystrix-9.5.0.jar;D:\develop\maven\repo\com\github\penggle\kaptcha\2.3.2\kaptcha-2.3.2.jar;D:\develop\maven\repo\com\jhlabs\filters\2.0.235-1\filters-2.0.235-1.jar;D:\develop\maven\repo\org\springframework\cloud\spring-cloud-starter-oauth2\1.2.2.RELEASE\spring-cloud-starter-oauth2-1.2.2.RELEASE.jar;D:\develop\maven\repo\org\springframework\cloud\spring-cloud-starter-security\1.2.2.RELEASE\spring-cloud-starter-security-1.2.2.RELEASE.jar;D:\develop\maven\repo\org\springframework\cloud\spring-cloud-security\1.2.2.RELEASE\spring-cloud-security-1.2.2.RELEASE.jar;D:\develop\maven\repo\org\springframework\boot\spring-boot-starter-security\1.5.13.RELEASE\spring-boot-starter-security-1.5.13.RELEASE.jar;D:\develop\maven\repo\org\springframework\security\oauth\spring-security-oauth2\2.0.15.RELEASE\spring-security-oauth2-2.0.15.RELEASE.jar;D:\develop\maven\repo\org\springframework\security\spring-security-core\4.2.6.RELEASE\spring-security-core-4.2.6.RELEASE.jar;D:\develop\maven\repo\org\springframework\security\spring-security-config\4.2.6.RELEASE\spring-security-config-4.2.6.RELEASE.jar;D:\develop\maven\repo\org\springframework\social\spring-social-config\1.1.6.RELEASE\spring-social-config-1.1.6.RELEASE.jar;D:\develop\maven\repo\org\springframework\social\spring-social-core\1.1.6.RELEASE\spring-social-core-1.1.6.RELEASE.jar;D:\develop\maven\repo\org\springframework\spring-web\4.3.8.RELEASE\spring-web-4.3.8.RELEASE.jar;D:\develop\maven\repo\org\springframework\social\spring-social-security\1.1.6.RELEASE\spring-social-security-1.1.6.RELEASE.jar;D:\develop\maven\repo\org\springframework\spring-webmvc\4.3.17.RELEASE\spring-webmvc-4.3.17.RELEASE.jar;D:\develop\maven\repo\org\springframework\spring-expression\4.3.17.RELEASE\spring-expression-4.3.17.RELEASE.jar;D:\develop\maven\repo\org\springframework\security\spring-security-web\4.2.6.RELEASE\spring-security-web-4.2.6.RELEASE.jar;D:\develop\maven\repo\aopalliance\aopalliance\1.0\aopalliance-1.0.jar;D:\develop\maven\repo\org\springframework\social\spring-social-web\1.1.6.RELEASE\spring-social-web-1.1.6.RELEASE.jar;D:\develop\maven\repo\javax\inject\javax.inject\1\javax.inject-1.jar;D:\develop\workspace\code-repo\paascloud-master-master\paascloud-common\paascloud-common-base\target\paascloud-common-base-1.0.jar;D:\develop\workspace\code-repo\paascloud-master-master\paascloud-common\paascloud-security-app\target\paascloud-security-app-1.0.jar;D:\develop\workspace\code-repo\paascloud-master-master\paascloud-common\paascloud-security-core\target\paascloud-security-core-1.0.jar;D:\develop\maven\repo\commons-lang\commons-lang\2.6\commons-lang-2.6.jar;D:\develop\maven\repo\commons-collections\commons-collections\3.2.2\commons-collections-3.2.2.jar;D:\develop\maven\repo\org\springframework\cloud\spring-cloud-starter-config\1.4.3.RELEASE\spring-cloud-starter-config-1.4.3.RELEASE.jar;D:\develop\maven\repo\org\springframework\cloud\spring-cloud-starter\1.3.3.RELEASE\spring-cloud-starter-1.3.3.RELEASE.jar;D:\develop\maven\repo\org\springframework\cloud\spring-cloud-context\1.3.3.RELEASE\spring-cloud-context-1.3.3.RELEASE.jar;D:\develop\maven\repo\org\springframework\security\spring-security-rsa\1.0.3.RELEASE\spring-security-rsa-1.0.3.RELEASE.jar;D:\develop\maven\repo\org\springframework\cloud\spring-cloud-config-client\1.4.3.RELEASE\spring-cloud-config-client-1.4.3.RELEASE.jar;D:\develop\maven\repo\org\springframework\cloud\spring-cloud-starter-sleuth\1.3.3.RELEASE\spring-cloud-starter-sleuth-1.3.3.RELEASE.jar;D:\develop\maven\repo\org\springframework\cloud\spring-cloud-sleuth-core\1.3.3.RELEASE\spring-cloud-sleuth-core-1.3.3.RELEASE.jar;D:\develop\maven\repo\org\aspectj\aspectjrt\1.8.13\aspectjrt-1.8.13.jar;D:\develop\maven\repo\org\springframework\cloud\spring-cloud-sleuth-zipkin\1.3.3.RELEASE\spring-cloud-sleuth-zipkin-1.3.3.RELEASE.jar;D:\develop\maven\repo\org\springframework\cloud\spring-cloud-commons\1.3.3.RELEASE\spring-cloud-commons-1.3.3.RELEASE.jar;D:\develop\maven\repo\org\springframework\security\spring-security-crypto\4.2.6.RELEASE\spring-security-crypto-4.2.6.RELEASE.jar;D:\develop\maven\repo\org\apache\httpcomponents\httpclient\4.5.5\httpclient-4.5.5.jar;D:\develop\maven\repo\org\apache\httpcomponents\httpcore\4.4.9\httpcore-4.4.9.jar;D:\develop\maven\repo\io\zipkin\zipkin2\zipkin\2.6.1\zipkin-2.6.1.jar;D:\develop\maven\repo\io\zipkin\reporter2\zipkin-reporter\2.5.0\zipkin-reporter-2.5.0.jar;D:\develop\maven\repo\io\zipkin\reporter2\zipkin-sender-kafka11\2.5.0\zipkin-sender-kafka11-2.5.0.jar;D:\develop\maven\repo\io\zipkin\reporter2\zipkin-sender-amqp-client\2.5.0\zipkin-sender-amqp-client-2.5.0.jar;D:\develop\workspace\code-repo\paascloud-master-master\paascloud-common\paascloud-common-util\target\paascloud-common-util-1.0.jar;D:\develop\maven\repo\ch\qos\logback\logback-classic\1.1.11\logback-classic-1.1.11.jar;D:\develop\maven\repo\org\codehaus\jackson\jackson-smile\1.9.13\jackson-smile-1.9.13.jar;D:\develop\maven\repo\org\codehaus\jackson\jackson-core-asl\1.9.13\jackson-core-asl-1.9.13.jar;D:\develop\maven\repo\org\codehaus\jackson\jackson-mapper-asl\1.9.13\jackson-mapper-asl-1.9.13.jar;D:\develop\maven\repo\com\xiaoleilu\hutool-all\3.0.7\hutool-all-3.0.7.jar;D:\develop\maven\repo\commons-beanutils\commons-beanutils\1.9.3\commons-beanutils-1.9.3.jar;D:\develop\workspace\code-repo\paascloud-master-master\paascloud-common\paascloud-common-core\target\paascloud-common-core-1.0.jar;D:\develop\maven\repo\eu\bitwalker\UserAgentUtils\1.20\UserAgentUtils-1.20.jar;D:\develop\maven\repo\org\springframework\boot\spring-boot-starter-data-redis\1.5.13.RELEASE\spring-boot-starter-data-redis-1.5.13.RELEASE.jar;D:\develop\maven\repo\org\springframework\data\spring-data-redis\1.8.12.RELEASE\spring-data-redis-1.8.12.RELEASE.jar;D:\develop\maven\repo\org\springframework\data\spring-data-keyvalue\1.2.12.RELEASE\spring-data-keyvalue-1.2.12.RELEASE.jar;D:\develop\maven\repo\org\springframework\data\spring-data-commons\1.13.12.RELEASE\spring-data-commons-1.13.12.RELEASE.jar;D:\develop\maven\repo\org\springframework\spring-oxm\4.3.17.RELEASE\spring-oxm-4.3.17.RELEASE.jar;D:\develop\maven\repo\redis\clients\jedis\2.9.0\jedis-2.9.0.jar;D:\develop\maven\repo\org\apache\commons\commons-pool2\2.4.3\commons-pool2-2.4.3.jar;D:\develop\maven\repo\com\fasterxml\jackson\module\jackson-module-parameter-names\2.8.11\jackson-module-parameter-names-2.8.11.jar;D:\develop\maven\repo\com\fasterxml\jackson\datatype\jackson-datatype-jdk8\2.8.11\jackson-datatype-jdk8-2.8.11.jar;D:\develop\maven\repo\com\fasterxml\jackson\datatype\jackson-datatype-jsr310\2.8.11\jackson-datatype-jsr310-2.8.11.jar;D:\develop\workspace\code-repo\paascloud-master-master\paascloud-common\paascloud-common-config\target\paascloud-common-config-1.0.jar;D:\develop\maven\repo\com\arronlong\httpclientutil\httpclientutil\1.0\httpclientutil-1.0.jar;D:\develop\maven\repo\org\apache\httpcomponents\httpmime\4.5.5\httpmime-4.5.5.jar;D:\develop\maven\repo\org\apache\httpcomponents\httpasyncclient\4.1.3\httpasyncclient-4.1.3.jar;D:\develop\maven\repo\org\apache\httpcomponents\httpcore-nio\4.4.6\httpcore-nio-4.4.6.jar;D:\develop\maven\repo\log4j\log4j\1.2.17\log4j-1.2.17.jar;D:\develop\maven\repo\com\netflix\hystrix\hystrix-core\1.5.12\hystrix-core-1.5.12.jar;D:\develop\maven\repo\com\netflix\archaius\archaius-core\0.7.4\archaius-core-0.7.4.jar;D:\develop\maven\repo\com\google\code\findbugs\jsr305\3.0.2\jsr305-3.0.2.jar;D:\develop\maven\repo\io\reactivex\rxjava\1.2.0\rxjava-1.2.0.jar;D:\develop\maven\repo\org\hdrhistogram\HdrHistogram\2.1.9\HdrHistogram-2.1.9.jar;D:\develop\maven\repo\org\springframework\boot\spring-boot-starter-actuator\1.5.13.RELEASE\spring-boot-starter-actuator-1.5.13.RELEASE.jar;D:\develop\maven\repo\org\springframework\boot\spring-boot-actuator\1.5.13.RELEASE\spring-boot-actuator-1.5.13.RELEASE.jar;D:\develop\maven\repo\org\springframework\cloud\spring-cloud-starter-hystrix\1.4.4.RELEASE\spring-cloud-starter-hystrix-1.4.4.RELEASE.jar;D:\develop\maven\repo\org\springframework\cloud\spring-cloud-starter-netflix-hystrix\1.4.4.RELEASE\spring-cloud-starter-netflix-hystrix-1.4.4.RELEASE.jar;D:\develop\maven\repo\com\netflix\hystrix\hystrix-metrics-event-stream\1.5.12\hystrix-metrics-event-stream-1.5.12.jar;D:\develop\maven\repo\com\netflix\hystrix\hystrix-serialization\1.5.12\hystrix-serialization-1.5.12.jar;D:\develop\maven\repo\com\fasterxml\jackson\module\jackson-module-afterburner\2.8.11\jackson-module-afterburner-2.8.11.jar;D:\develop\maven\repo\com\netflix\hystrix\hystrix-javanica\1.5.12\hystrix-javanica-1.5.12.jar;D:\develop\maven\repo\org\ow2\asm\asm\5.0.4\asm-5.0.4.jar;D:\develop\maven\repo\org\springframework\boot\spring-boot-starter-web\1.5.13.RELEASE\spring-boot-starter-web-1.5.13.RELEASE.jar;D:\develop\maven\repo\org\springframework\boot\spring-boot-starter-tomcat\1.5.13.RELEASE\spring-boot-starter-tomcat-1.5.13.RELEASE.jar;D:\develop\maven\repo\org\apache\tomcat\embed\tomcat-embed-core\8.5.31\tomcat-embed-core-8.5.31.jar;D:\develop\maven\repo\org\apache\tomcat\tomcat-annotations-api\8.5.31\tomcat-annotations-api-8.5.31.jar;D:\develop\maven\repo\org\apache\tomcat\embed\tomcat-embed-websocket\8.5.31\tomcat-embed-websocket-8.5.31.jar;D:\develop\maven\repo\org\hibernate\hibernate-validator\5.3.6.Final\hibernate-validator-5.3.6.Final.jar;D:\develop\maven\repo\javax\validation\validation-api\1.1.0.Final\validation-api-1.1.0.Final.jar;D:\develop\maven\repo\org\jboss\logging\jboss-logging\3.3.2.Final\jboss-logging-3.3.2.Final.jar;D:\develop\maven\repo\net\logstash\logback\logstash-logback-encoder\4.6\logstash-logback-encoder-4.6.jar;D:\develop\maven\repo\ch\qos\logback\logback-core\1.1.11\logback-core-1.1.11.jar;D:\develop\maven\repo\com\google\guava\guava\17.0\guava-17.0.jar;D:\develop\maven\repo\org\springframework\boot\spring-boot-starter-validation\1.5.13.RELEASE\spring-boot-starter-validation-1.5.13.RELEASE.jar;D:\develop\maven\repo\org\apache\tomcat\embed\tomcat-embed-el\8.5.31\tomcat-embed-el-8.5.31.jar;D:\develop\maven\repo\io\springfox\springfox-swagger-ui\2.6.1\springfox-swagger-ui-2.6.1.jar;D:\develop\maven\repo\io\springfox\springfox-spring-web\2.6.1\springfox-spring-web-2.6.1.jar;D:\develop\maven\repo\io\springfox\springfox-swagger2\2.6.1\springfox-swagger2-2.6.1.jar;D:\develop\maven\repo\io\swagger\swagger-annotations\1.5.10\swagger-annotations-1.5.10.jar;D:\develop\maven\repo\io\swagger\swagger-models\1.5.10\swagger-models-1.5.10.jar;D:\develop\maven\repo\io\springfox\springfox-spi\2.6.1\springfox-spi-2.6.1.jar;D:\develop\maven\repo\io\springfox\springfox-core\2.6.1\springfox-core-2.6.1.jar;D:\develop\maven\repo\io\springfox\springfox-schema\2.6.1\springfox-schema-2.6.1.jar;D:\develop\maven\repo\io\springfox\springfox-swagger-common\2.6.1\springfox-swagger-common-2.6.1.jar;D:\develop\maven\repo\com\fasterxml\classmate\1.3.4\classmate-1.3.4.jar;D:\develop\maven\repo\org\springframework\plugin\spring-plugin-core\1.2.0.RELEASE\spring-plugin-core-1.2.0.RELEASE.jar;D:\develop\maven\repo\org\springframework\plugin\spring-plugin-metadata\1.2.0.RELEASE\spring-plugin-metadata-1.2.0.RELEASE.jar;D:\develop\maven\repo\org\mapstruct\mapstruct\1.0.0.Final\mapstruct-1.0.0.Final.jar;D:\develop\maven\repo\commons-codec\commons-codec\1.10\commons-codec-1.10.jar;D:\develop\maven\repo\org\springframework\boot\spring-boot-starter-test\1.5.13.RELEASE\spring-boot-starter-test-1.5.13.RELEASE.jar;D:\develop\maven\repo\org\springframework\boot\spring-boot-test\1.5.13.RELEASE\spring-boot-test-1.5.13.RELEASE.jar;D:\develop\maven\repo\org\springframework\boot\spring-boot-test-autoconfigure\1.5.13.RELEASE\spring-boot-test-autoconfigure-1.5.13.RELEASE.jar;D:\develop\maven\repo\com\jayway\jsonpath\json-path\2.2.0\json-path-2.2.0.jar;D:\develop\maven\repo\net\minidev\json-smart\2.2.1\json-smart-2.2.1.jar;D:\develop\maven\repo\net\minidev\accessors-smart\1.1\accessors-smart-1.1.jar;D:\develop\maven\repo\junit\junit\4.12\junit-4.12.jar;D:\develop\maven\repo\org\assertj\assertj-core\2.6.0\assertj-core-2.6.0.jar;D:\develop\maven\repo\org\mockito\mockito-core\1.10.19\mockito-core-1.10.19.jar;D:\develop\maven\repo\org\objenesis\objenesis\2.5.1\objenesis-2.5.1.jar;D:\develop\maven\repo\org\hamcrest\hamcrest-core\1.3\hamcrest-core-1.3.jar;D:\develop\maven\repo\org\hamcrest\hamcrest-library\1.3\hamcrest-library-1.3.jar;D:\develop\maven\repo\org\skyscreamer\jsonassert\1.4.0\jsonassert-1.4.0.jar;D:\develop\maven\repo\com\vaadin\external\google\android-json\0.0.20131108.vaadin1\android-json-0.0.20131108.vaadin1.jar;D:\develop\maven\repo\org\springframework\spring-core\4.3.11.RELEASE\spring-core-4.3.11.RELEASE.jar;D:\develop\maven\repo\org\springframework\spring-test\4.3.17.RELEASE\spring-test-4.3.17.RELEASE.jar;D:\develop\maven\repo\com\alibaba\druid\1.0.29\druid-1.0.29.jar;D:\develop\Java\jdk1.8.0_181\jre\..\lib\jconsole.jar;D:\develop\Java\jdk1.8.0_181\jre\..\lib\tools.jar;D:\develop\maven\repo\org\mybatis\generator\mybatis-generator-core\1.3.5\mybatis-generator-core-1.3.5.jar;D:\develop\maven\repo\org\springframework\boot\spring-boot-configuration-processor\1.5.13.RELEASE\spring-boot-configuration-processor-1.5.13.RELEASE.jar;D:\develop\maven\repo\org\springframework\boot\spring-boot-devtools\1.5.13.RELEASE\spring-boot-devtools-1.5.13.RELEASE.jar;D:\develop\maven\repo\org\springframework\boot\spring-boot\1.5.13.RELEASE\spring-boot-1.5.13.RELEASE.jar;D:\develop\maven\repo\org\springframework\boot\spring-boot-starter-aop\1.5.13.RELEASE\spring-boot-starter-aop-1.5.13.RELEASE.jar;D:\develop\maven\repo\org\springframework\spring-aop\4.3.17.RELEASE\spring-aop-4.3.17.RELEASE.jar;D:\develop\maven\repo\org\modelmapper\modelmapper\1.1.2\modelmapper-1.1.2.jar;D:\develop\maven\repo\org\jolokia\jolokia-core\1.3.7\jolokia-core-1.3.7.jar;D:\develop\maven\repo\com\googlecode\json-simple\json-simple\1.1.1\json-simple-1.1.1.jar;D:\develop\maven\repo\org\springframework\security\spring-security-jwt\1.0.9.RELEASE\spring-security-jwt-1.0.9.RELEASE.jar;D:\develop\maven\repo\org\bouncycastle\bcpkix-jdk15on\1.56\bcpkix-jdk15on-1.56.jar;D:\develop\maven\repo\org\bouncycastle\bcprov-jdk15on\1.56\bcprov-jdk15on-1.56.jar;D:\develop\maven\repo\org\liquibase\liquibase-core\3.5.3\liquibase-core-3.5.3.jar;D:\develop\maven\repo\org\yaml\snakeyaml\1.17\snakeyaml-1.17.jar;D:\develop\maven\repo\org\springframework\cloud\spring-cloud-starter-zipkin\1.3.3.RELEASE\spring-cloud-starter-zipkin-1.3.3.RELEASE.jar;D:\develop\maven\repo\org\springframework\amqp\spring-rabbit\1.7.7.RELEASE\spring-rabbit-1.7.7.RELEASE.jar;D:\develop\maven\repo\org\springframework\retry\spring-retry\1.2.2.RELEASE\spring-retry-1.2.2.RELEASE.jar;D:\develop\maven\repo\com\rabbitmq\http-client\1.1.1.RELEASE\http-client-1.1.1.RELEASE.jar;D:\develop\maven\repo\com\rabbitmq\amqp-client\4.0.3\amqp-client-4.0.3.jar;D:\develop\maven\repo\org\springframework\spring-messaging\4.3.17.RELEASE\spring-messaging-4.3.17.RELEASE.jar;D:\develop\maven\repo\org\springframework\spring-context\4.3.8.RELEASE\spring-context-4.3.8.RELEASE.jar;D:\develop\maven\repo\org\springframework\amqp\spring-amqp\1.7.7.RELEASE\spring-amqp-1.7.7.RELEASE.jar;D:\develop\maven\repo\org\springframework\cloud\spring-cloud-starter-netflix-eureka-client\1.4.4.RELEASE\spring-cloud-starter-netflix-eureka-client-1.4.4.RELEASE.jar;D:\develop\maven\repo\org\springframework\cloud\spring-cloud-netflix-core\1.4.4.RELEASE\spring-cloud-netflix-core-1.4.4.RELEASE.jar;D:\develop\maven\repo\org\springframework\cloud\spring-cloud-netflix-eureka-client\1.4.4.RELEASE\spring-cloud-netflix-eureka-client-1.4.4.RELEASE.jar;D:\develop\maven\repo\com\netflix\eureka\eureka-client\1.7.2\eureka-client-1.7.2.jar;D:\develop\maven\repo\org\codehaus\jettison\jettison\1.2\jettison-1.2.jar;D:\develop\maven\repo\stax\stax-api\1.0.1\stax-api-1.0.1.jar;D:\develop\maven\repo\com\netflix\netflix-commons\netflix-eventbus\0.3.0\netflix-eventbus-0.3.0.jar;D:\develop\maven\repo\com\netflix\netflix-commons\netflix-infix\0.3.0\netflix-infix-0.3.0.jar;D:\develop\maven\repo\commons-jxpath\commons-jxpath\1.3\commons-jxpath-1.3.jar;D:\develop\maven\repo\org\antlr\antlr-runtime\3.4\antlr-runtime-3.4.jar;D:\develop\maven\repo\org\antlr\stringtemplate\3.2.1\stringtemplate-3.2.1.jar;D:\develop\maven\repo\antlr\antlr\2.7.7\antlr-2.7.7.jar;D:\develop\maven\repo\com\google\code\gson\gson\2.8.4\gson-2.8.4.jar;D:\develop\maven\repo\org\apache\commons\commons-math\2.2\commons-math-2.2.jar;D:\develop\maven\repo\javax\ws\rs\jsr311-api\1.1.1\jsr311-api-1.1.1.jar;D:\develop\maven\repo\com\netflix\servo\servo-core\0.10.1\servo-core-0.10.1.jar;D:\develop\maven\repo\com\netflix\servo\servo-internal\0.10.1\servo-internal-0.10.1.jar;D:\develop\maven\repo\com\sun\jersey\jersey-core\1.19.1\jersey-core-1.19.1.jar;D:\develop\maven\repo\com\sun\jersey\jersey-client\1.19.1\jersey-client-1.19.1.jar;D:\develop\maven\repo\com\sun\jersey\contribs\jersey-apache-client4\1.19.1\jersey-apache-client4-1.19.1.jar;D:\develop\maven\repo\com\google\inject\guice\3.0\guice-3.0.jar;D:\develop\maven\repo\com\netflix\eureka\eureka-core\1.7.2\eureka-core-1.7.2.jar;D:\develop\maven\repo\org\codehaus\woodstox\woodstox-core-asl\4.4.1\woodstox-core-asl-4.4.1.jar;D:\develop\maven\repo\javax\xml\stream\stax-api\1.0-2\stax-api-1.0-2.jar;D:\develop\maven\repo\org\codehaus\woodstox\stax2-api\3.1.4\stax2-api-3.1.4.jar;D:\develop\maven\repo\org\springframework\cloud\spring-cloud-starter-netflix-archaius\1.4.4.RELEASE\spring-cloud-starter-netflix-archaius-1.4.4.RELEASE.jar;D:\develop\maven\repo\commons-configuration\commons-configuration\1.8\commons-configuration-1.8.jar;D:\develop\maven\repo\org\springframework\cloud\spring-cloud-starter-netflix-ribbon\1.4.4.RELEASE\spring-cloud-starter-netflix-ribbon-1.4.4.RELEASE.jar;D:\develop\maven\repo\com\netflix\ribbon\ribbon\2.2.5\ribbon-2.2.5.jar;D:\develop\maven\repo\com\netflix\ribbon\ribbon-transport\2.2.5\ribbon-transport-2.2.5.jar;D:\develop\maven\repo\io\reactivex\rxnetty-contexts\0.4.9\rxnetty-contexts-0.4.9.jar;D:\develop\maven\repo\io\reactivex\rxnetty-servo\0.4.9\rxnetty-servo-0.4.9.jar;D:\develop\maven\repo\io\reactivex\rxnetty\0.4.9\rxnetty-0.4.9.jar;D:\develop\maven\repo\io\netty\netty-codec-http\4.0.27.Final\netty-codec-http-4.0.27.Final.jar;D:\develop\maven\repo\io\netty\netty-codec\4.0.27.Final\netty-codec-4.0.27.Final.jar;D:\develop\maven\repo\io\netty\netty-handler\4.0.27.Final\netty-handler-4.0.27.Final.jar;D:\develop\maven\repo\io\netty\netty-transport-native-epoll\4.0.27.Final\netty-transport-native-epoll-4.0.27.Final.jar;D:\develop\maven\repo\io\netty\netty-common\4.0.27.Final\netty-common-4.0.27.Final.jar;D:\develop\maven\repo\io\netty\netty-buffer\4.0.27.Final\netty-buffer-4.0.27.Final.jar;D:\develop\maven\repo\io\netty\netty-transport\4.0.27.Final\netty-transport-4.0.27.Final.jar;D:\develop\maven\repo\com\netflix\ribbon\ribbon-core\2.2.5\ribbon-core-2.2.5.jar;D:\develop\maven\repo\com\netflix\ribbon\ribbon-httpclient\2.2.5\ribbon-httpclient-2.2.5.jar;D:\develop\maven\repo\com\netflix\netflix-commons\netflix-commons-util\0.1.1\netflix-commons-util-0.1.1.jar;D:\develop\maven\repo\com\netflix\ribbon\ribbon-loadbalancer\2.2.5\ribbon-loadbalancer-2.2.5.jar;D:\develop\maven\repo\com\netflix\netflix-commons\netflix-statistics\0.1.1\netflix-statistics-0.1.1.jar;D:\develop\maven\repo\com\netflix\ribbon\ribbon-eureka\2.2.5\ribbon-eureka-2.2.5.jar;D:\develop\maven\repo\com\thoughtworks\xstream\xstream\1.4.10\xstream-1.4.10.jar;D:\develop\maven\repo\xmlpull\xmlpull\1.1.3.1\xmlpull-1.1.3.1.jar;D:\develop\maven\repo\xpp3\xpp3_min\1.1.4c\xpp3_min-1.1.4c.jar;, java.specification.name=Java Platform API Specification, java.class.version=52.0, sun.management.compiler=HotSpot 64-Bit Tiered Compilers, os.version=10.0, user.home=C:\Users\lenovo, user.timezone=Asia/Shanghai, java.awt.printerjob=sun.awt.windows.WPrinterJob, file.encoding=GBK, java.specification.version=1.8, java.class.path=D:\develop\workspace\code-repo\paascloud-master-master\paascloud-provider\paascloud-provider-uac\target\test-classes;D:\develop\workspace\code-repo\paascloud-master-master\paascloud-provider\paascloud-provider-uac\target\classes;D:\develop\maven\repo\mysql\mysql-connector-java\5.1.39\mysql-connector-java-5.1.39.jar;D:\develop\maven\repo\io\jsonwebtoken\jjwt\0.7.0\jjwt-0.7.0.jar;D:\develop\maven\repo\joda-time\joda-time\2.9.6\joda-time-2.9.6.jar;D:\develop\maven\repo\org\mybatis\spring\boot\mybatis-spring-boot-starter\1.2.0\mybatis-spring-boot-starter-1.2.0.jar;D:\develop\maven\repo\org\springframework\boot\spring-boot-starter\1.5.13.RELEASE\spring-boot-starter-1.5.13.RELEASE.jar;D:\develop\maven\repo\org\springframework\boot\spring-boot-starter-logging\1.5.13.RELEASE\spring-boot-starter-logging-1.5.13.RELEASE.jar;D:\develop\maven\repo\org\slf4j\jcl-over-slf4j\1.7.25\jcl-over-slf4j-1.7.25.jar;D:\develop\maven\repo\org\slf4j\jul-to-slf4j\1.7.25\jul-to-slf4j-1.7.25.jar;D:\develop\maven\repo\org\slf4j\log4j-over-slf4j\1.7.25\log4j-over-slf4j-1.7.25.jar;D:\develop\maven\repo\org\springframework\boot\spring-boot-starter-jdbc\1.5.13.RELEASE\spring-boot-starter-jdbc-1.5.13.RELEASE.jar;D:\develop\maven\repo\org\apache\tomcat\tomcat-jdbc\8.5.31\tomcat-jdbc-8.5.31.jar;D:\develop\maven\repo\org\apache\tomcat\tomcat-juli\8.5.31\tomcat-juli-8.5.31.jar;D:\develop\maven\repo\org\springframework\spring-jdbc\4.3.17.RELEASE\spring-jdbc-4.3.17.RELEASE.jar;D:\develop\maven\repo\org\mybatis\spring\boot\mybatis-spring-boot-autoconfigure\1.2.0\mybatis-spring-boot-autoconfigure-1.2.0.jar;D:\develop\maven\repo\org\mybatis\mybatis\3.4.2\mybatis-3.4.2.jar;D:\develop\maven\repo\org\mybatis\mybatis-spring\1.3.1\mybatis-spring-1.3.1.jar;D:\develop\maven\repo\tk\mybatis\mapper-spring-boot-starter\1.1.1\mapper-spring-boot-starter-1.1.1.jar;D:\develop\maven\repo\tk\mybatis\mapper-spring-boot-autoconfigure\1.1.1\mapper-spring-boot-autoconfigure-1.1.1.jar;D:\develop\maven\repo\tk\mybatis\mapper\3.4.0\mapper-3.4.0.jar;D:\develop\maven\repo\javax\persistence\persistence-api\1.0\persistence-api-1.0.jar;D:\develop\maven\repo\com\github\pagehelper\pagehelper-spring-boot-starter\1.1.2\pagehelper-spring-boot-starter-1.1.2.jar;D:\develop\maven\repo\com\github\pagehelper\pagehelper-spring-boot-autoconfigure\1.1.2\pagehelper-spring-boot-autoconfigure-1.1.2.jar;D:\develop\maven\repo\com\github\pagehelper\pagehelper\5.0.3\pagehelper-5.0.3.jar;D:\develop\maven\repo\com\github\jsqlparser\jsqlparser\1.0\jsqlparser-1.0.jar;D:\develop\maven\repo\com\alibaba\druid-spring-boot-starter\1.1.0\druid-spring-boot-starter-1.1.0.jar;D:\develop\maven\repo\org\springframework\boot\spring-boot-autoconfigure\1.5.13.RELEASE\spring-boot-autoconfigure-1.5.13.RELEASE.jar;D:\develop\maven\repo\com\fasterxml\jackson\core\jackson-databind\2.8.4\jackson-databind-2.8.4.jar;D:\develop\maven\repo\com\fasterxml\jackson\core\jackson-annotations\2.8.0\jackson-annotations-2.8.0.jar;D:\develop\maven\repo\com\fasterxml\jackson\core\jackson-core\2.8.11\jackson-core-2.8.11.jar;D:\develop\workspace\code-repo\paascloud-master-master\paascloud-provider-api\paascloud-provider-uac-api\target\paascloud-provider-uac-api-1.0.jar;D:\develop\workspace\code-repo\paascloud-master-master\paascloud-common\paascloud-security-feign\target\paascloud-security-feign-1.0.jar;D:\develop\workspace\code-repo\paascloud-master-master\paascloud-provider-api\paascloud-provider-mdc-api\target\paascloud-provider-mdc-api-1.0.jar;D:\develop\workspace\code-repo\paascloud-master-master\paascloud-provider-api\paascloud-provider-omc-api\target\paascloud-provider-omc-api-1.0.jar;D:\develop\workspace\code-repo\paascloud-master-master\paascloud-provider-api\paascloud-provider-opc-api\target\paascloud-provider-opc-api-1.0.jar;D:\develop\maven\repo\io\github\openfeign\form\feign-form\3.0.3\feign-form-3.0.3.jar;D:\develop\maven\repo\io\github\openfeign\form\feign-form-spring\3.0.3\feign-form-spring-3.0.3.jar;D:\develop\workspace\code-repo\paascloud-master-master\paascloud-provider-api\paascloud-provider-sdk-api\target\paascloud-provider-sdk-api-1.0.jar;D:\develop\maven\repo\org\projectlombok\lombok\1.16.14\lombok-1.16.14.jar;D:\develop\workspace\code-repo\paascloud-master-master\paascloud-provider-api\paascloud-provider-tpc-api\target\paascloud-provider-tpc-api-1.0.jar;D:\develop\workspace\code-repo\paascloud-master-master\paascloud-common\paascloud-common-zk\target\paascloud-common-zk-1.0.jar;D:\develop\maven\repo\org\apache\curator\curator-framework\2.10.0\curator-framework-2.10.0.jar;D:\develop\maven\repo\org\apache\curator\curator-client\2.10.0\curator-client-2.10.0.jar;D:\develop\maven\repo\org\apache\zookeeper\zookeeper\3.4.6\zookeeper-3.4.6.jar;D:\develop\maven\repo\jline\jline\2.14.6\jline-2.14.6.jar;D:\develop\maven\repo\io\netty\netty\3.7.0.Final\netty-3.7.0.Final.jar;D:\develop\maven\repo\org\apache\curator\curator-recipes\2.10.0\curator-recipes-2.10.0.jar;D:\develop\maven\repo\com\alibaba\fastjson\1.2.29\fastjson-1.2.29.jar;D:\develop\maven\repo\org\aspectj\aspectjweaver\1.8.13\aspectjweaver-1.8.13.jar;D:\develop\maven\repo\org\springframework\spring-tx\4.3.11.RELEASE\spring-tx-4.3.11.RELEASE.jar;D:\develop\maven\repo\org\springframework\spring-beans\4.3.17.RELEASE\spring-beans-4.3.17.RELEASE.jar;D:\develop\maven\repo\org\apache\rocketmq\rocketmq-client\4.1.0-incubating\rocketmq-client-4.1.0-incubating.jar;D:\develop\maven\repo\org\apache\rocketmq\rocketmq-common\4.1.0-incubating\rocketmq-common-4.1.0-incubating.jar;D:\develop\maven\repo\org\apache\rocketmq\rocketmq-remoting\4.1.0-incubating\rocketmq-remoting-4.1.0-incubating.jar;D:\develop\maven\repo\io\netty\netty-all\4.0.56.Final\netty-all-4.0.56.Final.jar;D:\develop\maven\repo\org\slf4j\slf4j-api\1.7.25\slf4j-api-1.7.25.jar;D:\develop\maven\repo\org\apache\commons\commons-lang3\3.5\commons-lang3-3.5.jar;D:\develop\maven\repo\de\codecentric\spring-boot-admin-starter-client\1.5.7\spring-boot-admin-starter-client-1.5.7.jar;D:\develop\maven\repo\de\codecentric\spring-boot-admin-client\1.5.7\spring-boot-admin-client-1.5.7.jar;D:\develop\maven\repo\org\springframework\boot\spring-boot-starter-freemarker\1.5.13.RELEASE\spring-boot-starter-freemarker-1.5.13.RELEASE.jar;D:\develop\maven\repo\org\freemarker\freemarker\2.3.28\freemarker-2.3.28.jar;D:\develop\maven\repo\org\springframework\spring-context-support\4.3.17.RELEASE\spring-context-support-4.3.17.RELEASE.jar;D:\develop\maven\repo\org\springframework\cloud\spring-cloud-starter-feign\1.4.4.RELEASE\spring-cloud-starter-feign-1.4.4.RELEASE.jar;D:\develop\maven\repo\org\springframework\cloud\spring-cloud-starter-openfeign\1.4.4.RELEASE\spring-cloud-starter-openfeign-1.4.4.RELEASE.jar;D:\develop\maven\repo\io\github\openfeign\feign-core\9.5.0\feign-core-9.5.0.jar;D:\develop\maven\repo\org\jvnet\animal-sniffer-annotation\1.0\animal-sniffer-annotation-1.0.jar;D:\develop\maven\repo\io\github\openfeign\feign-slf4j\9.5.0\feign-slf4j-9.5.0.jar;D:\develop\maven\repo\io\github\openfeign\feign-hystrix\9.5.0\feign-hystrix-9.5.0.jar;D:\develop\maven\repo\com\github\penggle\kaptcha\2.3.2\kaptcha-2.3.2.jar;D:\develop\maven\repo\com\jhlabs\filters\2.0.235-1\filters-2.0.235-1.jar;D:\develop\maven\repo\org\springframework\cloud\spring-cloud-starter-oauth2\1.2.2.RELEASE\spring-cloud-starter-oauth2-1.2.2.RELEASE.jar;D:\develop\maven\repo\org\springframework\cloud\spring-cloud-starter-security\1.2.2.RELEASE\spring-cloud-starter-security-1.2.2.RELEASE.jar;D:\develop\maven\repo\org\springframework\cloud\spring-cloud-security\1.2.2.RELEASE\spring-cloud-security-1.2.2.RELEASE.jar;D:\develop\maven\repo\org\springframework\boot\spring-boot-starter-security\1.5.13.RELEASE\spring-boot-starter-security-1.5.13.RELEASE.jar;D:\develop\maven\repo\org\springframework\security\oauth\spring-security-oauth2\2.0.15.RELEASE\spring-security-oauth2-2.0.15.RELEASE.jar;D:\develop\maven\repo\org\springframework\security\spring-security-core\4.2.6.RELEASE\spring-security-core-4.2.6.RELEASE.jar;D:\develop\maven\repo\org\springframework\security\spring-security-config\4.2.6.RELEASE\spring-security-config-4.2.6.RELEASE.jar;D:\develop\maven\repo\org\springframework\social\spring-social-config\1.1.6.RELEASE\spring-social-config-1.1.6.RELEASE.jar;D:\develop\maven\repo\org\springframework\social\spring-social-core\1.1.6.RELEASE\spring-social-core-1.1.6.RELEASE.jar;D:\develop\maven\repo\org\springframework\spring-web\4.3.8.RELEASE\spring-web-4.3.8.RELEASE.jar;D:\develop\maven\repo\org\springframework\social\spring-social-security\1.1.6.RELEASE\spring-social-security-1.1.6.RELEASE.jar;D:\develop\maven\repo\org\springframework\spring-webmvc\4.3.17.RELEASE\spring-webmvc-4.3.17.RELEASE.jar;D:\develop\maven\repo\org\springframework\spring-expression\4.3.17.RELEASE\spring-expression-4.3.17.RELEASE.jar;D:\develop\maven\repo\org\springframework\security\spring-security-web\4.2.6.RELEASE\spring-security-web-4.2.6.RELEASE.jar;D:\develop\maven\repo\aopalliance\aopalliance\1.0\aopalliance-1.0.jar;D:\develop\maven\repo\org\springframework\social\spring-social-web\1.1.6.RELEASE\spring-social-web-1.1.6.RELEASE.jar;D:\develop\maven\repo\javax\inject\javax.inject\1\javax.inject-1.jar;D:\develop\workspace\code-repo\paascloud-master-master\paascloud-common\paascloud-common-base\target\paascloud-common-base-1.0.jar;D:\develop\workspace\code-repo\paascloud-master-master\paascloud-common\paascloud-security-app\target\paascloud-security-app-1.0.jar;D:\develop\workspace\code-repo\paascloud-master-master\paascloud-common\paascloud-security-core\target\paascloud-security-core-1.0.jar;D:\develop\maven\repo\commons-lang\commons-lang\2.6\commons-lang-2.6.jar;D:\develop\maven\repo\commons-collections\commons-collections\3.2.2\commons-collections-3.2.2.jar;D:\develop\maven\repo\org\springframework\cloud\spring-cloud-starter-config\1.4.3.RELEASE\spring-cloud-starter-config-1.4.3.RELEASE.jar;D:\develop\maven\repo\org\springframework\cloud\spring-cloud-starter\1.3.3.RELEASE\spring-cloud-starter-1.3.3.RELEASE.jar;D:\develop\maven\repo\org\springframework\cloud\spring-cloud-context\1.3.3.RELEASE\spring-cloud-context-1.3.3.RELEASE.jar;D:\develop\maven\repo\org\springframework\security\spring-security-rsa\1.0.3.RELEASE\spring-security-rsa-1.0.3.RELEASE.jar;D:\develop\maven\repo\org\springframework\cloud\spring-cloud-config-client\1.4.3.RELEASE\spring-cloud-config-client-1.4.3.RELEASE.jar;D:\develop\maven\repo\org\springframework\cloud\spring-cloud-starter-sleuth\1.3.3.RELEASE\spring-cloud-starter-sleuth-1.3.3.RELEASE.jar;D:\develop\maven\repo\org\springframework\cloud\spring-cloud-sleuth-core\1.3.3.RELEASE\spring-cloud-sleuth-core-1.3.3.RELEASE.jar;D:\develop\maven\repo\org\aspectj\aspectjrt\1.8.13\aspectjrt-1.8.13.jar;D:\develop\maven\repo\org\springframework\cloud\spring-cloud-sleuth-zipkin\1.3.3.RELEASE\spring-cloud-sleuth-zipkin-1.3.3.RELEASE.jar;D:\develop\maven\repo\org\springframework\cloud\spring-cloud-commons\1.3.3.RELEASE\spring-cloud-commons-1.3.3.RELEASE.jar;D:\develop\maven\repo\org\springframework\security\spring-security-crypto\4.2.6.RELEASE\spring-security-crypto-4.2.6.RELEASE.jar;D:\develop\maven\repo\org\apache\httpcomponents\httpclient\4.5.5\httpclient-4.5.5.jar;D:\develop\maven\repo\org\apache\httpcomponents\httpcore\4.4.9\httpcore-4.4.9.jar;D:\develop\maven\repo\io\zipkin\zipkin2\zipkin\2.6.1\zipkin-2.6.1.jar;D:\develop\maven\repo\io\zipkin\reporter2\zipkin-reporter\2.5.0\zipkin-reporter-2.5.0.jar;D:\develop\maven\repo\io\zipkin\reporter2\zipkin-sender-kafka11\2.5.0\zipkin-sender-kafka11-2.5.0.jar;D:\develop\maven\repo\io\zipkin\reporter2\zipkin-sender-amqp-client\2.5.0\zipkin-sender-amqp-client-2.5.0.jar;D:\develop\workspace\code-repo\paascloud-master-master\paascloud-common\paascloud-common-util\target\paascloud-common-util-1.0.jar;D:\develop\maven\repo\ch\qos\logback\logback-classic\1.1.11\logback-classic-1.1.11.jar;D:\develop\maven\repo\org\codehaus\jackson\jackson-smile\1.9.13\jackson-smile-1.9.13.jar;D:\develop\maven\repo\org\codehaus\jackson\jackson-core-asl\1.9.13\jackson-core-asl-1.9.13.jar;D:\develop\maven\repo\org\codehaus\jackson\jackson-mapper-asl\1.9.13\jackson-mapper-asl-1.9.13.jar;D:\develop\maven\repo\com\xiaoleilu\hutool-all\3.0.7\hutool-all-3.0.7.jar;D:\develop\maven\repo\commons-beanutils\commons-beanutils\1.9.3\commons-beanutils-1.9.3.jar;D:\develop\workspace\code-repo\paascloud-master-master\paascloud-common\paascloud-common-core\target\paascloud-common-core-1.0.jar;D:\develop\maven\repo\eu\bitwalker\UserAgentUtils\1.20\UserAgentUtils-1.20.jar;D:\develop\maven\repo\org\springframework\boot\spring-boot-starter-data-redis\1.5.13.RELEASE\spring-boot-starter-data-redis-1.5.13.RELEASE.jar;D:\develop\maven\repo\org\springframework\data\spring-data-redis\1.8.12.RELEASE\spring-data-redis-1.8.12.RELEASE.jar;D:\develop\maven\repo\org\springframework\data\spring-data-keyvalue\1.2.12.RELEASE\spring-data-keyvalue-1.2.12.RELEASE.jar;D:\develop\maven\repo\org\springframework\data\spring-data-commons\1.13.12.RELEASE\spring-data-commons-1.13.12.RELEASE.jar;D:\develop\maven\repo\org\springframework\spring-oxm\4.3.17.RELEASE\spring-oxm-4.3.17.RELEASE.jar;D:\develop\maven\repo\redis\clients\jedis\2.9.0\jedis-2.9.0.jar;D:\develop\maven\repo\org\apache\commons\commons-pool2\2.4.3\commons-pool2-2.4.3.jar;D:\develop\maven\repo\com\fasterxml\jackson\module\jackson-module-parameter-names\2.8.11\jackson-module-parameter-names-2.8.11.jar;D:\develop\maven\repo\com\fasterxml\jackson\datatype\jackson-datatype-jdk8\2.8.11\jackson-datatype-jdk8-2.8.11.jar;D:\develop\maven\repo\com\fasterxml\jackson\datatype\jackson-datatype-jsr310\2.8.11\jackson-datatype-jsr310-2.8.11.jar;D:\develop\workspace\code-repo\paascloud-master-master\paascloud-common\paascloud-common-config\target\paascloud-common-config-1.0.jar;D:\develop\maven\repo\com\arronlong\httpclientutil\httpclientutil\1.0\httpclientutil-1.0.jar;D:\develop\maven\repo\org\apache\httpcomponents\httpmime\4.5.5\httpmime-4.5.5.jar;D:\develop\maven\repo\org\apache\httpcomponents\httpasyncclient\4.1.3\httpasyncclient-4.1.3.jar;D:\develop\maven\repo\org\apache\httpcomponents\httpcore-nio\4.4.6\httpcore-nio-4.4.6.jar;D:\develop\maven\repo\log4j\log4j\1.2.17\log4j-1.2.17.jar;D:\develop\maven\repo\com\netflix\hystrix\hystrix-core\1.5.12\hystrix-core-1.5.12.jar;D:\develop\maven\repo\com\netflix\archaius\archaius-core\0.7.4\archaius-core-0.7.4.jar;D:\develop\maven\repo\com\google\code\findbugs\jsr305\3.0.2\jsr305-3.0.2.jar;D:\develop\maven\repo\io\reactivex\rxjava\1.2.0\rxjava-1.2.0.jar;D:\develop\maven\repo\org\hdrhistogram\HdrHistogram\2.1.9\HdrHistogram-2.1.9.jar;D:\develop\maven\repo\org\springframework\boot\spring-boot-starter-actuator\1.5.13.RELEASE\spring-boot-starter-actuator-1.5.13.RELEASE.jar;D:\develop\maven\repo\org\springframework\boot\spring-boot-actuator\1.5.13.RELEASE\spring-boot-actuator-1.5.13.RELEASE.jar;D:\develop\maven\repo\org\springframework\cloud\spring-cloud-starter-hystrix\1.4.4.RELEASE\spring-cloud-starter-hystrix-1.4.4.RELEASE.jar;D:\develop\maven\repo\org\springframework\cloud\spring-cloud-starter-netflix-hystrix\1.4.4.RELEASE\spring-cloud-starter-netflix-hystrix-1.4.4.RELEASE.jar;D:\develop\maven\repo\com\netflix\hystrix\hystrix-metrics-event-stream\1.5.12\hystrix-metrics-event-stream-1.5.12.jar;D:\develop\maven\repo\com\netflix\hystrix\hystrix-serialization\1.5.12\hystrix-serialization-1.5.12.jar;D:\develop\maven\repo\com\fasterxml\jackson\module\jackson-module-afterburner\2.8.11\jackson-module-afterburner-2.8.11.jar;D:\develop\maven\repo\com\netflix\hystrix\hystrix-javanica\1.5.12\hystrix-javanica-1.5.12.jar;D:\develop\maven\repo\org\ow2\asm\asm\5.0.4\asm-5.0.4.jar;D:\develop\maven\repo\org\springframework\boot\spring-boot-starter-web\1.5.13.RELEASE\spring-boot-starter-web-1.5.13.RELEASE.jar;D:\develop\maven\repo\org\springframework\boot\spring-boot-starter-tomcat\1.5.13.RELEASE\spring-boot-starter-tomcat-1.5.13.RELEASE.jar;D:\develop\maven\repo\org\apache\tomcat\embed\tomcat-embed-core\8.5.31\tomcat-embed-core-8.5.31.jar;D:\develop\maven\repo\org\apache\tomcat\tomcat-annotations-api\8.5.31\tomcat-annotations-api-8.5.31.jar;D:\develop\maven\repo\org\apache\tomcat\embed\tomcat-embed-websocket\8.5.31\tomcat-embed-websocket-8.5.31.jar;D:\develop\maven\repo\org\hibernate\hibernate-validator\5.3.6.Final\hibernate-validator-5.3.6.Final.jar;D:\develop\maven\repo\javax\validation\validation-api\1.1.0.Final\validation-api-1.1.0.Final.jar;D:\develop\maven\repo\org\jboss\logging\jboss-logging\3.3.2.Final\jboss-logging-3.3.2.Final.jar;D:\develop\maven\repo\net\logstash\logback\logstash-logback-encoder\4.6\logstash-logback-encoder-4.6.jar;D:\develop\maven\repo\ch\qos\logback\logback-core\1.1.11\logback-core-1.1.11.jar;D:\develop\maven\repo\com\google\guava\guava\17.0\guava-17.0.jar;D:\develop\maven\repo\org\springframework\boot\spring-boot-starter-validation\1.5.13.RELEASE\spring-boot-starter-validation-1.5.13.RELEASE.jar;D:\develop\maven\repo\org\apache\tomcat\embed\tomcat-embed-el\8.5.31\tomcat-embed-el-8.5.31.jar;D:\develop\maven\repo\io\springfox\springfox-swagger-ui\2.6.1\springfox-swagger-ui-2.6.1.jar;D:\develop\maven\repo\io\springfox\springfox-spring-web\2.6.1\springfox-spring-web-2.6.1.jar;D:\develop\maven\repo\io\springfox\springfox-swagger2\2.6.1\springfox-swagger2-2.6.1.jar;D:\develop\maven\repo\io\swagger\swagger-annotations\1.5.10\swagger-annotations-1.5.10.jar;D:\develop\maven\repo\io\swagger\swagger-models\1.5.10\swagger-models-1.5.10.jar;D:\develop\maven\repo\io\springfox\springfox-spi\2.6.1\springfox-spi-2.6.1.jar;D:\develop\maven\repo\io\springfox\springfox-core\2.6.1\springfox-core-2.6.1.jar;D:\develop\maven\repo\io\springfox\springfox-schema\2.6.1\springfox-schema-2.6.1.jar;D:\develop\maven\repo\io\springfox\springfox-swagger-common\2.6.1\springfox-swagger-common-2.6.1.jar;D:\develop\maven\repo\com\fasterxml\classmate\1.3.4\classmate-1.3.4.jar;D:\develop\maven\repo\org\springframework\plugin\spring-plugin-core\1.2.0.RELEASE\spring-plugin-core-1.2.0.RELEASE.jar;D:\develop\maven\repo\org\springframework\plugin\spring-plugin-metadata\1.2.0.RELEASE\spring-plugin-metadata-1.2.0.RELEASE.jar;D:\develop\maven\repo\org\mapstruct\mapstruct\1.0.0.Final\mapstruct-1.0.0.Final.jar;D:\develop\maven\repo\commons-codec\commons-codec\1.10\commons-codec-1.10.jar;D:\develop\maven\repo\org\springframework\boot\spring-boot-starter-test\1.5.13.RELEASE\spring-boot-starter-test-1.5.13.RELEASE.jar;D:\develop\maven\repo\org\springframework\boot\spring-boot-test\1.5.13.RELEASE\spring-boot-test-1.5.13.RELEASE.jar;D:\develop\maven\repo\org\springframework\boot\spring-boot-test-autoconfigure\1.5.13.RELEASE\spring-boot-test-autoconfigure-1.5.13.RELEASE.jar;D:\develop\maven\repo\com\jayway\jsonpath\json-path\2.2.0\json-path-2.2.0.jar;D:\develop\maven\repo\net\minidev\json-smart\2.2.1\json-smart-2.2.1.jar;D:\develop\maven\repo\net\minidev\accessors-smart\1.1\accessors-smart-1.1.jar;D:\develop\maven\repo\junit\junit\4.12\junit-4.12.jar;D:\develop\maven\repo\org\assertj\assertj-core\2.6.0\assertj-core-2.6.0.jar;D:\develop\maven\repo\org\mockito\mockito-core\1.10.19\mockito-core-1.10.19.jar;D:\develop\maven\repo\org\objenesis\objenesis\2.5.1\objenesis-2.5.1.jar;D:\develop\maven\repo\org\hamcrest\hamcrest-core\1.3\hamcrest-core-1.3.jar;D:\develop\maven\repo\org\hamcrest\hamcrest-library\1.3\hamcrest-library-1.3.jar;D:\develop\maven\repo\org\skyscreamer\jsonassert\1.4.0\jsonassert-1.4.0.jar;D:\develop\maven\repo\com\vaadin\external\google\android-json\0.0.20131108.vaadin1\android-json-0.0.20131108.vaadin1.jar;D:\develop\maven\repo\org\springframework\spring-core\4.3.11.RELEASE\spring-core-4.3.11.RELEASE.jar;D:\develop\maven\repo\org\springframework\spring-test\4.3.17.RELEASE\spring-test-4.3.17.RELEASE.jar;D:\develop\maven\repo\com\alibaba\druid\1.0.29\druid-1.0.29.jar;D:\develop\Java\jdk1.8.0_181\jre\..\lib\jconsole.jar;D:\develop\Java\jdk1.8.0_181\jre\..\lib\tools.jar;D:\develop\maven\repo\org\mybatis\generator\mybatis-generator-core\1.3.5\mybatis-generator-core-1.3.5.jar;D:\develop\maven\repo\org\springframework\boot\spring-boot-configuration-processor\1.5.13.RELEASE\spring-boot-configuration-processor-1.5.13.RELEASE.jar;D:\develop\maven\repo\org\springframework\boot\spring-boot-devtools\1.5.13.RELEASE\spring-boot-devtools-1.5.13.RELEASE.jar;D:\develop\maven\repo\org\springframework\boot\spring-boot\1.5.13.RELEASE\spring-boot-1.5.13.RELEASE.jar;D:\develop\maven\repo\org\springframework\boot\spring-boot-starter-aop\1.5.13.RELEASE\spring-boot-starter-aop-1.5.13.RELEASE.jar;D:\develop\maven\repo\org\springframework\spring-aop\4.3.17.RELEASE\spring-aop-4.3.17.RELEASE.jar;D:\develop\maven\repo\org\modelmapper\modelmapper\1.1.2\modelmapper-1.1.2.jar;D:\develop\maven\repo\org\jolokia\jolokia-core\1.3.7\jolokia-core-1.3.7.jar;D:\develop\maven\repo\com\googlecode\json-simple\json-simple\1.1.1\json-simple-1.1.1.jar;D:\develop\maven\repo\org\springframework\security\spring-security-jwt\1.0.9.RELEASE\spring-security-jwt-1.0.9.RELEASE.jar;D:\develop\maven\repo\org\bouncycastle\bcpkix-jdk15on\1.56\bcpkix-jdk15on-1.56.jar;D:\develop\maven\repo\org\bouncycastle\bcprov-jdk15on\1.56\bcprov-jdk15on-1.56.jar;D:\develop\maven\repo\org\liquibase\liquibase-core\3.5.3\liquibase-core-3.5.3.jar;D:\develop\maven\repo\org\yaml\snakeyaml\1.17\snakeyaml-1.17.jar;D:\develop\maven\repo\org\springframework\cloud\spring-cloud-starter-zipkin\1.3.3.RELEASE\spring-cloud-starter-zipkin-1.3.3.RELEASE.jar;D:\develop\maven\repo\org\springframework\amqp\spring-rabbit\1.7.7.RELEASE\spring-rabbit-1.7.7.RELEASE.jar;D:\develop\maven\repo\org\springframework\retry\spring-retry\1.2.2.RELEASE\spring-retry-1.2.2.RELEASE.jar;D:\develop\maven\repo\com\rabbitmq\http-client\1.1.1.RELEASE\http-client-1.1.1.RELEASE.jar;D:\develop\maven\repo\com\rabbitmq\amqp-client\4.0.3\amqp-client-4.0.3.jar;D:\develop\maven\repo\org\springframework\spring-messaging\4.3.17.RELEASE\spring-messaging-4.3.17.RELEASE.jar;D:\develop\maven\repo\org\springframework\spring-context\4.3.8.RELEASE\spring-context-4.3.8.RELEASE.jar;D:\develop\maven\repo\org\springframework\amqp\spring-amqp\1.7.7.RELEASE\spring-amqp-1.7.7.RELEASE.jar;D:\develop\maven\repo\org\springframework\cloud\spring-cloud-starter-netflix-eureka-client\1.4.4.RELEASE\spring-cloud-starter-netflix-eureka-client-1.4.4.RELEASE.jar;D:\develop\maven\repo\org\springframework\cloud\spring-cloud-netflix-core\1.4.4.RELEASE\spring-cloud-netflix-core-1.4.4.RELEASE.jar;D:\develop\maven\repo\org\springframework\cloud\spring-cloud-netflix-eureka-client\1.4.4.RELEASE\spring-cloud-netflix-eureka-client-1.4.4.RELEASE.jar;D:\develop\maven\repo\com\netflix\eureka\eureka-client\1.7.2\eureka-client-1.7.2.jar;D:\develop\maven\repo\org\codehaus\jettison\jettison\1.2\jettison-1.2.jar;D:\develop\maven\repo\stax\stax-api\1.0.1\stax-api-1.0.1.jar;D:\develop\maven\repo\com\netflix\netflix-commons\netflix-eventbus\0.3.0\netflix-eventbus-0.3.0.jar;D:\develop\maven\repo\com\netflix\netflix-commons\netflix-infix\0.3.0\netflix-infix-0.3.0.jar;D:\develop\maven\repo\commons-jxpath\commons-jxpath\1.3\commons-jxpath-1.3.jar;D:\develop\maven\repo\org\antlr\antlr-runtime\3.4\antlr-runtime-3.4.jar;D:\develop\maven\repo\org\antlr\stringtemplate\3.2.1\stringtemplate-3.2.1.jar;D:\develop\maven\repo\antlr\antlr\2.7.7\antlr-2.7.7.jar;D:\develop\maven\repo\com\google\code\gson\gson\2.8.4\gson-2.8.4.jar;D:\develop\maven\repo\org\apache\commons\commons-math\2.2\commons-math-2.2.jar;D:\develop\maven\repo\javax\ws\rs\jsr311-api\1.1.1\jsr311-api-1.1.1.jar;D:\develop\maven\repo\com\netflix\servo\servo-core\0.10.1\servo-core-0.10.1.jar;D:\develop\maven\repo\com\netflix\servo\servo-internal\0.10.1\servo-internal-0.10.1.jar;D:\develop\maven\repo\com\sun\jersey\jersey-core\1.19.1\jersey-core-1.19.1.jar;D:\develop\maven\repo\com\sun\jersey\jersey-client\1.19.1\jersey-client-1.19.1.jar;D:\develop\maven\repo\com\sun\jersey\contribs\jersey-apache-client4\1.19.1\jersey-apache-client4-1.19.1.jar;D:\develop\maven\repo\com\google\inject\guice\3.0\guice-3.0.jar;D:\develop\maven\repo\com\netflix\eureka\eureka-core\1.7.2\eureka-core-1.7.2.jar;D:\develop\maven\repo\org\codehaus\woodstox\woodstox-core-asl\4.4.1\woodstox-core-asl-4.4.1.jar;D:\develop\maven\repo\javax\xml\stream\stax-api\1.0-2\stax-api-1.0-2.jar;D:\develop\maven\repo\org\codehaus\woodstox\stax2-api\3.1.4\stax2-api-3.1.4.jar;D:\develop\maven\repo\org\springframework\cloud\spring-cloud-starter-netflix-archaius\1.4.4.RELEASE\spring-cloud-starter-netflix-archaius-1.4.4.RELEASE.jar;D:\develop\maven\repo\commons-configuration\commons-configuration\1.8\commons-configuration-1.8.jar;D:\develop\maven\repo\org\springframework\cloud\spring-cloud-starter-netflix-ribbon\1.4.4.RELEASE\spring-cloud-starter-netflix-ribbon-1.4.4.RELEASE.jar;D:\develop\maven\repo\com\netflix\ribbon\ribbon\2.2.5\ribbon-2.2.5.jar;D:\develop\maven\repo\com\netflix\ribbon\ribbon-transport\2.2.5\ribbon-transport-2.2.5.jar;D:\develop\maven\repo\io\reactivex\rxnetty-contexts\0.4.9\rxnetty-contexts-0.4.9.jar;D:\develop\maven\repo\io\reactivex\rxnetty-servo\0.4.9\rxnetty-servo-0.4.9.jar;D:\develop\maven\repo\io\reactivex\rxnetty\0.4.9\rxnetty-0.4.9.jar;D:\develop\maven\repo\io\netty\netty-codec-http\4.0.27.Final\netty-codec-http-4.0.27.Final.jar;D:\develop\maven\repo\io\netty\netty-codec\4.0.27.Final\netty-codec-4.0.27.Final.jar;D:\develop\maven\repo\io\netty\netty-handler\4.0.27.Final\netty-handler-4.0.27.Final.jar;D:\develop\maven\repo\io\netty\netty-transport-native-epoll\4.0.27.Final\netty-transport-native-epoll-4.0.27.Final.jar;D:\develop\maven\repo\io\netty\netty-common\4.0.27.Final\netty-common-4.0.27.Final.jar;D:\develop\maven\repo\io\netty\netty-buffer\4.0.27.Final\netty-buffer-4.0.27.Final.jar;D:\develop\maven\repo\io\netty\netty-transport\4.0.27.Final\netty-transport-4.0.27.Final.jar;D:\develop\maven\repo\com\netflix\ribbon\ribbon-core\2.2.5\ribbon-core-2.2.5.jar;D:\develop\maven\repo\com\netflix\ribbon\ribbon-httpclient\2.2.5\ribbon-httpclient-2.2.5.jar;D:\develop\maven\repo\com\netflix\netflix-commons\netflix-commons-util\0.1.1\netflix-commons-util-0.1.1.jar;D:\develop\maven\repo\com\netflix\ribbon\ribbon-loadbalancer\2.2.5\ribbon-loadbalancer-2.2.5.jar;D:\develop\maven\repo\com\netflix\netflix-commons\netflix-statistics\0.1.1\netflix-statistics-0.1.1.jar;D:\develop\maven\repo\com\netflix\ribbon\ribbon-eureka\2.2.5\ribbon-eureka-2.2.5.jar;D:\develop\maven\repo\com\thoughtworks\xstream\xstream\1.4.10\xstream-1.4.10.jar;D:\develop\maven\repo\xmlpull\xmlpull\1.1.3.1\xmlpull-1.1.3.1.jar;D:\develop\maven\repo\xpp3\xpp3_min\1.1.4c\xpp3_min-1.1.4c.jar;, user.name=lenovo, idea.version2019.2.1=true, java.vm.specification.version=1.8, sun.java.command=D:\develop\workspace\code-repo\paascloud-master-master\paascloud-provider\paascloud-provider-uac\target\surefire\surefirebooter6302798505136300258.jar D:\develop\workspace\code-repo\paascloud-master-master\paascloud-provider\paascloud-provider-uac\target\surefire\surefire3255170475323550853tmp D:\develop\workspace\code-repo\paascloud-master-master\paascloud-provider\paascloud-provider-uac\target\surefire\surefire_12134819718800819556tmp, java.home=D:\develop\Java\jdk1.8.0_181\jre, sun.arch.data.model=64, user.language=zh, java.specification.vendor=Oracle Corporation, awt.toolkit=sun.awt.windows.WToolkit, java.vm.info=mixed mode, java.version=1.8.0_181, java.ext.dirs=D:\develop\Java\jdk1.8.0_181\jre\lib\ext;C:\WINDOWS\Sun\Java\lib\ext, sun.boot.class.path=D:\develop\Java\jdk1.8.0_181\jre\lib\resources.jar;D:\develop\Java\jdk1.8.0_181\jre\lib\rt.jar;D:\develop\Java\jdk1.8.0_181\jre\lib\sunrsasign.jar;D:\develop\Java\jdk1.8.0_181\jre\lib\jsse.jar;D:\develop\Java\jdk1.8.0_181\jre\lib\jce.jar;D:\develop\Java\jdk1.8.0_181\jre\lib\charsets.jar;D:\develop\Java\jdk1.8.0_181\jre\lib\jfr.jar;D:\develop\Java\jdk1.8.0_181\jre\classes, java.vendor=Oracle Corporation, localRepository=D:\develop\maven\repo, file.separator=\, java.vendor.url.bug=http://bugreport.sun.com/bugreport/, sun.io.unicode.encoding=UnicodeLittle, sun.cpu.endian=little, sun.desktop=windows, sun.cpu.isalist=amd64}}, SystemEnvironmentPropertySource@915349526 {name='systemEnvironment', properties={PATH=C:\Program Files (x86)\Common Files\Oracle\Java\javapath;C:\WINDOWS\system32;C:\WINDOWS;C:\WINDOWS\System32\Wbem;C:\WINDOWS\System32\WindowsPowerShell\v1.0\;C:\WINDOWS\System32\OpenSSH\;D:\develop\Java\jdk1.8.0_181\bin;D:\develop\Java\jdk1.8.0_181\jre\bin;D:\develop\maven\apache-maven-3.6.1\bin;D:\develop\Git\bin;D:\software\TortoiseGit\bin;D:\develop\scala\bin;D:\develop\scala\bin;D:\develop\scala\jre\bin;D:\software\nodejs\;C:\Users\lenovo\AppData\Local\Microsoft\WindowsApps;C:\Users\lenovo\AppData\Roaming\npm;C:\Program Files\Bandizip\, USERDOMAIN_ROAMINGPROFILE=XIESEN, LOCALAPPDATA=C:\Users\lenovo\AppData\Local, PROCESSOR_LEVEL=6, SYSTEMDRIVE=C:, COMMONPROGRAMFILES(X86)=C:\Program Files (x86)\Common Files, USERDOMAIN=XIESEN, FPS_BROWSER_APP_PROFILE_STRING=Internet Explorer, LOGONSERVER=\\XIESEN, JAVA_HOME=D:\develop\Java\jdk1.8.0_181, PROMPT=$P$G, SESSIONNAME=Console, ALLUSERSPROFILE=C:\ProgramData, PROGRAMFILES(X86)=C:\Program Files (x86), PROCESSOR_ARCHITECTURE=AMD64, DRIVERDATA=C:\Windows\System32\Drivers\DriverData, MAVEN_HOME=D:\develop\maven\apache-maven-3.6.1, PROGRAMFILES=C:\Program Files, APPDATA=C:\Users\lenovo\AppData\Roaming, PSMODULEPATH=C:\Program Files\WindowsPowerShell\Modules;C:\WINDOWS\system32\WindowsPowerShell\v1.0\Modules, PROGRAMW6432=C:\Program Files, PROGRAMDATA=C:\ProgramData, SYSTEMROOT=C:\WINDOWS, USERNAME=lenovo, SCALA_HOME=D:\develop\scala, FPS_BROWSER_USER_PROFILE_STRING=Default, PATHEXT=.COM;.EXE;.BAT;.CMD;.VBS;.VBE;.JS;.JSE;.WSF;.WSH;.MSC, OS=Windows_NT, COMMONPROGRAMW6432=C:\Program Files\Common Files, COMPUTERNAME=XIESEN, COMMONPROGRAMFILES=C:\Program Files\Common Files, COMSPEC=C:\WINDOWS\system32\cmd.exe, PROCESSOR_REVISION=3c03, CLASSPATH=.;D:\develop\scala\bin;D:\develop\scala\lib\dt.jar;D:\develop\scala\lib\tools.jar.;, WINDIR=C:\WINDOWS, =D:=D:\develop\workspace\code-repo\paascloud-master-master\paascloud-provider\paascloud-provider-uac, HOMEPATH=\Users\lenovo, TEMP=C:\Users\lenovo\AppData\Local\Temp, HOMEDRIVE=C:, PROCESSOR_IDENTIFIER=Intel64 Family 6 Model 60 Stepping 3, GenuineIntel, USERPROFILE=C:\Users\lenovo, TMP=C:\Users\lenovo\AppData\Local\Temp, #ENVTSLOGSSS5752=70393216, PUBLIC=C:\Users\Public, NUMBER_OF_PROCESSORS=4, =::=::\, IDEA_INITIAL_DIRECTORY=C:\Users\lenovo\Desktop}}]
14:32:04.383 [main] INFO org.springframework.boot.test.context.SpringBootTestContextBootstrapper - Found @SpringBootConfiguration com.paascloud.PaasCloudUacApplication for test class com.paascloud.provider.UacMenuServiceTest
14:32:04.388 [main] DEBUG org.springframework.boot.test.context.SpringBootTestContextBootstrapper - @TestExecutionListeners is not present for class [com.paascloud.provider.UacMenuServiceTest]: using defaults.
14:32:04.407 [main] INFO org.springframework.boot.test.context.SpringBootTestContextBootstrapper - Loaded default TestExecutionListener class names from location [META-INF/spring.factories]: [org.springframework.boot.test.mock.mockito.MockitoTestExecutionListener, org.springframework.boot.test.mock.mockito.ResetMocksTestExecutionListener, org.springframework.boot.test.autoconfigure.restdocs.RestDocsTestExecutionListener, org.springframework.boot.test.autoconfigure.web.client.MockRestServiceServerResetTestExecutionListener, org.springframework.boot.test.autoconfigure.web.servlet.MockMvcPrintOnlyOnFailureTestExecutionListener, org.springframework.boot.test.autoconfigure.web.servlet.WebDriverTestExecutionListener, org.springframework.test.context.web.ServletTestExecutionListener, org.springframework.test.context.support.DirtiesContextBeforeModesTestExecutionListener, org.springframework.test.context.support.DependencyInjectionTestExecutionListener, org.springframework.test.context.support.DirtiesContextTestExecutionListener, org.springframework.test.context.transaction.TransactionalTestExecutionListener, org.springframework.test.context.jdbc.SqlScriptsTestExecutionListener]
14:32:04.419 [main] INFO org.springframework.boot.test.context.SpringBootTestContextBootstrapper - Using TestExecutionListeners: [org.springframework.test.context.web.ServletTestExecutionListener@2a5c8d3f, org.springframework.test.context.support.DirtiesContextBeforeModesTestExecutionListener@752325ad, org.springframework.boot.test.mock.mockito.MockitoTestExecutionListener@279fedbd, org.springframework.boot.test.autoconfigure.SpringBootDependencyInjectionTestExecutionListener@b3ca52e, org.springframework.test.context.support.DirtiesContextTestExecutionListener@45c7e403, org.springframework.test.context.transaction.TransactionalTestExecutionListener@2925bf5b, org.springframework.test.context.jdbc.SqlScriptsTestExecutionListener@710f4dc7, org.springframework.boot.test.mock.mockito.ResetMocksTestExecutionListener@1ff4931d, org.springframework.boot.test.autoconfigure.restdocs.RestDocsTestExecutionListener@65e98b1c, org.springframework.boot.test.autoconfigure.web.client.MockRestServiceServerResetTestExecutionListener@61322f9d, org.springframework.boot.test.autoconfigure.web.servlet.MockMvcPrintOnlyOnFailureTestExecutionListener@6ad82709, org.springframework.boot.test.autoconfigure.web.servlet.WebDriverTestExecutionListener@510f3d34]
14:32:04.421 [main] DEBUG org.springframework.test.context.junit4.SpringJUnit4ClassRunner - SpringJUnit4ClassRunner constructor called with [class com.paascloud.provider.UacRoleServiceTest]
14:32:04.421 [main] DEBUG org.springframework.test.context.BootstrapUtils - Instantiating CacheAwareContextLoaderDelegate from class [org.springframework.test.context.cache.DefaultCacheAwareContextLoaderDelegate]
14:32:04.422 [main] DEBUG org.springframework.test.context.BootstrapUtils - Instantiating BootstrapContext using constructor [public org.springframework.test.context.support.DefaultBootstrapContext(java.lang.Class,org.springframework.test.context.CacheAwareContextLoaderDelegate)]
14:32:04.422 [main] DEBUG org.springframework.test.context.BootstrapUtils - Instantiating TestContextBootstrapper for test class [com.paascloud.provider.UacRoleServiceTest] from class [org.springframework.boot.test.context.SpringBootTestContextBootstrapper]
14:32:04.425 [main] INFO org.springframework.boot.test.context.SpringBootTestContextBootstrapper - Neither @ContextConfiguration nor @ContextHierarchy found for test class [com.paascloud.provider.UacRoleServiceTest], using SpringBootContextLoader
14:32:04.427 [main] DEBUG org.springframework.test.context.support.AbstractContextLoader - Did not detect default resource location for test class [com.paascloud.provider.UacRoleServiceTest]: class path resource [com/paascloud/provider/UacRoleServiceTest-context.xml] does not exist
14:32:04.428 [main] DEBUG org.springframework.test.context.support.AbstractContextLoader - Did not detect default resource location for test class [com.paascloud.provider.UacRoleServiceTest]: class path resource [com/paascloud/provider/UacRoleServiceTestContext.groovy] does not exist
14:32:04.428 [main] INFO org.springframework.test.context.support.AbstractContextLoader - Could not detect default resource locations for test class [com.paascloud.provider.UacRoleServiceTest]: no resource found for suffixes {-context.xml, Context.groovy}.
14:32:04.429 [main] INFO org.springframework.test.context.support.AnnotationConfigContextLoaderUtils - Could not detect default configuration classes for test class [com.paascloud.provider.UacRoleServiceTest]: UacRoleServiceTest does not declare any static, non-private, non-final, nested classes annotated with @Configuration.
14:32:04.445 [main] DEBUG org.springframework.test.context.support.ActiveProfilesUtils - Could not find an 'annotation declaring class' for annotation type [org.springframework.test.context.ActiveProfiles] and class [com.paascloud.provider.UacRoleServiceTest]
14:32:04.446 [main] DEBUG org.springframework.core.env.StandardEnvironment - Adding PropertySource 'systemProperties' with lowest search precedence
14:32:04.447 [main] DEBUG org.springframework.core.env.StandardEnvironment - Adding PropertySource 'systemEnvironment' with lowest search precedence
14:32:04.459 [main] DEBUG org.springframework.core.env.StandardEnvironment - Initialized StandardEnvironment with PropertySources [MapPropertySource@422330142 {name='systemProperties', properties={java.runtime.name=Java(TM) SE Runtime Environment, sun.boot.library.path=D:\develop\Java\jdk1.8.0_181\jre\bin, java.vm.version=25.181-b13, java.vm.vendor=Oracle Corporation, java.vendor.url=http://java.oracle.com/, path.separator=;, java.vm.name=Java HotSpot(TM) 64-Bit Server VM, file.encoding.pkg=sun.io, user.country=CN, user.script=, sun.java.launcher=SUN_STANDARD, sun.os.patch.level=, java.vm.specification.name=Java Virtual Machine Specification, user.dir=D:\develop\workspace\code-repo\paascloud-master-master\paascloud-provider\paascloud-provider-uac, java.runtime.version=1.8.0_181-b13, basedir=D:\develop\workspace\code-repo\paascloud-master-master\paascloud-provider\paascloud-provider-uac, java.awt.graphicsenv=sun.awt.Win32GraphicsEnvironment, java.endorsed.dirs=D:\develop\Java\jdk1.8.0_181\jre\lib\endorsed, os.arch=amd64, surefire.real.class.path=D:\develop\workspace\code-repo\paascloud-master-master\paascloud-provider\paascloud-provider-uac\target\surefire\surefirebooter6302798505136300258.jar, java.io.tmpdir=C:\Users\lenovo\AppData\Local\Temp\, line.separator=
, java.vm.specification.vendor=Oracle Corporation, user.variant=, os.name=Windows 10, sun.jnu.encoding=GBK, java.library.path=D:\develop\Java\jdk1.8.0_181\jre\bin;C:\WINDOWS\Sun\Java\bin;C:\WINDOWS\system32;C:\WINDOWS;C:\Program Files (x86)\Common Files\Oracle\Java\javapath;C:\WINDOWS\system32;C:\WINDOWS;C:\WINDOWS\System32\Wbem;C:\WINDOWS\System32\WindowsPowerShell\v1.0\;C:\WINDOWS\System32\OpenSSH\;D:\develop\Java\jdk1.8.0_181\bin;D:\develop\Java\jdk1.8.0_181\jre\bin;D:\develop\maven\apache-maven-3.6.1\bin;D:\develop\Git\bin;D:\software\TortoiseGit\bin;D:\develop\scala\bin;D:\develop\scala\bin;D:\develop\scala\jre\bin;D:\software\nodejs\;C:\Users\lenovo\AppData\Local\Microsoft\WindowsApps;C:\Users\lenovo\AppData\Roaming\npm;C:\Program Files\Bandizip\;., surefire.test.class.path=D:\develop\workspace\code-repo\paascloud-master-master\paascloud-provider\paascloud-provider-uac\target\test-classes;D:\develop\workspace\code-repo\paascloud-master-master\paascloud-provider\paascloud-provider-uac\target\classes;D:\develop\maven\repo\mysql\mysql-connector-java\5.1.39\mysql-connector-java-5.1.39.jar;D:\develop\maven\repo\io\jsonwebtoken\jjwt\0.7.0\jjwt-0.7.0.jar;D:\develop\maven\repo\joda-time\joda-time\2.9.6\joda-time-2.9.6.jar;D:\develop\maven\repo\org\mybatis\spring\boot\mybatis-spring-boot-starter\1.2.0\mybatis-spring-boot-starter-1.2.0.jar;D:\develop\maven\repo\org\springframework\boot\spring-boot-starter\1.5.13.RELEASE\spring-boot-starter-1.5.13.RELEASE.jar;D:\develop\maven\repo\org\springframework\boot\spring-boot-starter-logging\1.5.13.RELEASE\spring-boot-starter-logging-1.5.13.RELEASE.jar;D:\develop\maven\repo\org\slf4j\jcl-over-slf4j\1.7.25\jcl-over-slf4j-1.7.25.jar;D:\develop\maven\repo\org\slf4j\jul-to-slf4j\1.7.25\jul-to-slf4j-1.7.25.jar;D:\develop\maven\repo\org\slf4j\log4j-over-slf4j\1.7.25\log4j-over-slf4j-1.7.25.jar;D:\develop\maven\repo\org\springframework\boot\spring-boot-starter-jdbc\1.5.13.RELEASE\spring-boot-starter-jdbc-1.5.13.RELEASE.jar;D:\develop\maven\repo\org\apache\tomcat\tomcat-jdbc\8.5.31\tomcat-jdbc-8.5.31.jar;D:\develop\maven\repo\org\apache\tomcat\tomcat-juli\8.5.31\tomcat-juli-8.5.31.jar;D:\develop\maven\repo\org\springframework\spring-jdbc\4.3.17.RELEASE\spring-jdbc-4.3.17.RELEASE.jar;D:\develop\maven\repo\org\mybatis\spring\boot\mybatis-spring-boot-autoconfigure\1.2.0\mybatis-spring-boot-autoconfigure-1.2.0.jar;D:\develop\maven\repo\org\mybatis\mybatis\3.4.2\mybatis-3.4.2.jar;D:\develop\maven\repo\org\mybatis\mybatis-spring\1.3.1\mybatis-spring-1.3.1.jar;D:\develop\maven\repo\tk\mybatis\mapper-spring-boot-starter\1.1.1\mapper-spring-boot-starter-1.1.1.jar;D:\develop\maven\repo\tk\mybatis\mapper-spring-boot-autoconfigure\1.1.1\mapper-spring-boot-autoconfigure-1.1.1.jar;D:\develop\maven\repo\tk\mybatis\mapper\3.4.0\mapper-3.4.0.jar;D:\develop\maven\repo\javax\persistence\persistence-api\1.0\persistence-api-1.0.jar;D:\develop\maven\repo\com\github\pagehelper\pagehelper-spring-boot-starter\1.1.2\pagehelper-spring-boot-starter-1.1.2.jar;D:\develop\maven\repo\com\github\pagehelper\pagehelper-spring-boot-autoconfigure\1.1.2\pagehelper-spring-boot-autoconfigure-1.1.2.jar;D:\develop\maven\repo\com\github\pagehelper\pagehelper\5.0.3\pagehelper-5.0.3.jar;D:\develop\maven\repo\com\github\jsqlparser\jsqlparser\1.0\jsqlparser-1.0.jar;D:\develop\maven\repo\com\alibaba\druid-spring-boot-starter\1.1.0\druid-spring-boot-starter-1.1.0.jar;D:\develop\maven\repo\org\springframework\boot\spring-boot-autoconfigure\1.5.13.RELEASE\spring-boot-autoconfigure-1.5.13.RELEASE.jar;D:\develop\maven\repo\com\fasterxml\jackson\core\jackson-databind\2.8.4\jackson-databind-2.8.4.jar;D:\develop\maven\repo\com\fasterxml\jackson\core\jackson-annotations\2.8.0\jackson-annotations-2.8.0.jar;D:\develop\maven\repo\com\fasterxml\jackson\core\jackson-core\2.8.11\jackson-core-2.8.11.jar;D:\develop\workspace\code-repo\paascloud-master-master\paascloud-provider-api\paascloud-provider-uac-api\target\paascloud-provider-uac-api-1.0.jar;D:\develop\workspace\code-repo\paascloud-master-master\paascloud-common\paascloud-security-feign\target\paascloud-security-feign-1.0.jar;D:\develop\workspace\code-repo\paascloud-master-master\paascloud-provider-api\paascloud-provider-mdc-api\target\paascloud-provider-mdc-api-1.0.jar;D:\develop\workspace\code-repo\paascloud-master-master\paascloud-provider-api\paascloud-provider-omc-api\target\paascloud-provider-omc-api-1.0.jar;D:\develop\workspace\code-repo\paascloud-master-master\paascloud-provider-api\paascloud-provider-opc-api\target\paascloud-provider-opc-api-1.0.jar;D:\develop\maven\repo\io\github\openfeign\form\feign-form\3.0.3\feign-form-3.0.3.jar;D:\develop\maven\repo\io\github\openfeign\form\feign-form-spring\3.0.3\feign-form-spring-3.0.3.jar;D:\develop\workspace\code-repo\paascloud-master-master\paascloud-provider-api\paascloud-provider-sdk-api\target\paascloud-provider-sdk-api-1.0.jar;D:\develop\maven\repo\org\projectlombok\lombok\1.16.14\lombok-1.16.14.jar;D:\develop\workspace\code-repo\paascloud-master-master\paascloud-provider-api\paascloud-provider-tpc-api\target\paascloud-provider-tpc-api-1.0.jar;D:\develop\workspace\code-repo\paascloud-master-master\paascloud-common\paascloud-common-zk\target\paascloud-common-zk-1.0.jar;D:\develop\maven\repo\org\apache\curator\curator-framework\2.10.0\curator-framework-2.10.0.jar;D:\develop\maven\repo\org\apache\curator\curator-client\2.10.0\curator-client-2.10.0.jar;D:\develop\maven\repo\org\apache\zookeeper\zookeeper\3.4.6\zookeeper-3.4.6.jar;D:\develop\maven\repo\jline\jline\2.14.6\jline-2.14.6.jar;D:\develop\maven\repo\io\netty\netty\3.7.0.Final\netty-3.7.0.Final.jar;D:\develop\maven\repo\org\apache\curator\curator-recipes\2.10.0\curator-recipes-2.10.0.jar;D:\develop\maven\repo\com\alibaba\fastjson\1.2.29\fastjson-1.2.29.jar;D:\develop\maven\repo\org\aspectj\aspectjweaver\1.8.13\aspectjweaver-1.8.13.jar;D:\develop\maven\repo\org\springframework\spring-tx\4.3.11.RELEASE\spring-tx-4.3.11.RELEASE.jar;D:\develop\maven\repo\org\springframework\spring-beans\4.3.17.RELEASE\spring-beans-4.3.17.RELEASE.jar;D:\develop\maven\repo\org\apache\rocketmq\rocketmq-client\4.1.0-incubating\rocketmq-client-4.1.0-incubating.jar;D:\develop\maven\repo\org\apache\rocketmq\rocketmq-common\4.1.0-incubating\rocketmq-common-4.1.0-incubating.jar;D:\develop\maven\repo\org\apache\rocketmq\rocketmq-remoting\4.1.0-incubating\rocketmq-remoting-4.1.0-incubating.jar;D:\develop\maven\repo\io\netty\netty-all\4.0.56.Final\netty-all-4.0.56.Final.jar;D:\develop\maven\repo\org\slf4j\slf4j-api\1.7.25\slf4j-api-1.7.25.jar;D:\develop\maven\repo\org\apache\commons\commons-lang3\3.5\commons-lang3-3.5.jar;D:\develop\maven\repo\de\codecentric\spring-boot-admin-starter-client\1.5.7\spring-boot-admin-starter-client-1.5.7.jar;D:\develop\maven\repo\de\codecentric\spring-boot-admin-client\1.5.7\spring-boot-admin-client-1.5.7.jar;D:\develop\maven\repo\org\springframework\boot\spring-boot-starter-freemarker\1.5.13.RELEASE\spring-boot-starter-freemarker-1.5.13.RELEASE.jar;D:\develop\maven\repo\org\freemarker\freemarker\2.3.28\freemarker-2.3.28.jar;D:\develop\maven\repo\org\springframework\spring-context-support\4.3.17.RELEASE\spring-context-support-4.3.17.RELEASE.jar;D:\develop\maven\repo\org\springframework\cloud\spring-cloud-starter-feign\1.4.4.RELEASE\spring-cloud-starter-feign-1.4.4.RELEASE.jar;D:\develop\maven\repo\org\springframework\cloud\spring-cloud-starter-openfeign\1.4.4.RELEASE\spring-cloud-starter-openfeign-1.4.4.RELEASE.jar;D:\develop\maven\repo\io\github\openfeign\feign-core\9.5.0\feign-core-9.5.0.jar;D:\develop\maven\repo\org\jvnet\animal-sniffer-annotation\1.0\animal-sniffer-annotation-1.0.jar;D:\develop\maven\repo\io\github\openfeign\feign-slf4j\9.5.0\feign-slf4j-9.5.0.jar;D:\develop\maven\repo\io\github\openfeign\feign-hystrix\9.5.0\feign-hystrix-9.5.0.jar;D:\develop\maven\repo\com\github\penggle\kaptcha\2.3.2\kaptcha-2.3.2.jar;D:\develop\maven\repo\com\jhlabs\filters\2.0.235-1\filters-2.0.235-1.jar;D:\develop\maven\repo\org\springframework\cloud\spring-cloud-starter-oauth2\1.2.2.RELEASE\spring-cloud-starter-oauth2-1.2.2.RELEASE.jar;D:\develop\maven\repo\org\springframework\cloud\spring-cloud-starter-security\1.2.2.RELEASE\spring-cloud-starter-security-1.2.2.RELEASE.jar;D:\develop\maven\repo\org\springframework\cloud\spring-cloud-security\1.2.2.RELEASE\spring-cloud-security-1.2.2.RELEASE.jar;D:\develop\maven\repo\org\springframework\boot\spring-boot-starter-security\1.5.13.RELEASE\spring-boot-starter-security-1.5.13.RELEASE.jar;D:\develop\maven\repo\org\springframework\security\oauth\spring-security-oauth2\2.0.15.RELEASE\spring-security-oauth2-2.0.15.RELEASE.jar;D:\develop\maven\repo\org\springframework\security\spring-security-core\4.2.6.RELEASE\spring-security-core-4.2.6.RELEASE.jar;D:\develop\maven\repo\org\springframework\security\spring-security-config\4.2.6.RELEASE\spring-security-config-4.2.6.RELEASE.jar;D:\develop\maven\repo\org\springframework\social\spring-social-config\1.1.6.RELEASE\spring-social-config-1.1.6.RELEASE.jar;D:\develop\maven\repo\org\springframework\social\spring-social-core\1.1.6.RELEASE\spring-social-core-1.1.6.RELEASE.jar;D:\develop\maven\repo\org\springframework\spring-web\4.3.8.RELEASE\spring-web-4.3.8.RELEASE.jar;D:\develop\maven\repo\org\springframework\social\spring-social-security\1.1.6.RELEASE\spring-social-security-1.1.6.RELEASE.jar;D:\develop\maven\repo\org\springframework\spring-webmvc\4.3.17.RELEASE\spring-webmvc-4.3.17.RELEASE.jar;D:\develop\maven\repo\org\springframework\spring-expression\4.3.17.RELEASE\spring-expression-4.3.17.RELEASE.jar;D:\develop\maven\repo\org\springframework\security\spring-security-web\4.2.6.RELEASE\spring-security-web-4.2.6.RELEASE.jar;D:\develop\maven\repo\aopalliance\aopalliance\1.0\aopalliance-1.0.jar;D:\develop\maven\repo\org\springframework\social\spring-social-web\1.1.6.RELEASE\spring-social-web-1.1.6.RELEASE.jar;D:\develop\maven\repo\javax\inject\javax.inject\1\javax.inject-1.jar;D:\develop\workspace\code-repo\paascloud-master-master\paascloud-common\paascloud-common-base\target\paascloud-common-base-1.0.jar;D:\develop\workspace\code-repo\paascloud-master-master\paascloud-common\paascloud-security-app\target\paascloud-security-app-1.0.jar;D:\develop\workspace\code-repo\paascloud-master-master\paascloud-common\paascloud-security-core\target\paascloud-security-core-1.0.jar;D:\develop\maven\repo\commons-lang\commons-lang\2.6\commons-lang-2.6.jar;D:\develop\maven\repo\commons-collections\commons-collections\3.2.2\commons-collections-3.2.2.jar;D:\develop\maven\repo\org\springframework\cloud\spring-cloud-starter-config\1.4.3.RELEASE\spring-cloud-starter-config-1.4.3.RELEASE.jar;D:\develop\maven\repo\org\springframework\cloud\spring-cloud-starter\1.3.3.RELEASE\spring-cloud-starter-1.3.3.RELEASE.jar;D:\develop\maven\repo\org\springframework\cloud\spring-cloud-context\1.3.3.RELEASE\spring-cloud-context-1.3.3.RELEASE.jar;D:\develop\maven\repo\org\springframework\security\spring-security-rsa\1.0.3.RELEASE\spring-security-rsa-1.0.3.RELEASE.jar;D:\develop\maven\repo\org\springframework\cloud\spring-cloud-config-client\1.4.3.RELEASE\spring-cloud-config-client-1.4.3.RELEASE.jar;D:\develop\maven\repo\org\springframework\cloud\spring-cloud-starter-sleuth\1.3.3.RELEASE\spring-cloud-starter-sleuth-1.3.3.RELEASE.jar;D:\develop\maven\repo\org\springframework\cloud\spring-cloud-sleuth-core\1.3.3.RELEASE\spring-cloud-sleuth-core-1.3.3.RELEASE.jar;D:\develop\maven\repo\org\aspectj\aspectjrt\1.8.13\aspectjrt-1.8.13.jar;D:\develop\maven\repo\org\springframework\cloud\spring-cloud-sleuth-zipkin\1.3.3.RELEASE\spring-cloud-sleuth-zipkin-1.3.3.RELEASE.jar;D:\develop\maven\repo\org\springframework\cloud\spring-cloud-commons\1.3.3.RELEASE\spring-cloud-commons-1.3.3.RELEASE.jar;D:\develop\maven\repo\org\springframework\security\spring-security-crypto\4.2.6.RELEASE\spring-security-crypto-4.2.6.RELEASE.jar;D:\develop\maven\repo\org\apache\httpcomponents\httpclient\4.5.5\httpclient-4.5.5.jar;D:\develop\maven\repo\org\apache\httpcomponents\httpcore\4.4.9\httpcore-4.4.9.jar;D:\develop\maven\repo\io\zipkin\zipkin2\zipkin\2.6.1\zipkin-2.6.1.jar;D:\develop\maven\repo\io\zipkin\reporter2\zipkin-reporter\2.5.0\zipkin-reporter-2.5.0.jar;D:\develop\maven\repo\io\zipkin\reporter2\zipkin-sender-kafka11\2.5.0\zipkin-sender-kafka11-2.5.0.jar;D:\develop\maven\repo\io\zipkin\reporter2\zipkin-sender-amqp-client\2.5.0\zipkin-sender-amqp-client-2.5.0.jar;D:\develop\workspace\code-repo\paascloud-master-master\paascloud-common\paascloud-common-util\target\paascloud-common-util-1.0.jar;D:\develop\maven\repo\ch\qos\logback\logback-classic\1.1.11\logback-classic-1.1.11.jar;D:\develop\maven\repo\org\codehaus\jackson\jackson-smile\1.9.13\jackson-smile-1.9.13.jar;D:\develop\maven\repo\org\codehaus\jackson\jackson-core-asl\1.9.13\jackson-core-asl-1.9.13.jar;D:\develop\maven\repo\org\codehaus\jackson\jackson-mapper-asl\1.9.13\jackson-mapper-asl-1.9.13.jar;D:\develop\maven\repo\com\xiaoleilu\hutool-all\3.0.7\hutool-all-3.0.7.jar;D:\develop\maven\repo\commons-beanutils\commons-beanutils\1.9.3\commons-beanutils-1.9.3.jar;D:\develop\workspace\code-repo\paascloud-master-master\paascloud-common\paascloud-common-core\target\paascloud-common-core-1.0.jar;D:\develop\maven\repo\eu\bitwalker\UserAgentUtils\1.20\UserAgentUtils-1.20.jar;D:\develop\maven\repo\org\springframework\boot\spring-boot-starter-data-redis\1.5.13.RELEASE\spring-boot-starter-data-redis-1.5.13.RELEASE.jar;D:\develop\maven\repo\org\springframework\data\spring-data-redis\1.8.12.RELEASE\spring-data-redis-1.8.12.RELEASE.jar;D:\develop\maven\repo\org\springframework\data\spring-data-keyvalue\1.2.12.RELEASE\spring-data-keyvalue-1.2.12.RELEASE.jar;D:\develop\maven\repo\org\springframework\data\spring-data-commons\1.13.12.RELEASE\spring-data-commons-1.13.12.RELEASE.jar;D:\develop\maven\repo\org\springframework\spring-oxm\4.3.17.RELEASE\spring-oxm-4.3.17.RELEASE.jar;D:\develop\maven\repo\redis\clients\jedis\2.9.0\jedis-2.9.0.jar;D:\develop\maven\repo\org\apache\commons\commons-pool2\2.4.3\commons-pool2-2.4.3.jar;D:\develop\maven\repo\com\fasterxml\jackson\module\jackson-module-parameter-names\2.8.11\jackson-module-parameter-names-2.8.11.jar;D:\develop\maven\repo\com\fasterxml\jackson\datatype\jackson-datatype-jdk8\2.8.11\jackson-datatype-jdk8-2.8.11.jar;D:\develop\maven\repo\com\fasterxml\jackson\datatype\jackson-datatype-jsr310\2.8.11\jackson-datatype-jsr310-2.8.11.jar;D:\develop\workspace\code-repo\paascloud-master-master\paascloud-common\paascloud-common-config\target\paascloud-common-config-1.0.jar;D:\develop\maven\repo\com\arronlong\httpclientutil\httpclientutil\1.0\httpclientutil-1.0.jar;D:\develop\maven\repo\org\apache\httpcomponents\httpmime\4.5.5\httpmime-4.5.5.jar;D:\develop\maven\repo\org\apache\httpcomponents\httpasyncclient\4.1.3\httpasyncclient-4.1.3.jar;D:\develop\maven\repo\org\apache\httpcomponents\httpcore-nio\4.4.6\httpcore-nio-4.4.6.jar;D:\develop\maven\repo\log4j\log4j\1.2.17\log4j-1.2.17.jar;D:\develop\maven\repo\com\netflix\hystrix\hystrix-core\1.5.12\hystrix-core-1.5.12.jar;D:\develop\maven\repo\com\netflix\archaius\archaius-core\0.7.4\archaius-core-0.7.4.jar;D:\develop\maven\repo\com\google\code\findbugs\jsr305\3.0.2\jsr305-3.0.2.jar;D:\develop\maven\repo\io\reactivex\rxjava\1.2.0\rxjava-1.2.0.jar;D:\develop\maven\repo\org\hdrhistogram\HdrHistogram\2.1.9\HdrHistogram-2.1.9.jar;D:\develop\maven\repo\org\springframework\boot\spring-boot-starter-actuator\1.5.13.RELEASE\spring-boot-starter-actuator-1.5.13.RELEASE.jar;D:\develop\maven\repo\org\springframework\boot\spring-boot-actuator\1.5.13.RELEASE\spring-boot-actuator-1.5.13.RELEASE.jar;D:\develop\maven\repo\org\springframework\cloud\spring-cloud-starter-hystrix\1.4.4.RELEASE\spring-cloud-starter-hystrix-1.4.4.RELEASE.jar;D:\develop\maven\repo\org\springframework\cloud\spring-cloud-starter-netflix-hystrix\1.4.4.RELEASE\spring-cloud-starter-netflix-hystrix-1.4.4.RELEASE.jar;D:\develop\maven\repo\com\netflix\hystrix\hystrix-metrics-event-stream\1.5.12\hystrix-metrics-event-stream-1.5.12.jar;D:\develop\maven\repo\com\netflix\hystrix\hystrix-serialization\1.5.12\hystrix-serialization-1.5.12.jar;D:\develop\maven\repo\com\fasterxml\jackson\module\jackson-module-afterburner\2.8.11\jackson-module-afterburner-2.8.11.jar;D:\develop\maven\repo\com\netflix\hystrix\hystrix-javanica\1.5.12\hystrix-javanica-1.5.12.jar;D:\develop\maven\repo\org\ow2\asm\asm\5.0.4\asm-5.0.4.jar;D:\develop\maven\repo\org\springframework\boot\spring-boot-starter-web\1.5.13.RELEASE\spring-boot-starter-web-1.5.13.RELEASE.jar;D:\develop\maven\repo\org\springframework\boot\spring-boot-starter-tomcat\1.5.13.RELEASE\spring-boot-starter-tomcat-1.5.13.RELEASE.jar;D:\develop\maven\repo\org\apache\tomcat\embed\tomcat-embed-core\8.5.31\tomcat-embed-core-8.5.31.jar;D:\develop\maven\repo\org\apache\tomcat\tomcat-annotations-api\8.5.31\tomcat-annotations-api-8.5.31.jar;D:\develop\maven\repo\org\apache\tomcat\embed\tomcat-embed-websocket\8.5.31\tomcat-embed-websocket-8.5.31.jar;D:\develop\maven\repo\org\hibernate\hibernate-validator\5.3.6.Final\hibernate-validator-5.3.6.Final.jar;D:\develop\maven\repo\javax\validation\validation-api\1.1.0.Final\validation-api-1.1.0.Final.jar;D:\develop\maven\repo\org\jboss\logging\jboss-logging\3.3.2.Final\jboss-logging-3.3.2.Final.jar;D:\develop\maven\repo\net\logstash\logback\logstash-logback-encoder\4.6\logstash-logback-encoder-4.6.jar;D:\develop\maven\repo\ch\qos\logback\logback-core\1.1.11\logback-core-1.1.11.jar;D:\develop\maven\repo\com\google\guava\guava\17.0\guava-17.0.jar;D:\develop\maven\repo\org\springframework\boot\spring-boot-starter-validation\1.5.13.RELEASE\spring-boot-starter-validation-1.5.13.RELEASE.jar;D:\develop\maven\repo\org\apache\tomcat\embed\tomcat-embed-el\8.5.31\tomcat-embed-el-8.5.31.jar;D:\develop\maven\repo\io\springfox\springfox-swagger-ui\2.6.1\springfox-swagger-ui-2.6.1.jar;D:\develop\maven\repo\io\springfox\springfox-spring-web\2.6.1\springfox-spring-web-2.6.1.jar;D:\develop\maven\repo\io\springfox\springfox-swagger2\2.6.1\springfox-swagger2-2.6.1.jar;D:\develop\maven\repo\io\swagger\swagger-annotations\1.5.10\swagger-annotations-1.5.10.jar;D:\develop\maven\repo\io\swagger\swagger-models\1.5.10\swagger-models-1.5.10.jar;D:\develop\maven\repo\io\springfox\springfox-spi\2.6.1\springfox-spi-2.6.1.jar;D:\develop\maven\repo\io\springfox\springfox-core\2.6.1\springfox-core-2.6.1.jar;D:\develop\maven\repo\io\springfox\springfox-schema\2.6.1\springfox-schema-2.6.1.jar;D:\develop\maven\repo\io\springfox\springfox-swagger-common\2.6.1\springfox-swagger-common-2.6.1.jar;D:\develop\maven\repo\com\fasterxml\classmate\1.3.4\classmate-1.3.4.jar;D:\develop\maven\repo\org\springframework\plugin\spring-plugin-core\1.2.0.RELEASE\spring-plugin-core-1.2.0.RELEASE.jar;D:\develop\maven\repo\org\springframework\plugin\spring-plugin-metadata\1.2.0.RELEASE\spring-plugin-metadata-1.2.0.RELEASE.jar;D:\develop\maven\repo\org\mapstruct\mapstruct\1.0.0.Final\mapstruct-1.0.0.Final.jar;D:\develop\maven\repo\commons-codec\commons-codec\1.10\commons-codec-1.10.jar;D:\develop\maven\repo\org\springframework\boot\spring-boot-starter-test\1.5.13.RELEASE\spring-boot-starter-test-1.5.13.RELEASE.jar;D:\develop\maven\repo\org\springframework\boot\spring-boot-test\1.5.13.RELEASE\spring-boot-test-1.5.13.RELEASE.jar;D:\develop\maven\repo\org\springframework\boot\spring-boot-test-autoconfigure\1.5.13.RELEASE\spring-boot-test-autoconfigure-1.5.13.RELEASE.jar;D:\develop\maven\repo\com\jayway\jsonpath\json-path\2.2.0\json-path-2.2.0.jar;D:\develop\maven\repo\net\minidev\json-smart\2.2.1\json-smart-2.2.1.jar;D:\develop\maven\repo\net\minidev\accessors-smart\1.1\accessors-smart-1.1.jar;D:\develop\maven\repo\junit\junit\4.12\junit-4.12.jar;D:\develop\maven\repo\org\assertj\assertj-core\2.6.0\assertj-core-2.6.0.jar;D:\develop\maven\repo\org\mockito\mockito-core\1.10.19\mockito-core-1.10.19.jar;D:\develop\maven\repo\org\objenesis\objenesis\2.5.1\objenesis-2.5.1.jar;D:\develop\maven\repo\org\hamcrest\hamcrest-core\1.3\hamcrest-core-1.3.jar;D:\develop\maven\repo\org\hamcrest\hamcrest-library\1.3\hamcrest-library-1.3.jar;D:\develop\maven\repo\org\skyscreamer\jsonassert\1.4.0\jsonassert-1.4.0.jar;D:\develop\maven\repo\com\vaadin\external\google\android-json\0.0.20131108.vaadin1\android-json-0.0.20131108.vaadin1.jar;D:\develop\maven\repo\org\springframework\spring-core\4.3.11.RELEASE\spring-core-4.3.11.RELEASE.jar;D:\develop\maven\repo\org\springframework\spring-test\4.3.17.RELEASE\spring-test-4.3.17.RELEASE.jar;D:\develop\maven\repo\com\alibaba\druid\1.0.29\druid-1.0.29.jar;D:\develop\Java\jdk1.8.0_181\jre\..\lib\jconsole.jar;D:\develop\Java\jdk1.8.0_181\jre\..\lib\tools.jar;D:\develop\maven\repo\org\mybatis\generator\mybatis-generator-core\1.3.5\mybatis-generator-core-1.3.5.jar;D:\develop\maven\repo\org\springframework\boot\spring-boot-configuration-processor\1.5.13.RELEASE\spring-boot-configuration-processor-1.5.13.RELEASE.jar;D:\develop\maven\repo\org\springframework\boot\spring-boot-devtools\1.5.13.RELEASE\spring-boot-devtools-1.5.13.RELEASE.jar;D:\develop\maven\repo\org\springframework\boot\spring-boot\1.5.13.RELEASE\spring-boot-1.5.13.RELEASE.jar;D:\develop\maven\repo\org\springframework\boot\spring-boot-starter-aop\1.5.13.RELEASE\spring-boot-starter-aop-1.5.13.RELEASE.jar;D:\develop\maven\repo\org\springframework\spring-aop\4.3.17.RELEASE\spring-aop-4.3.17.RELEASE.jar;D:\develop\maven\repo\org\modelmapper\modelmapper\1.1.2\modelmapper-1.1.2.jar;D:\develop\maven\repo\org\jolokia\jolokia-core\1.3.7\jolokia-core-1.3.7.jar;D:\develop\maven\repo\com\googlecode\json-simple\json-simple\1.1.1\json-simple-1.1.1.jar;D:\develop\maven\repo\org\springframework\security\spring-security-jwt\1.0.9.RELEASE\spring-security-jwt-1.0.9.RELEASE.jar;D:\develop\maven\repo\org\bouncycastle\bcpkix-jdk15on\1.56\bcpkix-jdk15on-1.56.jar;D:\develop\maven\repo\org\bouncycastle\bcprov-jdk15on\1.56\bcprov-jdk15on-1.56.jar;D:\develop\maven\repo\org\liquibase\liquibase-core\3.5.3\liquibase-core-3.5.3.jar;D:\develop\maven\repo\org\yaml\snakeyaml\1.17\snakeyaml-1.17.jar;D:\develop\maven\repo\org\springframework\cloud\spring-cloud-starter-zipkin\1.3.3.RELEASE\spring-cloud-starter-zipkin-1.3.3.RELEASE.jar;D:\develop\maven\repo\org\springframework\amqp\spring-rabbit\1.7.7.RELEASE\spring-rabbit-1.7.7.RELEASE.jar;D:\develop\maven\repo\org\springframework\retry\spring-retry\1.2.2.RELEASE\spring-retry-1.2.2.RELEASE.jar;D:\develop\maven\repo\com\rabbitmq\http-client\1.1.1.RELEASE\http-client-1.1.1.RELEASE.jar;D:\develop\maven\repo\com\rabbitmq\amqp-client\4.0.3\amqp-client-4.0.3.jar;D:\develop\maven\repo\org\springframework\spring-messaging\4.3.17.RELEASE\spring-messaging-4.3.17.RELEASE.jar;D:\develop\maven\repo\org\springframework\spring-context\4.3.8.RELEASE\spring-context-4.3.8.RELEASE.jar;D:\develop\maven\repo\org\springframework\amqp\spring-amqp\1.7.7.RELEASE\spring-amqp-1.7.7.RELEASE.jar;D:\develop\maven\repo\org\springframework\cloud\spring-cloud-starter-netflix-eureka-client\1.4.4.RELEASE\spring-cloud-starter-netflix-eureka-client-1.4.4.RELEASE.jar;D:\develop\maven\repo\org\springframework\cloud\spring-cloud-netflix-core\1.4.4.RELEASE\spring-cloud-netflix-core-1.4.4.RELEASE.jar;D:\develop\maven\repo\org\springframework\cloud\spring-cloud-netflix-eureka-client\1.4.4.RELEASE\spring-cloud-netflix-eureka-client-1.4.4.RELEASE.jar;D:\develop\maven\repo\com\netflix\eureka\eureka-client\1.7.2\eureka-client-1.7.2.jar;D:\develop\maven\repo\org\codehaus\jettison\jettison\1.2\jettison-1.2.jar;D:\develop\maven\repo\stax\stax-api\1.0.1\stax-api-1.0.1.jar;D:\develop\maven\repo\com\netflix\netflix-commons\netflix-eventbus\0.3.0\netflix-eventbus-0.3.0.jar;D:\develop\maven\repo\com\netflix\netflix-commons\netflix-infix\0.3.0\netflix-infix-0.3.0.jar;D:\develop\maven\repo\commons-jxpath\commons-jxpath\1.3\commons-jxpath-1.3.jar;D:\develop\maven\repo\org\antlr\antlr-runtime\3.4\antlr-runtime-3.4.jar;D:\develop\maven\repo\org\antlr\stringtemplate\3.2.1\stringtemplate-3.2.1.jar;D:\develop\maven\repo\antlr\antlr\2.7.7\antlr-2.7.7.jar;D:\develop\maven\repo\com\google\code\gson\gson\2.8.4\gson-2.8.4.jar;D:\develop\maven\repo\org\apache\commons\commons-math\2.2\commons-math-2.2.jar;D:\develop\maven\repo\javax\ws\rs\jsr311-api\1.1.1\jsr311-api-1.1.1.jar;D:\develop\maven\repo\com\netflix\servo\servo-core\0.10.1\servo-core-0.10.1.jar;D:\develop\maven\repo\com\netflix\servo\servo-internal\0.10.1\servo-internal-0.10.1.jar;D:\develop\maven\repo\com\sun\jersey\jersey-core\1.19.1\jersey-core-1.19.1.jar;D:\develop\maven\repo\com\sun\jersey\jersey-client\1.19.1\jersey-client-1.19.1.jar;D:\develop\maven\repo\com\sun\jersey\contribs\jersey-apache-client4\1.19.1\jersey-apache-client4-1.19.1.jar;D:\develop\maven\repo\com\google\inject\guice\3.0\guice-3.0.jar;D:\develop\maven\repo\com\netflix\eureka\eureka-core\1.7.2\eureka-core-1.7.2.jar;D:\develop\maven\repo\org\codehaus\woodstox\woodstox-core-asl\4.4.1\woodstox-core-asl-4.4.1.jar;D:\develop\maven\repo\javax\xml\stream\stax-api\1.0-2\stax-api-1.0-2.jar;D:\develop\maven\repo\org\codehaus\woodstox\stax2-api\3.1.4\stax2-api-3.1.4.jar;D:\develop\maven\repo\org\springframework\cloud\spring-cloud-starter-netflix-archaius\1.4.4.RELEASE\spring-cloud-starter-netflix-archaius-1.4.4.RELEASE.jar;D:\develop\maven\repo\commons-configuration\commons-configuration\1.8\commons-configuration-1.8.jar;D:\develop\maven\repo\org\springframework\cloud\spring-cloud-starter-netflix-ribbon\1.4.4.RELEASE\spring-cloud-starter-netflix-ribbon-1.4.4.RELEASE.jar;D:\develop\maven\repo\com\netflix\ribbon\ribbon\2.2.5\ribbon-2.2.5.jar;D:\develop\maven\repo\com\netflix\ribbon\ribbon-transport\2.2.5\ribbon-transport-2.2.5.jar;D:\develop\maven\repo\io\reactivex\rxnetty-contexts\0.4.9\rxnetty-contexts-0.4.9.jar;D:\develop\maven\repo\io\reactivex\rxnetty-servo\0.4.9\rxnetty-servo-0.4.9.jar;D:\develop\maven\repo\io\reactivex\rxnetty\0.4.9\rxnetty-0.4.9.jar;D:\develop\maven\repo\io\netty\netty-codec-http\4.0.27.Final\netty-codec-http-4.0.27.Final.jar;D:\develop\maven\repo\io\netty\netty-codec\4.0.27.Final\netty-codec-4.0.27.Final.jar;D:\develop\maven\repo\io\netty\netty-handler\4.0.27.Final\netty-handler-4.0.27.Final.jar;D:\develop\maven\repo\io\netty\netty-transport-native-epoll\4.0.27.Final\netty-transport-native-epoll-4.0.27.Final.jar;D:\develop\maven\repo\io\netty\netty-common\4.0.27.Final\netty-common-4.0.27.Final.jar;D:\develop\maven\repo\io\netty\netty-buffer\4.0.27.Final\netty-buffer-4.0.27.Final.jar;D:\develop\maven\repo\io\netty\netty-transport\4.0.27.Final\netty-transport-4.0.27.Final.jar;D:\develop\maven\repo\com\netflix\ribbon\ribbon-core\2.2.5\ribbon-core-2.2.5.jar;D:\develop\maven\repo\com\netflix\ribbon\ribbon-httpclient\2.2.5\ribbon-httpclient-2.2.5.jar;D:\develop\maven\repo\com\netflix\netflix-commons\netflix-commons-util\0.1.1\netflix-commons-util-0.1.1.jar;D:\develop\maven\repo\com\netflix\ribbon\ribbon-loadbalancer\2.2.5\ribbon-loadbalancer-2.2.5.jar;D:\develop\maven\repo\com\netflix\netflix-commons\netflix-statistics\0.1.1\netflix-statistics-0.1.1.jar;D:\develop\maven\repo\com\netflix\ribbon\ribbon-eureka\2.2.5\ribbon-eureka-2.2.5.jar;D:\develop\maven\repo\com\thoughtworks\xstream\xstream\1.4.10\xstream-1.4.10.jar;D:\develop\maven\repo\xmlpull\xmlpull\1.1.3.1\xmlpull-1.1.3.1.jar;D:\develop\maven\repo\xpp3\xpp3_min\1.1.4c\xpp3_min-1.1.4c.jar;, java.specification.name=Java Platform API Specification, java.class.version=52.0, sun.management.compiler=HotSpot 64-Bit Tiered Compilers, os.version=10.0, user.home=C:\Users\lenovo, user.timezone=Asia/Shanghai, java.awt.printerjob=sun.awt.windows.WPrinterJob, file.encoding=GBK, java.specification.version=1.8, java.class.path=D:\develop\workspace\code-repo\paascloud-master-master\paascloud-provider\paascloud-provider-uac\target\test-classes;D:\develop\workspace\code-repo\paascloud-master-master\paascloud-provider\paascloud-provider-uac\target\classes;D:\develop\maven\repo\mysql\mysql-connector-java\5.1.39\mysql-connector-java-5.1.39.jar;D:\develop\maven\repo\io\jsonwebtoken\jjwt\0.7.0\jjwt-0.7.0.jar;D:\develop\maven\repo\joda-time\joda-time\2.9.6\joda-time-2.9.6.jar;D:\develop\maven\repo\org\mybatis\spring\boot\mybatis-spring-boot-starter\1.2.0\mybatis-spring-boot-starter-1.2.0.jar;D:\develop\maven\repo\org\springframework\boot\spring-boot-starter\1.5.13.RELEASE\spring-boot-starter-1.5.13.RELEASE.jar;D:\develop\maven\repo\org\springframework\boot\spring-boot-starter-logging\1.5.13.RELEASE\spring-boot-starter-logging-1.5.13.RELEASE.jar;D:\develop\maven\repo\org\slf4j\jcl-over-slf4j\1.7.25\jcl-over-slf4j-1.7.25.jar;D:\develop\maven\repo\org\slf4j\jul-to-slf4j\1.7.25\jul-to-slf4j-1.7.25.jar;D:\develop\maven\repo\org\slf4j\log4j-over-slf4j\1.7.25\log4j-over-slf4j-1.7.25.jar;D:\develop\maven\repo\org\springframework\boot\spring-boot-starter-jdbc\1.5.13.RELEASE\spring-boot-starter-jdbc-1.5.13.RELEASE.jar;D:\develop\maven\repo\org\apache\tomcat\tomcat-jdbc\8.5.31\tomcat-jdbc-8.5.31.jar;D:\develop\maven\repo\org\apache\tomcat\tomcat-juli\8.5.31\tomcat-juli-8.5.31.jar;D:\develop\maven\repo\org\springframework\spring-jdbc\4.3.17.RELEASE\spring-jdbc-4.3.17.RELEASE.jar;D:\develop\maven\repo\org\mybatis\spring\boot\mybatis-spring-boot-autoconfigure\1.2.0\mybatis-spring-boot-autoconfigure-1.2.0.jar;D:\develop\maven\repo\org\mybatis\mybatis\3.4.2\mybatis-3.4.2.jar;D:\develop\maven\repo\org\mybatis\mybatis-spring\1.3.1\mybatis-spring-1.3.1.jar;D:\develop\maven\repo\tk\mybatis\mapper-spring-boot-starter\1.1.1\mapper-spring-boot-starter-1.1.1.jar;D:\develop\maven\repo\tk\mybatis\mapper-spring-boot-autoconfigure\1.1.1\mapper-spring-boot-autoconfigure-1.1.1.jar;D:\develop\maven\repo\tk\mybatis\mapper\3.4.0\mapper-3.4.0.jar;D:\develop\maven\repo\javax\persistence\persistence-api\1.0\persistence-api-1.0.jar;D:\develop\maven\repo\com\github\pagehelper\pagehelper-spring-boot-starter\1.1.2\pagehelper-spring-boot-starter-1.1.2.jar;D:\develop\maven\repo\com\github\pagehelper\pagehelper-spring-boot-autoconfigure\1.1.2\pagehelper-spring-boot-autoconfigure-1.1.2.jar;D:\develop\maven\repo\com\github\pagehelper\pagehelper\5.0.3\pagehelper-5.0.3.jar;D:\develop\maven\repo\com\github\jsqlparser\jsqlparser\1.0\jsqlparser-1.0.jar;D:\develop\maven\repo\com\alibaba\druid-spring-boot-starter\1.1.0\druid-spring-boot-starter-1.1.0.jar;D:\develop\maven\repo\org\springframework\boot\spring-boot-autoconfigure\1.5.13.RELEASE\spring-boot-autoconfigure-1.5.13.RELEASE.jar;D:\develop\maven\repo\com\fasterxml\jackson\core\jackson-databind\2.8.4\jackson-databind-2.8.4.jar;D:\develop\maven\repo\com\fasterxml\jackson\core\jackson-annotations\2.8.0\jackson-annotations-2.8.0.jar;D:\develop\maven\repo\com\fasterxml\jackson\core\jackson-core\2.8.11\jackson-core-2.8.11.jar;D:\develop\workspace\code-repo\paascloud-master-master\paascloud-provider-api\paascloud-provider-uac-api\target\paascloud-provider-uac-api-1.0.jar;D:\develop\workspace\code-repo\paascloud-master-master\paascloud-common\paascloud-security-feign\target\paascloud-security-feign-1.0.jar;D:\develop\workspace\code-repo\paascloud-master-master\paascloud-provider-api\paascloud-provider-mdc-api\target\paascloud-provider-mdc-api-1.0.jar;D:\develop\workspace\code-repo\paascloud-master-master\paascloud-provider-api\paascloud-provider-omc-api\target\paascloud-provider-omc-api-1.0.jar;D:\develop\workspace\code-repo\paascloud-master-master\paascloud-provider-api\paascloud-provider-opc-api\target\paascloud-provider-opc-api-1.0.jar;D:\develop\maven\repo\io\github\openfeign\form\feign-form\3.0.3\feign-form-3.0.3.jar;D:\develop\maven\repo\io\github\openfeign\form\feign-form-spring\3.0.3\feign-form-spring-3.0.3.jar;D:\develop\workspace\code-repo\paascloud-master-master\paascloud-provider-api\paascloud-provider-sdk-api\target\paascloud-provider-sdk-api-1.0.jar;D:\develop\maven\repo\org\projectlombok\lombok\1.16.14\lombok-1.16.14.jar;D:\develop\workspace\code-repo\paascloud-master-master\paascloud-provider-api\paascloud-provider-tpc-api\target\paascloud-provider-tpc-api-1.0.jar;D:\develop\workspace\code-repo\paascloud-master-master\paascloud-common\paascloud-common-zk\target\paascloud-common-zk-1.0.jar;D:\develop\maven\repo\org\apache\curator\curator-framework\2.10.0\curator-framework-2.10.0.jar;D:\develop\maven\repo\org\apache\curator\curator-client\2.10.0\curator-client-2.10.0.jar;D:\develop\maven\repo\org\apache\zookeeper\zookeeper\3.4.6\zookeeper-3.4.6.jar;D:\develop\maven\repo\jline\jline\2.14.6\jline-2.14.6.jar;D:\develop\maven\repo\io\netty\netty\3.7.0.Final\netty-3.7.0.Final.jar;D:\develop\maven\repo\org\apache\curator\curator-recipes\2.10.0\curator-recipes-2.10.0.jar;D:\develop\maven\repo\com\alibaba\fastjson\1.2.29\fastjson-1.2.29.jar;D:\develop\maven\repo\org\aspectj\aspectjweaver\1.8.13\aspectjweaver-1.8.13.jar;D:\develop\maven\repo\org\springframework\spring-tx\4.3.11.RELEASE\spring-tx-4.3.11.RELEASE.jar;D:\develop\maven\repo\org\springframework\spring-beans\4.3.17.RELEASE\spring-beans-4.3.17.RELEASE.jar;D:\develop\maven\repo\org\apache\rocketmq\rocketmq-client\4.1.0-incubating\rocketmq-client-4.1.0-incubating.jar;D:\develop\maven\repo\org\apache\rocketmq\rocketmq-common\4.1.0-incubating\rocketmq-common-4.1.0-incubating.jar;D:\develop\maven\repo\org\apache\rocketmq\rocketmq-remoting\4.1.0-incubating\rocketmq-remoting-4.1.0-incubating.jar;D:\develop\maven\repo\io\netty\netty-all\4.0.56.Final\netty-all-4.0.56.Final.jar;D:\develop\maven\repo\org\slf4j\slf4j-api\1.7.25\slf4j-api-1.7.25.jar;D:\develop\maven\repo\org\apache\commons\commons-lang3\3.5\commons-lang3-3.5.jar;D:\develop\maven\repo\de\codecentric\spring-boot-admin-starter-client\1.5.7\spring-boot-admin-starter-client-1.5.7.jar;D:\develop\maven\repo\de\codecentric\spring-boot-admin-client\1.5.7\spring-boot-admin-client-1.5.7.jar;D:\develop\maven\repo\org\springframework\boot\spring-boot-starter-freemarker\1.5.13.RELEASE\spring-boot-starter-freemarker-1.5.13.RELEASE.jar;D:\develop\maven\repo\org\freemarker\freemarker\2.3.28\freemarker-2.3.28.jar;D:\develop\maven\repo\org\springframework\spring-context-support\4.3.17.RELEASE\spring-context-support-4.3.17.RELEASE.jar;D:\develop\maven\repo\org\springframework\cloud\spring-cloud-starter-feign\1.4.4.RELEASE\spring-cloud-starter-feign-1.4.4.RELEASE.jar;D:\develop\maven\repo\org\springframework\cloud\spring-cloud-starter-openfeign\1.4.4.RELEASE\spring-cloud-starter-openfeign-1.4.4.RELEASE.jar;D:\develop\maven\repo\io\github\openfeign\feign-core\9.5.0\feign-core-9.5.0.jar;D:\develop\maven\repo\org\jvnet\animal-sniffer-annotation\1.0\animal-sniffer-annotation-1.0.jar;D:\develop\maven\repo\io\github\openfeign\feign-slf4j\9.5.0\feign-slf4j-9.5.0.jar;D:\develop\maven\repo\io\github\openfeign\feign-hystrix\9.5.0\feign-hystrix-9.5.0.jar;D:\develop\maven\repo\com\github\penggle\kaptcha\2.3.2\kaptcha-2.3.2.jar;D:\develop\maven\repo\com\jhlabs\filters\2.0.235-1\filters-2.0.235-1.jar;D:\develop\maven\repo\org\springframework\cloud\spring-cloud-starter-oauth2\1.2.2.RELEASE\spring-cloud-starter-oauth2-1.2.2.RELEASE.jar;D:\develop\maven\repo\org\springframework\cloud\spring-cloud-starter-security\1.2.2.RELEASE\spring-cloud-starter-security-1.2.2.RELEASE.jar;D:\develop\maven\repo\org\springframework\cloud\spring-cloud-security\1.2.2.RELEASE\spring-cloud-security-1.2.2.RELEASE.jar;D:\develop\maven\repo\org\springframework\boot\spring-boot-starter-security\1.5.13.RELEASE\spring-boot-starter-security-1.5.13.RELEASE.jar;D:\develop\maven\repo\org\springframework\security\oauth\spring-security-oauth2\2.0.15.RELEASE\spring-security-oauth2-2.0.15.RELEASE.jar;D:\develop\maven\repo\org\springframework\security\spring-security-core\4.2.6.RELEASE\spring-security-core-4.2.6.RELEASE.jar;D:\develop\maven\repo\org\springframework\security\spring-security-config\4.2.6.RELEASE\spring-security-config-4.2.6.RELEASE.jar;D:\develop\maven\repo\org\springframework\social\spring-social-config\1.1.6.RELEASE\spring-social-config-1.1.6.RELEASE.jar;D:\develop\maven\repo\org\springframework\social\spring-social-core\1.1.6.RELEASE\spring-social-core-1.1.6.RELEASE.jar;D:\develop\maven\repo\org\springframework\spring-web\4.3.8.RELEASE\spring-web-4.3.8.RELEASE.jar;D:\develop\maven\repo\org\springframework\social\spring-social-security\1.1.6.RELEASE\spring-social-security-1.1.6.RELEASE.jar;D:\develop\maven\repo\org\springframework\spring-webmvc\4.3.17.RELEASE\spring-webmvc-4.3.17.RELEASE.jar;D:\develop\maven\repo\org\springframework\spring-expression\4.3.17.RELEASE\spring-expression-4.3.17.RELEASE.jar;D:\develop\maven\repo\org\springframework\security\spring-security-web\4.2.6.RELEASE\spring-security-web-4.2.6.RELEASE.jar;D:\develop\maven\repo\aopalliance\aopalliance\1.0\aopalliance-1.0.jar;D:\develop\maven\repo\org\springframework\social\spring-social-web\1.1.6.RELEASE\spring-social-web-1.1.6.RELEASE.jar;D:\develop\maven\repo\javax\inject\javax.inject\1\javax.inject-1.jar;D:\develop\workspace\code-repo\paascloud-master-master\paascloud-common\paascloud-common-base\target\paascloud-common-base-1.0.jar;D:\develop\workspace\code-repo\paascloud-master-master\paascloud-common\paascloud-security-app\target\paascloud-security-app-1.0.jar;D:\develop\workspace\code-repo\paascloud-master-master\paascloud-common\paascloud-security-core\target\paascloud-security-core-1.0.jar;D:\develop\maven\repo\commons-lang\commons-lang\2.6\commons-lang-2.6.jar;D:\develop\maven\repo\commons-collections\commons-collections\3.2.2\commons-collections-3.2.2.jar;D:\develop\maven\repo\org\springframework\cloud\spring-cloud-starter-config\1.4.3.RELEASE\spring-cloud-starter-config-1.4.3.RELEASE.jar;D:\develop\maven\repo\org\springframework\cloud\spring-cloud-starter\1.3.3.RELEASE\spring-cloud-starter-1.3.3.RELEASE.jar;D:\develop\maven\repo\org\springframework\cloud\spring-cloud-context\1.3.3.RELEASE\spring-cloud-context-1.3.3.RELEASE.jar;D:\develop\maven\repo\org\springframework\security\spring-security-rsa\1.0.3.RELEASE\spring-security-rsa-1.0.3.RELEASE.jar;D:\develop\maven\repo\org\springframework\cloud\spring-cloud-config-client\1.4.3.RELEASE\spring-cloud-config-client-1.4.3.RELEASE.jar;D:\develop\maven\repo\org\springframework\cloud\spring-cloud-starter-sleuth\1.3.3.RELEASE\spring-cloud-starter-sleuth-1.3.3.RELEASE.jar;D:\develop\maven\repo\org\springframework\cloud\spring-cloud-sleuth-core\1.3.3.RELEASE\spring-cloud-sleuth-core-1.3.3.RELEASE.jar;D:\develop\maven\repo\org\aspectj\aspectjrt\1.8.13\aspectjrt-1.8.13.jar;D:\develop\maven\repo\org\springframework\cloud\spring-cloud-sleuth-zipkin\1.3.3.RELEASE\spring-cloud-sleuth-zipkin-1.3.3.RELEASE.jar;D:\develop\maven\repo\org\springframework\cloud\spring-cloud-commons\1.3.3.RELEASE\spring-cloud-commons-1.3.3.RELEASE.jar;D:\develop\maven\repo\org\springframework\security\spring-security-crypto\4.2.6.RELEASE\spring-security-crypto-4.2.6.RELEASE.jar;D:\develop\maven\repo\org\apache\httpcomponents\httpclient\4.5.5\httpclient-4.5.5.jar;D:\develop\maven\repo\org\apache\httpcomponents\httpcore\4.4.9\httpcore-4.4.9.jar;D:\develop\maven\repo\io\zipkin\zipkin2\zipkin\2.6.1\zipkin-2.6.1.jar;D:\develop\maven\repo\io\zipkin\reporter2\zipkin-reporter\2.5.0\zipkin-reporter-2.5.0.jar;D:\develop\maven\repo\io\zipkin\reporter2\zipkin-sender-kafka11\2.5.0\zipkin-sender-kafka11-2.5.0.jar;D:\develop\maven\repo\io\zipkin\reporter2\zipkin-sender-amqp-client\2.5.0\zipkin-sender-amqp-client-2.5.0.jar;D:\develop\workspace\code-repo\paascloud-master-master\paascloud-common\paascloud-common-util\target\paascloud-common-util-1.0.jar;D:\develop\maven\repo\ch\qos\logback\logback-classic\1.1.11\logback-classic-1.1.11.jar;D:\develop\maven\repo\org\codehaus\jackson\jackson-smile\1.9.13\jackson-smile-1.9.13.jar;D:\develop\maven\repo\org\codehaus\jackson\jackson-core-asl\1.9.13\jackson-core-asl-1.9.13.jar;D:\develop\maven\repo\org\codehaus\jackson\jackson-mapper-asl\1.9.13\jackson-mapper-asl-1.9.13.jar;D:\develop\maven\repo\com\xiaoleilu\hutool-all\3.0.7\hutool-all-3.0.7.jar;D:\develop\maven\repo\commons-beanutils\commons-beanutils\1.9.3\commons-beanutils-1.9.3.jar;D:\develop\workspace\code-repo\paascloud-master-master\paascloud-common\paascloud-common-core\target\paascloud-common-core-1.0.jar;D:\develop\maven\repo\eu\bitwalker\UserAgentUtils\1.20\UserAgentUtils-1.20.jar;D:\develop\maven\repo\org\springframework\boot\spring-boot-starter-data-redis\1.5.13.RELEASE\spring-boot-starter-data-redis-1.5.13.RELEASE.jar;D:\develop\maven\repo\org\springframework\data\spring-data-redis\1.8.12.RELEASE\spring-data-redis-1.8.12.RELEASE.jar;D:\develop\maven\repo\org\springframework\data\spring-data-keyvalue\1.2.12.RELEASE\spring-data-keyvalue-1.2.12.RELEASE.jar;D:\develop\maven\repo\org\springframework\data\spring-data-commons\1.13.12.RELEASE\spring-data-commons-1.13.12.RELEASE.jar;D:\develop\maven\repo\org\springframework\spring-oxm\4.3.17.RELEASE\spring-oxm-4.3.17.RELEASE.jar;D:\develop\maven\repo\redis\clients\jedis\2.9.0\jedis-2.9.0.jar;D:\develop\maven\repo\org\apache\commons\commons-pool2\2.4.3\commons-pool2-2.4.3.jar;D:\develop\maven\repo\com\fasterxml\jackson\module\jackson-module-parameter-names\2.8.11\jackson-module-parameter-names-2.8.11.jar;D:\develop\maven\repo\com\fasterxml\jackson\datatype\jackson-datatype-jdk8\2.8.11\jackson-datatype-jdk8-2.8.11.jar;D:\develop\maven\repo\com\fasterxml\jackson\datatype\jackson-datatype-jsr310\2.8.11\jackson-datatype-jsr310-2.8.11.jar;D:\develop\workspace\code-repo\paascloud-master-master\paascloud-common\paascloud-common-config\target\paascloud-common-config-1.0.jar;D:\develop\maven\repo\com\arronlong\httpclientutil\httpclientutil\1.0\httpclientutil-1.0.jar;D:\develop\maven\repo\org\apache\httpcomponents\httpmime\4.5.5\httpmime-4.5.5.jar;D:\develop\maven\repo\org\apache\httpcomponents\httpasyncclient\4.1.3\httpasyncclient-4.1.3.jar;D:\develop\maven\repo\org\apache\httpcomponents\httpcore-nio\4.4.6\httpcore-nio-4.4.6.jar;D:\develop\maven\repo\log4j\log4j\1.2.17\log4j-1.2.17.jar;D:\develop\maven\repo\com\netflix\hystrix\hystrix-core\1.5.12\hystrix-core-1.5.12.jar;D:\develop\maven\repo\com\netflix\archaius\archaius-core\0.7.4\archaius-core-0.7.4.jar;D:\develop\maven\repo\com\google\code\findbugs\jsr305\3.0.2\jsr305-3.0.2.jar;D:\develop\maven\repo\io\reactivex\rxjava\1.2.0\rxjava-1.2.0.jar;D:\develop\maven\repo\org\hdrhistogram\HdrHistogram\2.1.9\HdrHistogram-2.1.9.jar;D:\develop\maven\repo\org\springframework\boot\spring-boot-starter-actuator\1.5.13.RELEASE\spring-boot-starter-actuator-1.5.13.RELEASE.jar;D:\develop\maven\repo\org\springframework\boot\spring-boot-actuator\1.5.13.RELEASE\spring-boot-actuator-1.5.13.RELEASE.jar;D:\develop\maven\repo\org\springframework\cloud\spring-cloud-starter-hystrix\1.4.4.RELEASE\spring-cloud-starter-hystrix-1.4.4.RELEASE.jar;D:\develop\maven\repo\org\springframework\cloud\spring-cloud-starter-netflix-hystrix\1.4.4.RELEASE\spring-cloud-starter-netflix-hystrix-1.4.4.RELEASE.jar;D:\develop\maven\repo\com\netflix\hystrix\hystrix-metrics-event-stream\1.5.12\hystrix-metrics-event-stream-1.5.12.jar;D:\develop\maven\repo\com\netflix\hystrix\hystrix-serialization\1.5.12\hystrix-serialization-1.5.12.jar;D:\develop\maven\repo\com\fasterxml\jackson\module\jackson-module-afterburner\2.8.11\jackson-module-afterburner-2.8.11.jar;D:\develop\maven\repo\com\netflix\hystrix\hystrix-javanica\1.5.12\hystrix-javanica-1.5.12.jar;D:\develop\maven\repo\org\ow2\asm\asm\5.0.4\asm-5.0.4.jar;D:\develop\maven\repo\org\springframework\boot\spring-boot-starter-web\1.5.13.RELEASE\spring-boot-starter-web-1.5.13.RELEASE.jar;D:\develop\maven\repo\org\springframework\boot\spring-boot-starter-tomcat\1.5.13.RELEASE\spring-boot-starter-tomcat-1.5.13.RELEASE.jar;D:\develop\maven\repo\org\apache\tomcat\embed\tomcat-embed-core\8.5.31\tomcat-embed-core-8.5.31.jar;D:\develop\maven\repo\org\apache\tomcat\tomcat-annotations-api\8.5.31\tomcat-annotations-api-8.5.31.jar;D:\develop\maven\repo\org\apache\tomcat\embed\tomcat-embed-websocket\8.5.31\tomcat-embed-websocket-8.5.31.jar;D:\develop\maven\repo\org\hibernate\hibernate-validator\5.3.6.Final\hibernate-validator-5.3.6.Final.jar;D:\develop\maven\repo\javax\validation\validation-api\1.1.0.Final\validation-api-1.1.0.Final.jar;D:\develop\maven\repo\org\jboss\logging\jboss-logging\3.3.2.Final\jboss-logging-3.3.2.Final.jar;D:\develop\maven\repo\net\logstash\logback\logstash-logback-encoder\4.6\logstash-logback-encoder-4.6.jar;D:\develop\maven\repo\ch\qos\logback\logback-core\1.1.11\logback-core-1.1.11.jar;D:\develop\maven\repo\com\google\guava\guava\17.0\guava-17.0.jar;D:\develop\maven\repo\org\springframework\boot\spring-boot-starter-validation\1.5.13.RELEASE\spring-boot-starter-validation-1.5.13.RELEASE.jar;D:\develop\maven\repo\org\apache\tomcat\embed\tomcat-embed-el\8.5.31\tomcat-embed-el-8.5.31.jar;D:\develop\maven\repo\io\springfox\springfox-swagger-ui\2.6.1\springfox-swagger-ui-2.6.1.jar;D:\develop\maven\repo\io\springfox\springfox-spring-web\2.6.1\springfox-spring-web-2.6.1.jar;D:\develop\maven\repo\io\springfox\springfox-swagger2\2.6.1\springfox-swagger2-2.6.1.jar;D:\develop\maven\repo\io\swagger\swagger-annotations\1.5.10\swagger-annotations-1.5.10.jar;D:\develop\maven\repo\io\swagger\swagger-models\1.5.10\swagger-models-1.5.10.jar;D:\develop\maven\repo\io\springfox\springfox-spi\2.6.1\springfox-spi-2.6.1.jar;D:\develop\maven\repo\io\springfox\springfox-core\2.6.1\springfox-core-2.6.1.jar;D:\develop\maven\repo\io\springfox\springfox-schema\2.6.1\springfox-schema-2.6.1.jar;D:\develop\maven\repo\io\springfox\springfox-swagger-common\2.6.1\springfox-swagger-common-2.6.1.jar;D:\develop\maven\repo\com\fasterxml\classmate\1.3.4\classmate-1.3.4.jar;D:\develop\maven\repo\org\springframework\plugin\spring-plugin-core\1.2.0.RELEASE\spring-plugin-core-1.2.0.RELEASE.jar;D:\develop\maven\repo\org\springframework\plugin\spring-plugin-metadata\1.2.0.RELEASE\spring-plugin-metadata-1.2.0.RELEASE.jar;D:\develop\maven\repo\org\mapstruct\mapstruct\1.0.0.Final\mapstruct-1.0.0.Final.jar;D:\develop\maven\repo\commons-codec\commons-codec\1.10\commons-codec-1.10.jar;D:\develop\maven\repo\org\springframework\boot\spring-boot-starter-test\1.5.13.RELEASE\spring-boot-starter-test-1.5.13.RELEASE.jar;D:\develop\maven\repo\org\springframework\boot\spring-boot-test\1.5.13.RELEASE\spring-boot-test-1.5.13.RELEASE.jar;D:\develop\maven\repo\org\springframework\boot\spring-boot-test-autoconfigure\1.5.13.RELEASE\spring-boot-test-autoconfigure-1.5.13.RELEASE.jar;D:\develop\maven\repo\com\jayway\jsonpath\json-path\2.2.0\json-path-2.2.0.jar;D:\develop\maven\repo\net\minidev\json-smart\2.2.1\json-smart-2.2.1.jar;D:\develop\maven\repo\net\minidev\accessors-smart\1.1\accessors-smart-1.1.jar;D:\develop\maven\repo\junit\junit\4.12\junit-4.12.jar;D:\develop\maven\repo\org\assertj\assertj-core\2.6.0\assertj-core-2.6.0.jar;D:\develop\maven\repo\org\mockito\mockito-core\1.10.19\mockito-core-1.10.19.jar;D:\develop\maven\repo\org\objenesis\objenesis\2.5.1\objenesis-2.5.1.jar;D:\develop\maven\repo\org\hamcrest\hamcrest-core\1.3\hamcrest-core-1.3.jar;D:\develop\maven\repo\org\hamcrest\hamcrest-library\1.3\hamcrest-library-1.3.jar;D:\develop\maven\repo\org\skyscreamer\jsonassert\1.4.0\jsonassert-1.4.0.jar;D:\develop\maven\repo\com\vaadin\external\google\android-json\0.0.20131108.vaadin1\android-json-0.0.20131108.vaadin1.jar;D:\develop\maven\repo\org\springframework\spring-core\4.3.11.RELEASE\spring-core-4.3.11.RELEASE.jar;D:\develop\maven\repo\org\springframework\spring-test\4.3.17.RELEASE\spring-test-4.3.17.RELEASE.jar;D:\develop\maven\repo\com\alibaba\druid\1.0.29\druid-1.0.29.jar;D:\develop\Java\jdk1.8.0_181\jre\..\lib\jconsole.jar;D:\develop\Java\jdk1.8.0_181\jre\..\lib\tools.jar;D:\develop\maven\repo\org\mybatis\generator\mybatis-generator-core\1.3.5\mybatis-generator-core-1.3.5.jar;D:\develop\maven\repo\org\springframework\boot\spring-boot-configuration-processor\1.5.13.RELEASE\spring-boot-configuration-processor-1.5.13.RELEASE.jar;D:\develop\maven\repo\org\springframework\boot\spring-boot-devtools\1.5.13.RELEASE\spring-boot-devtools-1.5.13.RELEASE.jar;D:\develop\maven\repo\org\springframework\boot\spring-boot\1.5.13.RELEASE\spring-boot-1.5.13.RELEASE.jar;D:\develop\maven\repo\org\springframework\boot\spring-boot-starter-aop\1.5.13.RELEASE\spring-boot-starter-aop-1.5.13.RELEASE.jar;D:\develop\maven\repo\org\springframework\spring-aop\4.3.17.RELEASE\spring-aop-4.3.17.RELEASE.jar;D:\develop\maven\repo\org\modelmapper\modelmapper\1.1.2\modelmapper-1.1.2.jar;D:\develop\maven\repo\org\jolokia\jolokia-core\1.3.7\jolokia-core-1.3.7.jar;D:\develop\maven\repo\com\googlecode\json-simple\json-simple\1.1.1\json-simple-1.1.1.jar;D:\develop\maven\repo\org\springframework\security\spring-security-jwt\1.0.9.RELEASE\spring-security-jwt-1.0.9.RELEASE.jar;D:\develop\maven\repo\org\bouncycastle\bcpkix-jdk15on\1.56\bcpkix-jdk15on-1.56.jar;D:\develop\maven\repo\org\bouncycastle\bcprov-jdk15on\1.56\bcprov-jdk15on-1.56.jar;D:\develop\maven\repo\org\liquibase\liquibase-core\3.5.3\liquibase-core-3.5.3.jar;D:\develop\maven\repo\org\yaml\snakeyaml\1.17\snakeyaml-1.17.jar;D:\develop\maven\repo\org\springframework\cloud\spring-cloud-starter-zipkin\1.3.3.RELEASE\spring-cloud-starter-zipkin-1.3.3.RELEASE.jar;D:\develop\maven\repo\org\springframework\amqp\spring-rabbit\1.7.7.RELEASE\spring-rabbit-1.7.7.RELEASE.jar;D:\develop\maven\repo\org\springframework\retry\spring-retry\1.2.2.RELEASE\spring-retry-1.2.2.RELEASE.jar;D:\develop\maven\repo\com\rabbitmq\http-client\1.1.1.RELEASE\http-client-1.1.1.RELEASE.jar;D:\develop\maven\repo\com\rabbitmq\amqp-client\4.0.3\amqp-client-4.0.3.jar;D:\develop\maven\repo\org\springframework\spring-messaging\4.3.17.RELEASE\spring-messaging-4.3.17.RELEASE.jar;D:\develop\maven\repo\org\springframework\spring-context\4.3.8.RELEASE\spring-context-4.3.8.RELEASE.jar;D:\develop\maven\repo\org\springframework\amqp\spring-amqp\1.7.7.RELEASE\spring-amqp-1.7.7.RELEASE.jar;D:\develop\maven\repo\org\springframework\cloud\spring-cloud-starter-netflix-eureka-client\1.4.4.RELEASE\spring-cloud-starter-netflix-eureka-client-1.4.4.RELEASE.jar;D:\develop\maven\repo\org\springframework\cloud\spring-cloud-netflix-core\1.4.4.RELEASE\spring-cloud-netflix-core-1.4.4.RELEASE.jar;D:\develop\maven\repo\org\springframework\cloud\spring-cloud-netflix-eureka-client\1.4.4.RELEASE\spring-cloud-netflix-eureka-client-1.4.4.RELEASE.jar;D:\develop\maven\repo\com\netflix\eureka\eureka-client\1.7.2\eureka-client-1.7.2.jar;D:\develop\maven\repo\org\codehaus\jettison\jettison\1.2\jettison-1.2.jar;D:\develop\maven\repo\stax\stax-api\1.0.1\stax-api-1.0.1.jar;D:\develop\maven\repo\com\netflix\netflix-commons\netflix-eventbus\0.3.0\netflix-eventbus-0.3.0.jar;D:\develop\maven\repo\com\netflix\netflix-commons\netflix-infix\0.3.0\netflix-infix-0.3.0.jar;D:\develop\maven\repo\commons-jxpath\commons-jxpath\1.3\commons-jxpath-1.3.jar;D:\develop\maven\repo\org\antlr\antlr-runtime\3.4\antlr-runtime-3.4.jar;D:\develop\maven\repo\org\antlr\stringtemplate\3.2.1\stringtemplate-3.2.1.jar;D:\develop\maven\repo\antlr\antlr\2.7.7\antlr-2.7.7.jar;D:\develop\maven\repo\com\google\code\gson\gson\2.8.4\gson-2.8.4.jar;D:\develop\maven\repo\org\apache\commons\commons-math\2.2\commons-math-2.2.jar;D:\develop\maven\repo\javax\ws\rs\jsr311-api\1.1.1\jsr311-api-1.1.1.jar;D:\develop\maven\repo\com\netflix\servo\servo-core\0.10.1\servo-core-0.10.1.jar;D:\develop\maven\repo\com\netflix\servo\servo-internal\0.10.1\servo-internal-0.10.1.jar;D:\develop\maven\repo\com\sun\jersey\jersey-core\1.19.1\jersey-core-1.19.1.jar;D:\develop\maven\repo\com\sun\jersey\jersey-client\1.19.1\jersey-client-1.19.1.jar;D:\develop\maven\repo\com\sun\jersey\contribs\jersey-apache-client4\1.19.1\jersey-apache-client4-1.19.1.jar;D:\develop\maven\repo\com\google\inject\guice\3.0\guice-3.0.jar;D:\develop\maven\repo\com\netflix\eureka\eureka-core\1.7.2\eureka-core-1.7.2.jar;D:\develop\maven\repo\org\codehaus\woodstox\woodstox-core-asl\4.4.1\woodstox-core-asl-4.4.1.jar;D:\develop\maven\repo\javax\xml\stream\stax-api\1.0-2\stax-api-1.0-2.jar;D:\develop\maven\repo\org\codehaus\woodstox\stax2-api\3.1.4\stax2-api-3.1.4.jar;D:\develop\maven\repo\org\springframework\cloud\spring-cloud-starter-netflix-archaius\1.4.4.RELEASE\spring-cloud-starter-netflix-archaius-1.4.4.RELEASE.jar;D:\develop\maven\repo\commons-configuration\commons-configuration\1.8\commons-configuration-1.8.jar;D:\develop\maven\repo\org\springframework\cloud\spring-cloud-starter-netflix-ribbon\1.4.4.RELEASE\spring-cloud-starter-netflix-ribbon-1.4.4.RELEASE.jar;D:\develop\maven\repo\com\netflix\ribbon\ribbon\2.2.5\ribbon-2.2.5.jar;D:\develop\maven\repo\com\netflix\ribbon\ribbon-transport\2.2.5\ribbon-transport-2.2.5.jar;D:\develop\maven\repo\io\reactivex\rxnetty-contexts\0.4.9\rxnetty-contexts-0.4.9.jar;D:\develop\maven\repo\io\reactivex\rxnetty-servo\0.4.9\rxnetty-servo-0.4.9.jar;D:\develop\maven\repo\io\reactivex\rxnetty\0.4.9\rxnetty-0.4.9.jar;D:\develop\maven\repo\io\netty\netty-codec-http\4.0.27.Final\netty-codec-http-4.0.27.Final.jar;D:\develop\maven\repo\io\netty\netty-codec\4.0.27.Final\netty-codec-4.0.27.Final.jar;D:\develop\maven\repo\io\netty\netty-handler\4.0.27.Final\netty-handler-4.0.27.Final.jar;D:\develop\maven\repo\io\netty\netty-transport-native-epoll\4.0.27.Final\netty-transport-native-epoll-4.0.27.Final.jar;D:\develop\maven\repo\io\netty\netty-common\4.0.27.Final\netty-common-4.0.27.Final.jar;D:\develop\maven\repo\io\netty\netty-buffer\4.0.27.Final\netty-buffer-4.0.27.Final.jar;D:\develop\maven\repo\io\netty\netty-transport\4.0.27.Final\netty-transport-4.0.27.Final.jar;D:\develop\maven\repo\com\netflix\ribbon\ribbon-core\2.2.5\ribbon-core-2.2.5.jar;D:\develop\maven\repo\com\netflix\ribbon\ribbon-httpclient\2.2.5\ribbon-httpclient-2.2.5.jar;D:\develop\maven\repo\com\netflix\netflix-commons\netflix-commons-util\0.1.1\netflix-commons-util-0.1.1.jar;D:\develop\maven\repo\com\netflix\ribbon\ribbon-loadbalancer\2.2.5\ribbon-loadbalancer-2.2.5.jar;D:\develop\maven\repo\com\netflix\netflix-commons\netflix-statistics\0.1.1\netflix-statistics-0.1.1.jar;D:\develop\maven\repo\com\netflix\ribbon\ribbon-eureka\2.2.5\ribbon-eureka-2.2.5.jar;D:\develop\maven\repo\com\thoughtworks\xstream\xstream\1.4.10\xstream-1.4.10.jar;D:\develop\maven\repo\xmlpull\xmlpull\1.1.3.1\xmlpull-1.1.3.1.jar;D:\develop\maven\repo\xpp3\xpp3_min\1.1.4c\xpp3_min-1.1.4c.jar;, user.name=lenovo, idea.version2019.2.1=true, java.vm.specification.version=1.8, sun.java.command=D:\develop\workspace\code-repo\paascloud-master-master\paascloud-provider\paascloud-provider-uac\target\surefire\surefirebooter6302798505136300258.jar D:\develop\workspace\code-repo\paascloud-master-master\paascloud-provider\paascloud-provider-uac\target\surefire\surefire3255170475323550853tmp D:\develop\workspace\code-repo\paascloud-master-master\paascloud-provider\paascloud-provider-uac\target\surefire\surefire_12134819718800819556tmp, java.home=D:\develop\Java\jdk1.8.0_181\jre, sun.arch.data.model=64, user.language=zh, java.specification.vendor=Oracle Corporation, awt.toolkit=sun.awt.windows.WToolkit, java.vm.info=mixed mode, java.version=1.8.0_181, java.ext.dirs=D:\develop\Java\jdk1.8.0_181\jre\lib\ext;C:\WINDOWS\Sun\Java\lib\ext, sun.boot.class.path=D:\develop\Java\jdk1.8.0_181\jre\lib\resources.jar;D:\develop\Java\jdk1.8.0_181\jre\lib\rt.jar;D:\develop\Java\jdk1.8.0_181\jre\lib\sunrsasign.jar;D:\develop\Java\jdk1.8.0_181\jre\lib\jsse.jar;D:\develop\Java\jdk1.8.0_181\jre\lib\jce.jar;D:\develop\Java\jdk1.8.0_181\jre\lib\charsets.jar;D:\develop\Java\jdk1.8.0_181\jre\lib\jfr.jar;D:\develop\Java\jdk1.8.0_181\jre\classes, java.vendor=Oracle Corporation, localRepository=D:\develop\maven\repo, file.separator=\, java.vendor.url.bug=http://bugreport.sun.com/bugreport/, sun.io.unicode.encoding=UnicodeLittle, sun.cpu.endian=little, sun.desktop=windows, sun.cpu.isalist=amd64}}, SystemEnvironmentPropertySource@649329985 {name='systemEnvironment', properties={PATH=C:\Program Files (x86)\Common Files\Oracle\Java\javapath;C:\WINDOWS\system32;C:\WINDOWS;C:\WINDOWS\System32\Wbem;C:\WINDOWS\System32\WindowsPowerShell\v1.0\;C:\WINDOWS\System32\OpenSSH\;D:\develop\Java\jdk1.8.0_181\bin;D:\develop\Java\jdk1.8.0_181\jre\bin;D:\develop\maven\apache-maven-3.6.1\bin;D:\develop\Git\bin;D:\software\TortoiseGit\bin;D:\develop\scala\bin;D:\develop\scala\bin;D:\develop\scala\jre\bin;D:\software\nodejs\;C:\Users\lenovo\AppData\Local\Microsoft\WindowsApps;C:\Users\lenovo\AppData\Roaming\npm;C:\Program Files\Bandizip\, USERDOMAIN_ROAMINGPROFILE=XIESEN, LOCALAPPDATA=C:\Users\lenovo\AppData\Local, PROCESSOR_LEVEL=6, SYSTEMDRIVE=C:, COMMONPROGRAMFILES(X86)=C:\Program Files (x86)\Common Files, USERDOMAIN=XIESEN, FPS_BROWSER_APP_PROFILE_STRING=Internet Explorer, LOGONSERVER=\\XIESEN, JAVA_HOME=D:\develop\Java\jdk1.8.0_181, PROMPT=$P$G, SESSIONNAME=Console, ALLUSERSPROFILE=C:\ProgramData, PROGRAMFILES(X86)=C:\Program Files (x86), PROCESSOR_ARCHITECTURE=AMD64, DRIVERDATA=C:\Windows\System32\Drivers\DriverData, MAVEN_HOME=D:\develop\maven\apache-maven-3.6.1, PROGRAMFILES=C:\Program Files, APPDATA=C:\Users\lenovo\AppData\Roaming, PSMODULEPATH=C:\Program Files\WindowsPowerShell\Modules;C:\WINDOWS\system32\WindowsPowerShell\v1.0\Modules, PROGRAMW6432=C:\Program Files, PROGRAMDATA=C:\ProgramData, SYSTEMROOT=C:\WINDOWS, USERNAME=lenovo, SCALA_HOME=D:\develop\scala, FPS_BROWSER_USER_PROFILE_STRING=Default, PATHEXT=.COM;.EXE;.BAT;.CMD;.VBS;.VBE;.JS;.JSE;.WSF;.WSH;.MSC, OS=Windows_NT, COMMONPROGRAMW6432=C:\Program Files\Common Files, COMPUTERNAME=XIESEN, COMMONPROGRAMFILES=C:\Program Files\Common Files, COMSPEC=C:\WINDOWS\system32\cmd.exe, PROCESSOR_REVISION=3c03, CLASSPATH=.;D:\develop\scala\bin;D:\develop\scala\lib\dt.jar;D:\develop\scala\lib\tools.jar.;, WINDIR=C:\WINDOWS, =D:=D:\develop\workspace\code-repo\paascloud-master-master\paascloud-provider\paascloud-provider-uac, HOMEPATH=\Users\lenovo, TEMP=C:\Users\lenovo\AppData\Local\Temp, HOMEDRIVE=C:, PROCESSOR_IDENTIFIER=Intel64 Family 6 Model 60 Stepping 3, GenuineIntel, USERPROFILE=C:\Users\lenovo, TMP=C:\Users\lenovo\AppData\Local\Temp, #ENVTSLOGSSS5752=70393216, PUBLIC=C:\Users\Public, NUMBER_OF_PROCESSORS=4, =::=::\, IDEA_INITIAL_DIRECTORY=C:\Users\lenovo\Desktop}}]
14:32:04.460 [main] INFO org.springframework.boot.test.context.SpringBootTestContextBootstrapper - Found @SpringBootConfiguration com.paascloud.PaasCloudUacApplication for test class com.paascloud.provider.UacRoleServiceTest
14:32:04.461 [main] DEBUG org.springframework.boot.test.context.SpringBootTestContextBootstrapper - @TestExecutionListeners is not present for class [com.paascloud.provider.UacRoleServiceTest]: using defaults.
14:32:04.490 [main] INFO org.springframework.boot.test.context.SpringBootTestContextBootstrapper - Loaded default TestExecutionListener class names from location [META-INF/spring.factories]: [org.springframework.boot.test.mock.mockito.MockitoTestExecutionListener, org.springframework.boot.test.mock.mockito.ResetMocksTestExecutionListener, org.springframework.boot.test.autoconfigure.restdocs.RestDocsTestExecutionListener, org.springframework.boot.test.autoconfigure.web.client.MockRestServiceServerResetTestExecutionListener, org.springframework.boot.test.autoconfigure.web.servlet.MockMvcPrintOnlyOnFailureTestExecutionListener, org.springframework.boot.test.autoconfigure.web.servlet.WebDriverTestExecutionListener, org.springframework.test.context.web.ServletTestExecutionListener, org.springframework.test.context.support.DirtiesContextBeforeModesTestExecutionListener, org.springframework.test.context.support.DependencyInjectionTestExecutionListener, org.springframework.test.context.support.DirtiesContextTestExecutionListener, org.springframework.test.context.transaction.TransactionalTestExecutionListener, org.springframework.test.context.jdbc.SqlScriptsTestExecutionListener]
14:32:04.573 [main] INFO org.springframework.boot.test.context.SpringBootTestContextBootstrapper - Using TestExecutionListeners: [org.springframework.test.context.web.ServletTestExecutionListener@e1de817, org.springframework.test.context.support.DirtiesContextBeforeModesTestExecutionListener@52102734, org.springframework.boot.test.mock.mockito.MockitoTestExecutionListener@3541cb24, org.springframework.boot.test.autoconfigure.SpringBootDependencyInjectionTestExecutionListener@2177849e, org.springframework.test.context.support.DirtiesContextTestExecutionListener@40cb8df7, org.springframework.test.context.transaction.TransactionalTestExecutionListener@13b13b5d, org.springframework.test.context.jdbc.SqlScriptsTestExecutionListener@2892dae4, org.springframework.boot.test.mock.mockito.ResetMocksTestExecutionListener@355ce81c, org.springframework.boot.test.autoconfigure.restdocs.RestDocsTestExecutionListener@29647f75, org.springframework.boot.test.autoconfigure.web.client.MockRestServiceServerResetTestExecutionListener@3315d2d7, org.springframework.boot.test.autoconfigure.web.servlet.MockMvcPrintOnlyOnFailureTestExecutionListener@d6e7bab, org.springframework.boot.test.autoconfigure.web.servlet.WebDriverTestExecutionListener@5fa07e12]
14:32:04.577 [main] DEBUG org.springframework.test.context.junit4.SpringJUnit4ClassRunner - SpringJUnit4ClassRunner constructor called with [class com.paascloud.provider.UacUserServiceTest]
14:32:04.579 [main] DEBUG org.springframework.test.context.BootstrapUtils - Instantiating CacheAwareContextLoaderDelegate from class [org.springframework.test.context.cache.DefaultCacheAwareContextLoaderDelegate]
14:32:04.579 [main] DEBUG org.springframework.test.context.BootstrapUtils - Instantiating BootstrapContext using constructor [public org.springframework.test.context.support.DefaultBootstrapContext(java.lang.Class,org.springframework.test.context.CacheAwareContextLoaderDelegate)]
14:32:04.580 [main] DEBUG org.springframework.test.context.BootstrapUtils - Instantiating TestContextBootstrapper for test class [com.paascloud.provider.UacUserServiceTest] from class [org.springframework.boot.test.context.SpringBootTestContextBootstrapper]
14:32:04.584 [main] INFO org.springframework.boot.test.context.SpringBootTestContextBootstrapper - Neither @ContextConfiguration nor @ContextHierarchy found for test class [com.paascloud.provider.UacUserServiceTest], using SpringBootContextLoader
14:32:04.587 [main] DEBUG org.springframework.test.context.support.AbstractContextLoader - Did not detect default resource location for test class [com.paascloud.provider.UacUserServiceTest]: class path resource [com/paascloud/provider/UacUserServiceTest-context.xml] does not exist
14:32:04.589 [main] DEBUG org.springframework.test.context.support.AbstractContextLoader - Did not detect default resource location for test class [com.paascloud.provider.UacUserServiceTest]: class path resource [com/paascloud/provider/UacUserServiceTestContext.groovy] does not exist
14:32:04.590 [main] INFO org.springframework.test.context.support.AbstractContextLoader - Could not detect default resource locations for test class [com.paascloud.provider.UacUserServiceTest]: no resource found for suffixes {-context.xml, Context.groovy}.
14:32:04.591 [main] INFO org.springframework.test.context.support.AnnotationConfigContextLoaderUtils - Could not detect default configuration classes for test class [com.paascloud.provider.UacUserServiceTest]: UacUserServiceTest does not declare any static, non-private, non-final, nested classes annotated with @Configuration.
14:32:04.688 [main] DEBUG org.springframework.test.context.support.ActiveProfilesUtils - Could not find an 'annotation declaring class' for annotation type [org.springframework.test.context.ActiveProfiles] and class [com.paascloud.provider.UacUserServiceTest]
14:32:04.690 [main] DEBUG org.springframework.core.env.StandardEnvironment - Adding PropertySource 'systemProperties' with lowest search precedence
14:32:04.714 [main] DEBUG org.springframework.core.env.StandardEnvironment - Adding PropertySource 'systemEnvironment' with lowest search precedence
14:32:04.715 [main] DEBUG org.springframework.core.env.StandardEnvironment - Initialized StandardEnvironment with PropertySources [MapPropertySource@1523457748 {name='systemProperties', properties={java.runtime.name=Java(TM) SE Runtime Environment, sun.boot.library.path=D:\develop\Java\jdk1.8.0_181\jre\bin, java.vm.version=25.181-b13, java.vm.vendor=Oracle Corporation, java.vendor.url=http://java.oracle.com/, path.separator=;, java.vm.name=Java HotSpot(TM) 64-Bit Server VM, file.encoding.pkg=sun.io, user.country=CN, user.script=, sun.java.launcher=SUN_STANDARD, sun.os.patch.level=, java.vm.specification.name=Java Virtual Machine Specification, user.dir=D:\develop\workspace\code-repo\paascloud-master-master\paascloud-provider\paascloud-provider-uac, java.runtime.version=1.8.0_181-b13, basedir=D:\develop\workspace\code-repo\paascloud-master-master\paascloud-provider\paascloud-provider-uac, java.awt.graphicsenv=sun.awt.Win32GraphicsEnvironment, java.endorsed.dirs=D:\develop\Java\jdk1.8.0_181\jre\lib\endorsed, os.arch=amd64, surefire.real.class.path=D:\develop\workspace\code-repo\paascloud-master-master\paascloud-provider\paascloud-provider-uac\target\surefire\surefirebooter6302798505136300258.jar, java.io.tmpdir=C:\Users\lenovo\AppData\Local\Temp\, line.separator=
, java.vm.specification.vendor=Oracle Corporation, user.variant=, os.name=Windows 10, sun.jnu.encoding=GBK, java.library.path=D:\develop\Java\jdk1.8.0_181\jre\bin;C:\WINDOWS\Sun\Java\bin;C:\WINDOWS\system32;C:\WINDOWS;C:\Program Files (x86)\Common Files\Oracle\Java\javapath;C:\WINDOWS\system32;C:\WINDOWS;C:\WINDOWS\System32\Wbem;C:\WINDOWS\System32\WindowsPowerShell\v1.0\;C:\WINDOWS\System32\OpenSSH\;D:\develop\Java\jdk1.8.0_181\bin;D:\develop\Java\jdk1.8.0_181\jre\bin;D:\develop\maven\apache-maven-3.6.1\bin;D:\develop\Git\bin;D:\software\TortoiseGit\bin;D:\develop\scala\bin;D:\develop\scala\bin;D:\develop\scala\jre\bin;D:\software\nodejs\;C:\Users\lenovo\AppData\Local\Microsoft\WindowsApps;C:\Users\lenovo\AppData\Roaming\npm;C:\Program Files\Bandizip\;., surefire.test.class.path=D:\develop\workspace\code-repo\paascloud-master-master\paascloud-provider\paascloud-provider-uac\target\test-classes;D:\develop\workspace\code-repo\paascloud-master-master\paascloud-provider\paascloud-provider-uac\target\classes;D:\develop\maven\repo\mysql\mysql-connector-java\5.1.39\mysql-connector-java-5.1.39.jar;D:\develop\maven\repo\io\jsonwebtoken\jjwt\0.7.0\jjwt-0.7.0.jar;D:\develop\maven\repo\joda-time\joda-time\2.9.6\joda-time-2.9.6.jar;D:\develop\maven\repo\org\mybatis\spring\boot\mybatis-spring-boot-starter\1.2.0\mybatis-spring-boot-starter-1.2.0.jar;D:\develop\maven\repo\org\springframework\boot\spring-boot-starter\1.5.13.RELEASE\spring-boot-starter-1.5.13.RELEASE.jar;D:\develop\maven\repo\org\springframework\boot\spring-boot-starter-logging\1.5.13.RELEASE\spring-boot-starter-logging-1.5.13.RELEASE.jar;D:\develop\maven\repo\org\slf4j\jcl-over-slf4j\1.7.25\jcl-over-slf4j-1.7.25.jar;D:\develop\maven\repo\org\slf4j\jul-to-slf4j\1.7.25\jul-to-slf4j-1.7.25.jar;D:\develop\maven\repo\org\slf4j\log4j-over-slf4j\1.7.25\log4j-over-slf4j-1.7.25.jar;D:\develop\maven\repo\org\springframework\boot\spring-boot-starter-jdbc\1.5.13.RELEASE\spring-boot-starter-jdbc-1.5.13.RELEASE.jar;D:\develop\maven\repo\org\apache\tomcat\tomcat-jdbc\8.5.31\tomcat-jdbc-8.5.31.jar;D:\develop\maven\repo\org\apache\tomcat\tomcat-juli\8.5.31\tomcat-juli-8.5.31.jar;D:\develop\maven\repo\org\springframework\spring-jdbc\4.3.17.RELEASE\spring-jdbc-4.3.17.RELEASE.jar;D:\develop\maven\repo\org\mybatis\spring\boot\mybatis-spring-boot-autoconfigure\1.2.0\mybatis-spring-boot-autoconfigure-1.2.0.jar;D:\develop\maven\repo\org\mybatis\mybatis\3.4.2\mybatis-3.4.2.jar;D:\develop\maven\repo\org\mybatis\mybatis-spring\1.3.1\mybatis-spring-1.3.1.jar;D:\develop\maven\repo\tk\mybatis\mapper-spring-boot-starter\1.1.1\mapper-spring-boot-starter-1.1.1.jar;D:\develop\maven\repo\tk\mybatis\mapper-spring-boot-autoconfigure\1.1.1\mapper-spring-boot-autoconfigure-1.1.1.jar;D:\develop\maven\repo\tk\mybatis\mapper\3.4.0\mapper-3.4.0.jar;D:\develop\maven\repo\javax\persistence\persistence-api\1.0\persistence-api-1.0.jar;D:\develop\maven\repo\com\github\pagehelper\pagehelper-spring-boot-starter\1.1.2\pagehelper-spring-boot-starter-1.1.2.jar;D:\develop\maven\repo\com\github\pagehelper\pagehelper-spring-boot-autoconfigure\1.1.2\pagehelper-spring-boot-autoconfigure-1.1.2.jar;D:\develop\maven\repo\com\github\pagehelper\pagehelper\5.0.3\pagehelper-5.0.3.jar;D:\develop\maven\repo\com\github\jsqlparser\jsqlparser\1.0\jsqlparser-1.0.jar;D:\develop\maven\repo\com\alibaba\druid-spring-boot-starter\1.1.0\druid-spring-boot-starter-1.1.0.jar;D:\develop\maven\repo\org\springframework\boot\spring-boot-autoconfigure\1.5.13.RELEASE\spring-boot-autoconfigure-1.5.13.RELEASE.jar;D:\develop\maven\repo\com\fasterxml\jackson\core\jackson-databind\2.8.4\jackson-databind-2.8.4.jar;D:\develop\maven\repo\com\fasterxml\jackson\core\jackson-annotations\2.8.0\jackson-annotations-2.8.0.jar;D:\develop\maven\repo\com\fasterxml\jackson\core\jackson-core\2.8.11\jackson-core-2.8.11.jar;D:\develop\workspace\code-repo\paascloud-master-master\paascloud-provider-api\paascloud-provider-uac-api\target\paascloud-provider-uac-api-1.0.jar;D:\develop\workspace\code-repo\paascloud-master-master\paascloud-common\paascloud-security-feign\target\paascloud-security-feign-1.0.jar;D:\develop\workspace\code-repo\paascloud-master-master\paascloud-provider-api\paascloud-provider-mdc-api\target\paascloud-provider-mdc-api-1.0.jar;D:\develop\workspace\code-repo\paascloud-master-master\paascloud-provider-api\paascloud-provider-omc-api\target\paascloud-provider-omc-api-1.0.jar;D:\develop\workspace\code-repo\paascloud-master-master\paascloud-provider-api\paascloud-provider-opc-api\target\paascloud-provider-opc-api-1.0.jar;D:\develop\maven\repo\io\github\openfeign\form\feign-form\3.0.3\feign-form-3.0.3.jar;D:\develop\maven\repo\io\github\openfeign\form\feign-form-spring\3.0.3\feign-form-spring-3.0.3.jar;D:\develop\workspace\code-repo\paascloud-master-master\paascloud-provider-api\paascloud-provider-sdk-api\target\paascloud-provider-sdk-api-1.0.jar;D:\develop\maven\repo\org\projectlombok\lombok\1.16.14\lombok-1.16.14.jar;D:\develop\workspace\code-repo\paascloud-master-master\paascloud-provider-api\paascloud-provider-tpc-api\target\paascloud-provider-tpc-api-1.0.jar;D:\develop\workspace\code-repo\paascloud-master-master\paascloud-common\paascloud-common-zk\target\paascloud-common-zk-1.0.jar;D:\develop\maven\repo\org\apache\curator\curator-framework\2.10.0\curator-framework-2.10.0.jar;D:\develop\maven\repo\org\apache\curator\curator-client\2.10.0\curator-client-2.10.0.jar;D:\develop\maven\repo\org\apache\zookeeper\zookeeper\3.4.6\zookeeper-3.4.6.jar;D:\develop\maven\repo\jline\jline\2.14.6\jline-2.14.6.jar;D:\develop\maven\repo\io\netty\netty\3.7.0.Final\netty-3.7.0.Final.jar;D:\develop\maven\repo\org\apache\curator\curator-recipes\2.10.0\curator-recipes-2.10.0.jar;D:\develop\maven\repo\com\alibaba\fastjson\1.2.29\fastjson-1.2.29.jar;D:\develop\maven\repo\org\aspectj\aspectjweaver\1.8.13\aspectjweaver-1.8.13.jar;D:\develop\maven\repo\org\springframework\spring-tx\4.3.11.RELEASE\spring-tx-4.3.11.RELEASE.jar;D:\develop\maven\repo\org\springframework\spring-beans\4.3.17.RELEASE\spring-beans-4.3.17.RELEASE.jar;D:\develop\maven\repo\org\apache\rocketmq\rocketmq-client\4.1.0-incubating\rocketmq-client-4.1.0-incubating.jar;D:\develop\maven\repo\org\apache\rocketmq\rocketmq-common\4.1.0-incubating\rocketmq-common-4.1.0-incubating.jar;D:\develop\maven\repo\org\apache\rocketmq\rocketmq-remoting\4.1.0-incubating\rocketmq-remoting-4.1.0-incubating.jar;D:\develop\maven\repo\io\netty\netty-all\4.0.56.Final\netty-all-4.0.56.Final.jar;D:\develop\maven\repo\org\slf4j\slf4j-api\1.7.25\slf4j-api-1.7.25.jar;D:\develop\maven\repo\org\apache\commons\commons-lang3\3.5\commons-lang3-3.5.jar;D:\develop\maven\repo\de\codecentric\spring-boot-admin-starter-client\1.5.7\spring-boot-admin-starter-client-1.5.7.jar;D:\develop\maven\repo\de\codecentric\spring-boot-admin-client\1.5.7\spring-boot-admin-client-1.5.7.jar;D:\develop\maven\repo\org\springframework\boot\spring-boot-starter-freemarker\1.5.13.RELEASE\spring-boot-starter-freemarker-1.5.13.RELEASE.jar;D:\develop\maven\repo\org\freemarker\freemarker\2.3.28\freemarker-2.3.28.jar;D:\develop\maven\repo\org\springframework\spring-context-support\4.3.17.RELEASE\spring-context-support-4.3.17.RELEASE.jar;D:\develop\maven\repo\org\springframework\cloud\spring-cloud-starter-feign\1.4.4.RELEASE\spring-cloud-starter-feign-1.4.4.RELEASE.jar;D:\develop\maven\repo\org\springframework\cloud\spring-cloud-starter-openfeign\1.4.4.RELEASE\spring-cloud-starter-openfeign-1.4.4.RELEASE.jar;D:\develop\maven\repo\io\github\openfeign\feign-core\9.5.0\feign-core-9.5.0.jar;D:\develop\maven\repo\org\jvnet\animal-sniffer-annotation\1.0\animal-sniffer-annotation-1.0.jar;D:\develop\maven\repo\io\github\openfeign\feign-slf4j\9.5.0\feign-slf4j-9.5.0.jar;D:\develop\maven\repo\io\github\openfeign\feign-hystrix\9.5.0\feign-hystrix-9.5.0.jar;D:\develop\maven\repo\com\github\penggle\kaptcha\2.3.2\kaptcha-2.3.2.jar;D:\develop\maven\repo\com\jhlabs\filters\2.0.235-1\filters-2.0.235-1.jar;D:\develop\maven\repo\org\springframework\cloud\spring-cloud-starter-oauth2\1.2.2.RELEASE\spring-cloud-starter-oauth2-1.2.2.RELEASE.jar;D:\develop\maven\repo\org\springframework\cloud\spring-cloud-starter-security\1.2.2.RELEASE\spring-cloud-starter-security-1.2.2.RELEASE.jar;D:\develop\maven\repo\org\springframework\cloud\spring-cloud-security\1.2.2.RELEASE\spring-cloud-security-1.2.2.RELEASE.jar;D:\develop\maven\repo\org\springframework\boot\spring-boot-starter-security\1.5.13.RELEASE\spring-boot-starter-security-1.5.13.RELEASE.jar;D:\develop\maven\repo\org\springframework\security\oauth\spring-security-oauth2\2.0.15.RELEASE\spring-security-oauth2-2.0.15.RELEASE.jar;D:\develop\maven\repo\org\springframework\security\spring-security-core\4.2.6.RELEASE\spring-security-core-4.2.6.RELEASE.jar;D:\develop\maven\repo\org\springframework\security\spring-security-config\4.2.6.RELEASE\spring-security-config-4.2.6.RELEASE.jar;D:\develop\maven\repo\org\springframework\social\spring-social-config\1.1.6.RELEASE\spring-social-config-1.1.6.RELEASE.jar;D:\develop\maven\repo\org\springframework\social\spring-social-core\1.1.6.RELEASE\spring-social-core-1.1.6.RELEASE.jar;D:\develop\maven\repo\org\springframework\spring-web\4.3.8.RELEASE\spring-web-4.3.8.RELEASE.jar;D:\develop\maven\repo\org\springframework\social\spring-social-security\1.1.6.RELEASE\spring-social-security-1.1.6.RELEASE.jar;D:\develop\maven\repo\org\springframework\spring-webmvc\4.3.17.RELEASE\spring-webmvc-4.3.17.RELEASE.jar;D:\develop\maven\repo\org\springframework\spring-expression\4.3.17.RELEASE\spring-expression-4.3.17.RELEASE.jar;D:\develop\maven\repo\org\springframework\security\spring-security-web\4.2.6.RELEASE\spring-security-web-4.2.6.RELEASE.jar;D:\develop\maven\repo\aopalliance\aopalliance\1.0\aopalliance-1.0.jar;D:\develop\maven\repo\org\springframework\social\spring-social-web\1.1.6.RELEASE\spring-social-web-1.1.6.RELEASE.jar;D:\develop\maven\repo\javax\inject\javax.inject\1\javax.inject-1.jar;D:\develop\workspace\code-repo\paascloud-master-master\paascloud-common\paascloud-common-base\target\paascloud-common-base-1.0.jar;D:\develop\workspace\code-repo\paascloud-master-master\paascloud-common\paascloud-security-app\target\paascloud-security-app-1.0.jar;D:\develop\workspace\code-repo\paascloud-master-master\paascloud-common\paascloud-security-core\target\paascloud-security-core-1.0.jar;D:\develop\maven\repo\commons-lang\commons-lang\2.6\commons-lang-2.6.jar;D:\develop\maven\repo\commons-collections\commons-collections\3.2.2\commons-collections-3.2.2.jar;D:\develop\maven\repo\org\springframework\cloud\spring-cloud-starter-config\1.4.3.RELEASE\spring-cloud-starter-config-1.4.3.RELEASE.jar;D:\develop\maven\repo\org\springframework\cloud\spring-cloud-starter\1.3.3.RELEASE\spring-cloud-starter-1.3.3.RELEASE.jar;D:\develop\maven\repo\org\springframework\cloud\spring-cloud-context\1.3.3.RELEASE\spring-cloud-context-1.3.3.RELEASE.jar;D:\develop\maven\repo\org\springframework\security\spring-security-rsa\1.0.3.RELEASE\spring-security-rsa-1.0.3.RELEASE.jar;D:\develop\maven\repo\org\springframework\cloud\spring-cloud-config-client\1.4.3.RELEASE\spring-cloud-config-client-1.4.3.RELEASE.jar;D:\develop\maven\repo\org\springframework\cloud\spring-cloud-starter-sleuth\1.3.3.RELEASE\spring-cloud-starter-sleuth-1.3.3.RELEASE.jar;D:\develop\maven\repo\org\springframework\cloud\spring-cloud-sleuth-core\1.3.3.RELEASE\spring-cloud-sleuth-core-1.3.3.RELEASE.jar;D:\develop\maven\repo\org\aspectj\aspectjrt\1.8.13\aspectjrt-1.8.13.jar;D:\develop\maven\repo\org\springframework\cloud\spring-cloud-sleuth-zipkin\1.3.3.RELEASE\spring-cloud-sleuth-zipkin-1.3.3.RELEASE.jar;D:\develop\maven\repo\org\springframework\cloud\spring-cloud-commons\1.3.3.RELEASE\spring-cloud-commons-1.3.3.RELEASE.jar;D:\develop\maven\repo\org\springframework\security\spring-security-crypto\4.2.6.RELEASE\spring-security-crypto-4.2.6.RELEASE.jar;D:\develop\maven\repo\org\apache\httpcomponents\httpclient\4.5.5\httpclient-4.5.5.jar;D:\develop\maven\repo\org\apache\httpcomponents\httpcore\4.4.9\httpcore-4.4.9.jar;D:\develop\maven\repo\io\zipkin\zipkin2\zipkin\2.6.1\zipkin-2.6.1.jar;D:\develop\maven\repo\io\zipkin\reporter2\zipkin-reporter\2.5.0\zipkin-reporter-2.5.0.jar;D:\develop\maven\repo\io\zipkin\reporter2\zipkin-sender-kafka11\2.5.0\zipkin-sender-kafka11-2.5.0.jar;D:\develop\maven\repo\io\zipkin\reporter2\zipkin-sender-amqp-client\2.5.0\zipkin-sender-amqp-client-2.5.0.jar;D:\develop\workspace\code-repo\paascloud-master-master\paascloud-common\paascloud-common-util\target\paascloud-common-util-1.0.jar;D:\develop\maven\repo\ch\qos\logback\logback-classic\1.1.11\logback-classic-1.1.11.jar;D:\develop\maven\repo\org\codehaus\jackson\jackson-smile\1.9.13\jackson-smile-1.9.13.jar;D:\develop\maven\repo\org\codehaus\jackson\jackson-core-asl\1.9.13\jackson-core-asl-1.9.13.jar;D:\develop\maven\repo\org\codehaus\jackson\jackson-mapper-asl\1.9.13\jackson-mapper-asl-1.9.13.jar;D:\develop\maven\repo\com\xiaoleilu\hutool-all\3.0.7\hutool-all-3.0.7.jar;D:\develop\maven\repo\commons-beanutils\commons-beanutils\1.9.3\commons-beanutils-1.9.3.jar;D:\develop\workspace\code-repo\paascloud-master-master\paascloud-common\paascloud-common-core\target\paascloud-common-core-1.0.jar;D:\develop\maven\repo\eu\bitwalker\UserAgentUtils\1.20\UserAgentUtils-1.20.jar;D:\develop\maven\repo\org\springframework\boot\spring-boot-starter-data-redis\1.5.13.RELEASE\spring-boot-starter-data-redis-1.5.13.RELEASE.jar;D:\develop\maven\repo\org\springframework\data\spring-data-redis\1.8.12.RELEASE\spring-data-redis-1.8.12.RELEASE.jar;D:\develop\maven\repo\org\springframework\data\spring-data-keyvalue\1.2.12.RELEASE\spring-data-keyvalue-1.2.12.RELEASE.jar;D:\develop\maven\repo\org\springframework\data\spring-data-commons\1.13.12.RELEASE\spring-data-commons-1.13.12.RELEASE.jar;D:\develop\maven\repo\org\springframework\spring-oxm\4.3.17.RELEASE\spring-oxm-4.3.17.RELEASE.jar;D:\develop\maven\repo\redis\clients\jedis\2.9.0\jedis-2.9.0.jar;D:\develop\maven\repo\org\apache\commons\commons-pool2\2.4.3\commons-pool2-2.4.3.jar;D:\develop\maven\repo\com\fasterxml\jackson\module\jackson-module-parameter-names\2.8.11\jackson-module-parameter-names-2.8.11.jar;D:\develop\maven\repo\com\fasterxml\jackson\datatype\jackson-datatype-jdk8\2.8.11\jackson-datatype-jdk8-2.8.11.jar;D:\develop\maven\repo\com\fasterxml\jackson\datatype\jackson-datatype-jsr310\2.8.11\jackson-datatype-jsr310-2.8.11.jar;D:\develop\workspace\code-repo\paascloud-master-master\paascloud-common\paascloud-common-config\target\paascloud-common-config-1.0.jar;D:\develop\maven\repo\com\arronlong\httpclientutil\httpclientutil\1.0\httpclientutil-1.0.jar;D:\develop\maven\repo\org\apache\httpcomponents\httpmime\4.5.5\httpmime-4.5.5.jar;D:\develop\maven\repo\org\apache\httpcomponents\httpasyncclient\4.1.3\httpasyncclient-4.1.3.jar;D:\develop\maven\repo\org\apache\httpcomponents\httpcore-nio\4.4.6\httpcore-nio-4.4.6.jar;D:\develop\maven\repo\log4j\log4j\1.2.17\log4j-1.2.17.jar;D:\develop\maven\repo\com\netflix\hystrix\hystrix-core\1.5.12\hystrix-core-1.5.12.jar;D:\develop\maven\repo\com\netflix\archaius\archaius-core\0.7.4\archaius-core-0.7.4.jar;D:\develop\maven\repo\com\google\code\findbugs\jsr305\3.0.2\jsr305-3.0.2.jar;D:\develop\maven\repo\io\reactivex\rxjava\1.2.0\rxjava-1.2.0.jar;D:\develop\maven\repo\org\hdrhistogram\HdrHistogram\2.1.9\HdrHistogram-2.1.9.jar;D:\develop\maven\repo\org\springframework\boot\spring-boot-starter-actuator\1.5.13.RELEASE\spring-boot-starter-actuator-1.5.13.RELEASE.jar;D:\develop\maven\repo\org\springframework\boot\spring-boot-actuator\1.5.13.RELEASE\spring-boot-actuator-1.5.13.RELEASE.jar;D:\develop\maven\repo\org\springframework\cloud\spring-cloud-starter-hystrix\1.4.4.RELEASE\spring-cloud-starter-hystrix-1.4.4.RELEASE.jar;D:\develop\maven\repo\org\springframework\cloud\spring-cloud-starter-netflix-hystrix\1.4.4.RELEASE\spring-cloud-starter-netflix-hystrix-1.4.4.RELEASE.jar;D:\develop\maven\repo\com\netflix\hystrix\hystrix-metrics-event-stream\1.5.12\hystrix-metrics-event-stream-1.5.12.jar;D:\develop\maven\repo\com\netflix\hystrix\hystrix-serialization\1.5.12\hystrix-serialization-1.5.12.jar;D:\develop\maven\repo\com\fasterxml\jackson\module\jackson-module-afterburner\2.8.11\jackson-module-afterburner-2.8.11.jar;D:\develop\maven\repo\com\netflix\hystrix\hystrix-javanica\1.5.12\hystrix-javanica-1.5.12.jar;D:\develop\maven\repo\org\ow2\asm\asm\5.0.4\asm-5.0.4.jar;D:\develop\maven\repo\org\springframework\boot\spring-boot-starter-web\1.5.13.RELEASE\spring-boot-starter-web-1.5.13.RELEASE.jar;D:\develop\maven\repo\org\springframework\boot\spring-boot-starter-tomcat\1.5.13.RELEASE\spring-boot-starter-tomcat-1.5.13.RELEASE.jar;D:\develop\maven\repo\org\apache\tomcat\embed\tomcat-embed-core\8.5.31\tomcat-embed-core-8.5.31.jar;D:\develop\maven\repo\org\apache\tomcat\tomcat-annotations-api\8.5.31\tomcat-annotations-api-8.5.31.jar;D:\develop\maven\repo\org\apache\tomcat\embed\tomcat-embed-websocket\8.5.31\tomcat-embed-websocket-8.5.31.jar;D:\develop\maven\repo\org\hibernate\hibernate-validator\5.3.6.Final\hibernate-validator-5.3.6.Final.jar;D:\develop\maven\repo\javax\validation\validation-api\1.1.0.Final\validation-api-1.1.0.Final.jar;D:\develop\maven\repo\org\jboss\logging\jboss-logging\3.3.2.Final\jboss-logging-3.3.2.Final.jar;D:\develop\maven\repo\net\logstash\logback\logstash-logback-encoder\4.6\logstash-logback-encoder-4.6.jar;D:\develop\maven\repo\ch\qos\logback\logback-core\1.1.11\logback-core-1.1.11.jar;D:\develop\maven\repo\com\google\guava\guava\17.0\guava-17.0.jar;D:\develop\maven\repo\org\springframework\boot\spring-boot-starter-validation\1.5.13.RELEASE\spring-boot-starter-validation-1.5.13.RELEASE.jar;D:\develop\maven\repo\org\apache\tomcat\embed\tomcat-embed-el\8.5.31\tomcat-embed-el-8.5.31.jar;D:\develop\maven\repo\io\springfox\springfox-swagger-ui\2.6.1\springfox-swagger-ui-2.6.1.jar;D:\develop\maven\repo\io\springfox\springfox-spring-web\2.6.1\springfox-spring-web-2.6.1.jar;D:\develop\maven\repo\io\springfox\springfox-swagger2\2.6.1\springfox-swagger2-2.6.1.jar;D:\develop\maven\repo\io\swagger\swagger-annotations\1.5.10\swagger-annotations-1.5.10.jar;D:\develop\maven\repo\io\swagger\swagger-models\1.5.10\swagger-models-1.5.10.jar;D:\develop\maven\repo\io\springfox\springfox-spi\2.6.1\springfox-spi-2.6.1.jar;D:\develop\maven\repo\io\springfox\springfox-core\2.6.1\springfox-core-2.6.1.jar;D:\develop\maven\repo\io\springfox\springfox-schema\2.6.1\springfox-schema-2.6.1.jar;D:\develop\maven\repo\io\springfox\springfox-swagger-common\2.6.1\springfox-swagger-common-2.6.1.jar;D:\develop\maven\repo\com\fasterxml\classmate\1.3.4\classmate-1.3.4.jar;D:\develop\maven\repo\org\springframework\plugin\spring-plugin-core\1.2.0.RELEASE\spring-plugin-core-1.2.0.RELEASE.jar;D:\develop\maven\repo\org\springframework\plugin\spring-plugin-metadata\1.2.0.RELEASE\spring-plugin-metadata-1.2.0.RELEASE.jar;D:\develop\maven\repo\org\mapstruct\mapstruct\1.0.0.Final\mapstruct-1.0.0.Final.jar;D:\develop\maven\repo\commons-codec\commons-codec\1.10\commons-codec-1.10.jar;D:\develop\maven\repo\org\springframework\boot\spring-boot-starter-test\1.5.13.RELEASE\spring-boot-starter-test-1.5.13.RELEASE.jar;D:\develop\maven\repo\org\springframework\boot\spring-boot-test\1.5.13.RELEASE\spring-boot-test-1.5.13.RELEASE.jar;D:\develop\maven\repo\org\springframework\boot\spring-boot-test-autoconfigure\1.5.13.RELEASE\spring-boot-test-autoconfigure-1.5.13.RELEASE.jar;D:\develop\maven\repo\com\jayway\jsonpath\json-path\2.2.0\json-path-2.2.0.jar;D:\develop\maven\repo\net\minidev\json-smart\2.2.1\json-smart-2.2.1.jar;D:\develop\maven\repo\net\minidev\accessors-smart\1.1\accessors-smart-1.1.jar;D:\develop\maven\repo\junit\junit\4.12\junit-4.12.jar;D:\develop\maven\repo\org\assertj\assertj-core\2.6.0\assertj-core-2.6.0.jar;D:\develop\maven\repo\org\mockito\mockito-core\1.10.19\mockito-core-1.10.19.jar;D:\develop\maven\repo\org\objenesis\objenesis\2.5.1\objenesis-2.5.1.jar;D:\develop\maven\repo\org\hamcrest\hamcrest-core\1.3\hamcrest-core-1.3.jar;D:\develop\maven\repo\org\hamcrest\hamcrest-library\1.3\hamcrest-library-1.3.jar;D:\develop\maven\repo\org\skyscreamer\jsonassert\1.4.0\jsonassert-1.4.0.jar;D:\develop\maven\repo\com\vaadin\external\google\android-json\0.0.20131108.vaadin1\android-json-0.0.20131108.vaadin1.jar;D:\develop\maven\repo\org\springframework\spring-core\4.3.11.RELEASE\spring-core-4.3.11.RELEASE.jar;D:\develop\maven\repo\org\springframework\spring-test\4.3.17.RELEASE\spring-test-4.3.17.RELEASE.jar;D:\develop\maven\repo\com\alibaba\druid\1.0.29\druid-1.0.29.jar;D:\develop\Java\jdk1.8.0_181\jre\..\lib\jconsole.jar;D:\develop\Java\jdk1.8.0_181\jre\..\lib\tools.jar;D:\develop\maven\repo\org\mybatis\generator\mybatis-generator-core\1.3.5\mybatis-generator-core-1.3.5.jar;D:\develop\maven\repo\org\springframework\boot\spring-boot-configuration-processor\1.5.13.RELEASE\spring-boot-configuration-processor-1.5.13.RELEASE.jar;D:\develop\maven\repo\org\springframework\boot\spring-boot-devtools\1.5.13.RELEASE\spring-boot-devtools-1.5.13.RELEASE.jar;D:\develop\maven\repo\org\springframework\boot\spring-boot\1.5.13.RELEASE\spring-boot-1.5.13.RELEASE.jar;D:\develop\maven\repo\org\springframework\boot\spring-boot-starter-aop\1.5.13.RELEASE\spring-boot-starter-aop-1.5.13.RELEASE.jar;D:\develop\maven\repo\org\springframework\spring-aop\4.3.17.RELEASE\spring-aop-4.3.17.RELEASE.jar;D:\develop\maven\repo\org\modelmapper\modelmapper\1.1.2\modelmapper-1.1.2.jar;D:\develop\maven\repo\org\jolokia\jolokia-core\1.3.7\jolokia-core-1.3.7.jar;D:\develop\maven\repo\com\googlecode\json-simple\json-simple\1.1.1\json-simple-1.1.1.jar;D:\develop\maven\repo\org\springframework\security\spring-security-jwt\1.0.9.RELEASE\spring-security-jwt-1.0.9.RELEASE.jar;D:\develop\maven\repo\org\bouncycastle\bcpkix-jdk15on\1.56\bcpkix-jdk15on-1.56.jar;D:\develop\maven\repo\org\bouncycastle\bcprov-jdk15on\1.56\bcprov-jdk15on-1.56.jar;D:\develop\maven\repo\org\liquibase\liquibase-core\3.5.3\liquibase-core-3.5.3.jar;D:\develop\maven\repo\org\yaml\snakeyaml\1.17\snakeyaml-1.17.jar;D:\develop\maven\repo\org\springframework\cloud\spring-cloud-starter-zipkin\1.3.3.RELEASE\spring-cloud-starter-zipkin-1.3.3.RELEASE.jar;D:\develop\maven\repo\org\springframework\amqp\spring-rabbit\1.7.7.RELEASE\spring-rabbit-1.7.7.RELEASE.jar;D:\develop\maven\repo\org\springframework\retry\spring-retry\1.2.2.RELEASE\spring-retry-1.2.2.RELEASE.jar;D:\develop\maven\repo\com\rabbitmq\http-client\1.1.1.RELEASE\http-client-1.1.1.RELEASE.jar;D:\develop\maven\repo\com\rabbitmq\amqp-client\4.0.3\amqp-client-4.0.3.jar;D:\develop\maven\repo\org\springframework\spring-messaging\4.3.17.RELEASE\spring-messaging-4.3.17.RELEASE.jar;D:\develop\maven\repo\org\springframework\spring-context\4.3.8.RELEASE\spring-context-4.3.8.RELEASE.jar;D:\develop\maven\repo\org\springframework\amqp\spring-amqp\1.7.7.RELEASE\spring-amqp-1.7.7.RELEASE.jar;D:\develop\maven\repo\org\springframework\cloud\spring-cloud-starter-netflix-eureka-client\1.4.4.RELEASE\spring-cloud-starter-netflix-eureka-client-1.4.4.RELEASE.jar;D:\develop\maven\repo\org\springframework\cloud\spring-cloud-netflix-core\1.4.4.RELEASE\spring-cloud-netflix-core-1.4.4.RELEASE.jar;D:\develop\maven\repo\org\springframework\cloud\spring-cloud-netflix-eureka-client\1.4.4.RELEASE\spring-cloud-netflix-eureka-client-1.4.4.RELEASE.jar;D:\develop\maven\repo\com\netflix\eureka\eureka-client\1.7.2\eureka-client-1.7.2.jar;D:\develop\maven\repo\org\codehaus\jettison\jettison\1.2\jettison-1.2.jar;D:\develop\maven\repo\stax\stax-api\1.0.1\stax-api-1.0.1.jar;D:\develop\maven\repo\com\netflix\netflix-commons\netflix-eventbus\0.3.0\netflix-eventbus-0.3.0.jar;D:\develop\maven\repo\com\netflix\netflix-commons\netflix-infix\0.3.0\netflix-infix-0.3.0.jar;D:\develop\maven\repo\commons-jxpath\commons-jxpath\1.3\commons-jxpath-1.3.jar;D:\develop\maven\repo\org\antlr\antlr-runtime\3.4\antlr-runtime-3.4.jar;D:\develop\maven\repo\org\antlr\stringtemplate\3.2.1\stringtemplate-3.2.1.jar;D:\develop\maven\repo\antlr\antlr\2.7.7\antlr-2.7.7.jar;D:\develop\maven\repo\com\google\code\gson\gson\2.8.4\gson-2.8.4.jar;D:\develop\maven\repo\org\apache\commons\commons-math\2.2\commons-math-2.2.jar;D:\develop\maven\repo\javax\ws\rs\jsr311-api\1.1.1\jsr311-api-1.1.1.jar;D:\develop\maven\repo\com\netflix\servo\servo-core\0.10.1\servo-core-0.10.1.jar;D:\develop\maven\repo\com\netflix\servo\servo-internal\0.10.1\servo-internal-0.10.1.jar;D:\develop\maven\repo\com\sun\jersey\jersey-core\1.19.1\jersey-core-1.19.1.jar;D:\develop\maven\repo\com\sun\jersey\jersey-client\1.19.1\jersey-client-1.19.1.jar;D:\develop\maven\repo\com\sun\jersey\contribs\jersey-apache-client4\1.19.1\jersey-apache-client4-1.19.1.jar;D:\develop\maven\repo\com\google\inject\guice\3.0\guice-3.0.jar;D:\develop\maven\repo\com\netflix\eureka\eureka-core\1.7.2\eureka-core-1.7.2.jar;D:\develop\maven\repo\org\codehaus\woodstox\woodstox-core-asl\4.4.1\woodstox-core-asl-4.4.1.jar;D:\develop\maven\repo\javax\xml\stream\stax-api\1.0-2\stax-api-1.0-2.jar;D:\develop\maven\repo\org\codehaus\woodstox\stax2-api\3.1.4\stax2-api-3.1.4.jar;D:\develop\maven\repo\org\springframework\cloud\spring-cloud-starter-netflix-archaius\1.4.4.RELEASE\spring-cloud-starter-netflix-archaius-1.4.4.RELEASE.jar;D:\develop\maven\repo\commons-configuration\commons-configuration\1.8\commons-configuration-1.8.jar;D:\develop\maven\repo\org\springframework\cloud\spring-cloud-starter-netflix-ribbon\1.4.4.RELEASE\spring-cloud-starter-netflix-ribbon-1.4.4.RELEASE.jar;D:\develop\maven\repo\com\netflix\ribbon\ribbon\2.2.5\ribbon-2.2.5.jar;D:\develop\maven\repo\com\netflix\ribbon\ribbon-transport\2.2.5\ribbon-transport-2.2.5.jar;D:\develop\maven\repo\io\reactivex\rxnetty-contexts\0.4.9\rxnetty-contexts-0.4.9.jar;D:\develop\maven\repo\io\reactivex\rxnetty-servo\0.4.9\rxnetty-servo-0.4.9.jar;D:\develop\maven\repo\io\reactivex\rxnetty\0.4.9\rxnetty-0.4.9.jar;D:\develop\maven\repo\io\netty\netty-codec-http\4.0.27.Final\netty-codec-http-4.0.27.Final.jar;D:\develop\maven\repo\io\netty\netty-codec\4.0.27.Final\netty-codec-4.0.27.Final.jar;D:\develop\maven\repo\io\netty\netty-handler\4.0.27.Final\netty-handler-4.0.27.Final.jar;D:\develop\maven\repo\io\netty\netty-transport-native-epoll\4.0.27.Final\netty-transport-native-epoll-4.0.27.Final.jar;D:\develop\maven\repo\io\netty\netty-common\4.0.27.Final\netty-common-4.0.27.Final.jar;D:\develop\maven\repo\io\netty\netty-buffer\4.0.27.Final\netty-buffer-4.0.27.Final.jar;D:\develop\maven\repo\io\netty\netty-transport\4.0.27.Final\netty-transport-4.0.27.Final.jar;D:\develop\maven\repo\com\netflix\ribbon\ribbon-core\2.2.5\ribbon-core-2.2.5.jar;D:\develop\maven\repo\com\netflix\ribbon\ribbon-httpclient\2.2.5\ribbon-httpclient-2.2.5.jar;D:\develop\maven\repo\com\netflix\netflix-commons\netflix-commons-util\0.1.1\netflix-commons-util-0.1.1.jar;D:\develop\maven\repo\com\netflix\ribbon\ribbon-loadbalancer\2.2.5\ribbon-loadbalancer-2.2.5.jar;D:\develop\maven\repo\com\netflix\netflix-commons\netflix-statistics\0.1.1\netflix-statistics-0.1.1.jar;D:\develop\maven\repo\com\netflix\ribbon\ribbon-eureka\2.2.5\ribbon-eureka-2.2.5.jar;D:\develop\maven\repo\com\thoughtworks\xstream\xstream\1.4.10\xstream-1.4.10.jar;D:\develop\maven\repo\xmlpull\xmlpull\1.1.3.1\xmlpull-1.1.3.1.jar;D:\develop\maven\repo\xpp3\xpp3_min\1.1.4c\xpp3_min-1.1.4c.jar;, java.specification.name=Java Platform API Specification, java.class.version=52.0, sun.management.compiler=HotSpot 64-Bit Tiered Compilers, os.version=10.0, user.home=C:\Users\lenovo, user.timezone=Asia/Shanghai, java.awt.printerjob=sun.awt.windows.WPrinterJob, file.encoding=GBK, java.specification.version=1.8, java.class.path=D:\develop\workspace\code-repo\paascloud-master-master\paascloud-provider\paascloud-provider-uac\target\test-classes;D:\develop\workspace\code-repo\paascloud-master-master\paascloud-provider\paascloud-provider-uac\target\classes;D:\develop\maven\repo\mysql\mysql-connector-java\5.1.39\mysql-connector-java-5.1.39.jar;D:\develop\maven\repo\io\jsonwebtoken\jjwt\0.7.0\jjwt-0.7.0.jar;D:\develop\maven\repo\joda-time\joda-time\2.9.6\joda-time-2.9.6.jar;D:\develop\maven\repo\org\mybatis\spring\boot\mybatis-spring-boot-starter\1.2.0\mybatis-spring-boot-starter-1.2.0.jar;D:\develop\maven\repo\org\springframework\boot\spring-boot-starter\1.5.13.RELEASE\spring-boot-starter-1.5.13.RELEASE.jar;D:\develop\maven\repo\org\springframework\boot\spring-boot-starter-logging\1.5.13.RELEASE\spring-boot-starter-logging-1.5.13.RELEASE.jar;D:\develop\maven\repo\org\slf4j\jcl-over-slf4j\1.7.25\jcl-over-slf4j-1.7.25.jar;D:\develop\maven\repo\org\slf4j\jul-to-slf4j\1.7.25\jul-to-slf4j-1.7.25.jar;D:\develop\maven\repo\org\slf4j\log4j-over-slf4j\1.7.25\log4j-over-slf4j-1.7.25.jar;D:\develop\maven\repo\org\springframework\boot\spring-boot-starter-jdbc\1.5.13.RELEASE\spring-boot-starter-jdbc-1.5.13.RELEASE.jar;D:\develop\maven\repo\org\apache\tomcat\tomcat-jdbc\8.5.31\tomcat-jdbc-8.5.31.jar;D:\develop\maven\repo\org\apache\tomcat\tomcat-juli\8.5.31\tomcat-juli-8.5.31.jar;D:\develop\maven\repo\org\springframework\spring-jdbc\4.3.17.RELEASE\spring-jdbc-4.3.17.RELEASE.jar;D:\develop\maven\repo\org\mybatis\spring\boot\mybatis-spring-boot-autoconfigure\1.2.0\mybatis-spring-boot-autoconfigure-1.2.0.jar;D:\develop\maven\repo\org\mybatis\mybatis\3.4.2\mybatis-3.4.2.jar;D:\develop\maven\repo\org\mybatis\mybatis-spring\1.3.1\mybatis-spring-1.3.1.jar;D:\develop\maven\repo\tk\mybatis\mapper-spring-boot-starter\1.1.1\mapper-spring-boot-starter-1.1.1.jar;D:\develop\maven\repo\tk\mybatis\mapper-spring-boot-autoconfigure\1.1.1\mapper-spring-boot-autoconfigure-1.1.1.jar;D:\develop\maven\repo\tk\mybatis\mapper\3.4.0\mapper-3.4.0.jar;D:\develop\maven\repo\javax\persistence\persistence-api\1.0\persistence-api-1.0.jar;D:\develop\maven\repo\com\github\pagehelper\pagehelper-spring-boot-starter\1.1.2\pagehelper-spring-boot-starter-1.1.2.jar;D:\develop\maven\repo\com\github\pagehelper\pagehelper-spring-boot-autoconfigure\1.1.2\pagehelper-spring-boot-autoconfigure-1.1.2.jar;D:\develop\maven\repo\com\github\pagehelper\pagehelper\5.0.3\pagehelper-5.0.3.jar;D:\develop\maven\repo\com\github\jsqlparser\jsqlparser\1.0\jsqlparser-1.0.jar;D:\develop\maven\repo\com\alibaba\druid-spring-boot-starter\1.1.0\druid-spring-boot-starter-1.1.0.jar;D:\develop\maven\repo\org\springframework\boot\spring-boot-autoconfigure\1.5.13.RELEASE\spring-boot-autoconfigure-1.5.13.RELEASE.jar;D:\develop\maven\repo\com\fasterxml\jackson\core\jackson-databind\2.8.4\jackson-databind-2.8.4.jar;D:\develop\maven\repo\com\fasterxml\jackson\core\jackson-annotations\2.8.0\jackson-annotations-2.8.0.jar;D:\develop\maven\repo\com\fasterxml\jackson\core\jackson-core\2.8.11\jackson-core-2.8.11.jar;D:\develop\workspace\code-repo\paascloud-master-master\paascloud-provider-api\paascloud-provider-uac-api\target\paascloud-provider-uac-api-1.0.jar;D:\develop\workspace\code-repo\paascloud-master-master\paascloud-common\paascloud-security-feign\target\paascloud-security-feign-1.0.jar;D:\develop\workspace\code-repo\paascloud-master-master\paascloud-provider-api\paascloud-provider-mdc-api\target\paascloud-provider-mdc-api-1.0.jar;D:\develop\workspace\code-repo\paascloud-master-master\paascloud-provider-api\paascloud-provider-omc-api\target\paascloud-provider-omc-api-1.0.jar;D:\develop\workspace\code-repo\paascloud-master-master\paascloud-provider-api\paascloud-provider-opc-api\target\paascloud-provider-opc-api-1.0.jar;D:\develop\maven\repo\io\github\openfeign\form\feign-form\3.0.3\feign-form-3.0.3.jar;D:\develop\maven\repo\io\github\openfeign\form\feign-form-spring\3.0.3\feign-form-spring-3.0.3.jar;D:\develop\workspace\code-repo\paascloud-master-master\paascloud-provider-api\paascloud-provider-sdk-api\target\paascloud-provider-sdk-api-1.0.jar;D:\develop\maven\repo\org\projectlombok\lombok\1.16.14\lombok-1.16.14.jar;D:\develop\workspace\code-repo\paascloud-master-master\paascloud-provider-api\paascloud-provider-tpc-api\target\paascloud-provider-tpc-api-1.0.jar;D:\develop\workspace\code-repo\paascloud-master-master\paascloud-common\paascloud-common-zk\target\paascloud-common-zk-1.0.jar;D:\develop\maven\repo\org\apache\curator\curator-framework\2.10.0\curator-framework-2.10.0.jar;D:\develop\maven\repo\org\apache\curator\curator-client\2.10.0\curator-client-2.10.0.jar;D:\develop\maven\repo\org\apache\zookeeper\zookeeper\3.4.6\zookeeper-3.4.6.jar;D:\develop\maven\repo\jline\jline\2.14.6\jline-2.14.6.jar;D:\develop\maven\repo\io\netty\netty\3.7.0.Final\netty-3.7.0.Final.jar;D:\develop\maven\repo\org\apache\curator\curator-recipes\2.10.0\curator-recipes-2.10.0.jar;D:\develop\maven\repo\com\alibaba\fastjson\1.2.29\fastjson-1.2.29.jar;D:\develop\maven\repo\org\aspectj\aspectjweaver\1.8.13\aspectjweaver-1.8.13.jar;D:\develop\maven\repo\org\springframework\spring-tx\4.3.11.RELEASE\spring-tx-4.3.11.RELEASE.jar;D:\develop\maven\repo\org\springframework\spring-beans\4.3.17.RELEASE\spring-beans-4.3.17.RELEASE.jar;D:\develop\maven\repo\org\apache\rocketmq\rocketmq-client\4.1.0-incubating\rocketmq-client-4.1.0-incubating.jar;D:\develop\maven\repo\org\apache\rocketmq\rocketmq-common\4.1.0-incubating\rocketmq-common-4.1.0-incubating.jar;D:\develop\maven\repo\org\apache\rocketmq\rocketmq-remoting\4.1.0-incubating\rocketmq-remoting-4.1.0-incubating.jar;D:\develop\maven\repo\io\netty\netty-all\4.0.56.Final\netty-all-4.0.56.Final.jar;D:\develop\maven\repo\org\slf4j\slf4j-api\1.7.25\slf4j-api-1.7.25.jar;D:\develop\maven\repo\org\apache\commons\commons-lang3\3.5\commons-lang3-3.5.jar;D:\develop\maven\repo\de\codecentric\spring-boot-admin-starter-client\1.5.7\spring-boot-admin-starter-client-1.5.7.jar;D:\develop\maven\repo\de\codecentric\spring-boot-admin-client\1.5.7\spring-boot-admin-client-1.5.7.jar;D:\develop\maven\repo\org\springframework\boot\spring-boot-starter-freemarker\1.5.13.RELEASE\spring-boot-starter-freemarker-1.5.13.RELEASE.jar;D:\develop\maven\repo\org\freemarker\freemarker\2.3.28\freemarker-2.3.28.jar;D:\develop\maven\repo\org\springframework\spring-context-support\4.3.17.RELEASE\spring-context-support-4.3.17.RELEASE.jar;D:\develop\maven\repo\org\springframework\cloud\spring-cloud-starter-feign\1.4.4.RELEASE\spring-cloud-starter-feign-1.4.4.RELEASE.jar;D:\develop\maven\repo\org\springframework\cloud\spring-cloud-starter-openfeign\1.4.4.RELEASE\spring-cloud-starter-openfeign-1.4.4.RELEASE.jar;D:\develop\maven\repo\io\github\openfeign\feign-core\9.5.0\feign-core-9.5.0.jar;D:\develop\maven\repo\org\jvnet\animal-sniffer-annotation\1.0\animal-sniffer-annotation-1.0.jar;D:\develop\maven\repo\io\github\openfeign\feign-slf4j\9.5.0\feign-slf4j-9.5.0.jar;D:\develop\maven\repo\io\github\openfeign\feign-hystrix\9.5.0\feign-hystrix-9.5.0.jar;D:\develop\maven\repo\com\github\penggle\kaptcha\2.3.2\kaptcha-2.3.2.jar;D:\develop\maven\repo\com\jhlabs\filters\2.0.235-1\filters-2.0.235-1.jar;D:\develop\maven\repo\org\springframework\cloud\spring-cloud-starter-oauth2\1.2.2.RELEASE\spring-cloud-starter-oauth2-1.2.2.RELEASE.jar;D:\develop\maven\repo\org\springframework\cloud\spring-cloud-starter-security\1.2.2.RELEASE\spring-cloud-starter-security-1.2.2.RELEASE.jar;D:\develop\maven\repo\org\springframework\cloud\spring-cloud-security\1.2.2.RELEASE\spring-cloud-security-1.2.2.RELEASE.jar;D:\develop\maven\repo\org\springframework\boot\spring-boot-starter-security\1.5.13.RELEASE\spring-boot-starter-security-1.5.13.RELEASE.jar;D:\develop\maven\repo\org\springframework\security\oauth\spring-security-oauth2\2.0.15.RELEASE\spring-security-oauth2-2.0.15.RELEASE.jar;D:\develop\maven\repo\org\springframework\security\spring-security-core\4.2.6.RELEASE\spring-security-core-4.2.6.RELEASE.jar;D:\develop\maven\repo\org\springframework\security\spring-security-config\4.2.6.RELEASE\spring-security-config-4.2.6.RELEASE.jar;D:\develop\maven\repo\org\springframework\social\spring-social-config\1.1.6.RELEASE\spring-social-config-1.1.6.RELEASE.jar;D:\develop\maven\repo\org\springframework\social\spring-social-core\1.1.6.RELEASE\spring-social-core-1.1.6.RELEASE.jar;D:\develop\maven\repo\org\springframework\spring-web\4.3.8.RELEASE\spring-web-4.3.8.RELEASE.jar;D:\develop\maven\repo\org\springframework\social\spring-social-security\1.1.6.RELEASE\spring-social-security-1.1.6.RELEASE.jar;D:\develop\maven\repo\org\springframework\spring-webmvc\4.3.17.RELEASE\spring-webmvc-4.3.17.RELEASE.jar;D:\develop\maven\repo\org\springframework\spring-expression\4.3.17.RELEASE\spring-expression-4.3.17.RELEASE.jar;D:\develop\maven\repo\org\springframework\security\spring-security-web\4.2.6.RELEASE\spring-security-web-4.2.6.RELEASE.jar;D:\develop\maven\repo\aopalliance\aopalliance\1.0\aopalliance-1.0.jar;D:\develop\maven\repo\org\springframework\social\spring-social-web\1.1.6.RELEASE\spring-social-web-1.1.6.RELEASE.jar;D:\develop\maven\repo\javax\inject\javax.inject\1\javax.inject-1.jar;D:\develop\workspace\code-repo\paascloud-master-master\paascloud-common\paascloud-common-base\target\paascloud-common-base-1.0.jar;D:\develop\workspace\code-repo\paascloud-master-master\paascloud-common\paascloud-security-app\target\paascloud-security-app-1.0.jar;D:\develop\workspace\code-repo\paascloud-master-master\paascloud-common\paascloud-security-core\target\paascloud-security-core-1.0.jar;D:\develop\maven\repo\commons-lang\commons-lang\2.6\commons-lang-2.6.jar;D:\develop\maven\repo\commons-collections\commons-collections\3.2.2\commons-collections-3.2.2.jar;D:\develop\maven\repo\org\springframework\cloud\spring-cloud-starter-config\1.4.3.RELEASE\spring-cloud-starter-config-1.4.3.RELEASE.jar;D:\develop\maven\repo\org\springframework\cloud\spring-cloud-starter\1.3.3.RELEASE\spring-cloud-starter-1.3.3.RELEASE.jar;D:\develop\maven\repo\org\springframework\cloud\spring-cloud-context\1.3.3.RELEASE\spring-cloud-context-1.3.3.RELEASE.jar;D:\develop\maven\repo\org\springframework\security\spring-security-rsa\1.0.3.RELEASE\spring-security-rsa-1.0.3.RELEASE.jar;D:\develop\maven\repo\org\springframework\cloud\spring-cloud-config-client\1.4.3.RELEASE\spring-cloud-config-client-1.4.3.RELEASE.jar;D:\develop\maven\repo\org\springframework\cloud\spring-cloud-starter-sleuth\1.3.3.RELEASE\spring-cloud-starter-sleuth-1.3.3.RELEASE.jar;D:\develop\maven\repo\org\springframework\cloud\spring-cloud-sleuth-core\1.3.3.RELEASE\spring-cloud-sleuth-core-1.3.3.RELEASE.jar;D:\develop\maven\repo\org\aspectj\aspectjrt\1.8.13\aspectjrt-1.8.13.jar;D:\develop\maven\repo\org\springframework\cloud\spring-cloud-sleuth-zipkin\1.3.3.RELEASE\spring-cloud-sleuth-zipkin-1.3.3.RELEASE.jar;D:\develop\maven\repo\org\springframework\cloud\spring-cloud-commons\1.3.3.RELEASE\spring-cloud-commons-1.3.3.RELEASE.jar;D:\develop\maven\repo\org\springframework\security\spring-security-crypto\4.2.6.RELEASE\spring-security-crypto-4.2.6.RELEASE.jar;D:\develop\maven\repo\org\apache\httpcomponents\httpclient\4.5.5\httpclient-4.5.5.jar;D:\develop\maven\repo\org\apache\httpcomponents\httpcore\4.4.9\httpcore-4.4.9.jar;D:\develop\maven\repo\io\zipkin\zipkin2\zipkin\2.6.1\zipkin-2.6.1.jar;D:\develop\maven\repo\io\zipkin\reporter2\zipkin-reporter\2.5.0\zipkin-reporter-2.5.0.jar;D:\develop\maven\repo\io\zipkin\reporter2\zipkin-sender-kafka11\2.5.0\zipkin-sender-kafka11-2.5.0.jar;D:\develop\maven\repo\io\zipkin\reporter2\zipkin-sender-amqp-client\2.5.0\zipkin-sender-amqp-client-2.5.0.jar;D:\develop\workspace\code-repo\paascloud-master-master\paascloud-common\paascloud-common-util\target\paascloud-common-util-1.0.jar;D:\develop\maven\repo\ch\qos\logback\logback-classic\1.1.11\logback-classic-1.1.11.jar;D:\develop\maven\repo\org\codehaus\jackson\jackson-smile\1.9.13\jackson-smile-1.9.13.jar;D:\develop\maven\repo\org\codehaus\jackson\jackson-core-asl\1.9.13\jackson-core-asl-1.9.13.jar;D:\develop\maven\repo\org\codehaus\jackson\jackson-mapper-asl\1.9.13\jackson-mapper-asl-1.9.13.jar;D:\develop\maven\repo\com\xiaoleilu\hutool-all\3.0.7\hutool-all-3.0.7.jar;D:\develop\maven\repo\commons-beanutils\commons-beanutils\1.9.3\commons-beanutils-1.9.3.jar;D:\develop\workspace\code-repo\paascloud-master-master\paascloud-common\paascloud-common-core\target\paascloud-common-core-1.0.jar;D:\develop\maven\repo\eu\bitwalker\UserAgentUtils\1.20\UserAgentUtils-1.20.jar;D:\develop\maven\repo\org\springframework\boot\spring-boot-starter-data-redis\1.5.13.RELEASE\spring-boot-starter-data-redis-1.5.13.RELEASE.jar;D:\develop\maven\repo\org\springframework\data\spring-data-redis\1.8.12.RELEASE\spring-data-redis-1.8.12.RELEASE.jar;D:\develop\maven\repo\org\springframework\data\spring-data-keyvalue\1.2.12.RELEASE\spring-data-keyvalue-1.2.12.RELEASE.jar;D:\develop\maven\repo\org\springframework\data\spring-data-commons\1.13.12.RELEASE\spring-data-commons-1.13.12.RELEASE.jar;D:\develop\maven\repo\org\springframework\spring-oxm\4.3.17.RELEASE\spring-oxm-4.3.17.RELEASE.jar;D:\develop\maven\repo\redis\clients\jedis\2.9.0\jedis-2.9.0.jar;D:\develop\maven\repo\org\apache\commons\commons-pool2\2.4.3\commons-pool2-2.4.3.jar;D:\develop\maven\repo\com\fasterxml\jackson\module\jackson-module-parameter-names\2.8.11\jackson-module-parameter-names-2.8.11.jar;D:\develop\maven\repo\com\fasterxml\jackson\datatype\jackson-datatype-jdk8\2.8.11\jackson-datatype-jdk8-2.8.11.jar;D:\develop\maven\repo\com\fasterxml\jackson\datatype\jackson-datatype-jsr310\2.8.11\jackson-datatype-jsr310-2.8.11.jar;D:\develop\workspace\code-repo\paascloud-master-master\paascloud-common\paascloud-common-config\target\paascloud-common-config-1.0.jar;D:\develop\maven\repo\com\arronlong\httpclientutil\httpclientutil\1.0\httpclientutil-1.0.jar;D:\develop\maven\repo\org\apache\httpcomponents\httpmime\4.5.5\httpmime-4.5.5.jar;D:\develop\maven\repo\org\apache\httpcomponents\httpasyncclient\4.1.3\httpasyncclient-4.1.3.jar;D:\develop\maven\repo\org\apache\httpcomponents\httpcore-nio\4.4.6\httpcore-nio-4.4.6.jar;D:\develop\maven\repo\log4j\log4j\1.2.17\log4j-1.2.17.jar;D:\develop\maven\repo\com\netflix\hystrix\hystrix-core\1.5.12\hystrix-core-1.5.12.jar;D:\develop\maven\repo\com\netflix\archaius\archaius-core\0.7.4\archaius-core-0.7.4.jar;D:\develop\maven\repo\com\google\code\findbugs\jsr305\3.0.2\jsr305-3.0.2.jar;D:\develop\maven\repo\io\reactivex\rxjava\1.2.0\rxjava-1.2.0.jar;D:\develop\maven\repo\org\hdrhistogram\HdrHistogram\2.1.9\HdrHistogram-2.1.9.jar;D:\develop\maven\repo\org\springframework\boot\spring-boot-starter-actuator\1.5.13.RELEASE\spring-boot-starter-actuator-1.5.13.RELEASE.jar;D:\develop\maven\repo\org\springframework\boot\spring-boot-actuator\1.5.13.RELEASE\spring-boot-actuator-1.5.13.RELEASE.jar;D:\develop\maven\repo\org\springframework\cloud\spring-cloud-starter-hystrix\1.4.4.RELEASE\spring-cloud-starter-hystrix-1.4.4.RELEASE.jar;D:\develop\maven\repo\org\springframework\cloud\spring-cloud-starter-netflix-hystrix\1.4.4.RELEASE\spring-cloud-starter-netflix-hystrix-1.4.4.RELEASE.jar;D:\develop\maven\repo\com\netflix\hystrix\hystrix-metrics-event-stream\1.5.12\hystrix-metrics-event-stream-1.5.12.jar;D:\develop\maven\repo\com\netflix\hystrix\hystrix-serialization\1.5.12\hystrix-serialization-1.5.12.jar;D:\develop\maven\repo\com\fasterxml\jackson\module\jackson-module-afterburner\2.8.11\jackson-module-afterburner-2.8.11.jar;D:\develop\maven\repo\com\netflix\hystrix\hystrix-javanica\1.5.12\hystrix-javanica-1.5.12.jar;D:\develop\maven\repo\org\ow2\asm\asm\5.0.4\asm-5.0.4.jar;D:\develop\maven\repo\org\springframework\boot\spring-boot-starter-web\1.5.13.RELEASE\spring-boot-starter-web-1.5.13.RELEASE.jar;D:\develop\maven\repo\org\springframework\boot\spring-boot-starter-tomcat\1.5.13.RELEASE\spring-boot-starter-tomcat-1.5.13.RELEASE.jar;D:\develop\maven\repo\org\apache\tomcat\embed\tomcat-embed-core\8.5.31\tomcat-embed-core-8.5.31.jar;D:\develop\maven\repo\org\apache\tomcat\tomcat-annotations-api\8.5.31\tomcat-annotations-api-8.5.31.jar;D:\develop\maven\repo\org\apache\tomcat\embed\tomcat-embed-websocket\8.5.31\tomcat-embed-websocket-8.5.31.jar;D:\develop\maven\repo\org\hibernate\hibernate-validator\5.3.6.Final\hibernate-validator-5.3.6.Final.jar;D:\develop\maven\repo\javax\validation\validation-api\1.1.0.Final\validation-api-1.1.0.Final.jar;D:\develop\maven\repo\org\jboss\logging\jboss-logging\3.3.2.Final\jboss-logging-3.3.2.Final.jar;D:\develop\maven\repo\net\logstash\logback\logstash-logback-encoder\4.6\logstash-logback-encoder-4.6.jar;D:\develop\maven\repo\ch\qos\logback\logback-core\1.1.11\logback-core-1.1.11.jar;D:\develop\maven\repo\com\google\guava\guava\17.0\guava-17.0.jar;D:\develop\maven\repo\org\springframework\boot\spring-boot-starter-validation\1.5.13.RELEASE\spring-boot-starter-validation-1.5.13.RELEASE.jar;D:\develop\maven\repo\org\apache\tomcat\embed\tomcat-embed-el\8.5.31\tomcat-embed-el-8.5.31.jar;D:\develop\maven\repo\io\springfox\springfox-swagger-ui\2.6.1\springfox-swagger-ui-2.6.1.jar;D:\develop\maven\repo\io\springfox\springfox-spring-web\2.6.1\springfox-spring-web-2.6.1.jar;D:\develop\maven\repo\io\springfox\springfox-swagger2\2.6.1\springfox-swagger2-2.6.1.jar;D:\develop\maven\repo\io\swagger\swagger-annotations\1.5.10\swagger-annotations-1.5.10.jar;D:\develop\maven\repo\io\swagger\swagger-models\1.5.10\swagger-models-1.5.10.jar;D:\develop\maven\repo\io\springfox\springfox-spi\2.6.1\springfox-spi-2.6.1.jar;D:\develop\maven\repo\io\springfox\springfox-core\2.6.1\springfox-core-2.6.1.jar;D:\develop\maven\repo\io\springfox\springfox-schema\2.6.1\springfox-schema-2.6.1.jar;D:\develop\maven\repo\io\springfox\springfox-swagger-common\2.6.1\springfox-swagger-common-2.6.1.jar;D:\develop\maven\repo\com\fasterxml\classmate\1.3.4\classmate-1.3.4.jar;D:\develop\maven\repo\org\springframework\plugin\spring-plugin-core\1.2.0.RELEASE\spring-plugin-core-1.2.0.RELEASE.jar;D:\develop\maven\repo\org\springframework\plugin\spring-plugin-metadata\1.2.0.RELEASE\spring-plugin-metadata-1.2.0.RELEASE.jar;D:\develop\maven\repo\org\mapstruct\mapstruct\1.0.0.Final\mapstruct-1.0.0.Final.jar;D:\develop\maven\repo\commons-codec\commons-codec\1.10\commons-codec-1.10.jar;D:\develop\maven\repo\org\springframework\boot\spring-boot-starter-test\1.5.13.RELEASE\spring-boot-starter-test-1.5.13.RELEASE.jar;D:\develop\maven\repo\org\springframework\boot\spring-boot-test\1.5.13.RELEASE\spring-boot-test-1.5.13.RELEASE.jar;D:\develop\maven\repo\org\springframework\boot\spring-boot-test-autoconfigure\1.5.13.RELEASE\spring-boot-test-autoconfigure-1.5.13.RELEASE.jar;D:\develop\maven\repo\com\jayway\jsonpath\json-path\2.2.0\json-path-2.2.0.jar;D:\develop\maven\repo\net\minidev\json-smart\2.2.1\json-smart-2.2.1.jar;D:\develop\maven\repo\net\minidev\accessors-smart\1.1\accessors-smart-1.1.jar;D:\develop\maven\repo\junit\junit\4.12\junit-4.12.jar;D:\develop\maven\repo\org\assertj\assertj-core\2.6.0\assertj-core-2.6.0.jar;D:\develop\maven\repo\org\mockito\mockito-core\1.10.19\mockito-core-1.10.19.jar;D:\develop\maven\repo\org\objenesis\objenesis\2.5.1\objenesis-2.5.1.jar;D:\develop\maven\repo\org\hamcrest\hamcrest-core\1.3\hamcrest-core-1.3.jar;D:\develop\maven\repo\org\hamcrest\hamcrest-library\1.3\hamcrest-library-1.3.jar;D:\develop\maven\repo\org\skyscreamer\jsonassert\1.4.0\jsonassert-1.4.0.jar;D:\develop\maven\repo\com\vaadin\external\google\android-json\0.0.20131108.vaadin1\android-json-0.0.20131108.vaadin1.jar;D:\develop\maven\repo\org\springframework\spring-core\4.3.11.RELEASE\spring-core-4.3.11.RELEASE.jar;D:\develop\maven\repo\org\springframework\spring-test\4.3.17.RELEASE\spring-test-4.3.17.RELEASE.jar;D:\develop\maven\repo\com\alibaba\druid\1.0.29\druid-1.0.29.jar;D:\develop\Java\jdk1.8.0_181\jre\..\lib\jconsole.jar;D:\develop\Java\jdk1.8.0_181\jre\..\lib\tools.jar;D:\develop\maven\repo\org\mybatis\generator\mybatis-generator-core\1.3.5\mybatis-generator-core-1.3.5.jar;D:\develop\maven\repo\org\springframework\boot\spring-boot-configuration-processor\1.5.13.RELEASE\spring-boot-configuration-processor-1.5.13.RELEASE.jar;D:\develop\maven\repo\org\springframework\boot\spring-boot-devtools\1.5.13.RELEASE\spring-boot-devtools-1.5.13.RELEASE.jar;D:\develop\maven\repo\org\springframework\boot\spring-boot\1.5.13.RELEASE\spring-boot-1.5.13.RELEASE.jar;D:\develop\maven\repo\org\springframework\boot\spring-boot-starter-aop\1.5.13.RELEASE\spring-boot-starter-aop-1.5.13.RELEASE.jar;D:\develop\maven\repo\org\springframework\spring-aop\4.3.17.RELEASE\spring-aop-4.3.17.RELEASE.jar;D:\develop\maven\repo\org\modelmapper\modelmapper\1.1.2\modelmapper-1.1.2.jar;D:\develop\maven\repo\org\jolokia\jolokia-core\1.3.7\jolokia-core-1.3.7.jar;D:\develop\maven\repo\com\googlecode\json-simple\json-simple\1.1.1\json-simple-1.1.1.jar;D:\develop\maven\repo\org\springframework\security\spring-security-jwt\1.0.9.RELEASE\spring-security-jwt-1.0.9.RELEASE.jar;D:\develop\maven\repo\org\bouncycastle\bcpkix-jdk15on\1.56\bcpkix-jdk15on-1.56.jar;D:\develop\maven\repo\org\bouncycastle\bcprov-jdk15on\1.56\bcprov-jdk15on-1.56.jar;D:\develop\maven\repo\org\liquibase\liquibase-core\3.5.3\liquibase-core-3.5.3.jar;D:\develop\maven\repo\org\yaml\snakeyaml\1.17\snakeyaml-1.17.jar;D:\develop\maven\repo\org\springframework\cloud\spring-cloud-starter-zipkin\1.3.3.RELEASE\spring-cloud-starter-zipkin-1.3.3.RELEASE.jar;D:\develop\maven\repo\org\springframework\amqp\spring-rabbit\1.7.7.RELEASE\spring-rabbit-1.7.7.RELEASE.jar;D:\develop\maven\repo\org\springframework\retry\spring-retry\1.2.2.RELEASE\spring-retry-1.2.2.RELEASE.jar;D:\develop\maven\repo\com\rabbitmq\http-client\1.1.1.RELEASE\http-client-1.1.1.RELEASE.jar;D:\develop\maven\repo\com\rabbitmq\amqp-client\4.0.3\amqp-client-4.0.3.jar;D:\develop\maven\repo\org\springframework\spring-messaging\4.3.17.RELEASE\spring-messaging-4.3.17.RELEASE.jar;D:\develop\maven\repo\org\springframework\spring-context\4.3.8.RELEASE\spring-context-4.3.8.RELEASE.jar;D:\develop\maven\repo\org\springframework\amqp\spring-amqp\1.7.7.RELEASE\spring-amqp-1.7.7.RELEASE.jar;D:\develop\maven\repo\org\springframework\cloud\spring-cloud-starter-netflix-eureka-client\1.4.4.RELEASE\spring-cloud-starter-netflix-eureka-client-1.4.4.RELEASE.jar;D:\develop\maven\repo\org\springframework\cloud\spring-cloud-netflix-core\1.4.4.RELEASE\spring-cloud-netflix-core-1.4.4.RELEASE.jar;D:\develop\maven\repo\org\springframework\cloud\spring-cloud-netflix-eureka-client\1.4.4.RELEASE\spring-cloud-netflix-eureka-client-1.4.4.RELEASE.jar;D:\develop\maven\repo\com\netflix\eureka\eureka-client\1.7.2\eureka-client-1.7.2.jar;D:\develop\maven\repo\org\codehaus\jettison\jettison\1.2\jettison-1.2.jar;D:\develop\maven\repo\stax\stax-api\1.0.1\stax-api-1.0.1.jar;D:\develop\maven\repo\com\netflix\netflix-commons\netflix-eventbus\0.3.0\netflix-eventbus-0.3.0.jar;D:\develop\maven\repo\com\netflix\netflix-commons\netflix-infix\0.3.0\netflix-infix-0.3.0.jar;D:\develop\maven\repo\commons-jxpath\commons-jxpath\1.3\commons-jxpath-1.3.jar;D:\develop\maven\repo\org\antlr\antlr-runtime\3.4\antlr-runtime-3.4.jar;D:\develop\maven\repo\org\antlr\stringtemplate\3.2.1\stringtemplate-3.2.1.jar;D:\develop\maven\repo\antlr\antlr\2.7.7\antlr-2.7.7.jar;D:\develop\maven\repo\com\google\code\gson\gson\2.8.4\gson-2.8.4.jar;D:\develop\maven\repo\org\apache\commons\commons-math\2.2\commons-math-2.2.jar;D:\develop\maven\repo\javax\ws\rs\jsr311-api\1.1.1\jsr311-api-1.1.1.jar;D:\develop\maven\repo\com\netflix\servo\servo-core\0.10.1\servo-core-0.10.1.jar;D:\develop\maven\repo\com\netflix\servo\servo-internal\0.10.1\servo-internal-0.10.1.jar;D:\develop\maven\repo\com\sun\jersey\jersey-core\1.19.1\jersey-core-1.19.1.jar;D:\develop\maven\repo\com\sun\jersey\jersey-client\1.19.1\jersey-client-1.19.1.jar;D:\develop\maven\repo\com\sun\jersey\contribs\jersey-apache-client4\1.19.1\jersey-apache-client4-1.19.1.jar;D:\develop\maven\repo\com\google\inject\guice\3.0\guice-3.0.jar;D:\develop\maven\repo\com\netflix\eureka\eureka-core\1.7.2\eureka-core-1.7.2.jar;D:\develop\maven\repo\org\codehaus\woodstox\woodstox-core-asl\4.4.1\woodstox-core-asl-4.4.1.jar;D:\develop\maven\repo\javax\xml\stream\stax-api\1.0-2\stax-api-1.0-2.jar;D:\develop\maven\repo\org\codehaus\woodstox\stax2-api\3.1.4\stax2-api-3.1.4.jar;D:\develop\maven\repo\org\springframework\cloud\spring-cloud-starter-netflix-archaius\1.4.4.RELEASE\spring-cloud-starter-netflix-archaius-1.4.4.RELEASE.jar;D:\develop\maven\repo\commons-configuration\commons-configuration\1.8\commons-configuration-1.8.jar;D:\develop\maven\repo\org\springframework\cloud\spring-cloud-starter-netflix-ribbon\1.4.4.RELEASE\spring-cloud-starter-netflix-ribbon-1.4.4.RELEASE.jar;D:\develop\maven\repo\com\netflix\ribbon\ribbon\2.2.5\ribbon-2.2.5.jar;D:\develop\maven\repo\com\netflix\ribbon\ribbon-transport\2.2.5\ribbon-transport-2.2.5.jar;D:\develop\maven\repo\io\reactivex\rxnetty-contexts\0.4.9\rxnetty-contexts-0.4.9.jar;D:\develop\maven\repo\io\reactivex\rxnetty-servo\0.4.9\rxnetty-servo-0.4.9.jar;D:\develop\maven\repo\io\reactivex\rxnetty\0.4.9\rxnetty-0.4.9.jar;D:\develop\maven\repo\io\netty\netty-codec-http\4.0.27.Final\netty-codec-http-4.0.27.Final.jar;D:\develop\maven\repo\io\netty\netty-codec\4.0.27.Final\netty-codec-4.0.27.Final.jar;D:\develop\maven\repo\io\netty\netty-handler\4.0.27.Final\netty-handler-4.0.27.Final.jar;D:\develop\maven\repo\io\netty\netty-transport-native-epoll\4.0.27.Final\netty-transport-native-epoll-4.0.27.Final.jar;D:\develop\maven\repo\io\netty\netty-common\4.0.27.Final\netty-common-4.0.27.Final.jar;D:\develop\maven\repo\io\netty\netty-buffer\4.0.27.Final\netty-buffer-4.0.27.Final.jar;D:\develop\maven\repo\io\netty\netty-transport\4.0.27.Final\netty-transport-4.0.27.Final.jar;D:\develop\maven\repo\com\netflix\ribbon\ribbon-core\2.2.5\ribbon-core-2.2.5.jar;D:\develop\maven\repo\com\netflix\ribbon\ribbon-httpclient\2.2.5\ribbon-httpclient-2.2.5.jar;D:\develop\maven\repo\com\netflix\netflix-commons\netflix-commons-util\0.1.1\netflix-commons-util-0.1.1.jar;D:\develop\maven\repo\com\netflix\ribbon\ribbon-loadbalancer\2.2.5\ribbon-loadbalancer-2.2.5.jar;D:\develop\maven\repo\com\netflix\netflix-commons\netflix-statistics\0.1.1\netflix-statistics-0.1.1.jar;D:\develop\maven\repo\com\netflix\ribbon\ribbon-eureka\2.2.5\ribbon-eureka-2.2.5.jar;D:\develop\maven\repo\com\thoughtworks\xstream\xstream\1.4.10\xstream-1.4.10.jar;D:\develop\maven\repo\xmlpull\xmlpull\1.1.3.1\xmlpull-1.1.3.1.jar;D:\develop\maven\repo\xpp3\xpp3_min\1.1.4c\xpp3_min-1.1.4c.jar;, user.name=lenovo, idea.version2019.2.1=true, java.vm.specification.version=1.8, sun.java.command=D:\develop\workspace\code-repo\paascloud-master-master\paascloud-provider\paascloud-provider-uac\target\surefire\surefirebooter6302798505136300258.jar D:\develop\workspace\code-repo\paascloud-master-master\paascloud-provider\paascloud-provider-uac\target\surefire\surefire3255170475323550853tmp D:\develop\workspace\code-repo\paascloud-master-master\paascloud-provider\paascloud-provider-uac\target\surefire\surefire_12134819718800819556tmp, java.home=D:\develop\Java\jdk1.8.0_181\jre, sun.arch.data.model=64, user.language=zh, java.specification.vendor=Oracle Corporation, awt.toolkit=sun.awt.windows.WToolkit, java.vm.info=mixed mode, java.version=1.8.0_181, java.ext.dirs=D:\develop\Java\jdk1.8.0_181\jre\lib\ext;C:\WINDOWS\Sun\Java\lib\ext, sun.boot.class.path=D:\develop\Java\jdk1.8.0_181\jre\lib\resources.jar;D:\develop\Java\jdk1.8.0_181\jre\lib\rt.jar;D:\develop\Java\jdk1.8.0_181\jre\lib\sunrsasign.jar;D:\develop\Java\jdk1.8.0_181\jre\lib\jsse.jar;D:\develop\Java\jdk1.8.0_181\jre\lib\jce.jar;D:\develop\Java\jdk1.8.0_181\jre\lib\charsets.jar;D:\develop\Java\jdk1.8.0_181\jre\lib\jfr.jar;D:\develop\Java\jdk1.8.0_181\jre\classes, java.vendor=Oracle Corporation, localRepository=D:\develop\maven\repo, file.separator=\, java.vendor.url.bug=http://bugreport.sun.com/bugreport/, sun.io.unicode.encoding=UnicodeLittle, sun.cpu.endian=little, sun.desktop=windows, sun.cpu.isalist=amd64}}, SystemEnvironmentPropertySource@370370379 {name='systemEnvironment', properties={PATH=C:\Program Files (x86)\Common Files\Oracle\Java\javapath;C:\WINDOWS\system32;C:\WINDOWS;C:\WINDOWS\System32\Wbem;C:\WINDOWS\System32\WindowsPowerShell\v1.0\;C:\WINDOWS\System32\OpenSSH\;D:\develop\Java\jdk1.8.0_181\bin;D:\develop\Java\jdk1.8.0_181\jre\bin;D:\develop\maven\apache-maven-3.6.1\bin;D:\develop\Git\bin;D:\software\TortoiseGit\bin;D:\develop\scala\bin;D:\develop\scala\bin;D:\develop\scala\jre\bin;D:\software\nodejs\;C:\Users\lenovo\AppData\Local\Microsoft\WindowsApps;C:\Users\lenovo\AppData\Roaming\npm;C:\Program Files\Bandizip\, USERDOMAIN_ROAMINGPROFILE=XIESEN, LOCALAPPDATA=C:\Users\lenovo\AppData\Local, PROCESSOR_LEVEL=6, SYSTEMDRIVE=C:, COMMONPROGRAMFILES(X86)=C:\Program Files (x86)\Common Files, USERDOMAIN=XIESEN, FPS_BROWSER_APP_PROFILE_STRING=Internet Explorer, LOGONSERVER=\\XIESEN, JAVA_HOME=D:\develop\Java\jdk1.8.0_181, PROMPT=$P$G, SESSIONNAME=Console, ALLUSERSPROFILE=C:\ProgramData, PROGRAMFILES(X86)=C:\Program Files (x86), PROCESSOR_ARCHITECTURE=AMD64, DRIVERDATA=C:\Windows\System32\Drivers\DriverData, MAVEN_HOME=D:\develop\maven\apache-maven-3.6.1, PROGRAMFILES=C:\Program Files, APPDATA=C:\Users\lenovo\AppData\Roaming, PSMODULEPATH=C:\Program Files\WindowsPowerShell\Modules;C:\WINDOWS\system32\WindowsPowerShell\v1.0\Modules, PROGRAMW6432=C:\Program Files, PROGRAMDATA=C:\ProgramData, SYSTEMROOT=C:\WINDOWS, USERNAME=lenovo, SCALA_HOME=D:\develop\scala, FPS_BROWSER_USER_PROFILE_STRING=Default, PATHEXT=.COM;.EXE;.BAT;.CMD;.VBS;.VBE;.JS;.JSE;.WSF;.WSH;.MSC, OS=Windows_NT, COMMONPROGRAMW6432=C:\Program Files\Common Files, COMPUTERNAME=XIESEN, COMMONPROGRAMFILES=C:\Program Files\Common Files, COMSPEC=C:\WINDOWS\system32\cmd.exe, PROCESSOR_REVISION=3c03, CLASSPATH=.;D:\develop\scala\bin;D:\develop\scala\lib\dt.jar;D:\develop\scala\lib\tools.jar.;, WINDIR=C:\WINDOWS, =D:=D:\develop\workspace\code-repo\paascloud-master-master\paascloud-provider\paascloud-provider-uac, HOMEPATH=\Users\lenovo, TEMP=C:\Users\lenovo\AppData\Local\Temp, HOMEDRIVE=C:, PROCESSOR_IDENTIFIER=Intel64 Family 6 Model 60 Stepping 3, GenuineIntel, USERPROFILE=C:\Users\lenovo, TMP=C:\Users\lenovo\AppData\Local\Temp, #ENVTSLOGSSS5752=70393216, PUBLIC=C:\Users\Public, NUMBER_OF_PROCESSORS=4, =::=::\, IDEA_INITIAL_DIRECTORY=C:\Users\lenovo\Desktop}}]
14:32:04.784 [main] INFO org.springframework.boot.test.context.SpringBootTestContextBootstrapper - Found @SpringBootConfiguration com.paascloud.PaasCloudUacApplication for test class com.paascloud.provider.UacUserServiceTest
14:32:04.793 [main] DEBUG org.springframework.boot.test.context.SpringBootTestContextBootstrapper - @TestExecutionListeners is not present for class [com.paascloud.provider.UacUserServiceTest]: using defaults.
14:32:04.826 [main] INFO org.springframework.boot.test.context.SpringBootTestContextBootstrapper - Loaded default TestExecutionListener class names from location [META-INF/spring.factories]: [org.springframework.boot.test.mock.mockito.MockitoTestExecutionListener, org.springframework.boot.test.mock.mockito.ResetMocksTestExecutionListener, org.springframework.boot.test.autoconfigure.restdocs.RestDocsTestExecutionListener, org.springframework.boot.test.autoconfigure.web.client.MockRestServiceServerResetTestExecutionListener, org.springframework.boot.test.autoconfigure.web.servlet.MockMvcPrintOnlyOnFailureTestExecutionListener, org.springframework.boot.test.autoconfigure.web.servlet.WebDriverTestExecutionListener, org.springframework.test.context.web.ServletTestExecutionListener, org.springframework.test.context.support.DirtiesContextBeforeModesTestExecutionListener, org.springframework.test.context.support.DependencyInjectionTestExecutionListener, org.springframework.test.context.support.DirtiesContextTestExecutionListener, org.springframework.test.context.transaction.TransactionalTestExecutionListener, org.springframework.test.context.jdbc.SqlScriptsTestExecutionListener]
14:32:04.835 [main] INFO org.springframework.boot.test.context.SpringBootTestContextBootstrapper - Using TestExecutionListeners: [org.springframework.test.context.web.ServletTestExecutionListener@741a8937, org.springframework.test.context.support.DirtiesContextBeforeModesTestExecutionListener@306e95ec, org.springframework.boot.test.mock.mockito.MockitoTestExecutionListener@52af26ee, org.springframework.boot.test.autoconfigure.SpringBootDependencyInjectionTestExecutionListener@6fd83fc1, org.springframework.test.context.support.DirtiesContextTestExecutionListener@4f2b503c, org.springframework.test.context.transaction.TransactionalTestExecutionListener@bae7dc0, org.springframework.test.context.jdbc.SqlScriptsTestExecutionListener@209da20d, org.springframework.boot.test.mock.mockito.ResetMocksTestExecutionListener@e15b7e8, org.springframework.boot.test.autoconfigure.restdocs.RestDocsTestExecutionListener@1b2abca6, org.springframework.boot.test.autoconfigure.web.client.MockRestServiceServerResetTestExecutionListener@6392827e, org.springframework.boot.test.autoconfigure.web.servlet.MockMvcPrintOnlyOnFailureTestExecutionListener@2ed2d9cb, org.springframework.boot.test.autoconfigure.web.servlet.WebDriverTestExecutionListener@d5b810e]
14:32:04.840 [main] DEBUG org.springframework.test.annotation.ProfileValueUtils - Retrieved @ProfileValueSourceConfiguration [null] for test class [com.paascloud.provider.PaasCloudUacApplicationTests]
14:32:04.842 [main] DEBUG org.springframework.test.annotation.ProfileValueUtils - Retrieved ProfileValueSource type [class org.springframework.test.annotation.SystemProfileValueSource] for class [com.paascloud.provider.PaasCloudUacApplicationTests]
14:32:04.844 [main] DEBUG org.springframework.test.annotation.ProfileValueUtils - Retrieved @ProfileValueSourceConfiguration [null] for test class [com.paascloud.provider.UacMenuServiceTest]
14:32:04.844 [main] DEBUG org.springframework.test.annotation.ProfileValueUtils - Retrieved ProfileValueSource type [class org.springframework.test.annotation.SystemProfileValueSource] for class [com.paascloud.provider.UacMenuServiceTest]
14:32:04.845 [main] DEBUG org.springframework.test.annotation.ProfileValueUtils - Retrieved @ProfileValueSourceConfiguration [null] for test class [com.paascloud.provider.UacRoleServiceTest]
14:32:04.846 [main] DEBUG org.springframework.test.annotation.ProfileValueUtils - Retrieved ProfileValueSource type [class org.springframework.test.annotation.SystemProfileValueSource] for class [com.paascloud.provider.UacRoleServiceTest]
14:32:04.846 [main] DEBUG org.springframework.test.annotation.ProfileValueUtils - Retrieved @ProfileValueSourceConfiguration [null] for test class [com.paascloud.provider.UacUserServiceTest]
14:32:04.846 [main] DEBUG org.springframework.test.annotation.ProfileValueUtils - Retrieved ProfileValueSource type [class org.springframework.test.annotation.SystemProfileValueSource] for class [com.paascloud.provider.UacUserServiceTest]
14:32:04.851 [main] DEBUG org.springframework.test.context.junit4.SpringJUnit4ClassRunner - SpringJUnit4ClassRunner constructor called with [class com.paascloud.provider.PaasCloudUacApplicationTests]
14:32:04.852 [main] DEBUG org.springframework.test.context.BootstrapUtils - Instantiating CacheAwareContextLoaderDelegate from class [org.springframework.test.context.cache.DefaultCacheAwareContextLoaderDelegate]
14:32:04.853 [main] DEBUG org.springframework.test.context.BootstrapUtils - Instantiating BootstrapContext using constructor [public org.springframework.test.context.support.DefaultBootstrapContext(java.lang.Class,org.springframework.test.context.CacheAwareContextLoaderDelegate)]
14:32:04.857 [main] DEBUG org.springframework.test.context.BootstrapUtils - Instantiating TestContextBootstrapper for test class [com.paascloud.provider.PaasCloudUacApplicationTests] from class [org.springframework.boot.test.context.SpringBootTestContextBootstrapper]
14:32:04.858 [main] INFO org.springframework.boot.test.context.SpringBootTestContextBootstrapper - Neither @ContextConfiguration nor @ContextHierarchy found for test class [com.paascloud.provider.PaasCloudUacApplicationTests], using SpringBootContextLoader
14:32:04.862 [main] DEBUG org.springframework.test.context.support.AbstractContextLoader - Did not detect default resource location for test class [com.paascloud.provider.PaasCloudUacApplicationTests]: class path resource [com/paascloud/provider/PaasCloudUacApplicationTests-context.xml] does not exist
14:32:04.863 [main] DEBUG org.springframework.test.context.support.AbstractContextLoader - Did not detect default resource location for test class [com.paascloud.provider.PaasCloudUacApplicationTests]: class path resource [com/paascloud/provider/PaasCloudUacApplicationTestsContext.groovy] does not exist
14:32:04.864 [main] INFO org.springframework.test.context.support.AbstractContextLoader - Could not detect default resource locations for test class [com.paascloud.provider.PaasCloudUacApplicationTests]: no resource found for suffixes {-context.xml, Context.groovy}.
14:32:04.865 [main] INFO org.springframework.test.context.support.AnnotationConfigContextLoaderUtils - Could not detect default configuration classes for test class [com.paascloud.provider.PaasCloudUacApplicationTests]: PaasCloudUacApplicationTests does not declare any static, non-private, non-final, nested classes annotated with @Configuration.
14:32:04.901 [main] DEBUG org.springframework.test.context.support.ActiveProfilesUtils - Could not find an 'annotation declaring class' for annotation type [org.springframework.test.context.ActiveProfiles] and class [com.paascloud.provider.PaasCloudUacApplicationTests]
14:32:04.902 [main] DEBUG org.springframework.core.env.StandardEnvironment - Adding PropertySource 'systemProperties' with lowest search precedence
14:32:04.902 [main] DEBUG org.springframework.core.env.StandardEnvironment - Adding PropertySource 'systemEnvironment' with lowest search precedence
14:32:04.904 [main] DEBUG org.springframework.core.env.StandardEnvironment - Initialized StandardEnvironment with PropertySources [MapPropertySource@155361948 {name='systemProperties', properties={java.runtime.name=Java(TM) SE Runtime Environment, sun.boot.library.path=D:\develop\Java\jdk1.8.0_181\jre\bin, java.vm.version=25.181-b13, java.vm.vendor=Oracle Corporation, java.vendor.url=http://java.oracle.com/, path.separator=;, java.vm.name=Java HotSpot(TM) 64-Bit Server VM, file.encoding.pkg=sun.io, user.country=CN, user.script=, sun.java.launcher=SUN_STANDARD, sun.os.patch.level=, java.vm.specification.name=Java Virtual Machine Specification, user.dir=D:\develop\workspace\code-repo\paascloud-master-master\paascloud-provider\paascloud-provider-uac, java.runtime.version=1.8.0_181-b13, basedir=D:\develop\workspace\code-repo\paascloud-master-master\paascloud-provider\paascloud-provider-uac, java.awt.graphicsenv=sun.awt.Win32GraphicsEnvironment, java.endorsed.dirs=D:\develop\Java\jdk1.8.0_181\jre\lib\endorsed, os.arch=amd64, surefire.real.class.path=D:\develop\workspace\code-repo\paascloud-master-master\paascloud-provider\paascloud-provider-uac\target\surefire\surefirebooter6302798505136300258.jar, java.io.tmpdir=C:\Users\lenovo\AppData\Local\Temp\, line.separator=
, java.vm.specification.vendor=Oracle Corporation, user.variant=, os.name=Windows 10, sun.jnu.encoding=GBK, java.library.path=D:\develop\Java\jdk1.8.0_181\jre\bin;C:\WINDOWS\Sun\Java\bin;C:\WINDOWS\system32;C:\WINDOWS;C:\Program Files (x86)\Common Files\Oracle\Java\javapath;C:\WINDOWS\system32;C:\WINDOWS;C:\WINDOWS\System32\Wbem;C:\WINDOWS\System32\WindowsPowerShell\v1.0\;C:\WINDOWS\System32\OpenSSH\;D:\develop\Java\jdk1.8.0_181\bin;D:\develop\Java\jdk1.8.0_181\jre\bin;D:\develop\maven\apache-maven-3.6.1\bin;D:\develop\Git\bin;D:\software\TortoiseGit\bin;D:\develop\scala\bin;D:\develop\scala\bin;D:\develop\scala\jre\bin;D:\software\nodejs\;C:\Users\lenovo\AppData\Local\Microsoft\WindowsApps;C:\Users\lenovo\AppData\Roaming\npm;C:\Program Files\Bandizip\;., surefire.test.class.path=D:\develop\workspace\code-repo\paascloud-master-master\paascloud-provider\paascloud-provider-uac\target\test-classes;D:\develop\workspace\code-repo\paascloud-master-master\paascloud-provider\paascloud-provider-uac\target\classes;D:\develop\maven\repo\mysql\mysql-connector-java\5.1.39\mysql-connector-java-5.1.39.jar;D:\develop\maven\repo\io\jsonwebtoken\jjwt\0.7.0\jjwt-0.7.0.jar;D:\develop\maven\repo\joda-time\joda-time\2.9.6\joda-time-2.9.6.jar;D:\develop\maven\repo\org\mybatis\spring\boot\mybatis-spring-boot-starter\1.2.0\mybatis-spring-boot-starter-1.2.0.jar;D:\develop\maven\repo\org\springframework\boot\spring-boot-starter\1.5.13.RELEASE\spring-boot-starter-1.5.13.RELEASE.jar;D:\develop\maven\repo\org\springframework\boot\spring-boot-starter-logging\1.5.13.RELEASE\spring-boot-starter-logging-1.5.13.RELEASE.jar;D:\develop\maven\repo\org\slf4j\jcl-over-slf4j\1.7.25\jcl-over-slf4j-1.7.25.jar;D:\develop\maven\repo\org\slf4j\jul-to-slf4j\1.7.25\jul-to-slf4j-1.7.25.jar;D:\develop\maven\repo\org\slf4j\log4j-over-slf4j\1.7.25\log4j-over-slf4j-1.7.25.jar;D:\develop\maven\repo\org\springframework\boot\spring-boot-starter-jdbc\1.5.13.RELEASE\spring-boot-starter-jdbc-1.5.13.RELEASE.jar;D:\develop\maven\repo\org\apache\tomcat\tomcat-jdbc\8.5.31\tomcat-jdbc-8.5.31.jar;D:\develop\maven\repo\org\apache\tomcat\tomcat-juli\8.5.31\tomcat-juli-8.5.31.jar;D:\develop\maven\repo\org\springframework\spring-jdbc\4.3.17.RELEASE\spring-jdbc-4.3.17.RELEASE.jar;D:\develop\maven\repo\org\mybatis\spring\boot\mybatis-spring-boot-autoconfigure\1.2.0\mybatis-spring-boot-autoconfigure-1.2.0.jar;D:\develop\maven\repo\org\mybatis\mybatis\3.4.2\mybatis-3.4.2.jar;D:\develop\maven\repo\org\mybatis\mybatis-spring\1.3.1\mybatis-spring-1.3.1.jar;D:\develop\maven\repo\tk\mybatis\mapper-spring-boot-starter\1.1.1\mapper-spring-boot-starter-1.1.1.jar;D:\develop\maven\repo\tk\mybatis\mapper-spring-boot-autoconfigure\1.1.1\mapper-spring-boot-autoconfigure-1.1.1.jar;D:\develop\maven\repo\tk\mybatis\mapper\3.4.0\mapper-3.4.0.jar;D:\develop\maven\repo\javax\persistence\persistence-api\1.0\persistence-api-1.0.jar;D:\develop\maven\repo\com\github\pagehelper\pagehelper-spring-boot-starter\1.1.2\pagehelper-spring-boot-starter-1.1.2.jar;D:\develop\maven\repo\com\github\pagehelper\pagehelper-spring-boot-autoconfigure\1.1.2\pagehelper-spring-boot-autoconfigure-1.1.2.jar;D:\develop\maven\repo\com\github\pagehelper\pagehelper\5.0.3\pagehelper-5.0.3.jar;D:\develop\maven\repo\com\github\jsqlparser\jsqlparser\1.0\jsqlparser-1.0.jar;D:\develop\maven\repo\com\alibaba\druid-spring-boot-starter\1.1.0\druid-spring-boot-starter-1.1.0.jar;D:\develop\maven\repo\org\springframework\boot\spring-boot-autoconfigure\1.5.13.RELEASE\spring-boot-autoconfigure-1.5.13.RELEASE.jar;D:\develop\maven\repo\com\fasterxml\jackson\core\jackson-databind\2.8.4\jackson-databind-2.8.4.jar;D:\develop\maven\repo\com\fasterxml\jackson\core\jackson-annotations\2.8.0\jackson-annotations-2.8.0.jar;D:\develop\maven\repo\com\fasterxml\jackson\core\jackson-core\2.8.11\jackson-core-2.8.11.jar;D:\develop\workspace\code-repo\paascloud-master-master\paascloud-provider-api\paascloud-provider-uac-api\target\paascloud-provider-uac-api-1.0.jar;D:\develop\workspace\code-repo\paascloud-master-master\paascloud-common\paascloud-security-feign\target\paascloud-security-feign-1.0.jar;D:\develop\workspace\code-repo\paascloud-master-master\paascloud-provider-api\paascloud-provider-mdc-api\target\paascloud-provider-mdc-api-1.0.jar;D:\develop\workspace\code-repo\paascloud-master-master\paascloud-provider-api\paascloud-provider-omc-api\target\paascloud-provider-omc-api-1.0.jar;D:\develop\workspace\code-repo\paascloud-master-master\paascloud-provider-api\paascloud-provider-opc-api\target\paascloud-provider-opc-api-1.0.jar;D:\develop\maven\repo\io\github\openfeign\form\feign-form\3.0.3\feign-form-3.0.3.jar;D:\develop\maven\repo\io\github\openfeign\form\feign-form-spring\3.0.3\feign-form-spring-3.0.3.jar;D:\develop\workspace\code-repo\paascloud-master-master\paascloud-provider-api\paascloud-provider-sdk-api\target\paascloud-provider-sdk-api-1.0.jar;D:\develop\maven\repo\org\projectlombok\lombok\1.16.14\lombok-1.16.14.jar;D:\develop\workspace\code-repo\paascloud-master-master\paascloud-provider-api\paascloud-provider-tpc-api\target\paascloud-provider-tpc-api-1.0.jar;D:\develop\workspace\code-repo\paascloud-master-master\paascloud-common\paascloud-common-zk\target\paascloud-common-zk-1.0.jar;D:\develop\maven\repo\org\apache\curator\curator-framework\2.10.0\curator-framework-2.10.0.jar;D:\develop\maven\repo\org\apache\curator\curator-client\2.10.0\curator-client-2.10.0.jar;D:\develop\maven\repo\org\apache\zookeeper\zookeeper\3.4.6\zookeeper-3.4.6.jar;D:\develop\maven\repo\jline\jline\2.14.6\jline-2.14.6.jar;D:\develop\maven\repo\io\netty\netty\3.7.0.Final\netty-3.7.0.Final.jar;D:\develop\maven\repo\org\apache\curator\curator-recipes\2.10.0\curator-recipes-2.10.0.jar;D:\develop\maven\repo\com\alibaba\fastjson\1.2.29\fastjson-1.2.29.jar;D:\develop\maven\repo\org\aspectj\aspectjweaver\1.8.13\aspectjweaver-1.8.13.jar;D:\develop\maven\repo\org\springframework\spring-tx\4.3.11.RELEASE\spring-tx-4.3.11.RELEASE.jar;D:\develop\maven\repo\org\springframework\spring-beans\4.3.17.RELEASE\spring-beans-4.3.17.RELEASE.jar;D:\develop\maven\repo\org\apache\rocketmq\rocketmq-client\4.1.0-incubating\rocketmq-client-4.1.0-incubating.jar;D:\develop\maven\repo\org\apache\rocketmq\rocketmq-common\4.1.0-incubating\rocketmq-common-4.1.0-incubating.jar;D:\develop\maven\repo\org\apache\rocketmq\rocketmq-remoting\4.1.0-incubating\rocketmq-remoting-4.1.0-incubating.jar;D:\develop\maven\repo\io\netty\netty-all\4.0.56.Final\netty-all-4.0.56.Final.jar;D:\develop\maven\repo\org\slf4j\slf4j-api\1.7.25\slf4j-api-1.7.25.jar;D:\develop\maven\repo\org\apache\commons\commons-lang3\3.5\commons-lang3-3.5.jar;D:\develop\maven\repo\de\codecentric\spring-boot-admin-starter-client\1.5.7\spring-boot-admin-starter-client-1.5.7.jar;D:\develop\maven\repo\de\codecentric\spring-boot-admin-client\1.5.7\spring-boot-admin-client-1.5.7.jar;D:\develop\maven\repo\org\springframework\boot\spring-boot-starter-freemarker\1.5.13.RELEASE\spring-boot-starter-freemarker-1.5.13.RELEASE.jar;D:\develop\maven\repo\org\freemarker\freemarker\2.3.28\freemarker-2.3.28.jar;D:\develop\maven\repo\org\springframework\spring-context-support\4.3.17.RELEASE\spring-context-support-4.3.17.RELEASE.jar;D:\develop\maven\repo\org\springframework\cloud\spring-cloud-starter-feign\1.4.4.RELEASE\spring-cloud-starter-feign-1.4.4.RELEASE.jar;D:\develop\maven\repo\org\springframework\cloud\spring-cloud-starter-openfeign\1.4.4.RELEASE\spring-cloud-starter-openfeign-1.4.4.RELEASE.jar;D:\develop\maven\repo\io\github\openfeign\feign-core\9.5.0\feign-core-9.5.0.jar;D:\develop\maven\repo\org\jvnet\animal-sniffer-annotation\1.0\animal-sniffer-annotation-1.0.jar;D:\develop\maven\repo\io\github\openfeign\feign-slf4j\9.5.0\feign-slf4j-9.5.0.jar;D:\develop\maven\repo\io\github\openfeign\feign-hystrix\9.5.0\feign-hystrix-9.5.0.jar;D:\develop\maven\repo\com\github\penggle\kaptcha\2.3.2\kaptcha-2.3.2.jar;D:\develop\maven\repo\com\jhlabs\filters\2.0.235-1\filters-2.0.235-1.jar;D:\develop\maven\repo\org\springframework\cloud\spring-cloud-starter-oauth2\1.2.2.RELEASE\spring-cloud-starter-oauth2-1.2.2.RELEASE.jar;D:\develop\maven\repo\org\springframework\cloud\spring-cloud-starter-security\1.2.2.RELEASE\spring-cloud-starter-security-1.2.2.RELEASE.jar;D:\develop\maven\repo\org\springframework\cloud\spring-cloud-security\1.2.2.RELEASE\spring-cloud-security-1.2.2.RELEASE.jar;D:\develop\maven\repo\org\springframework\boot\spring-boot-starter-security\1.5.13.RELEASE\spring-boot-starter-security-1.5.13.RELEASE.jar;D:\develop\maven\repo\org\springframework\security\oauth\spring-security-oauth2\2.0.15.RELEASE\spring-security-oauth2-2.0.15.RELEASE.jar;D:\develop\maven\repo\org\springframework\security\spring-security-core\4.2.6.RELEASE\spring-security-core-4.2.6.RELEASE.jar;D:\develop\maven\repo\org\springframework\security\spring-security-config\4.2.6.RELEASE\spring-security-config-4.2.6.RELEASE.jar;D:\develop\maven\repo\org\springframework\social\spring-social-config\1.1.6.RELEASE\spring-social-config-1.1.6.RELEASE.jar;D:\develop\maven\repo\org\springframework\social\spring-social-core\1.1.6.RELEASE\spring-social-core-1.1.6.RELEASE.jar;D:\develop\maven\repo\org\springframework\spring-web\4.3.8.RELEASE\spring-web-4.3.8.RELEASE.jar;D:\develop\maven\repo\org\springframework\social\spring-social-security\1.1.6.RELEASE\spring-social-security-1.1.6.RELEASE.jar;D:\develop\maven\repo\org\springframework\spring-webmvc\4.3.17.RELEASE\spring-webmvc-4.3.17.RELEASE.jar;D:\develop\maven\repo\org\springframework\spring-expression\4.3.17.RELEASE\spring-expression-4.3.17.RELEASE.jar;D:\develop\maven\repo\org\springframework\security\spring-security-web\4.2.6.RELEASE\spring-security-web-4.2.6.RELEASE.jar;D:\develop\maven\repo\aopalliance\aopalliance\1.0\aopalliance-1.0.jar;D:\develop\maven\repo\org\springframework\social\spring-social-web\1.1.6.RELEASE\spring-social-web-1.1.6.RELEASE.jar;D:\develop\maven\repo\javax\inject\javax.inject\1\javax.inject-1.jar;D:\develop\workspace\code-repo\paascloud-master-master\paascloud-common\paascloud-common-base\target\paascloud-common-base-1.0.jar;D:\develop\workspace\code-repo\paascloud-master-master\paascloud-common\paascloud-security-app\target\paascloud-security-app-1.0.jar;D:\develop\workspace\code-repo\paascloud-master-master\paascloud-common\paascloud-security-core\target\paascloud-security-core-1.0.jar;D:\develop\maven\repo\commons-lang\commons-lang\2.6\commons-lang-2.6.jar;D:\develop\maven\repo\commons-collections\commons-collections\3.2.2\commons-collections-3.2.2.jar;D:\develop\maven\repo\org\springframework\cloud\spring-cloud-starter-config\1.4.3.RELEASE\spring-cloud-starter-config-1.4.3.RELEASE.jar;D:\develop\maven\repo\org\springframework\cloud\spring-cloud-starter\1.3.3.RELEASE\spring-cloud-starter-1.3.3.RELEASE.jar;D:\develop\maven\repo\org\springframework\cloud\spring-cloud-context\1.3.3.RELEASE\spring-cloud-context-1.3.3.RELEASE.jar;D:\develop\maven\repo\org\springframework\security\spring-security-rsa\1.0.3.RELEASE\spring-security-rsa-1.0.3.RELEASE.jar;D:\develop\maven\repo\org\springframework\cloud\spring-cloud-config-client\1.4.3.RELEASE\spring-cloud-config-client-1.4.3.RELEASE.jar;D:\develop\maven\repo\org\springframework\cloud\spring-cloud-starter-sleuth\1.3.3.RELEASE\spring-cloud-starter-sleuth-1.3.3.RELEASE.jar;D:\develop\maven\repo\org\springframework\cloud\spring-cloud-sleuth-core\1.3.3.RELEASE\spring-cloud-sleuth-core-1.3.3.RELEASE.jar;D:\develop\maven\repo\org\aspectj\aspectjrt\1.8.13\aspectjrt-1.8.13.jar;D:\develop\maven\repo\org\springframework\cloud\spring-cloud-sleuth-zipkin\1.3.3.RELEASE\spring-cloud-sleuth-zipkin-1.3.3.RELEASE.jar;D:\develop\maven\repo\org\springframework\cloud\spring-cloud-commons\1.3.3.RELEASE\spring-cloud-commons-1.3.3.RELEASE.jar;D:\develop\maven\repo\org\springframework\security\spring-security-crypto\4.2.6.RELEASE\spring-security-crypto-4.2.6.RELEASE.jar;D:\develop\maven\repo\org\apache\httpcomponents\httpclient\4.5.5\httpclient-4.5.5.jar;D:\develop\maven\repo\org\apache\httpcomponents\httpcore\4.4.9\httpcore-4.4.9.jar;D:\develop\maven\repo\io\zipkin\zipkin2\zipkin\2.6.1\zipkin-2.6.1.jar;D:\develop\maven\repo\io\zipkin\reporter2\zipkin-reporter\2.5.0\zipkin-reporter-2.5.0.jar;D:\develop\maven\repo\io\zipkin\reporter2\zipkin-sender-kafka11\2.5.0\zipkin-sender-kafka11-2.5.0.jar;D:\develop\maven\repo\io\zipkin\reporter2\zipkin-sender-amqp-client\2.5.0\zipkin-sender-amqp-client-2.5.0.jar;D:\develop\workspace\code-repo\paascloud-master-master\paascloud-common\paascloud-common-util\target\paascloud-common-util-1.0.jar;D:\develop\maven\repo\ch\qos\logback\logback-classic\1.1.11\logback-classic-1.1.11.jar;D:\develop\maven\repo\org\codehaus\jackson\jackson-smile\1.9.13\jackson-smile-1.9.13.jar;D:\develop\maven\repo\org\codehaus\jackson\jackson-core-asl\1.9.13\jackson-core-asl-1.9.13.jar;D:\develop\maven\repo\org\codehaus\jackson\jackson-mapper-asl\1.9.13\jackson-mapper-asl-1.9.13.jar;D:\develop\maven\repo\com\xiaoleilu\hutool-all\3.0.7\hutool-all-3.0.7.jar;D:\develop\maven\repo\commons-beanutils\commons-beanutils\1.9.3\commons-beanutils-1.9.3.jar;D:\develop\workspace\code-repo\paascloud-master-master\paascloud-common\paascloud-common-core\target\paascloud-common-core-1.0.jar;D:\develop\maven\repo\eu\bitwalker\UserAgentUtils\1.20\UserAgentUtils-1.20.jar;D:\develop\maven\repo\org\springframework\boot\spring-boot-starter-data-redis\1.5.13.RELEASE\spring-boot-starter-data-redis-1.5.13.RELEASE.jar;D:\develop\maven\repo\org\springframework\data\spring-data-redis\1.8.12.RELEASE\spring-data-redis-1.8.12.RELEASE.jar;D:\develop\maven\repo\org\springframework\data\spring-data-keyvalue\1.2.12.RELEASE\spring-data-keyvalue-1.2.12.RELEASE.jar;D:\develop\maven\repo\org\springframework\data\spring-data-commons\1.13.12.RELEASE\spring-data-commons-1.13.12.RELEASE.jar;D:\develop\maven\repo\org\springframework\spring-oxm\4.3.17.RELEASE\spring-oxm-4.3.17.RELEASE.jar;D:\develop\maven\repo\redis\clients\jedis\2.9.0\jedis-2.9.0.jar;D:\develop\maven\repo\org\apache\commons\commons-pool2\2.4.3\commons-pool2-2.4.3.jar;D:\develop\maven\repo\com\fasterxml\jackson\module\jackson-module-parameter-names\2.8.11\jackson-module-parameter-names-2.8.11.jar;D:\develop\maven\repo\com\fasterxml\jackson\datatype\jackson-datatype-jdk8\2.8.11\jackson-datatype-jdk8-2.8.11.jar;D:\develop\maven\repo\com\fasterxml\jackson\datatype\jackson-datatype-jsr310\2.8.11\jackson-datatype-jsr310-2.8.11.jar;D:\develop\workspace\code-repo\paascloud-master-master\paascloud-common\paascloud-common-config\target\paascloud-common-config-1.0.jar;D:\develop\maven\repo\com\arronlong\httpclientutil\httpclientutil\1.0\httpclientutil-1.0.jar;D:\develop\maven\repo\org\apache\httpcomponents\httpmime\4.5.5\httpmime-4.5.5.jar;D:\develop\maven\repo\org\apache\httpcomponents\httpasyncclient\4.1.3\httpasyncclient-4.1.3.jar;D:\develop\maven\repo\org\apache\httpcomponents\httpcore-nio\4.4.6\httpcore-nio-4.4.6.jar;D:\develop\maven\repo\log4j\log4j\1.2.17\log4j-1.2.17.jar;D:\develop\maven\repo\com\netflix\hystrix\hystrix-core\1.5.12\hystrix-core-1.5.12.jar;D:\develop\maven\repo\com\netflix\archaius\archaius-core\0.7.4\archaius-core-0.7.4.jar;D:\develop\maven\repo\com\google\code\findbugs\jsr305\3.0.2\jsr305-3.0.2.jar;D:\develop\maven\repo\io\reactivex\rxjava\1.2.0\rxjava-1.2.0.jar;D:\develop\maven\repo\org\hdrhistogram\HdrHistogram\2.1.9\HdrHistogram-2.1.9.jar;D:\develop\maven\repo\org\springframework\boot\spring-boot-starter-actuator\1.5.13.RELEASE\spring-boot-starter-actuator-1.5.13.RELEASE.jar;D:\develop\maven\repo\org\springframework\boot\spring-boot-actuator\1.5.13.RELEASE\spring-boot-actuator-1.5.13.RELEASE.jar;D:\develop\maven\repo\org\springframework\cloud\spring-cloud-starter-hystrix\1.4.4.RELEASE\spring-cloud-starter-hystrix-1.4.4.RELEASE.jar;D:\develop\maven\repo\org\springframework\cloud\spring-cloud-starter-netflix-hystrix\1.4.4.RELEASE\spring-cloud-starter-netflix-hystrix-1.4.4.RELEASE.jar;D:\develop\maven\repo\com\netflix\hystrix\hystrix-metrics-event-stream\1.5.12\hystrix-metrics-event-stream-1.5.12.jar;D:\develop\maven\repo\com\netflix\hystrix\hystrix-serialization\1.5.12\hystrix-serialization-1.5.12.jar;D:\develop\maven\repo\com\fasterxml\jackson\module\jackson-module-afterburner\2.8.11\jackson-module-afterburner-2.8.11.jar;D:\develop\maven\repo\com\netflix\hystrix\hystrix-javanica\1.5.12\hystrix-javanica-1.5.12.jar;D:\develop\maven\repo\org\ow2\asm\asm\5.0.4\asm-5.0.4.jar;D:\develop\maven\repo\org\springframework\boot\spring-boot-starter-web\1.5.13.RELEASE\spring-boot-starter-web-1.5.13.RELEASE.jar;D:\develop\maven\repo\org\springframework\boot\spring-boot-starter-tomcat\1.5.13.RELEASE\spring-boot-starter-tomcat-1.5.13.RELEASE.jar;D:\develop\maven\repo\org\apache\tomcat\embed\tomcat-embed-core\8.5.31\tomcat-embed-core-8.5.31.jar;D:\develop\maven\repo\org\apache\tomcat\tomcat-annotations-api\8.5.31\tomcat-annotations-api-8.5.31.jar;D:\develop\maven\repo\org\apache\tomcat\embed\tomcat-embed-websocket\8.5.31\tomcat-embed-websocket-8.5.31.jar;D:\develop\maven\repo\org\hibernate\hibernate-validator\5.3.6.Final\hibernate-validator-5.3.6.Final.jar;D:\develop\maven\repo\javax\validation\validation-api\1.1.0.Final\validation-api-1.1.0.Final.jar;D:\develop\maven\repo\org\jboss\logging\jboss-logging\3.3.2.Final\jboss-logging-3.3.2.Final.jar;D:\develop\maven\repo\net\logstash\logback\logstash-logback-encoder\4.6\logstash-logback-encoder-4.6.jar;D:\develop\maven\repo\ch\qos\logback\logback-core\1.1.11\logback-core-1.1.11.jar;D:\develop\maven\repo\com\google\guava\guava\17.0\guava-17.0.jar;D:\develop\maven\repo\org\springframework\boot\spring-boot-starter-validation\1.5.13.RELEASE\spring-boot-starter-validation-1.5.13.RELEASE.jar;D:\develop\maven\repo\org\apache\tomcat\embed\tomcat-embed-el\8.5.31\tomcat-embed-el-8.5.31.jar;D:\develop\maven\repo\io\springfox\springfox-swagger-ui\2.6.1\springfox-swagger-ui-2.6.1.jar;D:\develop\maven\repo\io\springfox\springfox-spring-web\2.6.1\springfox-spring-web-2.6.1.jar;D:\develop\maven\repo\io\springfox\springfox-swagger2\2.6.1\springfox-swagger2-2.6.1.jar;D:\develop\maven\repo\io\swagger\swagger-annotations\1.5.10\swagger-annotations-1.5.10.jar;D:\develop\maven\repo\io\swagger\swagger-models\1.5.10\swagger-models-1.5.10.jar;D:\develop\maven\repo\io\springfox\springfox-spi\2.6.1\springfox-spi-2.6.1.jar;D:\develop\maven\repo\io\springfox\springfox-core\2.6.1\springfox-core-2.6.1.jar;D:\develop\maven\repo\io\springfox\springfox-schema\2.6.1\springfox-schema-2.6.1.jar;D:\develop\maven\repo\io\springfox\springfox-swagger-common\2.6.1\springfox-swagger-common-2.6.1.jar;D:\develop\maven\repo\com\fasterxml\classmate\1.3.4\classmate-1.3.4.jar;D:\develop\maven\repo\org\springframework\plugin\spring-plugin-core\1.2.0.RELEASE\spring-plugin-core-1.2.0.RELEASE.jar;D:\develop\maven\repo\org\springframework\plugin\spring-plugin-metadata\1.2.0.RELEASE\spring-plugin-metadata-1.2.0.RELEASE.jar;D:\develop\maven\repo\org\mapstruct\mapstruct\1.0.0.Final\mapstruct-1.0.0.Final.jar;D:\develop\maven\repo\commons-codec\commons-codec\1.10\commons-codec-1.10.jar;D:\develop\maven\repo\org\springframework\boot\spring-boot-starter-test\1.5.13.RELEASE\spring-boot-starter-test-1.5.13.RELEASE.jar;D:\develop\maven\repo\org\springframework\boot\spring-boot-test\1.5.13.RELEASE\spring-boot-test-1.5.13.RELEASE.jar;D:\develop\maven\repo\org\springframework\boot\spring-boot-test-autoconfigure\1.5.13.RELEASE\spring-boot-test-autoconfigure-1.5.13.RELEASE.jar;D:\develop\maven\repo\com\jayway\jsonpath\json-path\2.2.0\json-path-2.2.0.jar;D:\develop\maven\repo\net\minidev\json-smart\2.2.1\json-smart-2.2.1.jar;D:\develop\maven\repo\net\minidev\accessors-smart\1.1\accessors-smart-1.1.jar;D:\develop\maven\repo\junit\junit\4.12\junit-4.12.jar;D:\develop\maven\repo\org\assertj\assertj-core\2.6.0\assertj-core-2.6.0.jar;D:\develop\maven\repo\org\mockito\mockito-core\1.10.19\mockito-core-1.10.19.jar;D:\develop\maven\repo\org\objenesis\objenesis\2.5.1\objenesis-2.5.1.jar;D:\develop\maven\repo\org\hamcrest\hamcrest-core\1.3\hamcrest-core-1.3.jar;D:\develop\maven\repo\org\hamcrest\hamcrest-library\1.3\hamcrest-library-1.3.jar;D:\develop\maven\repo\org\skyscreamer\jsonassert\1.4.0\jsonassert-1.4.0.jar;D:\develop\maven\repo\com\vaadin\external\google\android-json\0.0.20131108.vaadin1\android-json-0.0.20131108.vaadin1.jar;D:\develop\maven\repo\org\springframework\spring-core\4.3.11.RELEASE\spring-core-4.3.11.RELEASE.jar;D:\develop\maven\repo\org\springframework\spring-test\4.3.17.RELEASE\spring-test-4.3.17.RELEASE.jar;D:\develop\maven\repo\com\alibaba\druid\1.0.29\druid-1.0.29.jar;D:\develop\Java\jdk1.8.0_181\jre\..\lib\jconsole.jar;D:\develop\Java\jdk1.8.0_181\jre\..\lib\tools.jar;D:\develop\maven\repo\org\mybatis\generator\mybatis-generator-core\1.3.5\mybatis-generator-core-1.3.5.jar;D:\develop\maven\repo\org\springframework\boot\spring-boot-configuration-processor\1.5.13.RELEASE\spring-boot-configuration-processor-1.5.13.RELEASE.jar;D:\develop\maven\repo\org\springframework\boot\spring-boot-devtools\1.5.13.RELEASE\spring-boot-devtools-1.5.13.RELEASE.jar;D:\develop\maven\repo\org\springframework\boot\spring-boot\1.5.13.RELEASE\spring-boot-1.5.13.RELEASE.jar;D:\develop\maven\repo\org\springframework\boot\spring-boot-starter-aop\1.5.13.RELEASE\spring-boot-starter-aop-1.5.13.RELEASE.jar;D:\develop\maven\repo\org\springframework\spring-aop\4.3.17.RELEASE\spring-aop-4.3.17.RELEASE.jar;D:\develop\maven\repo\org\modelmapper\modelmapper\1.1.2\modelmapper-1.1.2.jar;D:\develop\maven\repo\org\jolokia\jolokia-core\1.3.7\jolokia-core-1.3.7.jar;D:\develop\maven\repo\com\googlecode\json-simple\json-simple\1.1.1\json-simple-1.1.1.jar;D:\develop\maven\repo\org\springframework\security\spring-security-jwt\1.0.9.RELEASE\spring-security-jwt-1.0.9.RELEASE.jar;D:\develop\maven\repo\org\bouncycastle\bcpkix-jdk15on\1.56\bcpkix-jdk15on-1.56.jar;D:\develop\maven\repo\org\bouncycastle\bcprov-jdk15on\1.56\bcprov-jdk15on-1.56.jar;D:\develop\maven\repo\org\liquibase\liquibase-core\3.5.3\liquibase-core-3.5.3.jar;D:\develop\maven\repo\org\yaml\snakeyaml\1.17\snakeyaml-1.17.jar;D:\develop\maven\repo\org\springframework\cloud\spring-cloud-starter-zipkin\1.3.3.RELEASE\spring-cloud-starter-zipkin-1.3.3.RELEASE.jar;D:\develop\maven\repo\org\springframework\amqp\spring-rabbit\1.7.7.RELEASE\spring-rabbit-1.7.7.RELEASE.jar;D:\develop\maven\repo\org\springframework\retry\spring-retry\1.2.2.RELEASE\spring-retry-1.2.2.RELEASE.jar;D:\develop\maven\repo\com\rabbitmq\http-client\1.1.1.RELEASE\http-client-1.1.1.RELEASE.jar;D:\develop\maven\repo\com\rabbitmq\amqp-client\4.0.3\amqp-client-4.0.3.jar;D:\develop\maven\repo\org\springframework\spring-messaging\4.3.17.RELEASE\spring-messaging-4.3.17.RELEASE.jar;D:\develop\maven\repo\org\springframework\spring-context\4.3.8.RELEASE\spring-context-4.3.8.RELEASE.jar;D:\develop\maven\repo\org\springframework\amqp\spring-amqp\1.7.7.RELEASE\spring-amqp-1.7.7.RELEASE.jar;D:\develop\maven\repo\org\springframework\cloud\spring-cloud-starter-netflix-eureka-client\1.4.4.RELEASE\spring-cloud-starter-netflix-eureka-client-1.4.4.RELEASE.jar;D:\develop\maven\repo\org\springframework\cloud\spring-cloud-netflix-core\1.4.4.RELEASE\spring-cloud-netflix-core-1.4.4.RELEASE.jar;D:\develop\maven\repo\org\springframework\cloud\spring-cloud-netflix-eureka-client\1.4.4.RELEASE\spring-cloud-netflix-eureka-client-1.4.4.RELEASE.jar;D:\develop\maven\repo\com\netflix\eureka\eureka-client\1.7.2\eureka-client-1.7.2.jar;D:\develop\maven\repo\org\codehaus\jettison\jettison\1.2\jettison-1.2.jar;D:\develop\maven\repo\stax\stax-api\1.0.1\stax-api-1.0.1.jar;D:\develop\maven\repo\com\netflix\netflix-commons\netflix-eventbus\0.3.0\netflix-eventbus-0.3.0.jar;D:\develop\maven\repo\com\netflix\netflix-commons\netflix-infix\0.3.0\netflix-infix-0.3.0.jar;D:\develop\maven\repo\commons-jxpath\commons-jxpath\1.3\commons-jxpath-1.3.jar;D:\develop\maven\repo\org\antlr\antlr-runtime\3.4\antlr-runtime-3.4.jar;D:\develop\maven\repo\org\antlr\stringtemplate\3.2.1\stringtemplate-3.2.1.jar;D:\develop\maven\repo\antlr\antlr\2.7.7\antlr-2.7.7.jar;D:\develop\maven\repo\com\google\code\gson\gson\2.8.4\gson-2.8.4.jar;D:\develop\maven\repo\org\apache\commons\commons-math\2.2\commons-math-2.2.jar;D:\develop\maven\repo\javax\ws\rs\jsr311-api\1.1.1\jsr311-api-1.1.1.jar;D:\develop\maven\repo\com\netflix\servo\servo-core\0.10.1\servo-core-0.10.1.jar;D:\develop\maven\repo\com\netflix\servo\servo-internal\0.10.1\servo-internal-0.10.1.jar;D:\develop\maven\repo\com\sun\jersey\jersey-core\1.19.1\jersey-core-1.19.1.jar;D:\develop\maven\repo\com\sun\jersey\jersey-client\1.19.1\jersey-client-1.19.1.jar;D:\develop\maven\repo\com\sun\jersey\contribs\jersey-apache-client4\1.19.1\jersey-apache-client4-1.19.1.jar;D:\develop\maven\repo\com\google\inject\guice\3.0\guice-3.0.jar;D:\develop\maven\repo\com\netflix\eureka\eureka-core\1.7.2\eureka-core-1.7.2.jar;D:\develop\maven\repo\org\codehaus\woodstox\woodstox-core-asl\4.4.1\woodstox-core-asl-4.4.1.jar;D:\develop\maven\repo\javax\xml\stream\stax-api\1.0-2\stax-api-1.0-2.jar;D:\develop\maven\repo\org\codehaus\woodstox\stax2-api\3.1.4\stax2-api-3.1.4.jar;D:\develop\maven\repo\org\springframework\cloud\spring-cloud-starter-netflix-archaius\1.4.4.RELEASE\spring-cloud-starter-netflix-archaius-1.4.4.RELEASE.jar;D:\develop\maven\repo\commons-configuration\commons-configuration\1.8\commons-configuration-1.8.jar;D:\develop\maven\repo\org\springframework\cloud\spring-cloud-starter-netflix-ribbon\1.4.4.RELEASE\spring-cloud-starter-netflix-ribbon-1.4.4.RELEASE.jar;D:\develop\maven\repo\com\netflix\ribbon\ribbon\2.2.5\ribbon-2.2.5.jar;D:\develop\maven\repo\com\netflix\ribbon\ribbon-transport\2.2.5\ribbon-transport-2.2.5.jar;D:\develop\maven\repo\io\reactivex\rxnetty-contexts\0.4.9\rxnetty-contexts-0.4.9.jar;D:\develop\maven\repo\io\reactivex\rxnetty-servo\0.4.9\rxnetty-servo-0.4.9.jar;D:\develop\maven\repo\io\reactivex\rxnetty\0.4.9\rxnetty-0.4.9.jar;D:\develop\maven\repo\io\netty\netty-codec-http\4.0.27.Final\netty-codec-http-4.0.27.Final.jar;D:\develop\maven\repo\io\netty\netty-codec\4.0.27.Final\netty-codec-4.0.27.Final.jar;D:\develop\maven\repo\io\netty\netty-handler\4.0.27.Final\netty-handler-4.0.27.Final.jar;D:\develop\maven\repo\io\netty\netty-transport-native-epoll\4.0.27.Final\netty-transport-native-epoll-4.0.27.Final.jar;D:\develop\maven\repo\io\netty\netty-common\4.0.27.Final\netty-common-4.0.27.Final.jar;D:\develop\maven\repo\io\netty\netty-buffer\4.0.27.Final\netty-buffer-4.0.27.Final.jar;D:\develop\maven\repo\io\netty\netty-transport\4.0.27.Final\netty-transport-4.0.27.Final.jar;D:\develop\maven\repo\com\netflix\ribbon\ribbon-core\2.2.5\ribbon-core-2.2.5.jar;D:\develop\maven\repo\com\netflix\ribbon\ribbon-httpclient\2.2.5\ribbon-httpclient-2.2.5.jar;D:\develop\maven\repo\com\netflix\netflix-commons\netflix-commons-util\0.1.1\netflix-commons-util-0.1.1.jar;D:\develop\maven\repo\com\netflix\ribbon\ribbon-loadbalancer\2.2.5\ribbon-loadbalancer-2.2.5.jar;D:\develop\maven\repo\com\netflix\netflix-commons\netflix-statistics\0.1.1\netflix-statistics-0.1.1.jar;D:\develop\maven\repo\com\netflix\ribbon\ribbon-eureka\2.2.5\ribbon-eureka-2.2.5.jar;D:\develop\maven\repo\com\thoughtworks\xstream\xstream\1.4.10\xstream-1.4.10.jar;D:\develop\maven\repo\xmlpull\xmlpull\1.1.3.1\xmlpull-1.1.3.1.jar;D:\develop\maven\repo\xpp3\xpp3_min\1.1.4c\xpp3_min-1.1.4c.jar;, java.specification.name=Java Platform API Specification, java.class.version=52.0, sun.management.compiler=HotSpot 64-Bit Tiered Compilers, os.version=10.0, user.home=C:\Users\lenovo, user.timezone=Asia/Shanghai, java.awt.printerjob=sun.awt.windows.WPrinterJob, file.encoding=GBK, java.specification.version=1.8, java.class.path=D:\develop\workspace\code-repo\paascloud-master-master\paascloud-provider\paascloud-provider-uac\target\test-classes;D:\develop\workspace\code-repo\paascloud-master-master\paascloud-provider\paascloud-provider-uac\target\classes;D:\develop\maven\repo\mysql\mysql-connector-java\5.1.39\mysql-connector-java-5.1.39.jar;D:\develop\maven\repo\io\jsonwebtoken\jjwt\0.7.0\jjwt-0.7.0.jar;D:\develop\maven\repo\joda-time\joda-time\2.9.6\joda-time-2.9.6.jar;D:\develop\maven\repo\org\mybatis\spring\boot\mybatis-spring-boot-starter\1.2.0\mybatis-spring-boot-starter-1.2.0.jar;D:\develop\maven\repo\org\springframework\boot\spring-boot-starter\1.5.13.RELEASE\spring-boot-starter-1.5.13.RELEASE.jar;D:\develop\maven\repo\org\springframework\boot\spring-boot-starter-logging\1.5.13.RELEASE\spring-boot-starter-logging-1.5.13.RELEASE.jar;D:\develop\maven\repo\org\slf4j\jcl-over-slf4j\1.7.25\jcl-over-slf4j-1.7.25.jar;D:\develop\maven\repo\org\slf4j\jul-to-slf4j\1.7.25\jul-to-slf4j-1.7.25.jar;D:\develop\maven\repo\org\slf4j\log4j-over-slf4j\1.7.25\log4j-over-slf4j-1.7.25.jar;D:\develop\maven\repo\org\springframework\boot\spring-boot-starter-jdbc\1.5.13.RELEASE\spring-boot-starter-jdbc-1.5.13.RELEASE.jar;D:\develop\maven\repo\org\apache\tomcat\tomcat-jdbc\8.5.31\tomcat-jdbc-8.5.31.jar;D:\develop\maven\repo\org\apache\tomcat\tomcat-juli\8.5.31\tomcat-juli-8.5.31.jar;D:\develop\maven\repo\org\springframework\spring-jdbc\4.3.17.RELEASE\spring-jdbc-4.3.17.RELEASE.jar;D:\develop\maven\repo\org\mybatis\spring\boot\mybatis-spring-boot-autoconfigure\1.2.0\mybatis-spring-boot-autoconfigure-1.2.0.jar;D:\develop\maven\repo\org\mybatis\mybatis\3.4.2\mybatis-3.4.2.jar;D:\develop\maven\repo\org\mybatis\mybatis-spring\1.3.1\mybatis-spring-1.3.1.jar;D:\develop\maven\repo\tk\mybatis\mapper-spring-boot-starter\1.1.1\mapper-spring-boot-starter-1.1.1.jar;D:\develop\maven\repo\tk\mybatis\mapper-spring-boot-autoconfigure\1.1.1\mapper-spring-boot-autoconfigure-1.1.1.jar;D:\develop\maven\repo\tk\mybatis\mapper\3.4.0\mapper-3.4.0.jar;D:\develop\maven\repo\javax\persistence\persistence-api\1.0\persistence-api-1.0.jar;D:\develop\maven\repo\com\github\pagehelper\pagehelper-spring-boot-starter\1.1.2\pagehelper-spring-boot-starter-1.1.2.jar;D:\develop\maven\repo\com\github\pagehelper\pagehelper-spring-boot-autoconfigure\1.1.2\pagehelper-spring-boot-autoconfigure-1.1.2.jar;D:\develop\maven\repo\com\github\pagehelper\pagehelper\5.0.3\pagehelper-5.0.3.jar;D:\develop\maven\repo\com\github\jsqlparser\jsqlparser\1.0\jsqlparser-1.0.jar;D:\develop\maven\repo\com\alibaba\druid-spring-boot-starter\1.1.0\druid-spring-boot-starter-1.1.0.jar;D:\develop\maven\repo\org\springframework\boot\spring-boot-autoconfigure\1.5.13.RELEASE\spring-boot-autoconfigure-1.5.13.RELEASE.jar;D:\develop\maven\repo\com\fasterxml\jackson\core\jackson-databind\2.8.4\jackson-databind-2.8.4.jar;D:\develop\maven\repo\com\fasterxml\jackson\core\jackson-annotations\2.8.0\jackson-annotations-2.8.0.jar;D:\develop\maven\repo\com\fasterxml\jackson\core\jackson-core\2.8.11\jackson-core-2.8.11.jar;D:\develop\workspace\code-repo\paascloud-master-master\paascloud-provider-api\paascloud-provider-uac-api\target\paascloud-provider-uac-api-1.0.jar;D:\develop\workspace\code-repo\paascloud-master-master\paascloud-common\paascloud-security-feign\target\paascloud-security-feign-1.0.jar;D:\develop\workspace\code-repo\paascloud-master-master\paascloud-provider-api\paascloud-provider-mdc-api\target\paascloud-provider-mdc-api-1.0.jar;D:\develop\workspace\code-repo\paascloud-master-master\paascloud-provider-api\paascloud-provider-omc-api\target\paascloud-provider-omc-api-1.0.jar;D:\develop\workspace\code-repo\paascloud-master-master\paascloud-provider-api\paascloud-provider-opc-api\target\paascloud-provider-opc-api-1.0.jar;D:\develop\maven\repo\io\github\openfeign\form\feign-form\3.0.3\feign-form-3.0.3.jar;D:\develop\maven\repo\io\github\openfeign\form\feign-form-spring\3.0.3\feign-form-spring-3.0.3.jar;D:\develop\workspace\code-repo\paascloud-master-master\paascloud-provider-api\paascloud-provider-sdk-api\target\paascloud-provider-sdk-api-1.0.jar;D:\develop\maven\repo\org\projectlombok\lombok\1.16.14\lombok-1.16.14.jar;D:\develop\workspace\code-repo\paascloud-master-master\paascloud-provider-api\paascloud-provider-tpc-api\target\paascloud-provider-tpc-api-1.0.jar;D:\develop\workspace\code-repo\paascloud-master-master\paascloud-common\paascloud-common-zk\target\paascloud-common-zk-1.0.jar;D:\develop\maven\repo\org\apache\curator\curator-framework\2.10.0\curator-framework-2.10.0.jar;D:\develop\maven\repo\org\apache\curator\curator-client\2.10.0\curator-client-2.10.0.jar;D:\develop\maven\repo\org\apache\zookeeper\zookeeper\3.4.6\zookeeper-3.4.6.jar;D:\develop\maven\repo\jline\jline\2.14.6\jline-2.14.6.jar;D:\develop\maven\repo\io\netty\netty\3.7.0.Final\netty-3.7.0.Final.jar;D:\develop\maven\repo\org\apache\curator\curator-recipes\2.10.0\curator-recipes-2.10.0.jar;D:\develop\maven\repo\com\alibaba\fastjson\1.2.29\fastjson-1.2.29.jar;D:\develop\maven\repo\org\aspectj\aspectjweaver\1.8.13\aspectjweaver-1.8.13.jar;D:\develop\maven\repo\org\springframework\spring-tx\4.3.11.RELEASE\spring-tx-4.3.11.RELEASE.jar;D:\develop\maven\repo\org\springframework\spring-beans\4.3.17.RELEASE\spring-beans-4.3.17.RELEASE.jar;D:\develop\maven\repo\org\apache\rocketmq\rocketmq-client\4.1.0-incubating\rocketmq-client-4.1.0-incubating.jar;D:\develop\maven\repo\org\apache\rocketmq\rocketmq-common\4.1.0-incubating\rocketmq-common-4.1.0-incubating.jar;D:\develop\maven\repo\org\apache\rocketmq\rocketmq-remoting\4.1.0-incubating\rocketmq-remoting-4.1.0-incubating.jar;D:\develop\maven\repo\io\netty\netty-all\4.0.56.Final\netty-all-4.0.56.Final.jar;D:\develop\maven\repo\org\slf4j\slf4j-api\1.7.25\slf4j-api-1.7.25.jar;D:\develop\maven\repo\org\apache\commons\commons-lang3\3.5\commons-lang3-3.5.jar;D:\develop\maven\repo\de\codecentric\spring-boot-admin-starter-client\1.5.7\spring-boot-admin-starter-client-1.5.7.jar;D:\develop\maven\repo\de\codecentric\spring-boot-admin-client\1.5.7\spring-boot-admin-client-1.5.7.jar;D:\develop\maven\repo\org\springframework\boot\spring-boot-starter-freemarker\1.5.13.RELEASE\spring-boot-starter-freemarker-1.5.13.RELEASE.jar;D:\develop\maven\repo\org\freemarker\freemarker\2.3.28\freemarker-2.3.28.jar;D:\develop\maven\repo\org\springframework\spring-context-support\4.3.17.RELEASE\spring-context-support-4.3.17.RELEASE.jar;D:\develop\maven\repo\org\springframework\cloud\spring-cloud-starter-feign\1.4.4.RELEASE\spring-cloud-starter-feign-1.4.4.RELEASE.jar;D:\develop\maven\repo\org\springframework\cloud\spring-cloud-starter-openfeign\1.4.4.RELEASE\spring-cloud-starter-openfeign-1.4.4.RELEASE.jar;D:\develop\maven\repo\io\github\openfeign\feign-core\9.5.0\feign-core-9.5.0.jar;D:\develop\maven\repo\org\jvnet\animal-sniffer-annotation\1.0\animal-sniffer-annotation-1.0.jar;D:\develop\maven\repo\io\github\openfeign\feign-slf4j\9.5.0\feign-slf4j-9.5.0.jar;D:\develop\maven\repo\io\github\openfeign\feign-hystrix\9.5.0\feign-hystrix-9.5.0.jar;D:\develop\maven\repo\com\github\penggle\kaptcha\2.3.2\kaptcha-2.3.2.jar;D:\develop\maven\repo\com\jhlabs\filters\2.0.235-1\filters-2.0.235-1.jar;D:\develop\maven\repo\org\springframework\cloud\spring-cloud-starter-oauth2\1.2.2.RELEASE\spring-cloud-starter-oauth2-1.2.2.RELEASE.jar;D:\develop\maven\repo\org\springframework\cloud\spring-cloud-starter-security\1.2.2.RELEASE\spring-cloud-starter-security-1.2.2.RELEASE.jar;D:\develop\maven\repo\org\springframework\cloud\spring-cloud-security\1.2.2.RELEASE\spring-cloud-security-1.2.2.RELEASE.jar;D:\develop\maven\repo\org\springframework\boot\spring-boot-starter-security\1.5.13.RELEASE\spring-boot-starter-security-1.5.13.RELEASE.jar;D:\develop\maven\repo\org\springframework\security\oauth\spring-security-oauth2\2.0.15.RELEASE\spring-security-oauth2-2.0.15.RELEASE.jar;D:\develop\maven\repo\org\springframework\security\spring-security-core\4.2.6.RELEASE\spring-security-core-4.2.6.RELEASE.jar;D:\develop\maven\repo\org\springframework\security\spring-security-config\4.2.6.RELEASE\spring-security-config-4.2.6.RELEASE.jar;D:\develop\maven\repo\org\springframework\social\spring-social-config\1.1.6.RELEASE\spring-social-config-1.1.6.RELEASE.jar;D:\develop\maven\repo\org\springframework\social\spring-social-core\1.1.6.RELEASE\spring-social-core-1.1.6.RELEASE.jar;D:\develop\maven\repo\org\springframework\spring-web\4.3.8.RELEASE\spring-web-4.3.8.RELEASE.jar;D:\develop\maven\repo\org\springframework\social\spring-social-security\1.1.6.RELEASE\spring-social-security-1.1.6.RELEASE.jar;D:\develop\maven\repo\org\springframework\spring-webmvc\4.3.17.RELEASE\spring-webmvc-4.3.17.RELEASE.jar;D:\develop\maven\repo\org\springframework\spring-expression\4.3.17.RELEASE\spring-expression-4.3.17.RELEASE.jar;D:\develop\maven\repo\org\springframework\security\spring-security-web\4.2.6.RELEASE\spring-security-web-4.2.6.RELEASE.jar;D:\develop\maven\repo\aopalliance\aopalliance\1.0\aopalliance-1.0.jar;D:\develop\maven\repo\org\springframework\social\spring-social-web\1.1.6.RELEASE\spring-social-web-1.1.6.RELEASE.jar;D:\develop\maven\repo\javax\inject\javax.inject\1\javax.inject-1.jar;D:\develop\workspace\code-repo\paascloud-master-master\paascloud-common\paascloud-common-base\target\paascloud-common-base-1.0.jar;D:\develop\workspace\code-repo\paascloud-master-master\paascloud-common\paascloud-security-app\target\paascloud-security-app-1.0.jar;D:\develop\workspace\code-repo\paascloud-master-master\paascloud-common\paascloud-security-core\target\paascloud-security-core-1.0.jar;D:\develop\maven\repo\commons-lang\commons-lang\2.6\commons-lang-2.6.jar;D:\develop\maven\repo\commons-collections\commons-collections\3.2.2\commons-collections-3.2.2.jar;D:\develop\maven\repo\org\springframework\cloud\spring-cloud-starter-config\1.4.3.RELEASE\spring-cloud-starter-config-1.4.3.RELEASE.jar;D:\develop\maven\repo\org\springframework\cloud\spring-cloud-starter\1.3.3.RELEASE\spring-cloud-starter-1.3.3.RELEASE.jar;D:\develop\maven\repo\org\springframework\cloud\spring-cloud-context\1.3.3.RELEASE\spring-cloud-context-1.3.3.RELEASE.jar;D:\develop\maven\repo\org\springframework\security\spring-security-rsa\1.0.3.RELEASE\spring-security-rsa-1.0.3.RELEASE.jar;D:\develop\maven\repo\org\springframework\cloud\spring-cloud-config-client\1.4.3.RELEASE\spring-cloud-config-client-1.4.3.RELEASE.jar;D:\develop\maven\repo\org\springframework\cloud\spring-cloud-starter-sleuth\1.3.3.RELEASE\spring-cloud-starter-sleuth-1.3.3.RELEASE.jar;D:\develop\maven\repo\org\springframework\cloud\spring-cloud-sleuth-core\1.3.3.RELEASE\spring-cloud-sleuth-core-1.3.3.RELEASE.jar;D:\develop\maven\repo\org\aspectj\aspectjrt\1.8.13\aspectjrt-1.8.13.jar;D:\develop\maven\repo\org\springframework\cloud\spring-cloud-sleuth-zipkin\1.3.3.RELEASE\spring-cloud-sleuth-zipkin-1.3.3.RELEASE.jar;D:\develop\maven\repo\org\springframework\cloud\spring-cloud-commons\1.3.3.RELEASE\spring-cloud-commons-1.3.3.RELEASE.jar;D:\develop\maven\repo\org\springframework\security\spring-security-crypto\4.2.6.RELEASE\spring-security-crypto-4.2.6.RELEASE.jar;D:\develop\maven\repo\org\apache\httpcomponents\httpclient\4.5.5\httpclient-4.5.5.jar;D:\develop\maven\repo\org\apache\httpcomponents\httpcore\4.4.9\httpcore-4.4.9.jar;D:\develop\maven\repo\io\zipkin\zipkin2\zipkin\2.6.1\zipkin-2.6.1.jar;D:\develop\maven\repo\io\zipkin\reporter2\zipkin-reporter\2.5.0\zipkin-reporter-2.5.0.jar;D:\develop\maven\repo\io\zipkin\reporter2\zipkin-sender-kafka11\2.5.0\zipkin-sender-kafka11-2.5.0.jar;D:\develop\maven\repo\io\zipkin\reporter2\zipkin-sender-amqp-client\2.5.0\zipkin-sender-amqp-client-2.5.0.jar;D:\develop\workspace\code-repo\paascloud-master-master\paascloud-common\paascloud-common-util\target\paascloud-common-util-1.0.jar;D:\develop\maven\repo\ch\qos\logback\logback-classic\1.1.11\logback-classic-1.1.11.jar;D:\develop\maven\repo\org\codehaus\jackson\jackson-smile\1.9.13\jackson-smile-1.9.13.jar;D:\develop\maven\repo\org\codehaus\jackson\jackson-core-asl\1.9.13\jackson-core-asl-1.9.13.jar;D:\develop\maven\repo\org\codehaus\jackson\jackson-mapper-asl\1.9.13\jackson-mapper-asl-1.9.13.jar;D:\develop\maven\repo\com\xiaoleilu\hutool-all\3.0.7\hutool-all-3.0.7.jar;D:\develop\maven\repo\commons-beanutils\commons-beanutils\1.9.3\commons-beanutils-1.9.3.jar;D:\develop\workspace\code-repo\paascloud-master-master\paascloud-common\paascloud-common-core\target\paascloud-common-core-1.0.jar;D:\develop\maven\repo\eu\bitwalker\UserAgentUtils\1.20\UserAgentUtils-1.20.jar;D:\develop\maven\repo\org\springframework\boot\spring-boot-starter-data-redis\1.5.13.RELEASE\spring-boot-starter-data-redis-1.5.13.RELEASE.jar;D:\develop\maven\repo\org\springframework\data\spring-data-redis\1.8.12.RELEASE\spring-data-redis-1.8.12.RELEASE.jar;D:\develop\maven\repo\org\springframework\data\spring-data-keyvalue\1.2.12.RELEASE\spring-data-keyvalue-1.2.12.RELEASE.jar;D:\develop\maven\repo\org\springframework\data\spring-data-commons\1.13.12.RELEASE\spring-data-commons-1.13.12.RELEASE.jar;D:\develop\maven\repo\org\springframework\spring-oxm\4.3.17.RELEASE\spring-oxm-4.3.17.RELEASE.jar;D:\develop\maven\repo\redis\clients\jedis\2.9.0\jedis-2.9.0.jar;D:\develop\maven\repo\org\apache\commons\commons-pool2\2.4.3\commons-pool2-2.4.3.jar;D:\develop\maven\repo\com\fasterxml\jackson\module\jackson-module-parameter-names\2.8.11\jackson-module-parameter-names-2.8.11.jar;D:\develop\maven\repo\com\fasterxml\jackson\datatype\jackson-datatype-jdk8\2.8.11\jackson-datatype-jdk8-2.8.11.jar;D:\develop\maven\repo\com\fasterxml\jackson\datatype\jackson-datatype-jsr310\2.8.11\jackson-datatype-jsr310-2.8.11.jar;D:\develop\workspace\code-repo\paascloud-master-master\paascloud-common\paascloud-common-config\target\paascloud-common-config-1.0.jar;D:\develop\maven\repo\com\arronlong\httpclientutil\httpclientutil\1.0\httpclientutil-1.0.jar;D:\develop\maven\repo\org\apache\httpcomponents\httpmime\4.5.5\httpmime-4.5.5.jar;D:\develop\maven\repo\org\apache\httpcomponents\httpasyncclient\4.1.3\httpasyncclient-4.1.3.jar;D:\develop\maven\repo\org\apache\httpcomponents\httpcore-nio\4.4.6\httpcore-nio-4.4.6.jar;D:\develop\maven\repo\log4j\log4j\1.2.17\log4j-1.2.17.jar;D:\develop\maven\repo\com\netflix\hystrix\hystrix-core\1.5.12\hystrix-core-1.5.12.jar;D:\develop\maven\repo\com\netflix\archaius\archaius-core\0.7.4\archaius-core-0.7.4.jar;D:\develop\maven\repo\com\google\code\findbugs\jsr305\3.0.2\jsr305-3.0.2.jar;D:\develop\maven\repo\io\reactivex\rxjava\1.2.0\rxjava-1.2.0.jar;D:\develop\maven\repo\org\hdrhistogram\HdrHistogram\2.1.9\HdrHistogram-2.1.9.jar;D:\develop\maven\repo\org\springframework\boot\spring-boot-starter-actuator\1.5.13.RELEASE\spring-boot-starter-actuator-1.5.13.RELEASE.jar;D:\develop\maven\repo\org\springframework\boot\spring-boot-actuator\1.5.13.RELEASE\spring-boot-actuator-1.5.13.RELEASE.jar;D:\develop\maven\repo\org\springframework\cloud\spring-cloud-starter-hystrix\1.4.4.RELEASE\spring-cloud-starter-hystrix-1.4.4.RELEASE.jar;D:\develop\maven\repo\org\springframework\cloud\spring-cloud-starter-netflix-hystrix\1.4.4.RELEASE\spring-cloud-starter-netflix-hystrix-1.4.4.RELEASE.jar;D:\develop\maven\repo\com\netflix\hystrix\hystrix-metrics-event-stream\1.5.12\hystrix-metrics-event-stream-1.5.12.jar;D:\develop\maven\repo\com\netflix\hystrix\hystrix-serialization\1.5.12\hystrix-serialization-1.5.12.jar;D:\develop\maven\repo\com\fasterxml\jackson\module\jackson-module-afterburner\2.8.11\jackson-module-afterburner-2.8.11.jar;D:\develop\maven\repo\com\netflix\hystrix\hystrix-javanica\1.5.12\hystrix-javanica-1.5.12.jar;D:\develop\maven\repo\org\ow2\asm\asm\5.0.4\asm-5.0.4.jar;D:\develop\maven\repo\org\springframework\boot\spring-boot-starter-web\1.5.13.RELEASE\spring-boot-starter-web-1.5.13.RELEASE.jar;D:\develop\maven\repo\org\springframework\boot\spring-boot-starter-tomcat\1.5.13.RELEASE\spring-boot-starter-tomcat-1.5.13.RELEASE.jar;D:\develop\maven\repo\org\apache\tomcat\embed\tomcat-embed-core\8.5.31\tomcat-embed-core-8.5.31.jar;D:\develop\maven\repo\org\apache\tomcat\tomcat-annotations-api\8.5.31\tomcat-annotations-api-8.5.31.jar;D:\develop\maven\repo\org\apache\tomcat\embed\tomcat-embed-websocket\8.5.31\tomcat-embed-websocket-8.5.31.jar;D:\develop\maven\repo\org\hibernate\hibernate-validator\5.3.6.Final\hibernate-validator-5.3.6.Final.jar;D:\develop\maven\repo\javax\validation\validation-api\1.1.0.Final\validation-api-1.1.0.Final.jar;D:\develop\maven\repo\org\jboss\logging\jboss-logging\3.3.2.Final\jboss-logging-3.3.2.Final.jar;D:\develop\maven\repo\net\logstash\logback\logstash-logback-encoder\4.6\logstash-logback-encoder-4.6.jar;D:\develop\maven\repo\ch\qos\logback\logback-core\1.1.11\logback-core-1.1.11.jar;D:\develop\maven\repo\com\google\guava\guava\17.0\guava-17.0.jar;D:\develop\maven\repo\org\springframework\boot\spring-boot-starter-validation\1.5.13.RELEASE\spring-boot-starter-validation-1.5.13.RELEASE.jar;D:\develop\maven\repo\org\apache\tomcat\embed\tomcat-embed-el\8.5.31\tomcat-embed-el-8.5.31.jar;D:\develop\maven\repo\io\springfox\springfox-swagger-ui\2.6.1\springfox-swagger-ui-2.6.1.jar;D:\develop\maven\repo\io\springfox\springfox-spring-web\2.6.1\springfox-spring-web-2.6.1.jar;D:\develop\maven\repo\io\springfox\springfox-swagger2\2.6.1\springfox-swagger2-2.6.1.jar;D:\develop\maven\repo\io\swagger\swagger-annotations\1.5.10\swagger-annotations-1.5.10.jar;D:\develop\maven\repo\io\swagger\swagger-models\1.5.10\swagger-models-1.5.10.jar;D:\develop\maven\repo\io\springfox\springfox-spi\2.6.1\springfox-spi-2.6.1.jar;D:\develop\maven\repo\io\springfox\springfox-core\2.6.1\springfox-core-2.6.1.jar;D:\develop\maven\repo\io\springfox\springfox-schema\2.6.1\springfox-schema-2.6.1.jar;D:\develop\maven\repo\io\springfox\springfox-swagger-common\2.6.1\springfox-swagger-common-2.6.1.jar;D:\develop\maven\repo\com\fasterxml\classmate\1.3.4\classmate-1.3.4.jar;D:\develop\maven\repo\org\springframework\plugin\spring-plugin-core\1.2.0.RELEASE\spring-plugin-core-1.2.0.RELEASE.jar;D:\develop\maven\repo\org\springframework\plugin\spring-plugin-metadata\1.2.0.RELEASE\spring-plugin-metadata-1.2.0.RELEASE.jar;D:\develop\maven\repo\org\mapstruct\mapstruct\1.0.0.Final\mapstruct-1.0.0.Final.jar;D:\develop\maven\repo\commons-codec\commons-codec\1.10\commons-codec-1.10.jar;D:\develop\maven\repo\org\springframework\boot\spring-boot-starter-test\1.5.13.RELEASE\spring-boot-starter-test-1.5.13.RELEASE.jar;D:\develop\maven\repo\org\springframework\boot\spring-boot-test\1.5.13.RELEASE\spring-boot-test-1.5.13.RELEASE.jar;D:\develop\maven\repo\org\springframework\boot\spring-boot-test-autoconfigure\1.5.13.RELEASE\spring-boot-test-autoconfigure-1.5.13.RELEASE.jar;D:\develop\maven\repo\com\jayway\jsonpath\json-path\2.2.0\json-path-2.2.0.jar;D:\develop\maven\repo\net\minidev\json-smart\2.2.1\json-smart-2.2.1.jar;D:\develop\maven\repo\net\minidev\accessors-smart\1.1\accessors-smart-1.1.jar;D:\develop\maven\repo\junit\junit\4.12\junit-4.12.jar;D:\develop\maven\repo\org\assertj\assertj-core\2.6.0\assertj-core-2.6.0.jar;D:\develop\maven\repo\org\mockito\mockito-core\1.10.19\mockito-core-1.10.19.jar;D:\develop\maven\repo\org\objenesis\objenesis\2.5.1\objenesis-2.5.1.jar;D:\develop\maven\repo\org\hamcrest\hamcrest-core\1.3\hamcrest-core-1.3.jar;D:\develop\maven\repo\org\hamcrest\hamcrest-library\1.3\hamcrest-library-1.3.jar;D:\develop\maven\repo\org\skyscreamer\jsonassert\1.4.0\jsonassert-1.4.0.jar;D:\develop\maven\repo\com\vaadin\external\google\android-json\0.0.20131108.vaadin1\android-json-0.0.20131108.vaadin1.jar;D:\develop\maven\repo\org\springframework\spring-core\4.3.11.RELEASE\spring-core-4.3.11.RELEASE.jar;D:\develop\maven\repo\org\springframework\spring-test\4.3.17.RELEASE\spring-test-4.3.17.RELEASE.jar;D:\develop\maven\repo\com\alibaba\druid\1.0.29\druid-1.0.29.jar;D:\develop\Java\jdk1.8.0_181\jre\..\lib\jconsole.jar;D:\develop\Java\jdk1.8.0_181\jre\..\lib\tools.jar;D:\develop\maven\repo\org\mybatis\generator\mybatis-generator-core\1.3.5\mybatis-generator-core-1.3.5.jar;D:\develop\maven\repo\org\springframework\boot\spring-boot-configuration-processor\1.5.13.RELEASE\spring-boot-configuration-processor-1.5.13.RELEASE.jar;D:\develop\maven\repo\org\springframework\boot\spring-boot-devtools\1.5.13.RELEASE\spring-boot-devtools-1.5.13.RELEASE.jar;D:\develop\maven\repo\org\springframework\boot\spring-boot\1.5.13.RELEASE\spring-boot-1.5.13.RELEASE.jar;D:\develop\maven\repo\org\springframework\boot\spring-boot-starter-aop\1.5.13.RELEASE\spring-boot-starter-aop-1.5.13.RELEASE.jar;D:\develop\maven\repo\org\springframework\spring-aop\4.3.17.RELEASE\spring-aop-4.3.17.RELEASE.jar;D:\develop\maven\repo\org\modelmapper\modelmapper\1.1.2\modelmapper-1.1.2.jar;D:\develop\maven\repo\org\jolokia\jolokia-core\1.3.7\jolokia-core-1.3.7.jar;D:\develop\maven\repo\com\googlecode\json-simple\json-simple\1.1.1\json-simple-1.1.1.jar;D:\develop\maven\repo\org\springframework\security\spring-security-jwt\1.0.9.RELEASE\spring-security-jwt-1.0.9.RELEASE.jar;D:\develop\maven\repo\org\bouncycastle\bcpkix-jdk15on\1.56\bcpkix-jdk15on-1.56.jar;D:\develop\maven\repo\org\bouncycastle\bcprov-jdk15on\1.56\bcprov-jdk15on-1.56.jar;D:\develop\maven\repo\org\liquibase\liquibase-core\3.5.3\liquibase-core-3.5.3.jar;D:\develop\maven\repo\org\yaml\snakeyaml\1.17\snakeyaml-1.17.jar;D:\develop\maven\repo\org\springframework\cloud\spring-cloud-starter-zipkin\1.3.3.RELEASE\spring-cloud-starter-zipkin-1.3.3.RELEASE.jar;D:\develop\maven\repo\org\springframework\amqp\spring-rabbit\1.7.7.RELEASE\spring-rabbit-1.7.7.RELEASE.jar;D:\develop\maven\repo\org\springframework\retry\spring-retry\1.2.2.RELEASE\spring-retry-1.2.2.RELEASE.jar;D:\develop\maven\repo\com\rabbitmq\http-client\1.1.1.RELEASE\http-client-1.1.1.RELEASE.jar;D:\develop\maven\repo\com\rabbitmq\amqp-client\4.0.3\amqp-client-4.0.3.jar;D:\develop\maven\repo\org\springframework\spring-messaging\4.3.17.RELEASE\spring-messaging-4.3.17.RELEASE.jar;D:\develop\maven\repo\org\springframework\spring-context\4.3.8.RELEASE\spring-context-4.3.8.RELEASE.jar;D:\develop\maven\repo\org\springframework\amqp\spring-amqp\1.7.7.RELEASE\spring-amqp-1.7.7.RELEASE.jar;D:\develop\maven\repo\org\springframework\cloud\spring-cloud-starter-netflix-eureka-client\1.4.4.RELEASE\spring-cloud-starter-netflix-eureka-client-1.4.4.RELEASE.jar;D:\develop\maven\repo\org\springframework\cloud\spring-cloud-netflix-core\1.4.4.RELEASE\spring-cloud-netflix-core-1.4.4.RELEASE.jar;D:\develop\maven\repo\org\springframework\cloud\spring-cloud-netflix-eureka-client\1.4.4.RELEASE\spring-cloud-netflix-eureka-client-1.4.4.RELEASE.jar;D:\develop\maven\repo\com\netflix\eureka\eureka-client\1.7.2\eureka-client-1.7.2.jar;D:\develop\maven\repo\org\codehaus\jettison\jettison\1.2\jettison-1.2.jar;D:\develop\maven\repo\stax\stax-api\1.0.1\stax-api-1.0.1.jar;D:\develop\maven\repo\com\netflix\netflix-commons\netflix-eventbus\0.3.0\netflix-eventbus-0.3.0.jar;D:\develop\maven\repo\com\netflix\netflix-commons\netflix-infix\0.3.0\netflix-infix-0.3.0.jar;D:\develop\maven\repo\commons-jxpath\commons-jxpath\1.3\commons-jxpath-1.3.jar;D:\develop\maven\repo\org\antlr\antlr-runtime\3.4\antlr-runtime-3.4.jar;D:\develop\maven\repo\org\antlr\stringtemplate\3.2.1\stringtemplate-3.2.1.jar;D:\develop\maven\repo\antlr\antlr\2.7.7\antlr-2.7.7.jar;D:\develop\maven\repo\com\google\code\gson\gson\2.8.4\gson-2.8.4.jar;D:\develop\maven\repo\org\apache\commons\commons-math\2.2\commons-math-2.2.jar;D:\develop\maven\repo\javax\ws\rs\jsr311-api\1.1.1\jsr311-api-1.1.1.jar;D:\develop\maven\repo\com\netflix\servo\servo-core\0.10.1\servo-core-0.10.1.jar;D:\develop\maven\repo\com\netflix\servo\servo-internal\0.10.1\servo-internal-0.10.1.jar;D:\develop\maven\repo\com\sun\jersey\jersey-core\1.19.1\jersey-core-1.19.1.jar;D:\develop\maven\repo\com\sun\jersey\jersey-client\1.19.1\jersey-client-1.19.1.jar;D:\develop\maven\repo\com\sun\jersey\contribs\jersey-apache-client4\1.19.1\jersey-apache-client4-1.19.1.jar;D:\develop\maven\repo\com\google\inject\guice\3.0\guice-3.0.jar;D:\develop\maven\repo\com\netflix\eureka\eureka-core\1.7.2\eureka-core-1.7.2.jar;D:\develop\maven\repo\org\codehaus\woodstox\woodstox-core-asl\4.4.1\woodstox-core-asl-4.4.1.jar;D:\develop\maven\repo\javax\xml\stream\stax-api\1.0-2\stax-api-1.0-2.jar;D:\develop\maven\repo\org\codehaus\woodstox\stax2-api\3.1.4\stax2-api-3.1.4.jar;D:\develop\maven\repo\org\springframework\cloud\spring-cloud-starter-netflix-archaius\1.4.4.RELEASE\spring-cloud-starter-netflix-archaius-1.4.4.RELEASE.jar;D:\develop\maven\repo\commons-configuration\commons-configuration\1.8\commons-configuration-1.8.jar;D:\develop\maven\repo\org\springframework\cloud\spring-cloud-starter-netflix-ribbon\1.4.4.RELEASE\spring-cloud-starter-netflix-ribbon-1.4.4.RELEASE.jar;D:\develop\maven\repo\com\netflix\ribbon\ribbon\2.2.5\ribbon-2.2.5.jar;D:\develop\maven\repo\com\netflix\ribbon\ribbon-transport\2.2.5\ribbon-transport-2.2.5.jar;D:\develop\maven\repo\io\reactivex\rxnetty-contexts\0.4.9\rxnetty-contexts-0.4.9.jar;D:\develop\maven\repo\io\reactivex\rxnetty-servo\0.4.9\rxnetty-servo-0.4.9.jar;D:\develop\maven\repo\io\reactivex\rxnetty\0.4.9\rxnetty-0.4.9.jar;D:\develop\maven\repo\io\netty\netty-codec-http\4.0.27.Final\netty-codec-http-4.0.27.Final.jar;D:\develop\maven\repo\io\netty\netty-codec\4.0.27.Final\netty-codec-4.0.27.Final.jar;D:\develop\maven\repo\io\netty\netty-handler\4.0.27.Final\netty-handler-4.0.27.Final.jar;D:\develop\maven\repo\io\netty\netty-transport-native-epoll\4.0.27.Final\netty-transport-native-epoll-4.0.27.Final.jar;D:\develop\maven\repo\io\netty\netty-common\4.0.27.Final\netty-common-4.0.27.Final.jar;D:\develop\maven\repo\io\netty\netty-buffer\4.0.27.Final\netty-buffer-4.0.27.Final.jar;D:\develop\maven\repo\io\netty\netty-transport\4.0.27.Final\netty-transport-4.0.27.Final.jar;D:\develop\maven\repo\com\netflix\ribbon\ribbon-core\2.2.5\ribbon-core-2.2.5.jar;D:\develop\maven\repo\com\netflix\ribbon\ribbon-httpclient\2.2.5\ribbon-httpclient-2.2.5.jar;D:\develop\maven\repo\com\netflix\netflix-commons\netflix-commons-util\0.1.1\netflix-commons-util-0.1.1.jar;D:\develop\maven\repo\com\netflix\ribbon\ribbon-loadbalancer\2.2.5\ribbon-loadbalancer-2.2.5.jar;D:\develop\maven\repo\com\netflix\netflix-commons\netflix-statistics\0.1.1\netflix-statistics-0.1.1.jar;D:\develop\maven\repo\com\netflix\ribbon\ribbon-eureka\2.2.5\ribbon-eureka-2.2.5.jar;D:\develop\maven\repo\com\thoughtworks\xstream\xstream\1.4.10\xstream-1.4.10.jar;D:\develop\maven\repo\xmlpull\xmlpull\1.1.3.1\xmlpull-1.1.3.1.jar;D:\develop\maven\repo\xpp3\xpp3_min\1.1.4c\xpp3_min-1.1.4c.jar;, user.name=lenovo, idea.version2019.2.1=true, java.vm.specification.version=1.8, sun.java.command=D:\develop\workspace\code-repo\paascloud-master-master\paascloud-provider\paascloud-provider-uac\target\surefire\surefirebooter6302798505136300258.jar D:\develop\workspace\code-repo\paascloud-master-master\paascloud-provider\paascloud-provider-uac\target\surefire\surefire3255170475323550853tmp D:\develop\workspace\code-repo\paascloud-master-master\paascloud-provider\paascloud-provider-uac\target\surefire\surefire_12134819718800819556tmp, java.home=D:\develop\Java\jdk1.8.0_181\jre, sun.arch.data.model=64, user.language=zh, java.specification.vendor=Oracle Corporation, awt.toolkit=sun.awt.windows.WToolkit, java.vm.info=mixed mode, java.version=1.8.0_181, java.ext.dirs=D:\develop\Java\jdk1.8.0_181\jre\lib\ext;C:\WINDOWS\Sun\Java\lib\ext, sun.boot.class.path=D:\develop\Java\jdk1.8.0_181\jre\lib\resources.jar;D:\develop\Java\jdk1.8.0_181\jre\lib\rt.jar;D:\develop\Java\jdk1.8.0_181\jre\lib\sunrsasign.jar;D:\develop\Java\jdk1.8.0_181\jre\lib\jsse.jar;D:\develop\Java\jdk1.8.0_181\jre\lib\jce.jar;D:\develop\Java\jdk1.8.0_181\jre\lib\charsets.jar;D:\develop\Java\jdk1.8.0_181\jre\lib\jfr.jar;D:\develop\Java\jdk1.8.0_181\jre\classes, java.vendor=Oracle Corporation, localRepository=D:\develop\maven\repo, file.separator=\, java.vendor.url.bug=http://bugreport.sun.com/bugreport/, sun.io.unicode.encoding=UnicodeLittle, sun.cpu.endian=little, sun.desktop=windows, sun.cpu.isalist=amd64}}, SystemEnvironmentPropertySource@517355658 {name='systemEnvironment', properties={PATH=C:\Program Files (x86)\Common Files\Oracle\Java\javapath;C:\WINDOWS\system32;C:\WINDOWS;C:\WINDOWS\System32\Wbem;C:\WINDOWS\System32\WindowsPowerShell\v1.0\;C:\WINDOWS\System32\OpenSSH\;D:\develop\Java\jdk1.8.0_181\bin;D:\develop\Java\jdk1.8.0_181\jre\bin;D:\develop\maven\apache-maven-3.6.1\bin;D:\develop\Git\bin;D:\software\TortoiseGit\bin;D:\develop\scala\bin;D:\develop\scala\bin;D:\develop\scala\jre\bin;D:\software\nodejs\;C:\Users\lenovo\AppData\Local\Microsoft\WindowsApps;C:\Users\lenovo\AppData\Roaming\npm;C:\Program Files\Bandizip\, USERDOMAIN_ROAMINGPROFILE=XIESEN, LOCALAPPDATA=C:\Users\lenovo\AppData\Local, PROCESSOR_LEVEL=6, SYSTEMDRIVE=C:, COMMONPROGRAMFILES(X86)=C:\Program Files (x86)\Common Files, USERDOMAIN=XIESEN, FPS_BROWSER_APP_PROFILE_STRING=Internet Explorer, LOGONSERVER=\\XIESEN, JAVA_HOME=D:\develop\Java\jdk1.8.0_181, PROMPT=$P$G, SESSIONNAME=Console, ALLUSERSPROFILE=C:\ProgramData, PROGRAMFILES(X86)=C:\Program Files (x86), PROCESSOR_ARCHITECTURE=AMD64, DRIVERDATA=C:\Windows\System32\Drivers\DriverData, MAVEN_HOME=D:\develop\maven\apache-maven-3.6.1, PROGRAMFILES=C:\Program Files, APPDATA=C:\Users\lenovo\AppData\Roaming, PSMODULEPATH=C:\Program Files\WindowsPowerShell\Modules;C:\WINDOWS\system32\WindowsPowerShell\v1.0\Modules, PROGRAMW6432=C:\Program Files, PROGRAMDATA=C:\ProgramData, SYSTEMROOT=C:\WINDOWS, USERNAME=lenovo, SCALA_HOME=D:\develop\scala, FPS_BROWSER_USER_PROFILE_STRING=Default, PATHEXT=.COM;.EXE;.BAT;.CMD;.VBS;.VBE;.JS;.JSE;.WSF;.WSH;.MSC, OS=Windows_NT, COMMONPROGRAMW6432=C:\Program Files\Common Files, COMPUTERNAME=XIESEN, COMMONPROGRAMFILES=C:\Program Files\Common Files, COMSPEC=C:\WINDOWS\system32\cmd.exe, PROCESSOR_REVISION=3c03, CLASSPATH=.;D:\develop\scala\bin;D:\develop\scala\lib\dt.jar;D:\develop\scala\lib\tools.jar.;, WINDIR=C:\WINDOWS, =D:=D:\develop\workspace\code-repo\paascloud-master-master\paascloud-provider\paascloud-provider-uac, HOMEPATH=\Users\lenovo, TEMP=C:\Users\lenovo\AppData\Local\Temp, HOMEDRIVE=C:, PROCESSOR_IDENTIFIER=Intel64 Family 6 Model 60 Stepping 3, GenuineIntel, USERPROFILE=C:\Users\lenovo, TMP=C:\Users\lenovo\AppData\Local\Temp, #ENVTSLOGSSS5752=70393216, PUBLIC=C:\Users\Public, NUMBER_OF_PROCESSORS=4, =::=::\, IDEA_INITIAL_DIRECTORY=C:\Users\lenovo\Desktop}}]
14:32:04.931 [main] INFO org.springframework.boot.test.context.SpringBootTestContextBootstrapper - Found @SpringBootConfiguration com.paascloud.PaasCloudUacApplication for test class com.paascloud.provider.PaasCloudUacApplicationTests
14:32:04.938 [main] DEBUG org.springframework.boot.test.context.SpringBootTestContextBootstrapper - @TestExecutionListeners is not present for class [com.paascloud.provider.PaasCloudUacApplicationTests]: using defaults.
14:32:04.953 [main] INFO org.springframework.boot.test.context.SpringBootTestContextBootstrapper - Loaded default TestExecutionListener class names from location [META-INF/spring.factories]: [org.springframework.boot.test.mock.mockito.MockitoTestExecutionListener, org.springframework.boot.test.mock.mockito.ResetMocksTestExecutionListener, org.springframework.boot.test.autoconfigure.restdocs.RestDocsTestExecutionListener, org.springframework.boot.test.autoconfigure.web.client.MockRestServiceServerResetTestExecutionListener, org.springframework.boot.test.autoconfigure.web.servlet.MockMvcPrintOnlyOnFailureTestExecutionListener, org.springframework.boot.test.autoconfigure.web.servlet.WebDriverTestExecutionListener, org.springframework.test.context.web.ServletTestExecutionListener, org.springframework.test.context.support.DirtiesContextBeforeModesTestExecutionListener, org.springframework.test.context.support.DependencyInjectionTestExecutionListener, org.springframework.test.context.support.DirtiesContextTestExecutionListener, org.springframework.test.context.transaction.TransactionalTestExecutionListener, org.springframework.test.context.jdbc.SqlScriptsTestExecutionListener]
14:32:04.992 [main] INFO org.springframework.boot.test.context.SpringBootTestContextBootstrapper - Using TestExecutionListeners: [org.springframework.test.context.web.ServletTestExecutionListener@8519cb4, org.springframework.test.context.support.DirtiesContextBeforeModesTestExecutionListener@35dab4eb, org.springframework.boot.test.mock.mockito.MockitoTestExecutionListener@2d901eb0, org.springframework.boot.test.autoconfigure.SpringBootDependencyInjectionTestExecutionListener@3ba987b8, org.springframework.test.context.support.DirtiesContextTestExecutionListener@3f191845, org.springframework.test.context.transaction.TransactionalTestExecutionListener@5f049ea1, org.springframework.test.context.jdbc.SqlScriptsTestExecutionListener@72cc7e6f, org.springframework.boot.test.mock.mockito.ResetMocksTestExecutionListener@5afa3c9, org.springframework.boot.test.autoconfigure.restdocs.RestDocsTestExecutionListener@72035809, org.springframework.boot.test.autoconfigure.web.client.MockRestServiceServerResetTestExecutionListener@909217e, org.springframework.boot.test.autoconfigure.web.servlet.MockMvcPrintOnlyOnFailureTestExecutionListener@18271936, org.springframework.boot.test.autoconfigure.web.servlet.WebDriverTestExecutionListener@606e4010]
14:32:04.993 [main] DEBUG org.springframework.test.annotation.ProfileValueUtils - Retrieved @ProfileValueSourceConfiguration [null] for test class [com.paascloud.provider.PaasCloudUacApplicationTests]
14:32:04.994 [main] DEBUG org.springframework.test.annotation.ProfileValueUtils - Retrieved ProfileValueSource type [class org.springframework.test.annotation.SystemProfileValueSource] for class [com.paascloud.provider.PaasCloudUacApplicationTests]
14:32:04.999 [main] DEBUG org.springframework.test.annotation.ProfileValueUtils - Retrieved @ProfileValueSourceConfiguration [null] for test class [com.paascloud.provider.PaasCloudUacApplicationTests]
14:32:04.999 [main] DEBUG org.springframework.test.annotation.ProfileValueUtils - Retrieved ProfileValueSource type [class org.springframework.test.annotation.SystemProfileValueSource] for class [com.paascloud.provider.PaasCloudUacApplicationTests]
14:32:05.029 [main] DEBUG org.springframework.test.context.support.AbstractDirtiesContextTestExecutionListener - Before test class: context [DefaultTestContext@57a78e3 testClass = PaasCloudUacApplicationTests, testInstance = [null], testMethod = [null], testException = [null], mergedContextConfiguration = [WebMergedContextConfiguration@402c4085 testClass = PaasCloudUacApplicationTests, locations = '{}', classes = '{class com.paascloud.PaasCloudUacApplication}', contextInitializerClasses = '[]', activeProfiles = '{}', propertySourceLocations = '{}', propertySourceProperties = '{org.springframework.boot.test.context.SpringBootTestContextBootstrapper=true}', contextCustomizers = set[org.springframework.boot.test.context.SpringBootTestContextCustomizer@76b10754, org.springframework.boot.test.context.filter.ExcludeFilterContextCustomizer@2df32bf7, org.springframework.boot.test.json.DuplicateJsonObjectContextCustomizerFactory$DuplicateJsonObjectContextCustomizer@f4168b8, org.springframework.boot.test.mock.mockito.MockitoContextCustomizer@0, org.springframework.boot.test.autoconfigure.properties.PropertyMappingContextCustomizer@0, org.springframework.boot.test.autoconfigure.web.servlet.WebDriverContextCustomizerFactory$Customizer@701fc37a], resourceBasePath = 'src/main/webapp', contextLoader = 'org.springframework.boot.test.context.SpringBootContextLoader', parent = [null]]], class annotated with @DirtiesContext [false] with mode [null].
14:32:05.031 [main] DEBUG org.springframework.test.annotation.ProfileValueUtils - Retrieved @ProfileValueSourceConfiguration [null] for test class [com.paascloud.provider.PaasCloudUacApplicationTests]
14:32:05.031 [main] DEBUG org.springframework.test.annotation.ProfileValueUtils - Retrieved ProfileValueSource type [class org.springframework.test.annotation.SystemProfileValueSource] for class [com.paascloud.provider.PaasCloudUacApplicationTests]
14:32:05.234 [main] DEBUG org.springframework.core.env.StandardEnvironment - Adding PropertySource 'systemProperties' with lowest search precedence
14:32:05.235 [main] DEBUG org.springframework.core.env.StandardEnvironment - Adding PropertySource 'systemEnvironment' with lowest search precedence
14:32:05.236 [main] DEBUG org.springframework.core.env.StandardEnvironment - Initialized StandardEnvironment with PropertySources [MapPropertySource@1865516976 {name='systemProperties', properties={java.runtime.name=Java(TM) SE Runtime Environment, sun.boot.library.path=D:\develop\Java\jdk1.8.0_181\jre\bin, java.vm.version=25.181-b13, java.vm.vendor=Oracle Corporation, java.vendor.url=http://java.oracle.com/, path.separator=;, java.vm.name=Java HotSpot(TM) 64-Bit Server VM, file.encoding.pkg=sun.io, user.country=CN, user.script=, sun.java.launcher=SUN_STANDARD, sun.os.patch.level=, java.vm.specification.name=Java Virtual Machine Specification, user.dir=D:\develop\workspace\code-repo\paascloud-master-master\paascloud-provider\paascloud-provider-uac, java.runtime.version=1.8.0_181-b13, basedir=D:\develop\workspace\code-repo\paascloud-master-master\paascloud-provider\paascloud-provider-uac, java.awt.graphicsenv=sun.awt.Win32GraphicsEnvironment, java.endorsed.dirs=D:\develop\Java\jdk1.8.0_181\jre\lib\endorsed, os.arch=amd64, surefire.real.class.path=D:\develop\workspace\code-repo\paascloud-master-master\paascloud-provider\paascloud-provider-uac\target\surefire\surefirebooter6302798505136300258.jar, java.io.tmpdir=C:\Users\lenovo\AppData\Local\Temp\, line.separator=
, java.vm.specification.vendor=Oracle Corporation, user.variant=, os.name=Windows 10, sun.jnu.encoding=GBK, java.library.path=D:\develop\Java\jdk1.8.0_181\jre\bin;C:\WINDOWS\Sun\Java\bin;C:\WINDOWS\system32;C:\WINDOWS;C:\Program Files (x86)\Common Files\Oracle\Java\javapath;C:\WINDOWS\system32;C:\WINDOWS;C:\WINDOWS\System32\Wbem;C:\WINDOWS\System32\WindowsPowerShell\v1.0\;C:\WINDOWS\System32\OpenSSH\;D:\develop\Java\jdk1.8.0_181\bin;D:\develop\Java\jdk1.8.0_181\jre\bin;D:\develop\maven\apache-maven-3.6.1\bin;D:\develop\Git\bin;D:\software\TortoiseGit\bin;D:\develop\scala\bin;D:\develop\scala\bin;D:\develop\scala\jre\bin;D:\software\nodejs\;C:\Users\lenovo\AppData\Local\Microsoft\WindowsApps;C:\Users\lenovo\AppData\Roaming\npm;C:\Program Files\Bandizip\;., surefire.test.class.path=D:\develop\workspace\code-repo\paascloud-master-master\paascloud-provider\paascloud-provider-uac\target\test-classes;D:\develop\workspace\code-repo\paascloud-master-master\paascloud-provider\paascloud-provider-uac\target\classes;D:\develop\maven\repo\mysql\mysql-connector-java\5.1.39\mysql-connector-java-5.1.39.jar;D:\develop\maven\repo\io\jsonwebtoken\jjwt\0.7.0\jjwt-0.7.0.jar;D:\develop\maven\repo\joda-time\joda-time\2.9.6\joda-time-2.9.6.jar;D:\develop\maven\repo\org\mybatis\spring\boot\mybatis-spring-boot-starter\1.2.0\mybatis-spring-boot-starter-1.2.0.jar;D:\develop\maven\repo\org\springframework\boot\spring-boot-starter\1.5.13.RELEASE\spring-boot-starter-1.5.13.RELEASE.jar;D:\develop\maven\repo\org\springframework\boot\spring-boot-starter-logging\1.5.13.RELEASE\spring-boot-starter-logging-1.5.13.RELEASE.jar;D:\develop\maven\repo\org\slf4j\jcl-over-slf4j\1.7.25\jcl-over-slf4j-1.7.25.jar;D:\develop\maven\repo\org\slf4j\jul-to-slf4j\1.7.25\jul-to-slf4j-1.7.25.jar;D:\develop\maven\repo\org\slf4j\log4j-over-slf4j\1.7.25\log4j-over-slf4j-1.7.25.jar;D:\develop\maven\repo\org\springframework\boot\spring-boot-starter-jdbc\1.5.13.RELEASE\spring-boot-starter-jdbc-1.5.13.RELEASE.jar;D:\develop\maven\repo\org\apache\tomcat\tomcat-jdbc\8.5.31\tomcat-jdbc-8.5.31.jar;D:\develop\maven\repo\org\apache\tomcat\tomcat-juli\8.5.31\tomcat-juli-8.5.31.jar;D:\develop\maven\repo\org\springframework\spring-jdbc\4.3.17.RELEASE\spring-jdbc-4.3.17.RELEASE.jar;D:\develop\maven\repo\org\mybatis\spring\boot\mybatis-spring-boot-autoconfigure\1.2.0\mybatis-spring-boot-autoconfigure-1.2.0.jar;D:\develop\maven\repo\org\mybatis\mybatis\3.4.2\mybatis-3.4.2.jar;D:\develop\maven\repo\org\mybatis\mybatis-spring\1.3.1\mybatis-spring-1.3.1.jar;D:\develop\maven\repo\tk\mybatis\mapper-spring-boot-starter\1.1.1\mapper-spring-boot-starter-1.1.1.jar;D:\develop\maven\repo\tk\mybatis\mapper-spring-boot-autoconfigure\1.1.1\mapper-spring-boot-autoconfigure-1.1.1.jar;D:\develop\maven\repo\tk\mybatis\mapper\3.4.0\mapper-3.4.0.jar;D:\develop\maven\repo\javax\persistence\persistence-api\1.0\persistence-api-1.0.jar;D:\develop\maven\repo\com\github\pagehelper\pagehelper-spring-boot-starter\1.1.2\pagehelper-spring-boot-starter-1.1.2.jar;D:\develop\maven\repo\com\github\pagehelper\pagehelper-spring-boot-autoconfigure\1.1.2\pagehelper-spring-boot-autoconfigure-1.1.2.jar;D:\develop\maven\repo\com\github\pagehelper\pagehelper\5.0.3\pagehelper-5.0.3.jar;D:\develop\maven\repo\com\github\jsqlparser\jsqlparser\1.0\jsqlparser-1.0.jar;D:\develop\maven\repo\com\alibaba\druid-spring-boot-starter\1.1.0\druid-spring-boot-starter-1.1.0.jar;D:\develop\maven\repo\org\springframework\boot\spring-boot-autoconfigure\1.5.13.RELEASE\spring-boot-autoconfigure-1.5.13.RELEASE.jar;D:\develop\maven\repo\com\fasterxml\jackson\core\jackson-databind\2.8.4\jackson-databind-2.8.4.jar;D:\develop\maven\repo\com\fasterxml\jackson\core\jackson-annotations\2.8.0\jackson-annotations-2.8.0.jar;D:\develop\maven\repo\com\fasterxml\jackson\core\jackson-core\2.8.11\jackson-core-2.8.11.jar;D:\develop\workspace\code-repo\paascloud-master-master\paascloud-provider-api\paascloud-provider-uac-api\target\paascloud-provider-uac-api-1.0.jar;D:\develop\workspace\code-repo\paascloud-master-master\paascloud-common\paascloud-security-feign\target\paascloud-security-feign-1.0.jar;D:\develop\workspace\code-repo\paascloud-master-master\paascloud-provider-api\paascloud-provider-mdc-api\target\paascloud-provider-mdc-api-1.0.jar;D:\develop\workspace\code-repo\paascloud-master-master\paascloud-provider-api\paascloud-provider-omc-api\target\paascloud-provider-omc-api-1.0.jar;D:\develop\workspace\code-repo\paascloud-master-master\paascloud-provider-api\paascloud-provider-opc-api\target\paascloud-provider-opc-api-1.0.jar;D:\develop\maven\repo\io\github\openfeign\form\feign-form\3.0.3\feign-form-3.0.3.jar;D:\develop\maven\repo\io\github\openfeign\form\feign-form-spring\3.0.3\feign-form-spring-3.0.3.jar;D:\develop\workspace\code-repo\paascloud-master-master\paascloud-provider-api\paascloud-provider-sdk-api\target\paascloud-provider-sdk-api-1.0.jar;D:\develop\maven\repo\org\projectlombok\lombok\1.16.14\lombok-1.16.14.jar;D:\develop\workspace\code-repo\paascloud-master-master\paascloud-provider-api\paascloud-provider-tpc-api\target\paascloud-provider-tpc-api-1.0.jar;D:\develop\workspace\code-repo\paascloud-master-master\paascloud-common\paascloud-common-zk\target\paascloud-common-zk-1.0.jar;D:\develop\maven\repo\org\apache\curator\curator-framework\2.10.0\curator-framework-2.10.0.jar;D:\develop\maven\repo\org\apache\curator\curator-client\2.10.0\curator-client-2.10.0.jar;D:\develop\maven\repo\org\apache\zookeeper\zookeeper\3.4.6\zookeeper-3.4.6.jar;D:\develop\maven\repo\jline\jline\2.14.6\jline-2.14.6.jar;D:\develop\maven\repo\io\netty\netty\3.7.0.Final\netty-3.7.0.Final.jar;D:\develop\maven\repo\org\apache\curator\curator-recipes\2.10.0\curator-recipes-2.10.0.jar;D:\develop\maven\repo\com\alibaba\fastjson\1.2.29\fastjson-1.2.29.jar;D:\develop\maven\repo\org\aspectj\aspectjweaver\1.8.13\aspectjweaver-1.8.13.jar;D:\develop\maven\repo\org\springframework\spring-tx\4.3.11.RELEASE\spring-tx-4.3.11.RELEASE.jar;D:\develop\maven\repo\org\springframework\spring-beans\4.3.17.RELEASE\spring-beans-4.3.17.RELEASE.jar;D:\develop\maven\repo\org\apache\rocketmq\rocketmq-client\4.1.0-incubating\rocketmq-client-4.1.0-incubating.jar;D:\develop\maven\repo\org\apache\rocketmq\rocketmq-common\4.1.0-incubating\rocketmq-common-4.1.0-incubating.jar;D:\develop\maven\repo\org\apache\rocketmq\rocketmq-remoting\4.1.0-incubating\rocketmq-remoting-4.1.0-incubating.jar;D:\develop\maven\repo\io\netty\netty-all\4.0.56.Final\netty-all-4.0.56.Final.jar;D:\develop\maven\repo\org\slf4j\slf4j-api\1.7.25\slf4j-api-1.7.25.jar;D:\develop\maven\repo\org\apache\commons\commons-lang3\3.5\commons-lang3-3.5.jar;D:\develop\maven\repo\de\codecentric\spring-boot-admin-starter-client\1.5.7\spring-boot-admin-starter-client-1.5.7.jar;D:\develop\maven\repo\de\codecentric\spring-boot-admin-client\1.5.7\spring-boot-admin-client-1.5.7.jar;D:\develop\maven\repo\org\springframework\boot\spring-boot-starter-freemarker\1.5.13.RELEASE\spring-boot-starter-freemarker-1.5.13.RELEASE.jar;D:\develop\maven\repo\org\freemarker\freemarker\2.3.28\freemarker-2.3.28.jar;D:\develop\maven\repo\org\springframework\spring-context-support\4.3.17.RELEASE\spring-context-support-4.3.17.RELEASE.jar;D:\develop\maven\repo\org\springframework\cloud\spring-cloud-starter-feign\1.4.4.RELEASE\spring-cloud-starter-feign-1.4.4.RELEASE.jar;D:\develop\maven\repo\org\springframework\cloud\spring-cloud-starter-openfeign\1.4.4.RELEASE\spring-cloud-starter-openfeign-1.4.4.RELEASE.jar;D:\develop\maven\repo\io\github\openfeign\feign-core\9.5.0\feign-core-9.5.0.jar;D:\develop\maven\repo\org\jvnet\animal-sniffer-annotation\1.0\animal-sniffer-annotation-1.0.jar;D:\develop\maven\repo\io\github\openfeign\feign-slf4j\9.5.0\feign-slf4j-9.5.0.jar;D:\develop\maven\repo\io\github\openfeign\feign-hystrix\9.5.0\feign-hystrix-9.5.0.jar;D:\develop\maven\repo\com\github\penggle\kaptcha\2.3.2\kaptcha-2.3.2.jar;D:\develop\maven\repo\com\jhlabs\filters\2.0.235-1\filters-2.0.235-1.jar;D:\develop\maven\repo\org\springframework\cloud\spring-cloud-starter-oauth2\1.2.2.RELEASE\spring-cloud-starter-oauth2-1.2.2.RELEASE.jar;D:\develop\maven\repo\org\springframework\cloud\spring-cloud-starter-security\1.2.2.RELEASE\spring-cloud-starter-security-1.2.2.RELEASE.jar;D:\develop\maven\repo\org\springframework\cloud\spring-cloud-security\1.2.2.RELEASE\spring-cloud-security-1.2.2.RELEASE.jar;D:\develop\maven\repo\org\springframework\boot\spring-boot-starter-security\1.5.13.RELEASE\spring-boot-starter-security-1.5.13.RELEASE.jar;D:\develop\maven\repo\org\springframework\security\oauth\spring-security-oauth2\2.0.15.RELEASE\spring-security-oauth2-2.0.15.RELEASE.jar;D:\develop\maven\repo\org\springframework\security\spring-security-core\4.2.6.RELEASE\spring-security-core-4.2.6.RELEASE.jar;D:\develop\maven\repo\org\springframework\security\spring-security-config\4.2.6.RELEASE\spring-security-config-4.2.6.RELEASE.jar;D:\develop\maven\repo\org\springframework\social\spring-social-config\1.1.6.RELEASE\spring-social-config-1.1.6.RELEASE.jar;D:\develop\maven\repo\org\springframework\social\spring-social-core\1.1.6.RELEASE\spring-social-core-1.1.6.RELEASE.jar;D:\develop\maven\repo\org\springframework\spring-web\4.3.8.RELEASE\spring-web-4.3.8.RELEASE.jar;D:\develop\maven\repo\org\springframework\social\spring-social-security\1.1.6.RELEASE\spring-social-security-1.1.6.RELEASE.jar;D:\develop\maven\repo\org\springframework\spring-webmvc\4.3.17.RELEASE\spring-webmvc-4.3.17.RELEASE.jar;D:\develop\maven\repo\org\springframework\spring-expression\4.3.17.RELEASE\spring-expression-4.3.17.RELEASE.jar;D:\develop\maven\repo\org\springframework\security\spring-security-web\4.2.6.RELEASE\spring-security-web-4.2.6.RELEASE.jar;D:\develop\maven\repo\aopalliance\aopalliance\1.0\aopalliance-1.0.jar;D:\develop\maven\repo\org\springframework\social\spring-social-web\1.1.6.RELEASE\spring-social-web-1.1.6.RELEASE.jar;D:\develop\maven\repo\javax\inject\javax.inject\1\javax.inject-1.jar;D:\develop\workspace\code-repo\paascloud-master-master\paascloud-common\paascloud-common-base\target\paascloud-common-base-1.0.jar;D:\develop\workspace\code-repo\paascloud-master-master\paascloud-common\paascloud-security-app\target\paascloud-security-app-1.0.jar;D:\develop\workspace\code-repo\paascloud-master-master\paascloud-common\paascloud-security-core\target\paascloud-security-core-1.0.jar;D:\develop\maven\repo\commons-lang\commons-lang\2.6\commons-lang-2.6.jar;D:\develop\maven\repo\commons-collections\commons-collections\3.2.2\commons-collections-3.2.2.jar;D:\develop\maven\repo\org\springframework\cloud\spring-cloud-starter-config\1.4.3.RELEASE\spring-cloud-starter-config-1.4.3.RELEASE.jar;D:\develop\maven\repo\org\springframework\cloud\spring-cloud-starter\1.3.3.RELEASE\spring-cloud-starter-1.3.3.RELEASE.jar;D:\develop\maven\repo\org\springframework\cloud\spring-cloud-context\1.3.3.RELEASE\spring-cloud-context-1.3.3.RELEASE.jar;D:\develop\maven\repo\org\springframework\security\spring-security-rsa\1.0.3.RELEASE\spring-security-rsa-1.0.3.RELEASE.jar;D:\develop\maven\repo\org\springframework\cloud\spring-cloud-config-client\1.4.3.RELEASE\spring-cloud-config-client-1.4.3.RELEASE.jar;D:\develop\maven\repo\org\springframework\cloud\spring-cloud-starter-sleuth\1.3.3.RELEASE\spring-cloud-starter-sleuth-1.3.3.RELEASE.jar;D:\develop\maven\repo\org\springframework\cloud\spring-cloud-sleuth-core\1.3.3.RELEASE\spring-cloud-sleuth-core-1.3.3.RELEASE.jar;D:\develop\maven\repo\org\aspectj\aspectjrt\1.8.13\aspectjrt-1.8.13.jar;D:\develop\maven\repo\org\springframework\cloud\spring-cloud-sleuth-zipkin\1.3.3.RELEASE\spring-cloud-sleuth-zipkin-1.3.3.RELEASE.jar;D:\develop\maven\repo\org\springframework\cloud\spring-cloud-commons\1.3.3.RELEASE\spring-cloud-commons-1.3.3.RELEASE.jar;D:\develop\maven\repo\org\springframework\security\spring-security-crypto\4.2.6.RELEASE\spring-security-crypto-4.2.6.RELEASE.jar;D:\develop\maven\repo\org\apache\httpcomponents\httpclient\4.5.5\httpclient-4.5.5.jar;D:\develop\maven\repo\org\apache\httpcomponents\httpcore\4.4.9\httpcore-4.4.9.jar;D:\develop\maven\repo\io\zipkin\zipkin2\zipkin\2.6.1\zipkin-2.6.1.jar;D:\develop\maven\repo\io\zipkin\reporter2\zipkin-reporter\2.5.0\zipkin-reporter-2.5.0.jar;D:\develop\maven\repo\io\zipkin\reporter2\zipkin-sender-kafka11\2.5.0\zipkin-sender-kafka11-2.5.0.jar;D:\develop\maven\repo\io\zipkin\reporter2\zipkin-sender-amqp-client\2.5.0\zipkin-sender-amqp-client-2.5.0.jar;D:\develop\workspace\code-repo\paascloud-master-master\paascloud-common\paascloud-common-util\target\paascloud-common-util-1.0.jar;D:\develop\maven\repo\ch\qos\logback\logback-classic\1.1.11\logback-classic-1.1.11.jar;D:\develop\maven\repo\org\codehaus\jackson\jackson-smile\1.9.13\jackson-smile-1.9.13.jar;D:\develop\maven\repo\org\codehaus\jackson\jackson-core-asl\1.9.13\jackson-core-asl-1.9.13.jar;D:\develop\maven\repo\org\codehaus\jackson\jackson-mapper-asl\1.9.13\jackson-mapper-asl-1.9.13.jar;D:\develop\maven\repo\com\xiaoleilu\hutool-all\3.0.7\hutool-all-3.0.7.jar;D:\develop\maven\repo\commons-beanutils\commons-beanutils\1.9.3\commons-beanutils-1.9.3.jar;D:\develop\workspace\code-repo\paascloud-master-master\paascloud-common\paascloud-common-core\target\paascloud-common-core-1.0.jar;D:\develop\maven\repo\eu\bitwalker\UserAgentUtils\1.20\UserAgentUtils-1.20.jar;D:\develop\maven\repo\org\springframework\boot\spring-boot-starter-data-redis\1.5.13.RELEASE\spring-boot-starter-data-redis-1.5.13.RELEASE.jar;D:\develop\maven\repo\org\springframework\data\spring-data-redis\1.8.12.RELEASE\spring-data-redis-1.8.12.RELEASE.jar;D:\develop\maven\repo\org\springframework\data\spring-data-keyvalue\1.2.12.RELEASE\spring-data-keyvalue-1.2.12.RELEASE.jar;D:\develop\maven\repo\org\springframework\data\spring-data-commons\1.13.12.RELEASE\spring-data-commons-1.13.12.RELEASE.jar;D:\develop\maven\repo\org\springframework\spring-oxm\4.3.17.RELEASE\spring-oxm-4.3.17.RELEASE.jar;D:\develop\maven\repo\redis\clients\jedis\2.9.0\jedis-2.9.0.jar;D:\develop\maven\repo\org\apache\commons\commons-pool2\2.4.3\commons-pool2-2.4.3.jar;D:\develop\maven\repo\com\fasterxml\jackson\module\jackson-module-parameter-names\2.8.11\jackson-module-parameter-names-2.8.11.jar;D:\develop\maven\repo\com\fasterxml\jackson\datatype\jackson-datatype-jdk8\2.8.11\jackson-datatype-jdk8-2.8.11.jar;D:\develop\maven\repo\com\fasterxml\jackson\datatype\jackson-datatype-jsr310\2.8.11\jackson-datatype-jsr310-2.8.11.jar;D:\develop\workspace\code-repo\paascloud-master-master\paascloud-common\paascloud-common-config\target\paascloud-common-config-1.0.jar;D:\develop\maven\repo\com\arronlong\httpclientutil\httpclientutil\1.0\httpclientutil-1.0.jar;D:\develop\maven\repo\org\apache\httpcomponents\httpmime\4.5.5\httpmime-4.5.5.jar;D:\develop\maven\repo\org\apache\httpcomponents\httpasyncclient\4.1.3\httpasyncclient-4.1.3.jar;D:\develop\maven\repo\org\apache\httpcomponents\httpcore-nio\4.4.6\httpcore-nio-4.4.6.jar;D:\develop\maven\repo\log4j\log4j\1.2.17\log4j-1.2.17.jar;D:\develop\maven\repo\com\netflix\hystrix\hystrix-core\1.5.12\hystrix-core-1.5.12.jar;D:\develop\maven\repo\com\netflix\archaius\archaius-core\0.7.4\archaius-core-0.7.4.jar;D:\develop\maven\repo\com\google\code\findbugs\jsr305\3.0.2\jsr305-3.0.2.jar;D:\develop\maven\repo\io\reactivex\rxjava\1.2.0\rxjava-1.2.0.jar;D:\develop\maven\repo\org\hdrhistogram\HdrHistogram\2.1.9\HdrHistogram-2.1.9.jar;D:\develop\maven\repo\org\springframework\boot\spring-boot-starter-actuator\1.5.13.RELEASE\spring-boot-starter-actuator-1.5.13.RELEASE.jar;D:\develop\maven\repo\org\springframework\boot\spring-boot-actuator\1.5.13.RELEASE\spring-boot-actuator-1.5.13.RELEASE.jar;D:\develop\maven\repo\org\springframework\cloud\spring-cloud-starter-hystrix\1.4.4.RELEASE\spring-cloud-starter-hystrix-1.4.4.RELEASE.jar;D:\develop\maven\repo\org\springframework\cloud\spring-cloud-starter-netflix-hystrix\1.4.4.RELEASE\spring-cloud-starter-netflix-hystrix-1.4.4.RELEASE.jar;D:\develop\maven\repo\com\netflix\hystrix\hystrix-metrics-event-stream\1.5.12\hystrix-metrics-event-stream-1.5.12.jar;D:\develop\maven\repo\com\netflix\hystrix\hystrix-serialization\1.5.12\hystrix-serialization-1.5.12.jar;D:\develop\maven\repo\com\fasterxml\jackson\module\jackson-module-afterburner\2.8.11\jackson-module-afterburner-2.8.11.jar;D:\develop\maven\repo\com\netflix\hystrix\hystrix-javanica\1.5.12\hystrix-javanica-1.5.12.jar;D:\develop\maven\repo\org\ow2\asm\asm\5.0.4\asm-5.0.4.jar;D:\develop\maven\repo\org\springframework\boot\spring-boot-starter-web\1.5.13.RELEASE\spring-boot-starter-web-1.5.13.RELEASE.jar;D:\develop\maven\repo\org\springframework\boot\spring-boot-starter-tomcat\1.5.13.RELEASE\spring-boot-starter-tomcat-1.5.13.RELEASE.jar;D:\develop\maven\repo\org\apache\tomcat\embed\tomcat-embed-core\8.5.31\tomcat-embed-core-8.5.31.jar;D:\develop\maven\repo\org\apache\tomcat\tomcat-annotations-api\8.5.31\tomcat-annotations-api-8.5.31.jar;D:\develop\maven\repo\org\apache\tomcat\embed\tomcat-embed-websocket\8.5.31\tomcat-embed-websocket-8.5.31.jar;D:\develop\maven\repo\org\hibernate\hibernate-validator\5.3.6.Final\hibernate-validator-5.3.6.Final.jar;D:\develop\maven\repo\javax\validation\validation-api\1.1.0.Final\validation-api-1.1.0.Final.jar;D:\develop\maven\repo\org\jboss\logging\jboss-logging\3.3.2.Final\jboss-logging-3.3.2.Final.jar;D:\develop\maven\repo\net\logstash\logback\logstash-logback-encoder\4.6\logstash-logback-encoder-4.6.jar;D:\develop\maven\repo\ch\qos\logback\logback-core\1.1.11\logback-core-1.1.11.jar;D:\develop\maven\repo\com\google\guava\guava\17.0\guava-17.0.jar;D:\develop\maven\repo\org\springframework\boot\spring-boot-starter-validation\1.5.13.RELEASE\spring-boot-starter-validation-1.5.13.RELEASE.jar;D:\develop\maven\repo\org\apache\tomcat\embed\tomcat-embed-el\8.5.31\tomcat-embed-el-8.5.31.jar;D:\develop\maven\repo\io\springfox\springfox-swagger-ui\2.6.1\springfox-swagger-ui-2.6.1.jar;D:\develop\maven\repo\io\springfox\springfox-spring-web\2.6.1\springfox-spring-web-2.6.1.jar;D:\develop\maven\repo\io\springfox\springfox-swagger2\2.6.1\springfox-swagger2-2.6.1.jar;D:\develop\maven\repo\io\swagger\swagger-annotations\1.5.10\swagger-annotations-1.5.10.jar;D:\develop\maven\repo\io\swagger\swagger-models\1.5.10\swagger-models-1.5.10.jar;D:\develop\maven\repo\io\springfox\springfox-spi\2.6.1\springfox-spi-2.6.1.jar;D:\develop\maven\repo\io\springfox\springfox-core\2.6.1\springfox-core-2.6.1.jar;D:\develop\maven\repo\io\springfox\springfox-schema\2.6.1\springfox-schema-2.6.1.jar;D:\develop\maven\repo\io\springfox\springfox-swagger-common\2.6.1\springfox-swagger-common-2.6.1.jar;D:\develop\maven\repo\com\fasterxml\classmate\1.3.4\classmate-1.3.4.jar;D:\develop\maven\repo\org\springframework\plugin\spring-plugin-core\1.2.0.RELEASE\spring-plugin-core-1.2.0.RELEASE.jar;D:\develop\maven\repo\org\springframework\plugin\spring-plugin-metadata\1.2.0.RELEASE\spring-plugin-metadata-1.2.0.RELEASE.jar;D:\develop\maven\repo\org\mapstruct\mapstruct\1.0.0.Final\mapstruct-1.0.0.Final.jar;D:\develop\maven\repo\commons-codec\commons-codec\1.10\commons-codec-1.10.jar;D:\develop\maven\repo\org\springframework\boot\spring-boot-starter-test\1.5.13.RELEASE\spring-boot-starter-test-1.5.13.RELEASE.jar;D:\develop\maven\repo\org\springframework\boot\spring-boot-test\1.5.13.RELEASE\spring-boot-test-1.5.13.RELEASE.jar;D:\develop\maven\repo\org\springframework\boot\spring-boot-test-autoconfigure\1.5.13.RELEASE\spring-boot-test-autoconfigure-1.5.13.RELEASE.jar;D:\develop\maven\repo\com\jayway\jsonpath\json-path\2.2.0\json-path-2.2.0.jar;D:\develop\maven\repo\net\minidev\json-smart\2.2.1\json-smart-2.2.1.jar;D:\develop\maven\repo\net\minidev\accessors-smart\1.1\accessors-smart-1.1.jar;D:\develop\maven\repo\junit\junit\4.12\junit-4.12.jar;D:\develop\maven\repo\org\assertj\assertj-core\2.6.0\assertj-core-2.6.0.jar;D:\develop\maven\repo\org\mockito\mockito-core\1.10.19\mockito-core-1.10.19.jar;D:\develop\maven\repo\org\objenesis\objenesis\2.5.1\objenesis-2.5.1.jar;D:\develop\maven\repo\org\hamcrest\hamcrest-core\1.3\hamcrest-core-1.3.jar;D:\develop\maven\repo\org\hamcrest\hamcrest-library\1.3\hamcrest-library-1.3.jar;D:\develop\maven\repo\org\skyscreamer\jsonassert\1.4.0\jsonassert-1.4.0.jar;D:\develop\maven\repo\com\vaadin\external\google\android-json\0.0.20131108.vaadin1\android-json-0.0.20131108.vaadin1.jar;D:\develop\maven\repo\org\springframework\spring-core\4.3.11.RELEASE\spring-core-4.3.11.RELEASE.jar;D:\develop\maven\repo\org\springframework\spring-test\4.3.17.RELEASE\spring-test-4.3.17.RELEASE.jar;D:\develop\maven\repo\com\alibaba\druid\1.0.29\druid-1.0.29.jar;D:\develop\Java\jdk1.8.0_181\jre\..\lib\jconsole.jar;D:\develop\Java\jdk1.8.0_181\jre\..\lib\tools.jar;D:\develop\maven\repo\org\mybatis\generator\mybatis-generator-core\1.3.5\mybatis-generator-core-1.3.5.jar;D:\develop\maven\repo\org\springframework\boot\spring-boot-configuration-processor\1.5.13.RELEASE\spring-boot-configuration-processor-1.5.13.RELEASE.jar;D:\develop\maven\repo\org\springframework\boot\spring-boot-devtools\1.5.13.RELEASE\spring-boot-devtools-1.5.13.RELEASE.jar;D:\develop\maven\repo\org\springframework\boot\spring-boot\1.5.13.RELEASE\spring-boot-1.5.13.RELEASE.jar;D:\develop\maven\repo\org\springframework\boot\spring-boot-starter-aop\1.5.13.RELEASE\spring-boot-starter-aop-1.5.13.RELEASE.jar;D:\develop\maven\repo\org\springframework\spring-aop\4.3.17.RELEASE\spring-aop-4.3.17.RELEASE.jar;D:\develop\maven\repo\org\modelmapper\modelmapper\1.1.2\modelmapper-1.1.2.jar;D:\develop\maven\repo\org\jolokia\jolokia-core\1.3.7\jolokia-core-1.3.7.jar;D:\develop\maven\repo\com\googlecode\json-simple\json-simple\1.1.1\json-simple-1.1.1.jar;D:\develop\maven\repo\org\springframework\security\spring-security-jwt\1.0.9.RELEASE\spring-security-jwt-1.0.9.RELEASE.jar;D:\develop\maven\repo\org\bouncycastle\bcpkix-jdk15on\1.56\bcpkix-jdk15on-1.56.jar;D:\develop\maven\repo\org\bouncycastle\bcprov-jdk15on\1.56\bcprov-jdk15on-1.56.jar;D:\develop\maven\repo\org\liquibase\liquibase-core\3.5.3\liquibase-core-3.5.3.jar;D:\develop\maven\repo\org\yaml\snakeyaml\1.17\snakeyaml-1.17.jar;D:\develop\maven\repo\org\springframework\cloud\spring-cloud-starter-zipkin\1.3.3.RELEASE\spring-cloud-starter-zipkin-1.3.3.RELEASE.jar;D:\develop\maven\repo\org\springframework\amqp\spring-rabbit\1.7.7.RELEASE\spring-rabbit-1.7.7.RELEASE.jar;D:\develop\maven\repo\org\springframework\retry\spring-retry\1.2.2.RELEASE\spring-retry-1.2.2.RELEASE.jar;D:\develop\maven\repo\com\rabbitmq\http-client\1.1.1.RELEASE\http-client-1.1.1.RELEASE.jar;D:\develop\maven\repo\com\rabbitmq\amqp-client\4.0.3\amqp-client-4.0.3.jar;D:\develop\maven\repo\org\springframework\spring-messaging\4.3.17.RELEASE\spring-messaging-4.3.17.RELEASE.jar;D:\develop\maven\repo\org\springframework\spring-context\4.3.8.RELEASE\spring-context-4.3.8.RELEASE.jar;D:\develop\maven\repo\org\springframework\amqp\spring-amqp\1.7.7.RELEASE\spring-amqp-1.7.7.RELEASE.jar;D:\develop\maven\repo\org\springframework\cloud\spring-cloud-starter-netflix-eureka-client\1.4.4.RELEASE\spring-cloud-starter-netflix-eureka-client-1.4.4.RELEASE.jar;D:\develop\maven\repo\org\springframework\cloud\spring-cloud-netflix-core\1.4.4.RELEASE\spring-cloud-netflix-core-1.4.4.RELEASE.jar;D:\develop\maven\repo\org\springframework\cloud\spring-cloud-netflix-eureka-client\1.4.4.RELEASE\spring-cloud-netflix-eureka-client-1.4.4.RELEASE.jar;D:\develop\maven\repo\com\netflix\eureka\eureka-client\1.7.2\eureka-client-1.7.2.jar;D:\develop\maven\repo\org\codehaus\jettison\jettison\1.2\jettison-1.2.jar;D:\develop\maven\repo\stax\stax-api\1.0.1\stax-api-1.0.1.jar;D:\develop\maven\repo\com\netflix\netflix-commons\netflix-eventbus\0.3.0\netflix-eventbus-0.3.0.jar;D:\develop\maven\repo\com\netflix\netflix-commons\netflix-infix\0.3.0\netflix-infix-0.3.0.jar;D:\develop\maven\repo\commons-jxpath\commons-jxpath\1.3\commons-jxpath-1.3.jar;D:\develop\maven\repo\org\antlr\antlr-runtime\3.4\antlr-runtime-3.4.jar;D:\develop\maven\repo\org\antlr\stringtemplate\3.2.1\stringtemplate-3.2.1.jar;D:\develop\maven\repo\antlr\antlr\2.7.7\antlr-2.7.7.jar;D:\develop\maven\repo\com\google\code\gson\gson\2.8.4\gson-2.8.4.jar;D:\develop\maven\repo\org\apache\commons\commons-math\2.2\commons-math-2.2.jar;D:\develop\maven\repo\javax\ws\rs\jsr311-api\1.1.1\jsr311-api-1.1.1.jar;D:\develop\maven\repo\com\netflix\servo\servo-core\0.10.1\servo-core-0.10.1.jar;D:\develop\maven\repo\com\netflix\servo\servo-internal\0.10.1\servo-internal-0.10.1.jar;D:\develop\maven\repo\com\sun\jersey\jersey-core\1.19.1\jersey-core-1.19.1.jar;D:\develop\maven\repo\com\sun\jersey\jersey-client\1.19.1\jersey-client-1.19.1.jar;D:\develop\maven\repo\com\sun\jersey\contribs\jersey-apache-client4\1.19.1\jersey-apache-client4-1.19.1.jar;D:\develop\maven\repo\com\google\inject\guice\3.0\guice-3.0.jar;D:\develop\maven\repo\com\netflix\eureka\eureka-core\1.7.2\eureka-core-1.7.2.jar;D:\develop\maven\repo\org\codehaus\woodstox\woodstox-core-asl\4.4.1\woodstox-core-asl-4.4.1.jar;D:\develop\maven\repo\javax\xml\stream\stax-api\1.0-2\stax-api-1.0-2.jar;D:\develop\maven\repo\org\codehaus\woodstox\stax2-api\3.1.4\stax2-api-3.1.4.jar;D:\develop\maven\repo\org\springframework\cloud\spring-cloud-starter-netflix-archaius\1.4.4.RELEASE\spring-cloud-starter-netflix-archaius-1.4.4.RELEASE.jar;D:\develop\maven\repo\commons-configuration\commons-configuration\1.8\commons-configuration-1.8.jar;D:\develop\maven\repo\org\springframework\cloud\spring-cloud-starter-netflix-ribbon\1.4.4.RELEASE\spring-cloud-starter-netflix-ribbon-1.4.4.RELEASE.jar;D:\develop\maven\repo\com\netflix\ribbon\ribbon\2.2.5\ribbon-2.2.5.jar;D:\develop\maven\repo\com\netflix\ribbon\ribbon-transport\2.2.5\ribbon-transport-2.2.5.jar;D:\develop\maven\repo\io\reactivex\rxnetty-contexts\0.4.9\rxnetty-contexts-0.4.9.jar;D:\develop\maven\repo\io\reactivex\rxnetty-servo\0.4.9\rxnetty-servo-0.4.9.jar;D:\develop\maven\repo\io\reactivex\rxnetty\0.4.9\rxnetty-0.4.9.jar;D:\develop\maven\repo\io\netty\netty-codec-http\4.0.27.Final\netty-codec-http-4.0.27.Final.jar;D:\develop\maven\repo\io\netty\netty-codec\4.0.27.Final\netty-codec-4.0.27.Final.jar;D:\develop\maven\repo\io\netty\netty-handler\4.0.27.Final\netty-handler-4.0.27.Final.jar;D:\develop\maven\repo\io\netty\netty-transport-native-epoll\4.0.27.Final\netty-transport-native-epoll-4.0.27.Final.jar;D:\develop\maven\repo\io\netty\netty-common\4.0.27.Final\netty-common-4.0.27.Final.jar;D:\develop\maven\repo\io\netty\netty-buffer\4.0.27.Final\netty-buffer-4.0.27.Final.jar;D:\develop\maven\repo\io\netty\netty-transport\4.0.27.Final\netty-transport-4.0.27.Final.jar;D:\develop\maven\repo\com\netflix\ribbon\ribbon-core\2.2.5\ribbon-core-2.2.5.jar;D:\develop\maven\repo\com\netflix\ribbon\ribbon-httpclient\2.2.5\ribbon-httpclient-2.2.5.jar;D:\develop\maven\repo\com\netflix\netflix-commons\netflix-commons-util\0.1.1\netflix-commons-util-0.1.1.jar;D:\develop\maven\repo\com\netflix\ribbon\ribbon-loadbalancer\2.2.5\ribbon-loadbalancer-2.2.5.jar;D:\develop\maven\repo\com\netflix\netflix-commons\netflix-statistics\0.1.1\netflix-statistics-0.1.1.jar;D:\develop\maven\repo\com\netflix\ribbon\ribbon-eureka\2.2.5\ribbon-eureka-2.2.5.jar;D:\develop\maven\repo\com\thoughtworks\xstream\xstream\1.4.10\xstream-1.4.10.jar;D:\develop\maven\repo\xmlpull\xmlpull\1.1.3.1\xmlpull-1.1.3.1.jar;D:\develop\maven\repo\xpp3\xpp3_min\1.1.4c\xpp3_min-1.1.4c.jar;, java.specification.name=Java Platform API Specification, java.class.version=52.0, sun.management.compiler=HotSpot 64-Bit Tiered Compilers, os.version=10.0, user.home=C:\Users\lenovo, user.timezone=Asia/Shanghai, java.awt.printerjob=sun.awt.windows.WPrinterJob, file.encoding=GBK, java.specification.version=1.8, java.class.path=D:\develop\workspace\code-repo\paascloud-master-master\paascloud-provider\paascloud-provider-uac\target\test-classes;D:\develop\workspace\code-repo\paascloud-master-master\paascloud-provider\paascloud-provider-uac\target\classes;D:\develop\maven\repo\mysql\mysql-connector-java\5.1.39\mysql-connector-java-5.1.39.jar;D:\develop\maven\repo\io\jsonwebtoken\jjwt\0.7.0\jjwt-0.7.0.jar;D:\develop\maven\repo\joda-time\joda-time\2.9.6\joda-time-2.9.6.jar;D:\develop\maven\repo\org\mybatis\spring\boot\mybatis-spring-boot-starter\1.2.0\mybatis-spring-boot-starter-1.2.0.jar;D:\develop\maven\repo\org\springframework\boot\spring-boot-starter\1.5.13.RELEASE\spring-boot-starter-1.5.13.RELEASE.jar;D:\develop\maven\repo\org\springframework\boot\spring-boot-starter-logging\1.5.13.RELEASE\spring-boot-starter-logging-1.5.13.RELEASE.jar;D:\develop\maven\repo\org\slf4j\jcl-over-slf4j\1.7.25\jcl-over-slf4j-1.7.25.jar;D:\develop\maven\repo\org\slf4j\jul-to-slf4j\1.7.25\jul-to-slf4j-1.7.25.jar;D:\develop\maven\repo\org\slf4j\log4j-over-slf4j\1.7.25\log4j-over-slf4j-1.7.25.jar;D:\develop\maven\repo\org\springframework\boot\spring-boot-starter-jdbc\1.5.13.RELEASE\spring-boot-starter-jdbc-1.5.13.RELEASE.jar;D:\develop\maven\repo\org\apache\tomcat\tomcat-jdbc\8.5.31\tomcat-jdbc-8.5.31.jar;D:\develop\maven\repo\org\apache\tomcat\tomcat-juli\8.5.31\tomcat-juli-8.5.31.jar;D:\develop\maven\repo\org\springframework\spring-jdbc\4.3.17.RELEASE\spring-jdbc-4.3.17.RELEASE.jar;D:\develop\maven\repo\org\mybatis\spring\boot\mybatis-spring-boot-autoconfigure\1.2.0\mybatis-spring-boot-autoconfigure-1.2.0.jar;D:\develop\maven\repo\org\mybatis\mybatis\3.4.2\mybatis-3.4.2.jar;D:\develop\maven\repo\org\mybatis\mybatis-spring\1.3.1\mybatis-spring-1.3.1.jar;D:\develop\maven\repo\tk\mybatis\mapper-spring-boot-starter\1.1.1\mapper-spring-boot-starter-1.1.1.jar;D:\develop\maven\repo\tk\mybatis\mapper-spring-boot-autoconfigure\1.1.1\mapper-spring-boot-autoconfigure-1.1.1.jar;D:\develop\maven\repo\tk\mybatis\mapper\3.4.0\mapper-3.4.0.jar;D:\develop\maven\repo\javax\persistence\persistence-api\1.0\persistence-api-1.0.jar;D:\develop\maven\repo\com\github\pagehelper\pagehelper-spring-boot-starter\1.1.2\pagehelper-spring-boot-starter-1.1.2.jar;D:\develop\maven\repo\com\github\pagehelper\pagehelper-spring-boot-autoconfigure\1.1.2\pagehelper-spring-boot-autoconfigure-1.1.2.jar;D:\develop\maven\repo\com\github\pagehelper\pagehelper\5.0.3\pagehelper-5.0.3.jar;D:\develop\maven\repo\com\github\jsqlparser\jsqlparser\1.0\jsqlparser-1.0.jar;D:\develop\maven\repo\com\alibaba\druid-spring-boot-starter\1.1.0\druid-spring-boot-starter-1.1.0.jar;D:\develop\maven\repo\org\springframework\boot\spring-boot-autoconfigure\1.5.13.RELEASE\spring-boot-autoconfigure-1.5.13.RELEASE.jar;D:\develop\maven\repo\com\fasterxml\jackson\core\jackson-databind\2.8.4\jackson-databind-2.8.4.jar;D:\develop\maven\repo\com\fasterxml\jackson\core\jackson-annotations\2.8.0\jackson-annotations-2.8.0.jar;D:\develop\maven\repo\com\fasterxml\jackson\core\jackson-core\2.8.11\jackson-core-2.8.11.jar;D:\develop\workspace\code-repo\paascloud-master-master\paascloud-provider-api\paascloud-provider-uac-api\target\paascloud-provider-uac-api-1.0.jar;D:\develop\workspace\code-repo\paascloud-master-master\paascloud-common\paascloud-security-feign\target\paascloud-security-feign-1.0.jar;D:\develop\workspace\code-repo\paascloud-master-master\paascloud-provider-api\paascloud-provider-mdc-api\target\paascloud-provider-mdc-api-1.0.jar;D:\develop\workspace\code-repo\paascloud-master-master\paascloud-provider-api\paascloud-provider-omc-api\target\paascloud-provider-omc-api-1.0.jar;D:\develop\workspace\code-repo\paascloud-master-master\paascloud-provider-api\paascloud-provider-opc-api\target\paascloud-provider-opc-api-1.0.jar;D:\develop\maven\repo\io\github\openfeign\form\feign-form\3.0.3\feign-form-3.0.3.jar;D:\develop\maven\repo\io\github\openfeign\form\feign-form-spring\3.0.3\feign-form-spring-3.0.3.jar;D:\develop\workspace\code-repo\paascloud-master-master\paascloud-provider-api\paascloud-provider-sdk-api\target\paascloud-provider-sdk-api-1.0.jar;D:\develop\maven\repo\org\projectlombok\lombok\1.16.14\lombok-1.16.14.jar;D:\develop\workspace\code-repo\paascloud-master-master\paascloud-provider-api\paascloud-provider-tpc-api\target\paascloud-provider-tpc-api-1.0.jar;D:\develop\workspace\code-repo\paascloud-master-master\paascloud-common\paascloud-common-zk\target\paascloud-common-zk-1.0.jar;D:\develop\maven\repo\org\apache\curator\curator-framework\2.10.0\curator-framework-2.10.0.jar;D:\develop\maven\repo\org\apache\curator\curator-client\2.10.0\curator-client-2.10.0.jar;D:\develop\maven\repo\org\apache\zookeeper\zookeeper\3.4.6\zookeeper-3.4.6.jar;D:\develop\maven\repo\jline\jline\2.14.6\jline-2.14.6.jar;D:\develop\maven\repo\io\netty\netty\3.7.0.Final\netty-3.7.0.Final.jar;D:\develop\maven\repo\org\apache\curator\curator-recipes\2.10.0\curator-recipes-2.10.0.jar;D:\develop\maven\repo\com\alibaba\fastjson\1.2.29\fastjson-1.2.29.jar;D:\develop\maven\repo\org\aspectj\aspectjweaver\1.8.13\aspectjweaver-1.8.13.jar;D:\develop\maven\repo\org\springframework\spring-tx\4.3.11.RELEASE\spring-tx-4.3.11.RELEASE.jar;D:\develop\maven\repo\org\springframework\spring-beans\4.3.17.RELEASE\spring-beans-4.3.17.RELEASE.jar;D:\develop\maven\repo\org\apache\rocketmq\rocketmq-client\4.1.0-incubating\rocketmq-client-4.1.0-incubating.jar;D:\develop\maven\repo\org\apache\rocketmq\rocketmq-common\4.1.0-incubating\rocketmq-common-4.1.0-incubating.jar;D:\develop\maven\repo\org\apache\rocketmq\rocketmq-remoting\4.1.0-incubating\rocketmq-remoting-4.1.0-incubating.jar;D:\develop\maven\repo\io\netty\netty-all\4.0.56.Final\netty-all-4.0.56.Final.jar;D:\develop\maven\repo\org\slf4j\slf4j-api\1.7.25\slf4j-api-1.7.25.jar;D:\develop\maven\repo\org\apache\commons\commons-lang3\3.5\commons-lang3-3.5.jar;D:\develop\maven\repo\de\codecentric\spring-boot-admin-starter-client\1.5.7\spring-boot-admin-starter-client-1.5.7.jar;D:\develop\maven\repo\de\codecentric\spring-boot-admin-client\1.5.7\spring-boot-admin-client-1.5.7.jar;D:\develop\maven\repo\org\springframework\boot\spring-boot-starter-freemarker\1.5.13.RELEASE\spring-boot-starter-freemarker-1.5.13.RELEASE.jar;D:\develop\maven\repo\org\freemarker\freemarker\2.3.28\freemarker-2.3.28.jar;D:\develop\maven\repo\org\springframework\spring-context-support\4.3.17.RELEASE\spring-context-support-4.3.17.RELEASE.jar;D:\develop\maven\repo\org\springframework\cloud\spring-cloud-starter-feign\1.4.4.RELEASE\spring-cloud-starter-feign-1.4.4.RELEASE.jar;D:\develop\maven\repo\org\springframework\cloud\spring-cloud-starter-openfeign\1.4.4.RELEASE\spring-cloud-starter-openfeign-1.4.4.RELEASE.jar;D:\develop\maven\repo\io\github\openfeign\feign-core\9.5.0\feign-core-9.5.0.jar;D:\develop\maven\repo\org\jvnet\animal-sniffer-annotation\1.0\animal-sniffer-annotation-1.0.jar;D:\develop\maven\repo\io\github\openfeign\feign-slf4j\9.5.0\feign-slf4j-9.5.0.jar;D:\develop\maven\repo\io\github\openfeign\feign-hystrix\9.5.0\feign-hystrix-9.5.0.jar;D:\develop\maven\repo\com\github\penggle\kaptcha\2.3.2\kaptcha-2.3.2.jar;D:\develop\maven\repo\com\jhlabs\filters\2.0.235-1\filters-2.0.235-1.jar;D:\develop\maven\repo\org\springframework\cloud\spring-cloud-starter-oauth2\1.2.2.RELEASE\spring-cloud-starter-oauth2-1.2.2.RELEASE.jar;D:\develop\maven\repo\org\springframework\cloud\spring-cloud-starter-security\1.2.2.RELEASE\spring-cloud-starter-security-1.2.2.RELEASE.jar;D:\develop\maven\repo\org\springframework\cloud\spring-cloud-security\1.2.2.RELEASE\spring-cloud-security-1.2.2.RELEASE.jar;D:\develop\maven\repo\org\springframework\boot\spring-boot-starter-security\1.5.13.RELEASE\spring-boot-starter-security-1.5.13.RELEASE.jar;D:\develop\maven\repo\org\springframework\security\oauth\spring-security-oauth2\2.0.15.RELEASE\spring-security-oauth2-2.0.15.RELEASE.jar;D:\develop\maven\repo\org\springframework\security\spring-security-core\4.2.6.RELEASE\spring-security-core-4.2.6.RELEASE.jar;D:\develop\maven\repo\org\springframework\security\spring-security-config\4.2.6.RELEASE\spring-security-config-4.2.6.RELEASE.jar;D:\develop\maven\repo\org\springframework\social\spring-social-config\1.1.6.RELEASE\spring-social-config-1.1.6.RELEASE.jar;D:\develop\maven\repo\org\springframework\social\spring-social-core\1.1.6.RELEASE\spring-social-core-1.1.6.RELEASE.jar;D:\develop\maven\repo\org\springframework\spring-web\4.3.8.RELEASE\spring-web-4.3.8.RELEASE.jar;D:\develop\maven\repo\org\springframework\social\spring-social-security\1.1.6.RELEASE\spring-social-security-1.1.6.RELEASE.jar;D:\develop\maven\repo\org\springframework\spring-webmvc\4.3.17.RELEASE\spring-webmvc-4.3.17.RELEASE.jar;D:\develop\maven\repo\org\springframework\spring-expression\4.3.17.RELEASE\spring-expression-4.3.17.RELEASE.jar;D:\develop\maven\repo\org\springframework\security\spring-security-web\4.2.6.RELEASE\spring-security-web-4.2.6.RELEASE.jar;D:\develop\maven\repo\aopalliance\aopalliance\1.0\aopalliance-1.0.jar;D:\develop\maven\repo\org\springframework\social\spring-social-web\1.1.6.RELEASE\spring-social-web-1.1.6.RELEASE.jar;D:\develop\maven\repo\javax\inject\javax.inject\1\javax.inject-1.jar;D:\develop\workspace\code-repo\paascloud-master-master\paascloud-common\paascloud-common-base\target\paascloud-common-base-1.0.jar;D:\develop\workspace\code-repo\paascloud-master-master\paascloud-common\paascloud-security-app\target\paascloud-security-app-1.0.jar;D:\develop\workspace\code-repo\paascloud-master-master\paascloud-common\paascloud-security-core\target\paascloud-security-core-1.0.jar;D:\develop\maven\repo\commons-lang\commons-lang\2.6\commons-lang-2.6.jar;D:\develop\maven\repo\commons-collections\commons-collections\3.2.2\commons-collections-3.2.2.jar;D:\develop\maven\repo\org\springframework\cloud\spring-cloud-starter-config\1.4.3.RELEASE\spring-cloud-starter-config-1.4.3.RELEASE.jar;D:\develop\maven\repo\org\springframework\cloud\spring-cloud-starter\1.3.3.RELEASE\spring-cloud-starter-1.3.3.RELEASE.jar;D:\develop\maven\repo\org\springframework\cloud\spring-cloud-context\1.3.3.RELEASE\spring-cloud-context-1.3.3.RELEASE.jar;D:\develop\maven\repo\org\springframework\security\spring-security-rsa\1.0.3.RELEASE\spring-security-rsa-1.0.3.RELEASE.jar;D:\develop\maven\repo\org\springframework\cloud\spring-cloud-config-client\1.4.3.RELEASE\spring-cloud-config-client-1.4.3.RELEASE.jar;D:\develop\maven\repo\org\springframework\cloud\spring-cloud-starter-sleuth\1.3.3.RELEASE\spring-cloud-starter-sleuth-1.3.3.RELEASE.jar;D:\develop\maven\repo\org\springframework\cloud\spring-cloud-sleuth-core\1.3.3.RELEASE\spring-cloud-sleuth-core-1.3.3.RELEASE.jar;D:\develop\maven\repo\org\aspectj\aspectjrt\1.8.13\aspectjrt-1.8.13.jar;D:\develop\maven\repo\org\springframework\cloud\spring-cloud-sleuth-zipkin\1.3.3.RELEASE\spring-cloud-sleuth-zipkin-1.3.3.RELEASE.jar;D:\develop\maven\repo\org\springframework\cloud\spring-cloud-commons\1.3.3.RELEASE\spring-cloud-commons-1.3.3.RELEASE.jar;D:\develop\maven\repo\org\springframework\security\spring-security-crypto\4.2.6.RELEASE\spring-security-crypto-4.2.6.RELEASE.jar;D:\develop\maven\repo\org\apache\httpcomponents\httpclient\4.5.5\httpclient-4.5.5.jar;D:\develop\maven\repo\org\apache\httpcomponents\httpcore\4.4.9\httpcore-4.4.9.jar;D:\develop\maven\repo\io\zipkin\zipkin2\zipkin\2.6.1\zipkin-2.6.1.jar;D:\develop\maven\repo\io\zipkin\reporter2\zipkin-reporter\2.5.0\zipkin-reporter-2.5.0.jar;D:\develop\maven\repo\io\zipkin\reporter2\zipkin-sender-kafka11\2.5.0\zipkin-sender-kafka11-2.5.0.jar;D:\develop\maven\repo\io\zipkin\reporter2\zipkin-sender-amqp-client\2.5.0\zipkin-sender-amqp-client-2.5.0.jar;D:\develop\workspace\code-repo\paascloud-master-master\paascloud-common\paascloud-common-util\target\paascloud-common-util-1.0.jar;D:\develop\maven\repo\ch\qos\logback\logback-classic\1.1.11\logback-classic-1.1.11.jar;D:\develop\maven\repo\org\codehaus\jackson\jackson-smile\1.9.13\jackson-smile-1.9.13.jar;D:\develop\maven\repo\org\codehaus\jackson\jackson-core-asl\1.9.13\jackson-core-asl-1.9.13.jar;D:\develop\maven\repo\org\codehaus\jackson\jackson-mapper-asl\1.9.13\jackson-mapper-asl-1.9.13.jar;D:\develop\maven\repo\com\xiaoleilu\hutool-all\3.0.7\hutool-all-3.0.7.jar;D:\develop\maven\repo\commons-beanutils\commons-beanutils\1.9.3\commons-beanutils-1.9.3.jar;D:\develop\workspace\code-repo\paascloud-master-master\paascloud-common\paascloud-common-core\target\paascloud-common-core-1.0.jar;D:\develop\maven\repo\eu\bitwalker\UserAgentUtils\1.20\UserAgentUtils-1.20.jar;D:\develop\maven\repo\org\springframework\boot\spring-boot-starter-data-redis\1.5.13.RELEASE\spring-boot-starter-data-redis-1.5.13.RELEASE.jar;D:\develop\maven\repo\org\springframework\data\spring-data-redis\1.8.12.RELEASE\spring-data-redis-1.8.12.RELEASE.jar;D:\develop\maven\repo\org\springframework\data\spring-data-keyvalue\1.2.12.RELEASE\spring-data-keyvalue-1.2.12.RELEASE.jar;D:\develop\maven\repo\org\springframework\data\spring-data-commons\1.13.12.RELEASE\spring-data-commons-1.13.12.RELEASE.jar;D:\develop\maven\repo\org\springframework\spring-oxm\4.3.17.RELEASE\spring-oxm-4.3.17.RELEASE.jar;D:\develop\maven\repo\redis\clients\jedis\2.9.0\jedis-2.9.0.jar;D:\develop\maven\repo\org\apache\commons\commons-pool2\2.4.3\commons-pool2-2.4.3.jar;D:\develop\maven\repo\com\fasterxml\jackson\module\jackson-module-parameter-names\2.8.11\jackson-module-parameter-names-2.8.11.jar;D:\develop\maven\repo\com\fasterxml\jackson\datatype\jackson-datatype-jdk8\2.8.11\jackson-datatype-jdk8-2.8.11.jar;D:\develop\maven\repo\com\fasterxml\jackson\datatype\jackson-datatype-jsr310\2.8.11\jackson-datatype-jsr310-2.8.11.jar;D:\develop\workspace\code-repo\paascloud-master-master\paascloud-common\paascloud-common-config\target\paascloud-common-config-1.0.jar;D:\develop\maven\repo\com\arronlong\httpclientutil\httpclientutil\1.0\httpclientutil-1.0.jar;D:\develop\maven\repo\org\apache\httpcomponents\httpmime\4.5.5\httpmime-4.5.5.jar;D:\develop\maven\repo\org\apache\httpcomponents\httpasyncclient\4.1.3\httpasyncclient-4.1.3.jar;D:\develop\maven\repo\org\apache\httpcomponents\httpcore-nio\4.4.6\httpcore-nio-4.4.6.jar;D:\develop\maven\repo\log4j\log4j\1.2.17\log4j-1.2.17.jar;D:\develop\maven\repo\com\netflix\hystrix\hystrix-core\1.5.12\hystrix-core-1.5.12.jar;D:\develop\maven\repo\com\netflix\archaius\archaius-core\0.7.4\archaius-core-0.7.4.jar;D:\develop\maven\repo\com\google\code\findbugs\jsr305\3.0.2\jsr305-3.0.2.jar;D:\develop\maven\repo\io\reactivex\rxjava\1.2.0\rxjava-1.2.0.jar;D:\develop\maven\repo\org\hdrhistogram\HdrHistogram\2.1.9\HdrHistogram-2.1.9.jar;D:\develop\maven\repo\org\springframework\boot\spring-boot-starter-actuator\1.5.13.RELEASE\spring-boot-starter-actuator-1.5.13.RELEASE.jar;D:\develop\maven\repo\org\springframework\boot\spring-boot-actuator\1.5.13.RELEASE\spring-boot-actuator-1.5.13.RELEASE.jar;D:\develop\maven\repo\org\springframework\cloud\spring-cloud-starter-hystrix\1.4.4.RELEASE\spring-cloud-starter-hystrix-1.4.4.RELEASE.jar;D:\develop\maven\repo\org\springframework\cloud\spring-cloud-starter-netflix-hystrix\1.4.4.RELEASE\spring-cloud-starter-netflix-hystrix-1.4.4.RELEASE.jar;D:\develop\maven\repo\com\netflix\hystrix\hystrix-metrics-event-stream\1.5.12\hystrix-metrics-event-stream-1.5.12.jar;D:\develop\maven\repo\com\netflix\hystrix\hystrix-serialization\1.5.12\hystrix-serialization-1.5.12.jar;D:\develop\maven\repo\com\fasterxml\jackson\module\jackson-module-afterburner\2.8.11\jackson-module-afterburner-2.8.11.jar;D:\develop\maven\repo\com\netflix\hystrix\hystrix-javanica\1.5.12\hystrix-javanica-1.5.12.jar;D:\develop\maven\repo\org\ow2\asm\asm\5.0.4\asm-5.0.4.jar;D:\develop\maven\repo\org\springframework\boot\spring-boot-starter-web\1.5.13.RELEASE\spring-boot-starter-web-1.5.13.RELEASE.jar;D:\develop\maven\repo\org\springframework\boot\spring-boot-starter-tomcat\1.5.13.RELEASE\spring-boot-starter-tomcat-1.5.13.RELEASE.jar;D:\develop\maven\repo\org\apache\tomcat\embed\tomcat-embed-core\8.5.31\tomcat-embed-core-8.5.31.jar;D:\develop\maven\repo\org\apache\tomcat\tomcat-annotations-api\8.5.31\tomcat-annotations-api-8.5.31.jar;D:\develop\maven\repo\org\apache\tomcat\embed\tomcat-embed-websocket\8.5.31\tomcat-embed-websocket-8.5.31.jar;D:\develop\maven\repo\org\hibernate\hibernate-validator\5.3.6.Final\hibernate-validator-5.3.6.Final.jar;D:\develop\maven\repo\javax\validation\validation-api\1.1.0.Final\validation-api-1.1.0.Final.jar;D:\develop\maven\repo\org\jboss\logging\jboss-logging\3.3.2.Final\jboss-logging-3.3.2.Final.jar;D:\develop\maven\repo\net\logstash\logback\logstash-logback-encoder\4.6\logstash-logback-encoder-4.6.jar;D:\develop\maven\repo\ch\qos\logback\logback-core\1.1.11\logback-core-1.1.11.jar;D:\develop\maven\repo\com\google\guava\guava\17.0\guava-17.0.jar;D:\develop\maven\repo\org\springframework\boot\spring-boot-starter-validation\1.5.13.RELEASE\spring-boot-starter-validation-1.5.13.RELEASE.jar;D:\develop\maven\repo\org\apache\tomcat\embed\tomcat-embed-el\8.5.31\tomcat-embed-el-8.5.31.jar;D:\develop\maven\repo\io\springfox\springfox-swagger-ui\2.6.1\springfox-swagger-ui-2.6.1.jar;D:\develop\maven\repo\io\springfox\springfox-spring-web\2.6.1\springfox-spring-web-2.6.1.jar;D:\develop\maven\repo\io\springfox\springfox-swagger2\2.6.1\springfox-swagger2-2.6.1.jar;D:\develop\maven\repo\io\swagger\swagger-annotations\1.5.10\swagger-annotations-1.5.10.jar;D:\develop\maven\repo\io\swagger\swagger-models\1.5.10\swagger-models-1.5.10.jar;D:\develop\maven\repo\io\springfox\springfox-spi\2.6.1\springfox-spi-2.6.1.jar;D:\develop\maven\repo\io\springfox\springfox-core\2.6.1\springfox-core-2.6.1.jar;D:\develop\maven\repo\io\springfox\springfox-schema\2.6.1\springfox-schema-2.6.1.jar;D:\develop\maven\repo\io\springfox\springfox-swagger-common\2.6.1\springfox-swagger-common-2.6.1.jar;D:\develop\maven\repo\com\fasterxml\classmate\1.3.4\classmate-1.3.4.jar;D:\develop\maven\repo\org\springframework\plugin\spring-plugin-core\1.2.0.RELEASE\spring-plugin-core-1.2.0.RELEASE.jar;D:\develop\maven\repo\org\springframework\plugin\spring-plugin-metadata\1.2.0.RELEASE\spring-plugin-metadata-1.2.0.RELEASE.jar;D:\develop\maven\repo\org\mapstruct\mapstruct\1.0.0.Final\mapstruct-1.0.0.Final.jar;D:\develop\maven\repo\commons-codec\commons-codec\1.10\commons-codec-1.10.jar;D:\develop\maven\repo\org\springframework\boot\spring-boot-starter-test\1.5.13.RELEASE\spring-boot-starter-test-1.5.13.RELEASE.jar;D:\develop\maven\repo\org\springframework\boot\spring-boot-test\1.5.13.RELEASE\spring-boot-test-1.5.13.RELEASE.jar;D:\develop\maven\repo\org\springframework\boot\spring-boot-test-autoconfigure\1.5.13.RELEASE\spring-boot-test-autoconfigure-1.5.13.RELEASE.jar;D:\develop\maven\repo\com\jayway\jsonpath\json-path\2.2.0\json-path-2.2.0.jar;D:\develop\maven\repo\net\minidev\json-smart\2.2.1\json-smart-2.2.1.jar;D:\develop\maven\repo\net\minidev\accessors-smart\1.1\accessors-smart-1.1.jar;D:\develop\maven\repo\junit\junit\4.12\junit-4.12.jar;D:\develop\maven\repo\org\assertj\assertj-core\2.6.0\assertj-core-2.6.0.jar;D:\develop\maven\repo\org\mockito\mockito-core\1.10.19\mockito-core-1.10.19.jar;D:\develop\maven\repo\org\objenesis\objenesis\2.5.1\objenesis-2.5.1.jar;D:\develop\maven\repo\org\hamcrest\hamcrest-core\1.3\hamcrest-core-1.3.jar;D:\develop\maven\repo\org\hamcrest\hamcrest-library\1.3\hamcrest-library-1.3.jar;D:\develop\maven\repo\org\skyscreamer\jsonassert\1.4.0\jsonassert-1.4.0.jar;D:\develop\maven\repo\com\vaadin\external\google\android-json\0.0.20131108.vaadin1\android-json-0.0.20131108.vaadin1.jar;D:\develop\maven\repo\org\springframework\spring-core\4.3.11.RELEASE\spring-core-4.3.11.RELEASE.jar;D:\develop\maven\repo\org\springframework\spring-test\4.3.17.RELEASE\spring-test-4.3.17.RELEASE.jar;D:\develop\maven\repo\com\alibaba\druid\1.0.29\druid-1.0.29.jar;D:\develop\Java\jdk1.8.0_181\jre\..\lib\jconsole.jar;D:\develop\Java\jdk1.8.0_181\jre\..\lib\tools.jar;D:\develop\maven\repo\org\mybatis\generator\mybatis-generator-core\1.3.5\mybatis-generator-core-1.3.5.jar;D:\develop\maven\repo\org\springframework\boot\spring-boot-configuration-processor\1.5.13.RELEASE\spring-boot-configuration-processor-1.5.13.RELEASE.jar;D:\develop\maven\repo\org\springframework\boot\spring-boot-devtools\1.5.13.RELEASE\spring-boot-devtools-1.5.13.RELEASE.jar;D:\develop\maven\repo\org\springframework\boot\spring-boot\1.5.13.RELEASE\spring-boot-1.5.13.RELEASE.jar;D:\develop\maven\repo\org\springframework\boot\spring-boot-starter-aop\1.5.13.RELEASE\spring-boot-starter-aop-1.5.13.RELEASE.jar;D:\develop\maven\repo\org\springframework\spring-aop\4.3.17.RELEASE\spring-aop-4.3.17.RELEASE.jar;D:\develop\maven\repo\org\modelmapper\modelmapper\1.1.2\modelmapper-1.1.2.jar;D:\develop\maven\repo\org\jolokia\jolokia-core\1.3.7\jolokia-core-1.3.7.jar;D:\develop\maven\repo\com\googlecode\json-simple\json-simple\1.1.1\json-simple-1.1.1.jar;D:\develop\maven\repo\org\springframework\security\spring-security-jwt\1.0.9.RELEASE\spring-security-jwt-1.0.9.RELEASE.jar;D:\develop\maven\repo\org\bouncycastle\bcpkix-jdk15on\1.56\bcpkix-jdk15on-1.56.jar;D:\develop\maven\repo\org\bouncycastle\bcprov-jdk15on\1.56\bcprov-jdk15on-1.56.jar;D:\develop\maven\repo\org\liquibase\liquibase-core\3.5.3\liquibase-core-3.5.3.jar;D:\develop\maven\repo\org\yaml\snakeyaml\1.17\snakeyaml-1.17.jar;D:\develop\maven\repo\org\springframework\cloud\spring-cloud-starter-zipkin\1.3.3.RELEASE\spring-cloud-starter-zipkin-1.3.3.RELEASE.jar;D:\develop\maven\repo\org\springframework\amqp\spring-rabbit\1.7.7.RELEASE\spring-rabbit-1.7.7.RELEASE.jar;D:\develop\maven\repo\org\springframework\retry\spring-retry\1.2.2.RELEASE\spring-retry-1.2.2.RELEASE.jar;D:\develop\maven\repo\com\rabbitmq\http-client\1.1.1.RELEASE\http-client-1.1.1.RELEASE.jar;D:\develop\maven\repo\com\rabbitmq\amqp-client\4.0.3\amqp-client-4.0.3.jar;D:\develop\maven\repo\org\springframework\spring-messaging\4.3.17.RELEASE\spring-messaging-4.3.17.RELEASE.jar;D:\develop\maven\repo\org\springframework\spring-context\4.3.8.RELEASE\spring-context-4.3.8.RELEASE.jar;D:\develop\maven\repo\org\springframework\amqp\spring-amqp\1.7.7.RELEASE\spring-amqp-1.7.7.RELEASE.jar;D:\develop\maven\repo\org\springframework\cloud\spring-cloud-starter-netflix-eureka-client\1.4.4.RELEASE\spring-cloud-starter-netflix-eureka-client-1.4.4.RELEASE.jar;D:\develop\maven\repo\org\springframework\cloud\spring-cloud-netflix-core\1.4.4.RELEASE\spring-cloud-netflix-core-1.4.4.RELEASE.jar;D:\develop\maven\repo\org\springframework\cloud\spring-cloud-netflix-eureka-client\1.4.4.RELEASE\spring-cloud-netflix-eureka-client-1.4.4.RELEASE.jar;D:\develop\maven\repo\com\netflix\eureka\eureka-client\1.7.2\eureka-client-1.7.2.jar;D:\develop\maven\repo\org\codehaus\jettison\jettison\1.2\jettison-1.2.jar;D:\develop\maven\repo\stax\stax-api\1.0.1\stax-api-1.0.1.jar;D:\develop\maven\repo\com\netflix\netflix-commons\netflix-eventbus\0.3.0\netflix-eventbus-0.3.0.jar;D:\develop\maven\repo\com\netflix\netflix-commons\netflix-infix\0.3.0\netflix-infix-0.3.0.jar;D:\develop\maven\repo\commons-jxpath\commons-jxpath\1.3\commons-jxpath-1.3.jar;D:\develop\maven\repo\org\antlr\antlr-runtime\3.4\antlr-runtime-3.4.jar;D:\develop\maven\repo\org\antlr\stringtemplate\3.2.1\stringtemplate-3.2.1.jar;D:\develop\maven\repo\antlr\antlr\2.7.7\antlr-2.7.7.jar;D:\develop\maven\repo\com\google\code\gson\gson\2.8.4\gson-2.8.4.jar;D:\develop\maven\repo\org\apache\commons\commons-math\2.2\commons-math-2.2.jar;D:\develop\maven\repo\javax\ws\rs\jsr311-api\1.1.1\jsr311-api-1.1.1.jar;D:\develop\maven\repo\com\netflix\servo\servo-core\0.10.1\servo-core-0.10.1.jar;D:\develop\maven\repo\com\netflix\servo\servo-internal\0.10.1\servo-internal-0.10.1.jar;D:\develop\maven\repo\com\sun\jersey\jersey-core\1.19.1\jersey-core-1.19.1.jar;D:\develop\maven\repo\com\sun\jersey\jersey-client\1.19.1\jersey-client-1.19.1.jar;D:\develop\maven\repo\com\sun\jersey\contribs\jersey-apache-client4\1.19.1\jersey-apache-client4-1.19.1.jar;D:\develop\maven\repo\com\google\inject\guice\3.0\guice-3.0.jar;D:\develop\maven\repo\com\netflix\eureka\eureka-core\1.7.2\eureka-core-1.7.2.jar;D:\develop\maven\repo\org\codehaus\woodstox\woodstox-core-asl\4.4.1\woodstox-core-asl-4.4.1.jar;D:\develop\maven\repo\javax\xml\stream\stax-api\1.0-2\stax-api-1.0-2.jar;D:\develop\maven\repo\org\codehaus\woodstox\stax2-api\3.1.4\stax2-api-3.1.4.jar;D:\develop\maven\repo\org\springframework\cloud\spring-cloud-starter-netflix-archaius\1.4.4.RELEASE\spring-cloud-starter-netflix-archaius-1.4.4.RELEASE.jar;D:\develop\maven\repo\commons-configuration\commons-configuration\1.8\commons-configuration-1.8.jar;D:\develop\maven\repo\org\springframework\cloud\spring-cloud-starter-netflix-ribbon\1.4.4.RELEASE\spring-cloud-starter-netflix-ribbon-1.4.4.RELEASE.jar;D:\develop\maven\repo\com\netflix\ribbon\ribbon\2.2.5\ribbon-2.2.5.jar;D:\develop\maven\repo\com\netflix\ribbon\ribbon-transport\2.2.5\ribbon-transport-2.2.5.jar;D:\develop\maven\repo\io\reactivex\rxnetty-contexts\0.4.9\rxnetty-contexts-0.4.9.jar;D:\develop\maven\repo\io\reactivex\rxnetty-servo\0.4.9\rxnetty-servo-0.4.9.jar;D:\develop\maven\repo\io\reactivex\rxnetty\0.4.9\rxnetty-0.4.9.jar;D:\develop\maven\repo\io\netty\netty-codec-http\4.0.27.Final\netty-codec-http-4.0.27.Final.jar;D:\develop\maven\repo\io\netty\netty-codec\4.0.27.Final\netty-codec-4.0.27.Final.jar;D:\develop\maven\repo\io\netty\netty-handler\4.0.27.Final\netty-handler-4.0.27.Final.jar;D:\develop\maven\repo\io\netty\netty-transport-native-epoll\4.0.27.Final\netty-transport-native-epoll-4.0.27.Final.jar;D:\develop\maven\repo\io\netty\netty-common\4.0.27.Final\netty-common-4.0.27.Final.jar;D:\develop\maven\repo\io\netty\netty-buffer\4.0.27.Final\netty-buffer-4.0.27.Final.jar;D:\develop\maven\repo\io\netty\netty-transport\4.0.27.Final\netty-transport-4.0.27.Final.jar;D:\develop\maven\repo\com\netflix\ribbon\ribbon-core\2.2.5\ribbon-core-2.2.5.jar;D:\develop\maven\repo\com\netflix\ribbon\ribbon-httpclient\2.2.5\ribbon-httpclient-2.2.5.jar;D:\develop\maven\repo\com\netflix\netflix-commons\netflix-commons-util\0.1.1\netflix-commons-util-0.1.1.jar;D:\develop\maven\repo\com\netflix\ribbon\ribbon-loadbalancer\2.2.5\ribbon-loadbalancer-2.2.5.jar;D:\develop\maven\repo\com\netflix\netflix-commons\netflix-statistics\0.1.1\netflix-statistics-0.1.1.jar;D:\develop\maven\repo\com\netflix\ribbon\ribbon-eureka\2.2.5\ribbon-eureka-2.2.5.jar;D:\develop\maven\repo\com\thoughtworks\xstream\xstream\1.4.10\xstream-1.4.10.jar;D:\develop\maven\repo\xmlpull\xmlpull\1.1.3.1\xmlpull-1.1.3.1.jar;D:\develop\maven\repo\xpp3\xpp3_min\1.1.4c\xpp3_min-1.1.4c.jar;, user.name=lenovo, idea.version2019.2.1=true, java.vm.specification.version=1.8, sun.java.command=D:\develop\workspace\code-repo\paascloud-master-master\paascloud-provider\paascloud-provider-uac\target\surefire\surefirebooter6302798505136300258.jar D:\develop\workspace\code-repo\paascloud-master-master\paascloud-provider\paascloud-provider-uac\target\surefire\surefire3255170475323550853tmp D:\develop\workspace\code-repo\paascloud-master-master\paascloud-provider\paascloud-provider-uac\target\surefire\surefire_12134819718800819556tmp, java.home=D:\develop\Java\jdk1.8.0_181\jre, sun.arch.data.model=64, user.language=zh, java.specification.vendor=Oracle Corporation, awt.toolkit=sun.awt.windows.WToolkit, java.vm.info=mixed mode, java.version=1.8.0_181, java.ext.dirs=D:\develop\Java\jdk1.8.0_181\jre\lib\ext;C:\WINDOWS\Sun\Java\lib\ext, sun.boot.class.path=D:\develop\Java\jdk1.8.0_181\jre\lib\resources.jar;D:\develop\Java\jdk1.8.0_181\jre\lib\rt.jar;D:\develop\Java\jdk1.8.0_181\jre\lib\sunrsasign.jar;D:\develop\Java\jdk1.8.0_181\jre\lib\jsse.jar;D:\develop\Java\jdk1.8.0_181\jre\lib\jce.jar;D:\develop\Java\jdk1.8.0_181\jre\lib\charsets.jar;D:\develop\Java\jdk1.8.0_181\jre\lib\jfr.jar;D:\develop\Java\jdk1.8.0_181\jre\classes, java.vendor=Oracle Corporation, localRepository=D:\develop\maven\repo, file.separator=\, java.vendor.url.bug=http://bugreport.sun.com/bugreport/, sun.io.unicode.encoding=UnicodeLittle, sun.cpu.endian=little, sun.desktop=windows, sun.cpu.isalist=amd64}}, SystemEnvironmentPropertySource@644082020 {name='systemEnvironment', properties={PATH=C:\Program Files (x86)\Common Files\Oracle\Java\javapath;C:\WINDOWS\system32;C:\WINDOWS;C:\WINDOWS\System32\Wbem;C:\WINDOWS\System32\WindowsPowerShell\v1.0\;C:\WINDOWS\System32\OpenSSH\;D:\develop\Java\jdk1.8.0_181\bin;D:\develop\Java\jdk1.8.0_181\jre\bin;D:\develop\maven\apache-maven-3.6.1\bin;D:\develop\Git\bin;D:\software\TortoiseGit\bin;D:\develop\scala\bin;D:\develop\scala\bin;D:\develop\scala\jre\bin;D:\software\nodejs\;C:\Users\lenovo\AppData\Local\Microsoft\WindowsApps;C:\Users\lenovo\AppData\Roaming\npm;C:\Program Files\Bandizip\, USERDOMAIN_ROAMINGPROFILE=XIESEN, LOCALAPPDATA=C:\Users\lenovo\AppData\Local, PROCESSOR_LEVEL=6, SYSTEMDRIVE=C:, COMMONPROGRAMFILES(X86)=C:\Program Files (x86)\Common Files, USERDOMAIN=XIESEN, FPS_BROWSER_APP_PROFILE_STRING=Internet Explorer, LOGONSERVER=\\XIESEN, JAVA_HOME=D:\develop\Java\jdk1.8.0_181, PROMPT=$P$G, SESSIONNAME=Console, ALLUSERSPROFILE=C:\ProgramData, PROGRAMFILES(X86)=C:\Program Files (x86), PROCESSOR_ARCHITECTURE=AMD64, DRIVERDATA=C:\Windows\System32\Drivers\DriverData, MAVEN_HOME=D:\develop\maven\apache-maven-3.6.1, PROGRAMFILES=C:\Program Files, APPDATA=C:\Users\lenovo\AppData\Roaming, PSMODULEPATH=C:\Program Files\WindowsPowerShell\Modules;C:\WINDOWS\system32\WindowsPowerShell\v1.0\Modules, PROGRAMW6432=C:\Program Files, PROGRAMDATA=C:\ProgramData, SYSTEMROOT=C:\WINDOWS, USERNAME=lenovo, SCALA_HOME=D:\develop\scala, FPS_BROWSER_USER_PROFILE_STRING=Default, PATHEXT=.COM;.EXE;.BAT;.CMD;.VBS;.VBE;.JS;.JSE;.WSF;.WSH;.MSC, OS=Windows_NT, COMMONPROGRAMW6432=C:\Program Files\Common Files, COMPUTERNAME=XIESEN, COMMONPROGRAMFILES=C:\Program Files\Common Files, COMSPEC=C:\WINDOWS\system32\cmd.exe, PROCESSOR_REVISION=3c03, CLASSPATH=.;D:\develop\scala\bin;D:\develop\scala\lib\dt.jar;D:\develop\scala\lib\tools.jar.;, WINDIR=C:\WINDOWS, =D:=D:\develop\workspace\code-repo\paascloud-master-master\paascloud-provider\paascloud-provider-uac, HOMEPATH=\Users\lenovo, TEMP=C:\Users\lenovo\AppData\Local\Temp, HOMEDRIVE=C:, PROCESSOR_IDENTIFIER=Intel64 Family 6 Model 60 Stepping 3, GenuineIntel, USERPROFILE=C:\Users\lenovo, TMP=C:\Users\lenovo\AppData\Local\Temp, #ENVTSLOGSSS5752=70393216, PUBLIC=C:\Users\Public, NUMBER_OF_PROCESSORS=4, =::=::\, IDEA_INITIAL_DIRECTORY=C:\Users\lenovo\Desktop}}]
14:32:05.243 [main] DEBUG org.springframework.core.env.MutablePropertySources - Adding PropertySource 'inline' with highest search precedence
14:32:05.252 [main] DEBUG org.springframework.test.context.support.TestPropertySourceUtils - Adding inlined properties to environment: {spring.jmx.enabled=false, org.springframework.boot.test.context.SpringBootTestContextBootstrapper=true, server.port=-1}
14:32:05.253 [main] DEBUG org.springframework.core.env.StandardEnvironment - Adding PropertySource 'Inlined Test Properties' with highest search precedence
2019-09-24 14:32:12.964  INFO [bootstrap,,,] [bootstrap,,,,] 2392 --- [           main] s.c.a.AnnotationConfigApplicationContext : Refreshing org.springframework.context.annotation.AnnotationConfigApplicationContext@4f59a516: startup date [Tue Sep 24 14:32:12 CST 2019]; root of context hierarchy
2019-09-24 14:32:14.558  INFO [bootstrap,,,] [bootstrap,,,,] 2392 --- [           main] f.a.AutowiredAnnotationBeanPostProcessor : JSR-330 'javax.inject.Inject' annotation found and supported for autowiring
2019-09-24 14:32:14.809  INFO [bootstrap,,,] [bootstrap,,,,] 2392 --- [           main] trationDelegate$BeanPostProcessorChecker : Bean 'org.springframework.retry.annotation.RetryConfiguration' of type [org.springframework.retry.annotation.RetryConfiguration$$EnhancerBySpringCGLIB$$c32595cc] is not eligible for getting processed by all BeanPostProcessors (for example: not eligible for auto-proxying)
2019-09-24 14:32:14.887  INFO [bootstrap,,,] [bootstrap,,,,] 2392 --- [           main] trationDelegate$BeanPostProcessorChecker : Bean 'configurationPropertiesRebinderAutoConfiguration' of type [org.springframework.cloud.autoconfigure.ConfigurationPropertiesRebinderAutoConfiguration$$EnhancerBySpringCGLIB$$e97c00a4] is not eligible for getting processed by all BeanPostProcessors (for example: not eligible for auto-proxying)
2019-09-24 14:32:17.266  INFO [bootstrap,,,] [bootstrap,,,,] 2392 --- [           main] o.s.cloud.commons.util.InetUtils         : Cannot determine local hostname
2019-09-24 14:32:17.516  INFO [bootstrap,,,] [bootstrap,,,,] 2392 --- [           main] o.s.c.n.eureka.InstanceInfoFactory       : Setting initial instance status as: STARTING
2019-09-24 14:32:17.753  INFO [bootstrap,,,] [bootstrap,,,,] 2392 --- [           main] com.netflix.discovery.DiscoveryClient    : Initializing Eureka in region us-east-1
2019-09-24 14:32:18.981  INFO [bootstrap,,,] [bootstrap,,,,] 2392 --- [           main] c.n.d.provider.DiscoveryJerseyProvider   : Using JSON encoding codec LegacyJacksonJson
2019-09-24 14:32:18.982  INFO [bootstrap,,,] [bootstrap,,,,] 2392 --- [           main] c.n.d.provider.DiscoveryJerseyProvider   : Using JSON decoding codec LegacyJacksonJson
2019-09-24 14:32:19.635  INFO [bootstrap,,,] [bootstrap,,,,] 2392 --- [           main] c.n.d.provider.DiscoveryJerseyProvider   : Using XML encoding codec XStreamXml
2019-09-24 14:32:19.636  INFO [bootstrap,,,] [bootstrap,,,,] 2392 --- [           main] c.n.d.provider.DiscoveryJerseyProvider   : Using XML decoding codec XStreamXml
2019-09-24 14:32:20.386  INFO [bootstrap,,,] [bootstrap,,,,] 2392 --- [           main] c.n.d.s.r.aws.ConfigClusterResolver      : Resolving eureka endpoints via configuration
2019-09-24 14:32:20.913  INFO [bootstrap,,,] [bootstrap,,,,] 2392 --- [           main] com.netflix.discovery.DiscoveryClient    : Disable delta property : false
2019-09-24 14:32:20.913  INFO [bootstrap,,,] [bootstrap,,,,] 2392 --- [           main] com.netflix.discovery.DiscoveryClient    : Single vip registry refresh property : null
2019-09-24 14:32:20.913  INFO [bootstrap,,,] [bootstrap,,,,] 2392 --- [           main] com.netflix.discovery.DiscoveryClient    : Force full registry fetch : false
2019-09-24 14:32:20.914  INFO [bootstrap,,,] [bootstrap,,,,] 2392 --- [           main] com.netflix.discovery.DiscoveryClient    : Application is null : false
2019-09-24 14:32:20.915  INFO [bootstrap,,,] [bootstrap,,,,] 2392 --- [           main] com.netflix.discovery.DiscoveryClient    : Registered Applications size is zero : true
2019-09-24 14:32:20.915  INFO [bootstrap,,,] [bootstrap,,,,] 2392 --- [           main] com.netflix.discovery.DiscoveryClient    : Application version is -1: true
2019-09-24 14:32:20.916  INFO [bootstrap,,,] [bootstrap,,,,] 2392 --- [           main] com.netflix.discovery.DiscoveryClient    : Getting all instance registry info from the eureka server
2019-09-24 14:32:22.077 ERROR [bootstrap,,,] [bootstrap,,,,] 2392 --- [           main] c.n.d.s.t.d.RedirectingEurekaHttpClient  : Request execution error

com.sun.jersey.api.client.ClientHandlerException: java.net.UnknownHostException: paascloud-eureka
	at com.sun.jersey.client.apache4.ApacheHttpClient4Handler.handle(ApacheHttpClient4Handler.java:187)
	at com.sun.jersey.api.client.filter.GZIPContentEncodingFilter.handle(GZIPContentEncodingFilter.java:123)
	at com.netflix.discovery.EurekaIdentityHeaderFilter.handle(EurekaIdentityHeaderFilter.java:27)
	at com.sun.jersey.api.client.Client.handle(Client.java:652)
	at com.sun.jersey.api.client.WebResource.handle(WebResource.java:682)
	at com.sun.jersey.api.client.WebResource.access$200(WebResource.java:74)
	at com.sun.jersey.api.client.WebResource$Builder.get(WebResource.java:509)
	at com.netflix.discovery.shared.transport.jersey.AbstractJerseyEurekaHttpClient.getApplicationsInternal(AbstractJerseyEurekaHttpClient.java:194)
	at com.netflix.discovery.shared.transport.jersey.AbstractJerseyEurekaHttpClient.getApplications(AbstractJerseyEurekaHttpClient.java:165)
	at com.netflix.discovery.shared.transport.decorator.EurekaHttpClientDecorator$6.execute(EurekaHttpClientDecorator.java:137)
	at com.netflix.discovery.shared.transport.decorator.MetricsCollectingEurekaHttpClient.execute(MetricsCollectingEurekaHttpClient.java:73)
	at com.netflix.discovery.shared.transport.decorator.EurekaHttpClientDecorator.getApplications(EurekaHttpClientDecorator.java:134)
	at com.netflix.discovery.shared.transport.decorator.EurekaHttpClientDecorator$6.execute(EurekaHttpClientDecorator.java:137)
	at com.netflix.discovery.shared.transport.decorator.RedirectingEurekaHttpClient.executeOnNewServer(RedirectingEurekaHttpClient.java:118)
	at com.netflix.discovery.shared.transport.decorator.RedirectingEurekaHttpClient.execute(RedirectingEurekaHttpClient.java:79)
	at com.netflix.discovery.shared.transport.decorator.EurekaHttpClientDecorator.getApplications(EurekaHttpClientDecorator.java:134)
	at com.netflix.discovery.shared.transport.decorator.EurekaHttpClientDecorator$6.execute(EurekaHttpClientDecorator.java:137)
	at com.netflix.discovery.shared.transport.decorator.RetryableEurekaHttpClient.execute(RetryableEurekaHttpClient.java:119)
	at com.netflix.discovery.shared.transport.decorator.EurekaHttpClientDecorator.getApplications(EurekaHttpClientDecorator.java:134)
	at com.netflix.discovery.shared.transport.decorator.EurekaHttpClientDecorator$6.execute(EurekaHttpClientDecorator.java:137)
	at com.netflix.discovery.shared.transport.decorator.SessionedEurekaHttpClient.execute(SessionedEurekaHttpClient.java:77)
	at com.netflix.discovery.shared.transport.decorator.EurekaHttpClientDecorator.getApplications(EurekaHttpClientDecorator.java:134)
	at com.netflix.discovery.DiscoveryClient.getAndStoreFullRegistry(DiscoveryClient.java:1027)
	at com.netflix.discovery.DiscoveryClient.fetchRegistry(DiscoveryClient.java:941)
	at com.netflix.discovery.DiscoveryClient.<init>(DiscoveryClient.java:412)
	at com.netflix.discovery.DiscoveryClient.<init>(DiscoveryClient.java:267)
	at org.springframework.cloud.netflix.eureka.CloudEurekaClient.<init>(CloudEurekaClient.java:61)
	at org.springframework.cloud.netflix.eureka.EurekaClientAutoConfiguration$EurekaClientConfiguration.eurekaClient(EurekaClientAutoConfiguration.java:234)
	at org.springframework.cloud.netflix.eureka.EurekaClientAutoConfiguration$EurekaClientConfiguration$$EnhancerBySpringCGLIB$$4d224fa4.CGLIB$eurekaClient$0(<generated>)
	at org.springframework.cloud.netflix.eureka.EurekaClientAutoConfiguration$EurekaClientConfiguration$$EnhancerBySpringCGLIB$$4d224fa4$$FastClassBySpringCGLIB$$64c4b2b6.invoke(<generated>)
	at org.springframework.cglib.proxy.MethodProxy.invokeSuper(MethodProxy.java:228)
	at org.springframework.context.annotation.ConfigurationClassEnhancer$BeanMethodInterceptor.intercept(ConfigurationClassEnhancer.java:358)
	at org.springframework.cloud.netflix.eureka.EurekaClientAutoConfiguration$EurekaClientConfiguration$$EnhancerBySpringCGLIB$$4d224fa4.eurekaClient(<generated>)
	at sun.reflect.NativeMethodAccessorImpl.invoke0(Native Method)
	at sun.reflect.NativeMethodAccessorImpl.invoke(NativeMethodAccessorImpl.java:62)
	at sun.reflect.DelegatingMethodAccessorImpl.invoke(DelegatingMethodAccessorImpl.java:43)
	at java.lang.reflect.Method.invoke(Method.java:498)
	at org.springframework.beans.factory.support.SimpleInstantiationStrategy.instantiate(SimpleInstantiationStrategy.java:162)
	at org.springframework.beans.factory.support.ConstructorResolver.instantiateUsingFactoryMethod(ConstructorResolver.java:588)
	at org.springframework.beans.factory.support.AbstractAutowireCapableBeanFactory.instantiateUsingFactoryMethod(AbstractAutowireCapableBeanFactory.java:1181)
	at org.springframework.beans.factory.support.AbstractAutowireCapableBeanFactory.createBeanInstance(AbstractAutowireCapableBeanFactory.java:1075)
	at org.springframework.beans.factory.support.AbstractAutowireCapableBeanFactory.doCreateBean(AbstractAutowireCapableBeanFactory.java:513)
	at org.springframework.beans.factory.support.AbstractAutowireCapableBeanFactory.createBean(AbstractAutowireCapableBeanFactory.java:483)
	at org.springframework.beans.factory.support.AbstractBeanFactory$1.getObject(AbstractBeanFactory.java:312)
	at org.springframework.beans.factory.support.DefaultSingletonBeanRegistry.getSingleton(DefaultSingletonBeanRegistry.java:230)
	at org.springframework.beans.factory.support.AbstractBeanFactory.doGetBean(AbstractBeanFactory.java:308)
	at org.springframework.beans.factory.support.AbstractBeanFactory.getBean(AbstractBeanFactory.java:202)
	at org.springframework.beans.factory.config.DependencyDescriptor.resolveCandidate(DependencyDescriptor.java:208)
	at org.springframework.beans.factory.support.DefaultListableBeanFactory.doResolveDependency(DefaultListableBeanFactory.java:1138)
	at org.springframework.beans.factory.support.DefaultListableBeanFactory.resolveDependency(DefaultListableBeanFactory.java:1066)
	at org.springframework.beans.factory.support.ConstructorResolver.resolveAutowiredArgument(ConstructorResolver.java:835)
	at org.springframework.beans.factory.support.ConstructorResolver.createArgumentArray(ConstructorResolver.java:741)
	at org.springframework.beans.factory.support.ConstructorResolver.instantiateUsingFactoryMethod(ConstructorResolver.java:467)
	at org.springframework.beans.factory.support.AbstractAutowireCapableBeanFactory.instantiateUsingFactoryMethod(AbstractAutowireCapableBeanFactory.java:1181)
	at org.springframework.beans.factory.support.AbstractAutowireCapableBeanFactory.createBeanInstance(AbstractAutowireCapableBeanFactory.java:1075)
	at org.springframework.beans.factory.support.AbstractAutowireCapableBeanFactory.doCreateBean(AbstractAutowireCapableBeanFactory.java:513)
	at org.springframework.beans.factory.support.AbstractAutowireCapableBeanFactory.createBean(AbstractAutowireCapableBeanFactory.java:483)
	at org.springframework.beans.factory.support.AbstractBeanFactory$1.getObject(AbstractBeanFactory.java:312)
	at org.springframework.beans.factory.support.DefaultSingletonBeanRegistry.getSingleton(DefaultSingletonBeanRegistry.java:230)
	at org.springframework.beans.factory.support.AbstractBeanFactory.doGetBean(AbstractBeanFactory.java:308)
	at org.springframework.beans.factory.support.AbstractBeanFactory.getBean(AbstractBeanFactory.java:202)
	at org.springframework.beans.factory.config.DependencyDescriptor.resolveCandidate(DependencyDescriptor.java:208)
	at org.springframework.beans.factory.support.DefaultListableBeanFactory.doResolveDependency(DefaultListableBeanFactory.java:1138)
	at org.springframework.beans.factory.support.DefaultListableBeanFactory.resolveDependency(DefaultListableBeanFactory.java:1066)
	at org.springframework.beans.factory.support.ConstructorResolver.resolveAutowiredArgument(ConstructorResolver.java:835)
	at org.springframework.beans.factory.support.ConstructorResolver.createArgumentArray(ConstructorResolver.java:741)
	at org.springframework.beans.factory.support.ConstructorResolver.instantiateUsingFactoryMethod(ConstructorResolver.java:467)
	at org.springframework.beans.factory.support.AbstractAutowireCapableBeanFactory.instantiateUsingFactoryMethod(AbstractAutowireCapableBeanFactory.java:1181)
	at org.springframework.beans.factory.support.AbstractAutowireCapableBeanFactory.createBeanInstance(AbstractAutowireCapableBeanFactory.java:1075)
	at org.springframework.beans.factory.support.AbstractAutowireCapableBeanFactory.doCreateBean(AbstractAutowireCapableBeanFactory.java:513)
	at org.springframework.beans.factory.support.AbstractAutowireCapableBeanFactory.createBean(AbstractAutowireCapableBeanFactory.java:483)
	at org.springframework.beans.factory.support.AbstractBeanFactory$1.getObject(AbstractBeanFactory.java:312)
	at org.springframework.beans.factory.support.DefaultSingletonBeanRegistry.getSingleton(DefaultSingletonBeanRegistry.java:230)
	at org.springframework.beans.factory.support.AbstractBeanFactory.doGetBean(AbstractBeanFactory.java:308)
	at org.springframework.beans.factory.support.AbstractBeanFactory.getBean(AbstractBeanFactory.java:202)
	at org.springframework.beans.factory.config.DependencyDescriptor.resolveCandidate(DependencyDescriptor.java:208)
	at org.springframework.beans.factory.support.DefaultListableBeanFactory.doResolveDependency(DefaultListableBeanFactory.java:1138)
	at org.springframework.beans.factory.support.DefaultListableBeanFactory.resolveDependency(DefaultListableBeanFactory.java:1066)
	at org.springframework.beans.factory.annotation.AutowiredAnnotationBeanPostProcessor$AutowiredFieldElement.inject(AutowiredAnnotationBeanPostProcessor.java:585)
	at org.springframework.beans.factory.annotation.InjectionMetadata.inject(InjectionMetadata.java:88)
	at org.springframework.beans.factory.annotation.AutowiredAnnotationBeanPostProcessor.postProcessPropertyValues(AutowiredAnnotationBeanPostProcessor.java:366)
	at org.springframework.beans.factory.support.AbstractAutowireCapableBeanFactory.populateBean(AbstractAutowireCapableBeanFactory.java:1272)
	at org.springframework.beans.factory.support.AbstractAutowireCapableBeanFactory.doCreateBean(AbstractAutowireCapableBeanFactory.java:553)
	at org.springframework.beans.factory.support.AbstractAutowireCapableBeanFactory.createBean(AbstractAutowireCapableBeanFactory.java:483)
	at org.springframework.beans.factory.support.AbstractBeanFactory$1.getObject(AbstractBeanFactory.java:312)
	at org.springframework.beans.factory.support.DefaultSingletonBeanRegistry.getSingleton(DefaultSingletonBeanRegistry.java:230)
	at org.springframework.beans.factory.support.AbstractBeanFactory.doGetBean(AbstractBeanFactory.java:308)
	at org.springframework.beans.factory.support.AbstractBeanFactory.getBean(AbstractBeanFactory.java:197)
	at org.springframework.beans.factory.support.DefaultListableBeanFactory.preInstantiateSingletons(DefaultListableBeanFactory.java:761)
	at org.springframework.context.support.AbstractApplicationContext.finishBeanFactoryInitialization(AbstractApplicationContext.java:866)
	at org.springframework.context.support.AbstractApplicationContext.refresh(AbstractApplicationContext.java:542)
	at org.springframework.boot.SpringApplication.refresh(SpringApplication.java:693)
	at org.springframework.boot.SpringApplication.refreshContext(SpringApplication.java:360)
	at org.springframework.boot.SpringApplication.run(SpringApplication.java:303)
	at org.springframework.boot.builder.SpringApplicationBuilder.run(SpringApplicationBuilder.java:134)
	at org.springframework.cloud.bootstrap.BootstrapApplicationListener.bootstrapServiceContext(BootstrapApplicationListener.java:187)
	at org.springframework.cloud.bootstrap.BootstrapApplicationListener.onApplicationEvent(BootstrapApplicationListener.java:102)
	at org.springframework.cloud.bootstrap.BootstrapApplicationListener.onApplicationEvent(BootstrapApplicationListener.java:68)
	at org.springframework.context.event.SimpleApplicationEventMulticaster.invokeListener(SimpleApplicationEventMulticaster.java:167)
	at org.springframework.context.event.SimpleApplicationEventMulticaster.multicastEvent(SimpleApplicationEventMulticaster.java:139)
	at org.springframework.context.event.SimpleApplicationEventMulticaster.multicastEvent(SimpleApplicationEventMulticaster.java:122)
	at org.springframework.boot.context.event.EventPublishingRunListener.environmentPrepared(EventPublishingRunListener.java:74)
	at org.springframework.boot.SpringApplicationRunListeners.environmentPrepared(SpringApplicationRunListeners.java:54)
	at org.springframework.boot.SpringApplication.prepareEnvironment(SpringApplication.java:325)
	at org.springframework.boot.SpringApplication.run(SpringApplication.java:296)
	at org.springframework.boot.test.context.SpringBootContextLoader.loadContext(SpringBootContextLoader.java:121)
	at org.springframework.test.context.cache.DefaultCacheAwareContextLoaderDelegate.loadContextInternal(DefaultCacheAwareContextLoaderDelegate.java:98)
	at org.springframework.test.context.cache.DefaultCacheAwareContextLoaderDelegate.loadContext(DefaultCacheAwareContextLoaderDelegate.java:116)
	at org.springframework.test.context.support.DefaultTestContext.getApplicationContext(DefaultTestContext.java:83)
	at org.springframework.test.context.web.ServletTestExecutionListener.setUpRequestContextIfNecessary(ServletTestExecutionListener.java:189)
	at org.springframework.test.context.web.ServletTestExecutionListener.prepareTestInstance(ServletTestExecutionListener.java:131)
	at org.springframework.test.context.TestContextManager.prepareTestInstance(TestContextManager.java:230)
	at org.springframework.test.context.junit4.SpringJUnit4ClassRunner.createTest(SpringJUnit4ClassRunner.java:228)
	at org.springframework.test.context.junit4.SpringJUnit4ClassRunner$1.runReflectiveCall(SpringJUnit4ClassRunner.java:287)
	at org.junit.internal.runners.model.ReflectiveCallable.run(ReflectiveCallable.java:12)
	at org.springframework.test.context.junit4.SpringJUnit4ClassRunner.methodBlock(SpringJUnit4ClassRunner.java:289)
	at org.springframework.test.context.junit4.SpringJUnit4ClassRunner.runChild(SpringJUnit4ClassRunner.java:247)
	at org.springframework.test.context.junit4.SpringJUnit4ClassRunner.runChild(SpringJUnit4ClassRunner.java:94)
	at org.junit.runners.ParentRunner$3.run(ParentRunner.java:290)
	at org.junit.runners.ParentRunner$1.schedule(ParentRunner.java:71)
	at org.junit.runners.ParentRunner.runChildren(ParentRunner.java:288)
	at org.junit.runners.ParentRunner.access$000(ParentRunner.java:58)
	at org.junit.runners.ParentRunner$2.evaluate(ParentRunner.java:268)
	at org.springframework.test.context.junit4.statements.RunBeforeTestClassCallbacks.evaluate(RunBeforeTestClassCallbacks.java:61)
	at org.springframework.test.context.junit4.statements.RunAfterTestClassCallbacks.evaluate(RunAfterTestClassCallbacks.java:70)
	at org.junit.runners.ParentRunner.run(ParentRunner.java:363)
	at org.springframework.test.context.junit4.SpringJUnit4ClassRunner.run(SpringJUnit4ClassRunner.java:191)
	at org.apache.maven.surefire.junit4.JUnit4Provider.execute(JUnit4Provider.java:283)
	at org.apache.maven.surefire.junit4.JUnit4Provider.executeWithRerun(JUnit4Provider.java:173)
	at org.apache.maven.surefire.junit4.JUnit4Provider.executeTestSet(JUnit4Provider.java:153)
	at org.apache.maven.surefire.junit4.JUnit4Provider.invoke(JUnit4Provider.java:128)
	at org.apache.maven.surefire.booter.ForkedBooter.invokeProviderInSameClassLoader(ForkedBooter.java:203)
	at org.apache.maven.surefire.booter.ForkedBooter.runSuitesInProcess(ForkedBooter.java:155)
	at org.apache.maven.surefire.booter.ForkedBooter.main(ForkedBooter.java:103)
Caused by: java.net.UnknownHostException: paascloud-eureka
	at java.net.Inet6AddressImpl.lookupAllHostAddr(Native Method)
	at java.net.InetAddress$2.lookupAllHostAddr(InetAddress.java:928)
	at java.net.InetAddress.getAddressesFromNameService(InetAddress.java:1323)
	at java.net.InetAddress.getAllByName0(InetAddress.java:1276)
	at java.net.InetAddress.getAllByName(InetAddress.java:1192)
	at java.net.InetAddress.getAllByName(InetAddress.java:1126)
	at org.apache.http.impl.conn.SystemDefaultDnsResolver.resolve(SystemDefaultDnsResolver.java:45)
	at org.apache.http.impl.conn.DefaultClientConnectionOperator.resolveHostname(DefaultClientConnectionOperator.java:263)
	at org.apache.http.impl.conn.DefaultClientConnectionOperator.openConnection(DefaultClientConnectionOperator.java:162)
	at org.apache.http.impl.conn.AbstractPoolEntry.open(AbstractPoolEntry.java:144)
	at org.apache.http.impl.conn.AbstractPooledConnAdapter.open(AbstractPooledConnAdapter.java:134)
	at org.apache.http.impl.client.DefaultRequestDirector.tryConnect(DefaultRequestDirector.java:610)
	at org.apache.http.impl.client.DefaultRequestDirector.execute(DefaultRequestDirector.java:445)
	at org.apache.http.impl.client.AbstractHttpClient.doExecute(AbstractHttpClient.java:835)
	at org.apache.http.impl.client.CloseableHttpClient.execute(CloseableHttpClient.java:118)
	at org.apache.http.impl.client.CloseableHttpClient.execute(CloseableHttpClient.java:56)
	at com.sun.jersey.client.apache4.ApacheHttpClient4Handler.handle(ApacheHttpClient4Handler.java:173)
	... 133 common frames omitted

2019-09-24 14:32:22.079  WARN [bootstrap,,,] [bootstrap,,,,] 2392 --- [           main] c.n.d.s.t.d.RetryableEurekaHttpClient    : Request execution failed with message: java.net.UnknownHostException: paascloud-eureka
2019-09-24 14:32:22.081 ERROR [bootstrap,,,] [bootstrap,,,,] 2392 --- [           main] com.netflix.discovery.DiscoveryClient    : DiscoveryClient_BOOTSTRAP/bootstrap:192.168.124.1:-1 - was unable to refresh its cache! status = Cannot execute request on any known server

com.netflix.discovery.shared.transport.TransportException: Cannot execute request on any known server
	at com.netflix.discovery.shared.transport.decorator.RetryableEurekaHttpClient.execute(RetryableEurekaHttpClient.java:111)
	at com.netflix.discovery.shared.transport.decorator.EurekaHttpClientDecorator.getApplications(EurekaHttpClientDecorator.java:134)
	at com.netflix.discovery.shared.transport.decorator.EurekaHttpClientDecorator$6.execute(EurekaHttpClientDecorator.java:137)
	at com.netflix.discovery.shared.transport.decorator.SessionedEurekaHttpClient.execute(SessionedEurekaHttpClient.java:77)
	at com.netflix.discovery.shared.transport.decorator.EurekaHttpClientDecorator.getApplications(EurekaHttpClientDecorator.java:134)
	at com.netflix.discovery.DiscoveryClient.getAndStoreFullRegistry(DiscoveryClient.java:1027)
	at com.netflix.discovery.DiscoveryClient.fetchRegistry(DiscoveryClient.java:941)
	at com.netflix.discovery.DiscoveryClient.<init>(DiscoveryClient.java:412)
	at com.netflix.discovery.DiscoveryClient.<init>(DiscoveryClient.java:267)
	at org.springframework.cloud.netflix.eureka.CloudEurekaClient.<init>(CloudEurekaClient.java:61)
	at org.springframework.cloud.netflix.eureka.EurekaClientAutoConfiguration$EurekaClientConfiguration.eurekaClient(EurekaClientAutoConfiguration.java:234)
	at org.springframework.cloud.netflix.eureka.EurekaClientAutoConfiguration$EurekaClientConfiguration$$EnhancerBySpringCGLIB$$4d224fa4.CGLIB$eurekaClient$0(<generated>)
	at org.springframework.cloud.netflix.eureka.EurekaClientAutoConfiguration$EurekaClientConfiguration$$EnhancerBySpringCGLIB$$4d224fa4$$FastClassBySpringCGLIB$$64c4b2b6.invoke(<generated>)
	at org.springframework.cglib.proxy.MethodProxy.invokeSuper(MethodProxy.java:228)
	at org.springframework.context.annotation.ConfigurationClassEnhancer$BeanMethodInterceptor.intercept(ConfigurationClassEnhancer.java:358)
	at org.springframework.cloud.netflix.eureka.EurekaClientAutoConfiguration$EurekaClientConfiguration$$EnhancerBySpringCGLIB$$4d224fa4.eurekaClient(<generated>)
	at sun.reflect.NativeMethodAccessorImpl.invoke0(Native Method)
	at sun.reflect.NativeMethodAccessorImpl.invoke(NativeMethodAccessorImpl.java:62)
	at sun.reflect.DelegatingMethodAccessorImpl.invoke(DelegatingMethodAccessorImpl.java:43)
	at java.lang.reflect.Method.invoke(Method.java:498)
	at org.springframework.beans.factory.support.SimpleInstantiationStrategy.instantiate(SimpleInstantiationStrategy.java:162)
	at org.springframework.beans.factory.support.ConstructorResolver.instantiateUsingFactoryMethod(ConstructorResolver.java:588)
	at org.springframework.beans.factory.support.AbstractAutowireCapableBeanFactory.instantiateUsingFactoryMethod(AbstractAutowireCapableBeanFactory.java:1181)
	at org.springframework.beans.factory.support.AbstractAutowireCapableBeanFactory.createBeanInstance(AbstractAutowireCapableBeanFactory.java:1075)
	at org.springframework.beans.factory.support.AbstractAutowireCapableBeanFactory.doCreateBean(AbstractAutowireCapableBeanFactory.java:513)
	at org.springframework.beans.factory.support.AbstractAutowireCapableBeanFactory.createBean(AbstractAutowireCapableBeanFactory.java:483)
	at org.springframework.beans.factory.support.AbstractBeanFactory$1.getObject(AbstractBeanFactory.java:312)
	at org.springframework.beans.factory.support.DefaultSingletonBeanRegistry.getSingleton(DefaultSingletonBeanRegistry.java:230)
	at org.springframework.beans.factory.support.AbstractBeanFactory.doGetBean(AbstractBeanFactory.java:308)
	at org.springframework.beans.factory.support.AbstractBeanFactory.getBean(AbstractBeanFactory.java:202)
	at org.springframework.beans.factory.config.DependencyDescriptor.resolveCandidate(DependencyDescriptor.java:208)
	at org.springframework.beans.factory.support.DefaultListableBeanFactory.doResolveDependency(DefaultListableBeanFactory.java:1138)
	at org.springframework.beans.factory.support.DefaultListableBeanFactory.resolveDependency(DefaultListableBeanFactory.java:1066)
	at org.springframework.beans.factory.support.ConstructorResolver.resolveAutowiredArgument(ConstructorResolver.java:835)
	at org.springframework.beans.factory.support.ConstructorResolver.createArgumentArray(ConstructorResolver.java:741)
	at org.springframework.beans.factory.support.ConstructorResolver.instantiateUsingFactoryMethod(ConstructorResolver.java:467)
	at org.springframework.beans.factory.support.AbstractAutowireCapableBeanFactory.instantiateUsingFactoryMethod(AbstractAutowireCapableBeanFactory.java:1181)
	at org.springframework.beans.factory.support.AbstractAutowireCapableBeanFactory.createBeanInstance(AbstractAutowireCapableBeanFactory.java:1075)
	at org.springframework.beans.factory.support.AbstractAutowireCapableBeanFactory.doCreateBean(AbstractAutowireCapableBeanFactory.java:513)
	at org.springframework.beans.factory.support.AbstractAutowireCapableBeanFactory.createBean(AbstractAutowireCapableBeanFactory.java:483)
	at org.springframework.beans.factory.support.AbstractBeanFactory$1.getObject(AbstractBeanFactory.java:312)
	at org.springframework.beans.factory.support.DefaultSingletonBeanRegistry.getSingleton(DefaultSingletonBeanRegistry.java:230)
	at org.springframework.beans.factory.support.AbstractBeanFactory.doGetBean(AbstractBeanFactory.java:308)
	at org.springframework.beans.factory.support.AbstractBeanFactory.getBean(AbstractBeanFactory.java:202)
	at org.springframework.beans.factory.config.DependencyDescriptor.resolveCandidate(DependencyDescriptor.java:208)
	at org.springframework.beans.factory.support.DefaultListableBeanFactory.doResolveDependency(DefaultListableBeanFactory.java:1138)
	at org.springframework.beans.factory.support.DefaultListableBeanFactory.resolveDependency(DefaultListableBeanFactory.java:1066)
	at org.springframework.beans.factory.support.ConstructorResolver.resolveAutowiredArgument(ConstructorResolver.java:835)
	at org.springframework.beans.factory.support.ConstructorResolver.createArgumentArray(ConstructorResolver.java:741)
	at org.springframework.beans.factory.support.ConstructorResolver.instantiateUsingFactoryMethod(ConstructorResolver.java:467)
	at org.springframework.beans.factory.support.AbstractAutowireCapableBeanFactory.instantiateUsingFactoryMethod(AbstractAutowireCapableBeanFactory.java:1181)
	at org.springframework.beans.factory.support.AbstractAutowireCapableBeanFactory.createBeanInstance(AbstractAutowireCapableBeanFactory.java:1075)
	at org.springframework.beans.factory.support.AbstractAutowireCapableBeanFactory.doCreateBean(AbstractAutowireCapableBeanFactory.java:513)
	at org.springframework.beans.factory.support.AbstractAutowireCapableBeanFactory.createBean(AbstractAutowireCapableBeanFactory.java:483)
	at org.springframework.beans.factory.support.AbstractBeanFactory$1.getObject(AbstractBeanFactory.java:312)
	at org.springframework.beans.factory.support.DefaultSingletonBeanRegistry.getSingleton(DefaultSingletonBeanRegistry.java:230)
	at org.springframework.beans.factory.support.AbstractBeanFactory.doGetBean(AbstractBeanFactory.java:308)
	at org.springframework.beans.factory.support.AbstractBeanFactory.getBean(AbstractBeanFactory.java:202)
	at org.springframework.beans.factory.config.DependencyDescriptor.resolveCandidate(DependencyDescriptor.java:208)
	at org.springframework.beans.factory.support.DefaultListableBeanFactory.doResolveDependency(DefaultListableBeanFactory.java:1138)
	at org.springframework.beans.factory.support.DefaultListableBeanFactory.resolveDependency(DefaultListableBeanFactory.java:1066)
	at org.springframework.beans.factory.annotation.AutowiredAnnotationBeanPostProcessor$AutowiredFieldElement.inject(AutowiredAnnotationBeanPostProcessor.java:585)
	at org.springframework.beans.factory.annotation.InjectionMetadata.inject(InjectionMetadata.java:88)
	at org.springframework.beans.factory.annotation.AutowiredAnnotationBeanPostProcessor.postProcessPropertyValues(AutowiredAnnotationBeanPostProcessor.java:366)
	at org.springframework.beans.factory.support.AbstractAutowireCapableBeanFactory.populateBean(AbstractAutowireCapableBeanFactory.java:1272)
	at org.springframework.beans.factory.support.AbstractAutowireCapableBeanFactory.doCreateBean(AbstractAutowireCapableBeanFactory.java:553)
	at org.springframework.beans.factory.support.AbstractAutowireCapableBeanFactory.createBean(AbstractAutowireCapableBeanFactory.java:483)
	at org.springframework.beans.factory.support.AbstractBeanFactory$1.getObject(AbstractBeanFactory.java:312)
	at org.springframework.beans.factory.support.DefaultSingletonBeanRegistry.getSingleton(DefaultSingletonBeanRegistry.java:230)
	at org.springframework.beans.factory.support.AbstractBeanFactory.doGetBean(AbstractBeanFactory.java:308)
	at org.springframework.beans.factory.support.AbstractBeanFactory.getBean(AbstractBeanFactory.java:197)
	at org.springframework.beans.factory.support.DefaultListableBeanFactory.preInstantiateSingletons(DefaultListableBeanFactory.java:761)
	at org.springframework.context.support.AbstractApplicationContext.finishBeanFactoryInitialization(AbstractApplicationContext.java:866)
	at org.springframework.context.support.AbstractApplicationContext.refresh(AbstractApplicationContext.java:542)
	at org.springframework.boot.SpringApplication.refresh(SpringApplication.java:693)
	at org.springframework.boot.SpringApplication.refreshContext(SpringApplication.java:360)
	at org.springframework.boot.SpringApplication.run(SpringApplication.java:303)
	at org.springframework.boot.builder.SpringApplicationBuilder.run(SpringApplicationBuilder.java:134)
	at org.springframework.cloud.bootstrap.BootstrapApplicationListener.bootstrapServiceContext(BootstrapApplicationListener.java:187)
	at org.springframework.cloud.bootstrap.BootstrapApplicationListener.onApplicationEvent(BootstrapApplicationListener.java:102)
	at org.springframework.cloud.bootstrap.BootstrapApplicationListener.onApplicationEvent(BootstrapApplicationListener.java:68)
	at org.springframework.context.event.SimpleApplicationEventMulticaster.invokeListener(SimpleApplicationEventMulticaster.java:167)
	at org.springframework.context.event.SimpleApplicationEventMulticaster.multicastEvent(SimpleApplicationEventMulticaster.java:139)
	at org.springframework.context.event.SimpleApplicationEventMulticaster.multicastEvent(SimpleApplicationEventMulticaster.java:122)
	at org.springframework.boot.context.event.EventPublishingRunListener.environmentPrepared(EventPublishingRunListener.java:74)
	at org.springframework.boot.SpringApplicationRunListeners.environmentPrepared(SpringApplicationRunListeners.java:54)
	at org.springframework.boot.SpringApplication.prepareEnvironment(SpringApplication.java:325)
	at org.springframework.boot.SpringApplication.run(SpringApplication.java:296)
	at org.springframework.boot.test.context.SpringBootContextLoader.loadContext(SpringBootContextLoader.java:121)
	at org.springframework.test.context.cache.DefaultCacheAwareContextLoaderDelegate.loadContextInternal(DefaultCacheAwareContextLoaderDelegate.java:98)
	at org.springframework.test.context.cache.DefaultCacheAwareContextLoaderDelegate.loadContext(DefaultCacheAwareContextLoaderDelegate.java:116)
	at org.springframework.test.context.support.DefaultTestContext.getApplicationContext(DefaultTestContext.java:83)
	at org.springframework.test.context.web.ServletTestExecutionListener.setUpRequestContextIfNecessary(ServletTestExecutionListener.java:189)
	at org.springframework.test.context.web.ServletTestExecutionListener.prepareTestInstance(ServletTestExecutionListener.java:131)
	at org.springframework.test.context.TestContextManager.prepareTestInstance(TestContextManager.java:230)
	at org.springframework.test.context.junit4.SpringJUnit4ClassRunner.createTest(SpringJUnit4ClassRunner.java:228)
	at org.springframework.test.context.junit4.SpringJUnit4ClassRunner$1.runReflectiveCall(SpringJUnit4ClassRunner.java:287)
	at org.junit.internal.runners.model.ReflectiveCallable.run(ReflectiveCallable.java:12)
	at org.springframework.test.context.junit4.SpringJUnit4ClassRunner.methodBlock(SpringJUnit4ClassRunner.java:289)
	at org.springframework.test.context.junit4.SpringJUnit4ClassRunner.runChild(SpringJUnit4ClassRunner.java:247)
	at org.springframework.test.context.junit4.SpringJUnit4ClassRunner.runChild(SpringJUnit4ClassRunner.java:94)
	at org.junit.runners.ParentRunner$3.run(ParentRunner.java:290)
	at org.junit.runners.ParentRunner$1.schedule(ParentRunner.java:71)
	at org.junit.runners.ParentRunner.runChildren(ParentRunner.java:288)
	at org.junit.runners.ParentRunner.access$000(ParentRunner.java:58)
	at org.junit.runners.ParentRunner$2.evaluate(ParentRunner.java:268)
	at org.springframework.test.context.junit4.statements.RunBeforeTestClassCallbacks.evaluate(RunBeforeTestClassCallbacks.java:61)
	at org.springframework.test.context.junit4.statements.RunAfterTestClassCallbacks.evaluate(RunAfterTestClassCallbacks.java:70)
	at org.junit.runners.ParentRunner.run(ParentRunner.java:363)
	at org.springframework.test.context.junit4.SpringJUnit4ClassRunner.run(SpringJUnit4ClassRunner.java:191)
	at org.apache.maven.surefire.junit4.JUnit4Provider.execute(JUnit4Provider.java:283)
	at org.apache.maven.surefire.junit4.JUnit4Provider.executeWithRerun(JUnit4Provider.java:173)
	at org.apache.maven.surefire.junit4.JUnit4Provider.executeTestSet(JUnit4Provider.java:153)
	at org.apache.maven.surefire.junit4.JUnit4Provider.invoke(JUnit4Provider.java:128)
	at org.apache.maven.surefire.booter.ForkedBooter.invokeProviderInSameClassLoader(ForkedBooter.java:203)
	at org.apache.maven.surefire.booter.ForkedBooter.runSuitesInProcess(ForkedBooter.java:155)
	at org.apache.maven.surefire.booter.ForkedBooter.main(ForkedBooter.java:103)

2019-09-24 14:32:22.084  WARN [bootstrap,,,] [bootstrap,,,,] 2392 --- [           main] com.netflix.discovery.DiscoveryClient    : Using default backup registry implementation which does not do anything.
2019-09-24 14:32:22.088  INFO [bootstrap,,,] [bootstrap,,,,] 2392 --- [           main] com.netflix.discovery.DiscoveryClient    : Not registering with Eureka server per configuration
2019-09-24 14:32:22.094  INFO [bootstrap,,,] [bootstrap,,,,] 2392 --- [           main] com.netflix.discovery.DiscoveryClient    : Discovery Client initialized at timestamp 1569306742093 with initial instances count: 0
2019-09-24 14:32:28.849  INFO [bootstrap,,,] [bootstrap,,,,] 2392 --- [           main] utoConfigurationReportLoggingInitializer : 

Error starting ApplicationContext. To display the auto-configuration report re-run your application with 'debug' enabled.
2019-09-24 14:32:28.862 ERROR [bootstrap,,,] [bootstrap,,,,] 2392 --- [           main] o.s.boot.SpringApplication               : Application startup failed

java.lang.IllegalStateException: No instances found of configserver (paascloud-discovery)
	at org.springframework.cloud.config.client.ConfigServerInstanceProvider.getConfigServerInstance(ConfigServerInstanceProvider.java:25)
	at org.springframework.cloud.config.client.ConfigServerInstanceProvider$$FastClassBySpringCGLIB$$facbf882.invoke(<generated>)
	at org.springframework.cglib.proxy.MethodProxy.invoke(MethodProxy.java:204)
	at org.springframework.aop.framework.CglibAopProxy$CglibMethodInvocation.invokeJoinpoint(CglibAopProxy.java:736)
	at org.springframework.aop.framework.ReflectiveMethodInvocation.proceed(ReflectiveMethodInvocation.java:157)
	at org.springframework.retry.interceptor.RetryOperationsInterceptor$1.doWithRetry(RetryOperationsInterceptor.java:91)
	at org.springframework.retry.support.RetryTemplate.doExecute(RetryTemplate.java:287)
	at org.springframework.retry.support.RetryTemplate.execute(RetryTemplate.java:164)
	at org.springframework.retry.interceptor.RetryOperationsInterceptor.invoke(RetryOperationsInterceptor.java:118)
	at org.springframework.retry.annotation.AnnotationAwareRetryOperationsInterceptor.invoke(AnnotationAwareRetryOperationsInterceptor.java:153)
	at org.springframework.aop.framework.ReflectiveMethodInvocation.proceed(ReflectiveMethodInvocation.java:179)
	at org.springframework.aop.framework.CglibAopProxy$DynamicAdvisedInterceptor.intercept(CglibAopProxy.java:671)
	at org.springframework.cloud.config.client.ConfigServerInstanceProvider$$EnhancerBySpringCGLIB$$5f6cabd6.getConfigServerInstance(<generated>)
	at org.springframework.cloud.config.client.DiscoveryClientConfigServiceBootstrapConfiguration.refresh(DiscoveryClientConfigServiceBootstrapConfiguration.java:80)
	at org.springframework.cloud.config.client.DiscoveryClientConfigServiceBootstrapConfiguration.startup(DiscoveryClientConfigServiceBootstrapConfiguration.java:66)
	at sun.reflect.NativeMethodAccessorImpl.invoke0(Native Method)
	at sun.reflect.NativeMethodAccessorImpl.invoke(NativeMethodAccessorImpl.java:62)
	at sun.reflect.DelegatingMethodAccessorImpl.invoke(DelegatingMethodAccessorImpl.java:43)
	at java.lang.reflect.Method.invoke(Method.java:498)
	at org.springframework.context.event.ApplicationListenerMethodAdapter.doInvoke(ApplicationListenerMethodAdapter.java:253)
	at org.springframework.context.event.ApplicationListenerMethodAdapter.processEvent(ApplicationListenerMethodAdapter.java:174)
	at org.springframework.context.event.ApplicationListenerMethodAdapter.onApplicationEvent(ApplicationListenerMethodAdapter.java:137)
	at org.springframework.context.event.SimpleApplicationEventMulticaster.invokeListener(SimpleApplicationEventMulticaster.java:167)
	at org.springframework.context.event.SimpleApplicationEventMulticaster.multicastEvent(SimpleApplicationEventMulticaster.java:139)
	at org.springframework.context.support.AbstractApplicationContext.publishEvent(AbstractApplicationContext.java:383)
	at org.springframework.context.support.AbstractApplicationContext.publishEvent(AbstractApplicationContext.java:337)
	at org.springframework.context.support.AbstractApplicationContext.finishRefresh(AbstractApplicationContext.java:882)
	at org.springframework.context.support.AbstractApplicationContext.refresh(AbstractApplicationContext.java:545)
	at org.springframework.boot.SpringApplication.refresh(SpringApplication.java:693)
	at org.springframework.boot.SpringApplication.refreshContext(SpringApplication.java:360)
	at org.springframework.boot.SpringApplication.run(SpringApplication.java:303)
	at org.springframework.boot.builder.SpringApplicationBuilder.run(SpringApplicationBuilder.java:134)
	at org.springframework.cloud.bootstrap.BootstrapApplicationListener.bootstrapServiceContext(BootstrapApplicationListener.java:187)
	at org.springframework.cloud.bootstrap.BootstrapApplicationListener.onApplicationEvent(BootstrapApplicationListener.java:102)
	at org.springframework.cloud.bootstrap.BootstrapApplicationListener.onApplicationEvent(BootstrapApplicationListener.java:68)
	at org.springframework.context.event.SimpleApplicationEventMulticaster.invokeListener(SimpleApplicationEventMulticaster.java:167)
	at org.springframework.context.event.SimpleApplicationEventMulticaster.multicastEvent(SimpleApplicationEventMulticaster.java:139)
	at org.springframework.context.event.SimpleApplicationEventMulticaster.multicastEvent(SimpleApplicationEventMulticaster.java:122)
	at org.springframework.boot.context.event.EventPublishingRunListener.environmentPrepared(EventPublishingRunListener.java:74)
	at org.springframework.boot.SpringApplicationRunListeners.environmentPrepared(SpringApplicationRunListeners.java:54)
	at org.springframework.boot.SpringApplication.prepareEnvironment(SpringApplication.java:325)
	at org.springframework.boot.SpringApplication.run(SpringApplication.java:296)
	at org.springframework.boot.test.context.SpringBootContextLoader.loadContext(SpringBootContextLoader.java:121)
	at org.springframework.test.context.cache.DefaultCacheAwareContextLoaderDelegate.loadContextInternal(DefaultCacheAwareContextLoaderDelegate.java:98)
	at org.springframework.test.context.cache.DefaultCacheAwareContextLoaderDelegate.loadContext(DefaultCacheAwareContextLoaderDelegate.java:116)
	at org.springframework.test.context.support.DefaultTestContext.getApplicationContext(DefaultTestContext.java:83)
	at org.springframework.test.context.web.ServletTestExecutionListener.setUpRequestContextIfNecessary(ServletTestExecutionListener.java:189)
	at org.springframework.test.context.web.ServletTestExecutionListener.prepareTestInstance(ServletTestExecutionListener.java:131)
	at org.springframework.test.context.TestContextManager.prepareTestInstance(TestContextManager.java:230)
	at org.springframework.test.context.junit4.SpringJUnit4ClassRunner.createTest(SpringJUnit4ClassRunner.java:228)
	at org.springframework.test.context.junit4.SpringJUnit4ClassRunner$1.runReflectiveCall(SpringJUnit4ClassRunner.java:287)
	at org.junit.internal.runners.model.ReflectiveCallable.run(ReflectiveCallable.java:12)
	at org.springframework.test.context.junit4.SpringJUnit4ClassRunner.methodBlock(SpringJUnit4ClassRunner.java:289)
	at org.springframework.test.context.junit4.SpringJUnit4ClassRunner.runChild(SpringJUnit4ClassRunner.java:247)
	at org.springframework.test.context.junit4.SpringJUnit4ClassRunner.runChild(SpringJUnit4ClassRunner.java:94)
	at org.junit.runners.ParentRunner$3.run(ParentRunner.java:290)
	at org.junit.runners.ParentRunner$1.schedule(ParentRunner.java:71)
	at org.junit.runners.ParentRunner.runChildren(ParentRunner.java:288)
	at org.junit.runners.ParentRunner.access$000(ParentRunner.java:58)
	at org.junit.runners.ParentRunner$2.evaluate(ParentRunner.java:268)
	at org.springframework.test.context.junit4.statements.RunBeforeTestClassCallbacks.evaluate(RunBeforeTestClassCallbacks.java:61)
	at org.springframework.test.context.junit4.statements.RunAfterTestClassCallbacks.evaluate(RunAfterTestClassCallbacks.java:70)
	at org.junit.runners.ParentRunner.run(ParentRunner.java:363)
	at org.springframework.test.context.junit4.SpringJUnit4ClassRunner.run(SpringJUnit4ClassRunner.java:191)
	at org.apache.maven.surefire.junit4.JUnit4Provider.execute(JUnit4Provider.java:283)
	at org.apache.maven.surefire.junit4.JUnit4Provider.executeWithRerun(JUnit4Provider.java:173)
	at org.apache.maven.surefire.junit4.JUnit4Provider.executeTestSet(JUnit4Provider.java:153)
	at org.apache.maven.surefire.junit4.JUnit4Provider.invoke(JUnit4Provider.java:128)
	at org.apache.maven.surefire.booter.ForkedBooter.invokeProviderInSameClassLoader(ForkedBooter.java:203)
	at org.apache.maven.surefire.booter.ForkedBooter.runSuitesInProcess(ForkedBooter.java:155)
	at org.apache.maven.surefire.booter.ForkedBooter.main(ForkedBooter.java:103)

2019-09-24 14:32:28.867  INFO [bootstrap,,,] [bootstrap,,,,] 2392 --- [           main] s.c.a.AnnotationConfigApplicationContext : Closing org.springframework.context.annotation.AnnotationConfigApplicationContext@4f59a516: startup date [Tue Sep 24 14:32:12 CST 2019]; root of context hierarchy
2019-09-24 14:32:28.874  INFO [bootstrap,,,] [bootstrap,,,,] 2392 --- [           main] com.netflix.discovery.DiscoveryClient    : Shutting down DiscoveryClient ...
2019-09-24 14:32:28.899  INFO [bootstrap,,,] [bootstrap,,,,] 2392 --- [           main] com.netflix.discovery.DiscoveryClient    : Completed shut down of DiscoveryClient
2019-09-24 14:32:28.903 ERROR [bootstrap,,,] [bootstrap,,,,] 2392 --- [           main] o.s.boot.SpringApplication               : Application startup failed

java.lang.IllegalStateException: No instances found of configserver (paascloud-discovery)
	at org.springframework.cloud.config.client.ConfigServerInstanceProvider.getConfigServerInstance(ConfigServerInstanceProvider.java:25)
	at org.springframework.cloud.config.client.ConfigServerInstanceProvider$$FastClassBySpringCGLIB$$facbf882.invoke(<generated>)
	at org.springframework.cglib.proxy.MethodProxy.invoke(MethodProxy.java:204)
	at org.springframework.aop.framework.CglibAopProxy$CglibMethodInvocation.invokeJoinpoint(CglibAopProxy.java:736)
	at org.springframework.aop.framework.ReflectiveMethodInvocation.proceed(ReflectiveMethodInvocation.java:157)
	at org.springframework.retry.interceptor.RetryOperationsInterceptor$1.doWithRetry(RetryOperationsInterceptor.java:91)
	at org.springframework.retry.support.RetryTemplate.doExecute(RetryTemplate.java:287)
	at org.springframework.retry.support.RetryTemplate.execute(RetryTemplate.java:164)
	at org.springframework.retry.interceptor.RetryOperationsInterceptor.invoke(RetryOperationsInterceptor.java:118)
	at org.springframework.retry.annotation.AnnotationAwareRetryOperationsInterceptor.invoke(AnnotationAwareRetryOperationsInterceptor.java:153)
	at org.springframework.aop.framework.ReflectiveMethodInvocation.proceed(ReflectiveMethodInvocation.java:179)
	at org.springframework.aop.framework.CglibAopProxy$DynamicAdvisedInterceptor.intercept(CglibAopProxy.java:671)
	at org.springframework.cloud.config.client.ConfigServerInstanceProvider$$EnhancerBySpringCGLIB$$5f6cabd6.getConfigServerInstance(<generated>)
	at org.springframework.cloud.config.client.DiscoveryClientConfigServiceBootstrapConfiguration.refresh(DiscoveryClientConfigServiceBootstrapConfiguration.java:80)
	at org.springframework.cloud.config.client.DiscoveryClientConfigServiceBootstrapConfiguration.startup(DiscoveryClientConfigServiceBootstrapConfiguration.java:66)
	at sun.reflect.NativeMethodAccessorImpl.invoke0(Native Method)
	at sun.reflect.NativeMethodAccessorImpl.invoke(NativeMethodAccessorImpl.java:62)
	at sun.reflect.DelegatingMethodAccessorImpl.invoke(DelegatingMethodAccessorImpl.java:43)
	at java.lang.reflect.Method.invoke(Method.java:498)
	at org.springframework.context.event.ApplicationListenerMethodAdapter.doInvoke(ApplicationListenerMethodAdapter.java:253)
	at org.springframework.context.event.ApplicationListenerMethodAdapter.processEvent(ApplicationListenerMethodAdapter.java:174)
	at org.springframework.context.event.ApplicationListenerMethodAdapter.onApplicationEvent(ApplicationListenerMethodAdapter.java:137)
	at org.springframework.context.event.SimpleApplicationEventMulticaster.invokeListener(SimpleApplicationEventMulticaster.java:167)
	at org.springframework.context.event.SimpleApplicationEventMulticaster.multicastEvent(SimpleApplicationEventMulticaster.java:139)
	at org.springframework.context.support.AbstractApplicationContext.publishEvent(AbstractApplicationContext.java:383)
	at org.springframework.context.support.AbstractApplicationContext.publishEvent(AbstractApplicationContext.java:337)
	at org.springframework.context.support.AbstractApplicationContext.finishRefresh(AbstractApplicationContext.java:882)
	at org.springframework.context.support.AbstractApplicationContext.refresh(AbstractApplicationContext.java:545)
	at org.springframework.boot.SpringApplication.refresh(SpringApplication.java:693)
	at org.springframework.boot.SpringApplication.refreshContext(SpringApplication.java:360)
	at org.springframework.boot.SpringApplication.run(SpringApplication.java:303)
	at org.springframework.boot.builder.SpringApplicationBuilder.run(SpringApplicationBuilder.java:134)
	at org.springframework.cloud.bootstrap.BootstrapApplicationListener.bootstrapServiceContext(BootstrapApplicationListener.java:187)
	at org.springframework.cloud.bootstrap.BootstrapApplicationListener.onApplicationEvent(BootstrapApplicationListener.java:102)
	at org.springframework.cloud.bootstrap.BootstrapApplicationListener.onApplicationEvent(BootstrapApplicationListener.java:68)
	at org.springframework.context.event.SimpleApplicationEventMulticaster.invokeListener(SimpleApplicationEventMulticaster.java:167)
	at org.springframework.context.event.SimpleApplicationEventMulticaster.multicastEvent(SimpleApplicationEventMulticaster.java:139)
	at org.springframework.context.event.SimpleApplicationEventMulticaster.multicastEvent(SimpleApplicationEventMulticaster.java:122)
	at org.springframework.boot.context.event.EventPublishingRunListener.environmentPrepared(EventPublishingRunListener.java:74)
	at org.springframework.boot.SpringApplicationRunListeners.environmentPrepared(SpringApplicationRunListeners.java:54)
	at org.springframework.boot.SpringApplication.prepareEnvironment(SpringApplication.java:325)
	at org.springframework.boot.SpringApplication.run(SpringApplication.java:296)
	at org.springframework.boot.test.context.SpringBootContextLoader.loadContext(SpringBootContextLoader.java:121)
	at org.springframework.test.context.cache.DefaultCacheAwareContextLoaderDelegate.loadContextInternal(DefaultCacheAwareContextLoaderDelegate.java:98)
	at org.springframework.test.context.cache.DefaultCacheAwareContextLoaderDelegate.loadContext(DefaultCacheAwareContextLoaderDelegate.java:116)
	at org.springframework.test.context.support.DefaultTestContext.getApplicationContext(DefaultTestContext.java:83)
	at org.springframework.test.context.web.ServletTestExecutionListener.setUpRequestContextIfNecessary(ServletTestExecutionListener.java:189)
	at org.springframework.test.context.web.ServletTestExecutionListener.prepareTestInstance(ServletTestExecutionListener.java:131)
	at org.springframework.test.context.TestContextManager.prepareTestInstance(TestContextManager.java:230)
	at org.springframework.test.context.junit4.SpringJUnit4ClassRunner.createTest(SpringJUnit4ClassRunner.java:228)
	at org.springframework.test.context.junit4.SpringJUnit4ClassRunner$1.runReflectiveCall(SpringJUnit4ClassRunner.java:287)
	at org.junit.internal.runners.model.ReflectiveCallable.run(ReflectiveCallable.java:12)
	at org.springframework.test.context.junit4.SpringJUnit4ClassRunner.methodBlock(SpringJUnit4ClassRunner.java:289)
	at org.springframework.test.context.junit4.SpringJUnit4ClassRunner.runChild(SpringJUnit4ClassRunner.java:247)
	at org.springframework.test.context.junit4.SpringJUnit4ClassRunner.runChild(SpringJUnit4ClassRunner.java:94)
	at org.junit.runners.ParentRunner$3.run(ParentRunner.java:290)
	at org.junit.runners.ParentRunner$1.schedule(ParentRunner.java:71)
	at org.junit.runners.ParentRunner.runChildren(ParentRunner.java:288)
	at org.junit.runners.ParentRunner.access$000(ParentRunner.java:58)
	at org.junit.runners.ParentRunner$2.evaluate(ParentRunner.java:268)
	at org.springframework.test.context.junit4.statements.RunBeforeTestClassCallbacks.evaluate(RunBeforeTestClassCallbacks.java:61)
	at org.springframework.test.context.junit4.statements.RunAfterTestClassCallbacks.evaluate(RunAfterTestClassCallbacks.java:70)
	at org.junit.runners.ParentRunner.run(ParentRunner.java:363)
	at org.springframework.test.context.junit4.SpringJUnit4ClassRunner.run(SpringJUnit4ClassRunner.java:191)
	at org.apache.maven.surefire.junit4.JUnit4Provider.execute(JUnit4Provider.java:283)
	at org.apache.maven.surefire.junit4.JUnit4Provider.executeWithRerun(JUnit4Provider.java:173)
	at org.apache.maven.surefire.junit4.JUnit4Provider.executeTestSet(JUnit4Provider.java:153)
	at org.apache.maven.surefire.junit4.JUnit4Provider.invoke(JUnit4Provider.java:128)
	at org.apache.maven.surefire.booter.ForkedBooter.invokeProviderInSameClassLoader(ForkedBooter.java:203)
	at org.apache.maven.surefire.booter.ForkedBooter.runSuitesInProcess(ForkedBooter.java:155)
	at org.apache.maven.surefire.booter.ForkedBooter.main(ForkedBooter.java:103)

2019-09-24 14:32:28.905 ERROR [bootstrap,,,] [bootstrap,,,,] 2392 --- [           main] o.s.test.context.TestContextManager      : Caught exception while allowing TestExecutionListener [org.springframework.test.context.web.ServletTestExecutionListener@8519cb4] to prepare test instance [com.paascloud.provider.PaasCloudUacApplicationTests@460b77d6]

java.lang.IllegalStateException: Failed to load ApplicationContext
	at org.springframework.test.context.cache.DefaultCacheAwareContextLoaderDelegate.loadContext(DefaultCacheAwareContextLoaderDelegate.java:124)
	at org.springframework.test.context.support.DefaultTestContext.getApplicationContext(DefaultTestContext.java:83)
	at org.springframework.test.context.web.ServletTestExecutionListener.setUpRequestContextIfNecessary(ServletTestExecutionListener.java:189)
	at org.springframework.test.context.web.ServletTestExecutionListener.prepareTestInstance(ServletTestExecutionListener.java:131)
	at org.springframework.test.context.TestContextManager.prepareTestInstance(TestContextManager.java:230)
	at org.springframework.test.context.junit4.SpringJUnit4ClassRunner.createTest(SpringJUnit4ClassRunner.java:228)
	at org.springframework.test.context.junit4.SpringJUnit4ClassRunner$1.runReflectiveCall(SpringJUnit4ClassRunner.java:287)
	at org.junit.internal.runners.model.ReflectiveCallable.run(ReflectiveCallable.java:12)
	at org.springframework.test.context.junit4.SpringJUnit4ClassRunner.methodBlock(SpringJUnit4ClassRunner.java:289)
	at org.springframework.test.context.junit4.SpringJUnit4ClassRunner.runChild(SpringJUnit4ClassRunner.java:247)
	at org.springframework.test.context.junit4.SpringJUnit4ClassRunner.runChild(SpringJUnit4ClassRunner.java:94)
	at org.junit.runners.ParentRunner$3.run(ParentRunner.java:290)
	at org.junit.runners.ParentRunner$1.schedule(ParentRunner.java:71)
	at org.junit.runners.ParentRunner.runChildren(ParentRunner.java:288)
	at org.junit.runners.ParentRunner.access$000(ParentRunner.java:58)
	at org.junit.runners.ParentRunner$2.evaluate(ParentRunner.java:268)
	at org.springframework.test.context.junit4.statements.RunBeforeTestClassCallbacks.evaluate(RunBeforeTestClassCallbacks.java:61)
	at org.springframework.test.context.junit4.statements.RunAfterTestClassCallbacks.evaluate(RunAfterTestClassCallbacks.java:70)
	at org.junit.runners.ParentRunner.run(ParentRunner.java:363)
	at org.springframework.test.context.junit4.SpringJUnit4ClassRunner.run(SpringJUnit4ClassRunner.java:191)
	at org.apache.maven.surefire.junit4.JUnit4Provider.execute(JUnit4Provider.java:283)
	at org.apache.maven.surefire.junit4.JUnit4Provider.executeWithRerun(JUnit4Provider.java:173)
	at org.apache.maven.surefire.junit4.JUnit4Provider.executeTestSet(JUnit4Provider.java:153)
	at org.apache.maven.surefire.junit4.JUnit4Provider.invoke(JUnit4Provider.java:128)
	at org.apache.maven.surefire.booter.ForkedBooter.invokeProviderInSameClassLoader(ForkedBooter.java:203)
	at org.apache.maven.surefire.booter.ForkedBooter.runSuitesInProcess(ForkedBooter.java:155)
	at org.apache.maven.surefire.booter.ForkedBooter.main(ForkedBooter.java:103)
Caused by: java.lang.IllegalStateException: No instances found of configserver (paascloud-discovery)
	at org.springframework.cloud.config.client.ConfigServerInstanceProvider.getConfigServerInstance(ConfigServerInstanceProvider.java:25)
	at org.springframework.cloud.config.client.ConfigServerInstanceProvider$$FastClassBySpringCGLIB$$facbf882.invoke(<generated>)
	at org.springframework.cglib.proxy.MethodProxy.invoke(MethodProxy.java:204)
	at org.springframework.aop.framework.CglibAopProxy$CglibMethodInvocation.invokeJoinpoint(CglibAopProxy.java:736)
	at org.springframework.aop.framework.ReflectiveMethodInvocation.proceed(ReflectiveMethodInvocation.java:157)
	at org.springframework.retry.interceptor.RetryOperationsInterceptor$1.doWithRetry(RetryOperationsInterceptor.java:91)
	at org.springframework.retry.support.RetryTemplate.doExecute(RetryTemplate.java:287)
	at org.springframework.retry.support.RetryTemplate.execute(RetryTemplate.java:164)
	at org.springframework.retry.interceptor.RetryOperationsInterceptor.invoke(RetryOperationsInterceptor.java:118)
	at org.springframework.retry.annotation.AnnotationAwareRetryOperationsInterceptor.invoke(AnnotationAwareRetryOperationsInterceptor.java:153)
	at org.springframework.aop.framework.ReflectiveMethodInvocation.proceed(ReflectiveMethodInvocation.java:179)
	at org.springframework.aop.framework.CglibAopProxy$DynamicAdvisedInterceptor.intercept(CglibAopProxy.java:671)
	at org.springframework.cloud.config.client.ConfigServerInstanceProvider$$EnhancerBySpringCGLIB$$5f6cabd6.getConfigServerInstance(<generated>)
	at org.springframework.cloud.config.client.DiscoveryClientConfigServiceBootstrapConfiguration.refresh(DiscoveryClientConfigServiceBootstrapConfiguration.java:80)
	at org.springframework.cloud.config.client.DiscoveryClientConfigServiceBootstrapConfiguration.startup(DiscoveryClientConfigServiceBootstrapConfiguration.java:66)
	at sun.reflect.NativeMethodAccessorImpl.invoke0(Native Method)
	at sun.reflect.NativeMethodAccessorImpl.invoke(NativeMethodAccessorImpl.java:62)
	at sun.reflect.DelegatingMethodAccessorImpl.invoke(DelegatingMethodAccessorImpl.java:43)
	at java.lang.reflect.Method.invoke(Method.java:498)
	at org.springframework.context.event.ApplicationListenerMethodAdapter.doInvoke(ApplicationListenerMethodAdapter.java:253)
	at org.springframework.context.event.ApplicationListenerMethodAdapter.processEvent(ApplicationListenerMethodAdapter.java:174)
	at org.springframework.context.event.ApplicationListenerMethodAdapter.onApplicationEvent(ApplicationListenerMethodAdapter.java:137)
	at org.springframework.context.event.SimpleApplicationEventMulticaster.invokeListener(SimpleApplicationEventMulticaster.java:167)
	at org.springframework.context.event.SimpleApplicationEventMulticaster.multicastEvent(SimpleApplicationEventMulticaster.java:139)
	at org.springframework.context.support.AbstractApplicationContext.publishEvent(AbstractApplicationContext.java:383)
	at org.springframework.context.support.AbstractApplicationContext.publishEvent(AbstractApplicationContext.java:337)
	at org.springframework.context.support.AbstractApplicationContext.finishRefresh(AbstractApplicationContext.java:882)
	at org.springframework.context.support.AbstractApplicationContext.refresh(AbstractApplicationContext.java:545)
	at org.springframework.boot.SpringApplication.refresh(SpringApplication.java:693)
	at org.springframework.boot.SpringApplication.refreshContext(SpringApplication.java:360)
	at org.springframework.boot.SpringApplication.run(SpringApplication.java:303)
	at org.springframework.boot.builder.SpringApplicationBuilder.run(SpringApplicationBuilder.java:134)
	at org.springframework.cloud.bootstrap.BootstrapApplicationListener.bootstrapServiceContext(BootstrapApplicationListener.java:187)
	at org.springframework.cloud.bootstrap.BootstrapApplicationListener.onApplicationEvent(BootstrapApplicationListener.java:102)
	at org.springframework.cloud.bootstrap.BootstrapApplicationListener.onApplicationEvent(BootstrapApplicationListener.java:68)
	at org.springframework.context.event.SimpleApplicationEventMulticaster.invokeListener(SimpleApplicationEventMulticaster.java:167)
	at org.springframework.context.event.SimpleApplicationEventMulticaster.multicastEvent(SimpleApplicationEventMulticaster.java:139)
	at org.springframework.context.event.SimpleApplicationEventMulticaster.multicastEvent(SimpleApplicationEventMulticaster.java:122)
	at org.springframework.boot.context.event.EventPublishingRunListener.environmentPrepared(EventPublishingRunListener.java:74)
	at org.springframework.boot.SpringApplicationRunListeners.environmentPrepared(SpringApplicationRunListeners.java:54)
	at org.springframework.boot.SpringApplication.prepareEnvironment(SpringApplication.java:325)
	at org.springframework.boot.SpringApplication.run(SpringApplication.java:296)
	at org.springframework.boot.test.context.SpringBootContextLoader.loadContext(SpringBootContextLoader.java:121)
	at org.springframework.test.context.cache.DefaultCacheAwareContextLoaderDelegate.loadContextInternal(DefaultCacheAwareContextLoaderDelegate.java:98)
	at org.springframework.test.context.cache.DefaultCacheAwareContextLoaderDelegate.loadContext(DefaultCacheAwareContextLoaderDelegate.java:116)
	... 26 common frames omitted

]]></system-out>
  </testcase>
</testsuite>